[  2%] Built target lidar_cpp__cpp
[ 11%] Built target lidar_cpp__rosidl_generator_c
[ 14%] [32mBuilding CXX object CMakeFiles/lidar_server.dir/src/lidar_server.cpp.o[0m
[ 20%] Built target lidar
[ 28%] Built target lidar_cpp__rosidl_typesupport_cpp
[ 37%] Built target lidar_cpp__rosidl_typesupport_c
[ 45%] Built target lidar_cpp__rosidl_typesupport_fastrtps_cpp
[ 54%] Built target lidar_cpp__rosidl_typesupport_introspection_cpp
[ 62%] Built target lidar_cpp__rosidl_typesupport_introspection_c
[ 71%] Built target lidar_cpp__rosidl_typesupport_fastrtps_c
[ 71%] Built target lidar_cpp
[35m[1mScanning dependencies of target lidar_cpp__py[0m
[ 74%] [34m[1mGenerating Python code for ROS interfaces[0m
[ 74%] Built target lidar_cpp__py
[35m[1mScanning dependencies of target lidar_cpp__python[0m
[ 77%] [32mBuilding C object CMakeFiles/lidar_cpp__python.dir/rosidl_generator_py/lidar_cpp/srv/_lidar_service_s.c.o[0m
[ 80%] [32m[1mLinking C shared library rosidl_generator_py/lidar_cpp/liblidar_cpp__python.so[0m
[ 80%] Built target lidar_cpp__python
[35m[1mScanning dependencies of target lidar_cpp__rosidl_typesupport_introspection_c__pyext[0m
[35m[1mScanning dependencies of target lidar_cpp__rosidl_typesupport_c__pyext[0m
[35m[1mScanning dependencies of target lidar_cpp__rosidl_typesupport_fastrtps_c__pyext[0m
[ 82%] [32mBuilding C object CMakeFiles/lidar_cpp__rosidl_typesupport_fastrtps_c__pyext.dir/rosidl_generator_py/lidar_cpp/_lidar_cpp_s.ep.rosidl_typesupport_fastrtps_c.c.o[0m
[ 85%] [32mBuilding C object CMakeFiles/lidar_cpp__rosidl_typesupport_c__pyext.dir/rosidl_generator_py/lidar_cpp/_lidar_cpp_s.ep.rosidl_typesupport_c.c.o[0m
[ 88%] [32mBuilding C object CMakeFiles/lidar_cpp__rosidl_typesupport_introspection_c__pyext.dir/rosidl_generator_py/lidar_cpp/_lidar_cpp_s.ep.rosidl_typesupport_introspection_c.c.o[0m
[ 91%] [32m[1mLinking C shared library rosidl_generator_py/lidar_cpp/lidar_cpp_s__rosidl_typesupport_c.cpython-38-x86_64-linux-gnu.so[0m
[ 94%] [32m[1mLinking C shared library rosidl_generator_py/lidar_cpp/lidar_cpp_s__rosidl_typesupport_introspection_c.cpython-38-x86_64-linux-gnu.so[0m
[ 97%] [32m[1mLinking CXX shared library rosidl_generator_py/lidar_cpp/lidar_cpp_s__rosidl_typesupport_fastrtps_c.cpython-38-x86_64-linux-gnu.so[0m
[ 97%] Built target lidar_cpp__rosidl_typesupport_c__pyext
[ 97%] Built target lidar_cpp__rosidl_typesupport_introspection_c__pyext
[ 97%] Built target lidar_cpp__rosidl_typesupport_fastrtps_c__pyext
