[0.018s] Invoking command in '/home/student/lidar-ws/build/lidar_cpp': CMAKE_PREFIX_PATH=${CMAKE_PREFIX_PATH}:/home/student/ws/install/py_ctrl:/home/student/ws/install/case_scenes:/home/student/ia_ws/install/viz_static:/home/student/ia_ws/install/viz_interactive:/home/student/ia_ws/install/ur_setup:/home/student/ia_ws/install/tf_lookup:/home/student/ia_ws/install/tf_broadcast:/home/student/ia_ws/install/tf_scene:/home/student/ia_ws/install/gui_tools:/home/student/ia_ws/install/aruco_handler:/opt/ros/galactic /usr/bin/cmake --build /home/student/lidar-ws/build/lidar_cpp -- -j8 -l8
[0.095s] [  2%] Built target lidar_cpp__cpp
[0.098s] [ 11%] Built target lidar_cpp__rosidl_generator_c
[0.113s] [ 14%] [32mBuilding CXX object CMakeFiles/lidar_server.dir/src/lidar_server.cpp.o[0m
[0.123s] [ 20%] Built target lidar
[0.127s] [ 28%] Built target lidar_cpp__rosidl_typesupport_cpp
[0.130s] [ 37%] Built target lidar_cpp__rosidl_typesupport_c
[0.135s] [ 45%] Built target lidar_cpp__rosidl_typesupport_fastrtps_cpp
[0.140s] [ 54%] Built target lidar_cpp__rosidl_typesupport_introspection_cpp
[0.141s] [ 62%] Built target lidar_cpp__rosidl_typesupport_introspection_c
[0.168s] [ 71%] Built target lidar_cpp__rosidl_typesupport_fastrtps_c
[0.189s] [ 71%] Built target lidar_cpp
[0.200s] [35m[1mScanning dependencies of target lidar_cpp__py[0m
[0.213s] [ 74%] [34m[1mGenerating Python code for ROS interfaces[0m
[0.663s] [ 74%] Built target lidar_cpp__py
[0.675s] [35m[1mScanning dependencies of target lidar_cpp__python[0m
[0.694s] [ 77%] [32mBuilding C object CMakeFiles/lidar_cpp__python.dir/rosidl_generator_py/lidar_cpp/srv/_lidar_service_s.c.o[0m
[0.791s] [ 80%] [32m[1mLinking C shared library rosidl_generator_py/lidar_cpp/liblidar_cpp__python.so[0m
[0.829s] [ 80%] Built target lidar_cpp__python
[0.841s] [35m[1mScanning dependencies of target lidar_cpp__rosidl_typesupport_introspection_c__pyext[0m
[0.842s] [35m[1mScanning dependencies of target lidar_cpp__rosidl_typesupport_c__pyext[0m
[0.842s] [35m[1mScanning dependencies of target lidar_cpp__rosidl_typesupport_fastrtps_c__pyext[0m
[0.865s] [ 82%] [32mBuilding C object CMakeFiles/lidar_cpp__rosidl_typesupport_fastrtps_c__pyext.dir/rosidl_generator_py/lidar_cpp/_lidar_cpp_s.ep.rosidl_typesupport_fastrtps_c.c.o[0m
[0.865s] [ 85%] [32mBuilding C object CMakeFiles/lidar_cpp__rosidl_typesupport_c__pyext.dir/rosidl_generator_py/lidar_cpp/_lidar_cpp_s.ep.rosidl_typesupport_c.c.o[0m
[0.866s] [ 88%] [32mBuilding C object CMakeFiles/lidar_cpp__rosidl_typesupport_introspection_c__pyext.dir/rosidl_generator_py/lidar_cpp/_lidar_cpp_s.ep.rosidl_typesupport_introspection_c.c.o[0m
[0.958s] [ 91%] [32m[1mLinking C shared library rosidl_generator_py/lidar_cpp/lidar_cpp_s__rosidl_typesupport_c.cpython-38-x86_64-linux-gnu.so[0m
[0.958s] [ 94%] [32m[1mLinking C shared library rosidl_generator_py/lidar_cpp/lidar_cpp_s__rosidl_typesupport_introspection_c.cpython-38-x86_64-linux-gnu.so[0m
[0.965s] [ 97%] [32m[1mLinking CXX shared library rosidl_generator_py/lidar_cpp/lidar_cpp_s__rosidl_typesupport_fastrtps_c.cpython-38-x86_64-linux-gnu.so[0m
[0.991s] [ 97%] Built target lidar_cpp__rosidl_typesupport_c__pyext
[0.991s] [ 97%] Built target lidar_cpp__rosidl_typesupport_introspection_c__pyext
[1.037s] [ 97%] Built target lidar_cpp__rosidl_typesupport_fastrtps_c__pyext
[1.796s] [01m[K/home/student/lidar-ws/src/lidar_cpp/src/lidar_server.cpp:12:10:[m[K [01;31m[Kfatal error: [m[Klidar_cpp/srv/lidar_service.hpp: No such file or directory
[1.796s]    12 | #include [01;31m[K"lidar_cpp/srv/lidar_service.hpp"[m[K
[1.796s]       |          [01;31m[K^~~~~~~~~~~~~~~~~~~~~~~~~~~~~~~~~[m[K
[1.796s] compilation terminated.
[1.812s] make[2]: *** [CMakeFiles/lidar_server.dir/build.make:63: CMakeFiles/lidar_server.dir/src/lidar_server.cpp.o] Error 1
[1.812s] make[1]: *** [CMakeFiles/Makefile2:125: CMakeFiles/lidar_server.dir/all] Error 2
[1.812s] make: *** [Makefile:141: all] Error 2
[1.815s] Invoked command in '/home/student/lidar-ws/build/lidar_cpp' returned '2': CMAKE_PREFIX_PATH=${CMAKE_PREFIX_PATH}:/home/student/ws/install/py_ctrl:/home/student/ws/install/case_scenes:/home/student/ia_ws/install/viz_static:/home/student/ia_ws/install/viz_interactive:/home/student/ia_ws/install/ur_setup:/home/student/ia_ws/install/tf_lookup:/home/student/ia_ws/install/tf_broadcast:/home/student/ia_ws/install/tf_scene:/home/student/ia_ws/install/gui_tools:/home/student/ia_ws/install/aruco_handler:/opt/ros/galactic /usr/bin/cmake --build /home/student/lidar-ws/build/lidar_cpp -- -j8 -l8
