-- The C compiler identification is GNU 9.4.0
-- The CXX compiler identification is GNU 9.4.0
-- Check for working C compiler: /usr/bin/cc
-- Check for working C compiler: /usr/bin/cc -- works
-- Detecting C compiler ABI info
-- Detecting C compiler ABI info - done
-- Detecting C compile features
-- Detecting C compile features - done
-- Check for working CXX compiler: /usr/bin/c++
-- Check for working CXX compiler: /usr/bin/c++ -- works
-- Detecting CXX compiler ABI info
-- Detecting CXX compiler ABI info - done
-- Detecting CXX compile features
-- Detecting CXX compile features - done
-- Found ament_cmake: 1.1.4 (/opt/ros/galactic/share/ament_cmake/cmake)
-- Found PythonInterp: /usr/bin/python3 (found suitable version "3.8.10", minimum required is "3") 
-- Using PYTHON_EXECUTABLE: /usr/bin/python3
-- Found rosidl_default_generators: 1.1.1 (/opt/ros/galactic/share/rosidl_default_generators/cmake)
-- Using all available rosidl_typesupport_c: rosidl_typesupport_fastrtps_c;rosidl_typesupport_introspection_c
-- Found rosidl_adapter: 2.2.1 (/opt/ros/galactic/share/rosidl_adapter/cmake)
-- Found OpenSSL: /usr/lib/x86_64-linux-gnu/libcrypto.so (found version "1.1.1f")  
-- Found FastRTPS: /opt/ros/galactic/include  
-- Using all available rosidl_typesupport_cpp: rosidl_typesupport_fastrtps_cpp;rosidl_typesupport_introspection_cpp
-- Found sensor_msgs: 2.2.3 (/opt/ros/galactic/share/sensor_msgs/cmake)
-- Found PythonInterp: /usr/bin/python3 (found version "3.8.10") 
-- Found ament_cmake_ros: 0.9.2 (/opt/ros/galactic/share/ament_cmake_ros/cmake)
-- Using all available rosidl_typesupport_c: rosidl_typesupport_fastrtps_c;rosidl_typesupport_introspection_c
-- Using all available rosidl_typesupport_cpp: rosidl_typesupport_fastrtps_cpp;rosidl_typesupport_introspection_cpp
-- Found PythonInterp: /usr/bin/python3 (found suitable version "3.8.10", minimum required is "3.5") 
-- Found python_cmake_module: 0.8.1 (/opt/ros/galactic/share/python_cmake_module/cmake)
-- Found PythonLibs: /usr/lib/x86_64-linux-gnu/libpython3.8.so (found suitable version "3.8.10", minimum required is "3.5") 
-- Using PYTHON_EXECUTABLE: /usr/bin/python3
-- Using PYTHON_INCLUDE_DIRS: /usr/include/python3.8
-- Using PYTHON_LIBRARIES: /usr/lib/x86_64-linux-gnu/libpython3.8.so
-- Found PythonExtra: .so  
-- Found ament_lint_auto: 0.10.6 (/opt/ros/galactic/share/ament_lint_auto/cmake)
-- Added test 'copyright' to check source files copyright and LICENSE
-- Added test 'lint_cmake' to check CMake code style
-- Added test 'xmllint' to check XML markup files
-- Configuring done
-- Generating done
-- Build files have been written to: /home/student/lidar-ws/build/custom
[  3%] [34m[1mGenerating C code for ROS interfaces[0m
[35m[1mScanning dependencies of target custom__cpp[0m
[  6%] [34m[1mGenerating C++ code for ROS interfaces[0m
[35m[1mScanning dependencies of target custom__rosidl_generator_c[0m
[  6%] Built target custom__cpp
[  9%] [32mBuilding C object CMakeFiles/custom__rosidl_generator_c.dir/rosidl_generator_c/custom/srv/detail/lidar_service__functions.c.o[0m
[ 19%] [34m[1mGenerating C++ introspection for ROS interfaces[0m
[ 19%] [34m[1mGenerating C++ type support for eProsima Fast-RTPS[0m
[ 19%] [34m[1mGenerating C++ type support dispatch for ROS interfaces[0m
[ 22%] [32m[1mLinking C shared library libcustom__rosidl_generator_c.so[0m
[ 22%] Built target custom__rosidl_generator_c
[ 25%] [34m[1mGenerating C introspection for ROS interfaces[0m
[ 29%] [34m[1mGenerating C type support dispatch for ROS interfaces[0m
[35m[1mScanning dependencies of target custom__rosidl_typesupport_cpp[0m
[35m[1mScanning dependencies of target custom__rosidl_typesupport_introspection_cpp[0m
[ 32%] [32mBuilding CXX object CMakeFiles/custom__rosidl_typesupport_cpp.dir/rosidl_typesupport_cpp/custom/srv/lidar_service__type_support.cpp.o[0m
[ 35%] [32mBuilding CXX object CMakeFiles/custom__rosidl_typesupport_introspection_cpp.dir/rosidl_typesupport_introspection_cpp/custom/srv/detail/lidar_service__type_support.cpp.o[0m
[35m[1mScanning dependencies of target custom__rosidl_typesupport_fastrtps_cpp[0m
[35m[1mScanning dependencies of target custom__rosidl_typesupport_introspection_c[0m
[ 38%] [32mBuilding CXX object CMakeFiles/custom__rosidl_typesupport_fastrtps_cpp.dir/rosidl_typesupport_fastrtps_cpp/custom/srv/detail/dds_fastrtps/lidar_service__type_support.cpp.o[0m
[ 41%] [32mBuilding C object CMakeFiles/custom__rosidl_typesupport_introspection_c.dir/rosidl_typesupport_introspection_c/custom/srv/detail/lidar_service__type_support.c.o[0m
[ 45%] [32m[1mLinking C shared library libcustom__rosidl_typesupport_introspection_c.so[0m
[35m[1mScanning dependencies of target custom__rosidl_typesupport_c[0m
[ 48%] [32mBuilding CXX object CMakeFiles/custom__rosidl_typesupport_c.dir/rosidl_typesupport_c/custom/srv/lidar_service__type_support.cpp.o[0m
[ 48%] Built target custom__rosidl_typesupport_introspection_c
[ 51%] [32m[1mLinking CXX shared library libcustom__rosidl_typesupport_c.so[0m
[ 54%] [32m[1mLinking CXX shared library libcustom__rosidl_typesupport_cpp.so[0m
[ 54%] Built target custom__rosidl_typesupport_c
[ 58%] [32m[1mLinking CXX shared library libcustom__rosidl_typesupport_introspection_cpp.so[0m
[ 58%] Built target custom__rosidl_typesupport_cpp
[ 58%] Built target custom__rosidl_typesupport_introspection_cpp
[ 61%] [32m[1mLinking CXX shared library libcustom__rosidl_typesupport_fastrtps_cpp.so[0m
[ 61%] Built target custom__rosidl_typesupport_fastrtps_cpp
[ 64%] [34m[1mGenerating C type support for eProsima Fast-RTPS[0m
[35m[1mScanning dependencies of target custom__rosidl_typesupport_fastrtps_c[0m
[ 67%] [32mBuilding CXX object CMakeFiles/custom__rosidl_typesupport_fastrtps_c.dir/rosidl_typesupport_fastrtps_c/custom/srv/detail/lidar_service__type_support_c.cpp.o[0m
[ 70%] [32m[1mLinking CXX shared library libcustom__rosidl_typesupport_fastrtps_c.so[0m
[ 70%] Built target custom__rosidl_typesupport_fastrtps_c
[35m[1mScanning dependencies of target custom[0m
[ 70%] Built target custom
[35m[1mScanning dependencies of target custom__py[0m
[ 74%] [34m[1mGenerating Python code for ROS interfaces[0m
[ 74%] Built target custom__py
[35m[1mScanning dependencies of target custom__python[0m
[ 77%] [32mBuilding C object CMakeFiles/custom__python.dir/rosidl_generator_py/custom/srv/_lidar_service_s.c.o[0m
[ 80%] [32m[1mLinking C shared library rosidl_generator_py/custom/libcustom__python.so[0m
[ 80%] Built target custom__python
[35m[1mScanning dependencies of target custom__rosidl_typesupport_c__pyext[0m
[35m[1mScanning dependencies of target custom__rosidl_typesupport_introspection_c__pyext[0m
[35m[1mScanning dependencies of target custom__rosidl_typesupport_fastrtps_c__pyext[0m
[ 83%] [32mBuilding C object CMakeFiles/custom__rosidl_typesupport_c__pyext.dir/rosidl_generator_py/custom/_custom_s.ep.rosidl_typesupport_c.c.o[0m
[ 87%] [32mBuilding C object CMakeFiles/custom__rosidl_typesupport_introspection_c__pyext.dir/rosidl_generator_py/custom/_custom_s.ep.rosidl_typesupport_introspection_c.c.o[0m
[ 90%] [32mBuilding C object CMakeFiles/custom__rosidl_typesupport_fastrtps_c__pyext.dir/rosidl_generator_py/custom/_custom_s.ep.rosidl_typesupport_fastrtps_c.c.o[0m
[ 93%] [32m[1mLinking C shared library rosidl_generator_py/custom/custom_s__rosidl_typesupport_c.cpython-38-x86_64-linux-gnu.so[0m
[ 96%] [32m[1mLinking C shared library rosidl_generator_py/custom/custom_s__rosidl_typesupport_introspection_c.cpython-38-x86_64-linux-gnu.so[0m
[100%] [32m[1mLinking CXX shared library rosidl_generator_py/custom/custom_s__rosidl_typesupport_fastrtps_c.cpython-38-x86_64-linux-gnu.so[0m
[100%] Built target custom__rosidl_typesupport_c__pyext
[100%] Built target custom__rosidl_typesupport_introspection_c__pyext
[100%] Built target custom__rosidl_typesupport_fastrtps_c__pyext
-- Install configuration: ""
-- Installing: /home/student/lidar-ws/install/custom/share/ament_index/resource_index/rosidl_interfaces/custom
-- Installing: /home/student/lidar-ws/install/custom/include/custom
-- Installing: /home/student/lidar-ws/install/custom/include/custom/srv
-- Installing: /home/student/lidar-ws/install/custom/include/custom/srv/lidar_service.h
-- Installing: /home/student/lidar-ws/install/custom/include/custom/srv/detail
-- Installing: /home/student/lidar-ws/install/custom/include/custom/srv/detail/lidar_service__functions.h
-- Installing: /home/student/lidar-ws/install/custom/include/custom/srv/detail/lidar_service__functions.c
-- Installing: /home/student/lidar-ws/install/custom/include/custom/srv/detail/lidar_service__struct.h
-- Installing: /home/student/lidar-ws/install/custom/include/custom/srv/detail/lidar_service__type_support.h
-- Installing: /home/student/lidar-ws/install/custom/include/custom/msg
-- Installing: /home/student/lidar-ws/install/custom/include/custom/msg/rosidl_generator_c__visibility_control.h
-- Installing: /home/student/lidar-ws/install/custom/share/custom/environment/library_path.sh
-- Installing: /home/student/lidar-ws/install/custom/share/custom/environment/library_path.dsv
-- Installing: /home/student/lidar-ws/install/custom/lib/libcustom__rosidl_generator_c.so
-- Set runtime path of "/home/student/lidar-ws/install/custom/lib/libcustom__rosidl_generator_c.so" to ""
-- Up-to-date: /home/student/lidar-ws/install/custom/include/custom
-- Up-to-date: /home/student/lidar-ws/install/custom/include/custom/srv
-- Up-to-date: /home/student/lidar-ws/install/custom/include/custom/srv/detail
-- Installing: /home/student/lidar-ws/install/custom/include/custom/srv/detail/lidar_service__rosidl_typesupport_fastrtps_c.h
-- Up-to-date: /home/student/lidar-ws/install/custom/include/custom/msg
-- Installing: /home/student/lidar-ws/install/custom/include/custom/msg/rosidl_typesupport_fastrtps_c__visibility_control.h
-- Installing: /home/student/lidar-ws/install/custom/lib/libcustom__rosidl_typesupport_fastrtps_c.so
-- Set runtime path of "/home/student/lidar-ws/install/custom/lib/libcustom__rosidl_typesupport_fastrtps_c.so" to ""
-- Up-to-date: /home/student/lidar-ws/install/custom/include/custom
-- Up-to-date: /home/student/lidar-ws/install/custom/include/custom/srv
-- Up-to-date: /home/student/lidar-ws/install/custom/include/custom/srv/detail
-- Installing: /home/student/lidar-ws/install/custom/include/custom/srv/detail/lidar_service__rosidl_typesupport_fastrtps_cpp.hpp
-- Installing: /home/student/lidar-ws/install/custom/include/custom/srv/detail/dds_fastrtps
-- Up-to-date: /home/student/lidar-ws/install/custom/include/custom/msg
-- Installing: /home/student/lidar-ws/install/custom/include/custom/msg/rosidl_typesupport_fastrtps_cpp__visibility_control.h
-- Installing: /home/student/lidar-ws/install/custom/lib/libcustom__rosidl_typesupport_fastrtps_cpp.so
-- Set runtime path of "/home/student/lidar-ws/install/custom/lib/libcustom__rosidl_typesupport_fastrtps_cpp.so" to ""
-- Up-to-date: /home/student/lidar-ws/install/custom/include/custom
-- Up-to-date: /home/student/lidar-ws/install/custom/include/custom/srv
-- Up-to-date: /home/student/lidar-ws/install/custom/include/custom/srv/detail
-- Installing: /home/student/lidar-ws/install/custom/include/custom/srv/detail/lidar_service__rosidl_typesupport_introspection_c.h
-- Installing: /home/student/lidar-ws/install/custom/include/custom/srv/detail/lidar_service__type_support.c
-- Up-to-date: /home/student/lidar-ws/install/custom/include/custom/msg
-- Installing: /home/student/lidar-ws/install/custom/include/custom/msg/rosidl_typesupport_introspection_c__visibility_control.h
-- Installing: /home/student/lidar-ws/install/custom/lib/libcustom__rosidl_typesupport_introspection_c.so
-- Set runtime path of "/home/student/lidar-ws/install/custom/lib/libcustom__rosidl_typesupport_introspection_c.so" to ""
-- Installing: /home/student/lidar-ws/install/custom/lib/libcustom__rosidl_typesupport_c.so
-- Set runtime path of "/home/student/lidar-ws/install/custom/lib/libcustom__rosidl_typesupport_c.so" to ""
-- Up-to-date: /home/student/lidar-ws/install/custom/include/custom
-- Up-to-date: /home/student/lidar-ws/install/custom/include/custom/srv
-- Up-to-date: /home/student/lidar-ws/install/custom/include/custom/srv/detail
-- Installing: /home/student/lidar-ws/install/custom/include/custom/srv/detail/lidar_service__traits.hpp
-- Installing: /home/student/lidar-ws/install/custom/include/custom/srv/detail/lidar_service__struct.hpp
-- Installing: /home/student/lidar-ws/install/custom/include/custom/srv/detail/lidar_service__builder.hpp
-- Installing: /home/student/lidar-ws/install/custom/include/custom/srv/lidar_service.hpp
-- Up-to-date: /home/student/lidar-ws/install/custom/include/custom
-- Up-to-date: /home/student/lidar-ws/install/custom/include/custom/srv
-- Up-to-date: /home/student/lidar-ws/install/custom/include/custom/srv/detail
-- Installing: /home/student/lidar-ws/install/custom/include/custom/srv/detail/lidar_service__rosidl_typesupport_introspection_cpp.hpp
-- Installing: /home/student/lidar-ws/install/custom/include/custom/srv/detail/lidar_service__type_support.cpp
-- Installing: /home/student/lidar-ws/install/custom/lib/libcustom__rosidl_typesupport_introspection_cpp.so
-- Set runtime path of "/home/student/lidar-ws/install/custom/lib/libcustom__rosidl_typesupport_introspection_cpp.so" to ""
-- Installing: /home/student/lidar-ws/install/custom/lib/libcustom__rosidl_typesupport_cpp.so
-- Set runtime path of "/home/student/lidar-ws/install/custom/lib/libcustom__rosidl_typesupport_cpp.so" to ""
-- Installing: /home/student/lidar-ws/install/custom/share/custom/environment/pythonpath.sh
-- Installing: /home/student/lidar-ws/install/custom/share/custom/environment/pythonpath.dsv
-- Installing: /home/student/lidar-ws/install/custom/lib/python3.8/site-packages/custom/__init__.py
Compiling '/home/student/lidar-ws/install/custom/lib/python3.8/site-packages/custom/__init__.py'...
-- Installing: /home/student/lidar-ws/install/custom/lib/python3.8/site-packages/custom/srv
-- Installing: /home/student/lidar-ws/install/custom/lib/python3.8/site-packages/custom/srv/_lidar_service.py
-- Installing: /home/student/lidar-ws/install/custom/lib/python3.8/site-packages/custom/srv/_lidar_service_s.c
-- Installing: /home/student/lidar-ws/install/custom/lib/python3.8/site-packages/custom/srv/__init__.py
-- Installing: /home/student/lidar-ws/install/custom/lib/python3.8/site-packages/custom/custom_s__rosidl_typesupport_fastrtps_c.cpython-38-x86_64-linux-gnu.so
-- Set runtime path of "/home/student/lidar-ws/install/custom/lib/python3.8/site-packages/custom/custom_s__rosidl_typesupport_fastrtps_c.cpython-38-x86_64-linux-gnu.so" to ""
-- Installing: /home/student/lidar-ws/install/custom/lib/python3.8/site-packages/custom/custom_s__rosidl_typesupport_introspection_c.cpython-38-x86_64-linux-gnu.so
-- Set runtime path of "/home/student/lidar-ws/install/custom/lib/python3.8/site-packages/custom/custom_s__rosidl_typesupport_introspection_c.cpython-38-x86_64-linux-gnu.so" to ""
-- Installing: /home/student/lidar-ws/install/custom/lib/python3.8/site-packages/custom/custom_s__rosidl_typesupport_c.cpython-38-x86_64-linux-gnu.so
-- Set runtime path of "/home/student/lidar-ws/install/custom/lib/python3.8/site-packages/custom/custom_s__rosidl_typesupport_c.cpython-38-x86_64-linux-gnu.so" to ""
-- Installing: /home/student/lidar-ws/install/custom/lib/libcustom__python.so
-- Set runtime path of "/home/student/lidar-ws/install/custom/lib/libcustom__python.so" to ""
-- Installing: /home/student/lidar-ws/install/custom/share/custom/srv/LidarService.idl
-- Installing: /home/student/lidar-ws/install/custom/share/custom/srv/LidarService.srv
-- Installing: /home/student/lidar-ws/install/custom/share/custom/srv/LidarService_Request.msg
-- Installing: /home/student/lidar-ws/install/custom/share/custom/srv/LidarService_Response.msg
-- Installing: /home/student/lidar-ws/install/custom/share/ament_index/resource_index/package_run_dependencies/custom
-- Installing: /home/student/lidar-ws/install/custom/share/ament_index/resource_index/parent_prefix_path/custom
-- Installing: /home/student/lidar-ws/install/custom/share/custom/environment/ament_prefix_path.sh
-- Installing: /home/student/lidar-ws/install/custom/share/custom/environment/ament_prefix_path.dsv
-- Installing: /home/student/lidar-ws/install/custom/share/custom/environment/path.sh
-- Installing: /home/student/lidar-ws/install/custom/share/custom/environment/path.dsv
-- Installing: /home/student/lidar-ws/install/custom/share/custom/local_setup.bash
-- Installing: /home/student/lidar-ws/install/custom/share/custom/local_setup.sh
-- Installing: /home/student/lidar-ws/install/custom/share/custom/local_setup.zsh
-- Installing: /home/student/lidar-ws/install/custom/share/custom/local_setup.dsv
-- Installing: /home/student/lidar-ws/install/custom/share/custom/package.dsv
-- Installing: /home/student/lidar-ws/install/custom/share/ament_index/resource_index/packages/custom
-- Installing: /home/student/lidar-ws/install/custom/share/custom/cmake/custom__rosidl_generator_cExport.cmake
-- Installing: /home/student/lidar-ws/install/custom/share/custom/cmake/custom__rosidl_generator_cExport-noconfig.cmake
-- Installing: /home/student/lidar-ws/install/custom/share/custom/cmake/custom__rosidl_typesupport_introspection_cExport.cmake
-- Installing: /home/student/lidar-ws/install/custom/share/custom/cmake/custom__rosidl_typesupport_introspection_cExport-noconfig.cmake
-- Installing: /home/student/lidar-ws/install/custom/share/custom/cmake/custom__rosidl_typesupport_cExport.cmake
-- Installing: /home/student/lidar-ws/install/custom/share/custom/cmake/custom__rosidl_typesupport_cExport-noconfig.cmake
-- Installing: /home/student/lidar-ws/install/custom/share/custom/cmake/custom__rosidl_generator_cppExport.cmake
-- Installing: /home/student/lidar-ws/install/custom/share/custom/cmake/custom__rosidl_typesupport_introspection_cppExport.cmake
-- Installing: /home/student/lidar-ws/install/custom/share/custom/cmake/custom__rosidl_typesupport_introspection_cppExport-noconfig.cmake
-- Installing: /home/student/lidar-ws/install/custom/share/custom/cmake/custom__rosidl_typesupport_cppExport.cmake
-- Installing: /home/student/lidar-ws/install/custom/share/custom/cmake/custom__rosidl_typesupport_cppExport-noconfig.cmake
-- Installing: /home/student/lidar-ws/install/custom/share/custom/cmake/rosidl_cmake-extras.cmake
-- Installing: /home/student/lidar-ws/install/custom/share/custom/cmake/ament_cmake_export_dependencies-extras.cmake
-- Installing: /home/student/lidar-ws/install/custom/share/custom/cmake/ament_cmake_export_libraries-extras.cmake
-- Installing: /home/student/lidar-ws/install/custom/share/custom/cmake/ament_cmake_export_targets-extras.cmake
-- Installing: /home/student/lidar-ws/install/custom/share/custom/cmake/ament_cmake_export_include_directories-extras.cmake
-- Installing: /home/student/lidar-ws/install/custom/share/custom/cmake/rosidl_cmake_export_typesupport_libraries-extras.cmake
-- Installing: /home/student/lidar-ws/install/custom/share/custom/cmake/rosidl_cmake_export_typesupport_targets-extras.cmake
-- Installing: /home/student/lidar-ws/install/custom/share/custom/cmake/customConfig.cmake
-- Installing: /home/student/lidar-ws/install/custom/share/custom/cmake/customConfig-version.cmake
-- Installing: /home/student/lidar-ws/install/custom/share/custom/package.xml
