[0.020s] Invoking command in '/home/student/lidar-ws/build/custom': CMAKE_PREFIX_PATH=${CMAKE_PREFIX_PATH}:/home/student/ws/install/py_ctrl:/home/student/ws/install/case_scenes:/home/student/ia_ws/install/viz_static:/home/student/ia_ws/install/viz_interactive:/home/student/ia_ws/install/ur_setup:/home/student/ia_ws/install/tf_lookup:/home/student/ia_ws/install/tf_broadcast:/home/student/ia_ws/install/tf_scene:/home/student/ia_ws/install/gui_tools:/home/student/ia_ws/install/aruco_handler:/opt/ros/galactic /usr/bin/cmake /home/student/lidar-ws/src/custom -DCMAKE_INSTALL_PREFIX=/home/student/lidar-ws/install/custom
[0.087s] -- The C compiler identification is GNU 9.4.0
[0.154s] -- The CXX compiler identification is GNU 9.4.0
[0.161s] -- Check for working C compiler: /usr/bin/cc
[0.240s] -- Check for working C compiler: /usr/bin/cc -- works
[0.241s] -- Detecting C compiler ABI info
[0.321s] -- Detecting C compiler ABI info - done
[0.336s] -- Detecting C compile features
[0.336s] -- Detecting C compile features - done
[0.339s] -- Check for working CXX compiler: /usr/bin/c++
[0.434s] -- Check for working CXX compiler: /usr/bin/c++ -- works
[0.435s] -- Detecting CXX compiler ABI info
[0.525s] -- Detecting CXX compiler ABI info - done
[0.538s] -- Detecting CXX compile features
[0.538s] -- Detecting CXX compile features - done
[0.542s] -- Found ament_cmake: 1.1.4 (/opt/ros/galactic/share/ament_cmake/cmake)
[0.578s] -- Found PythonInterp: /usr/bin/python3 (found suitable version "3.8.10", minimum required is "3") 
[0.578s] -- Using PYTHON_EXECUTABLE: /usr/bin/python3
[0.693s] -- Found rosidl_default_generators: 1.1.1 (/opt/ros/galactic/share/rosidl_default_generators/cmake)
[0.703s] -- Using all available rosidl_typesupport_c: rosidl_typesupport_fastrtps_c;rosidl_typesupport_introspection_c
[0.720s] -- Found rosidl_adapter: 2.2.1 (/opt/ros/galactic/share/rosidl_adapter/cmake)
[0.854s] -- Found OpenSSL: /usr/lib/x86_64-linux-gnu/libcrypto.so (found version "1.1.1f")  
[0.883s] -- Found FastRTPS: /opt/ros/galactic/include  
[0.981s] -- Using all available rosidl_typesupport_cpp: rosidl_typesupport_fastrtps_cpp;rosidl_typesupport_introspection_cpp
[1.017s] -- Found sensor_msgs: 2.2.3 (/opt/ros/galactic/share/sensor_msgs/cmake)
[1.202s] -- Found PythonInterp: /usr/bin/python3 (found version "3.8.10") 
[1.357s] -- Found ament_cmake_ros: 0.9.2 (/opt/ros/galactic/share/ament_cmake_ros/cmake)
[1.479s] -- Using all available rosidl_typesupport_c: rosidl_typesupport_fastrtps_c;rosidl_typesupport_introspection_c
[1.487s] -- Using all available rosidl_typesupport_cpp: rosidl_typesupport_fastrtps_cpp;rosidl_typesupport_introspection_cpp
[1.520s] -- Found PythonInterp: /usr/bin/python3 (found suitable version "3.8.10", minimum required is "3.5") 
[1.524s] -- Found python_cmake_module: 0.8.1 (/opt/ros/galactic/share/python_cmake_module/cmake)
[1.561s] -- Found PythonLibs: /usr/lib/x86_64-linux-gnu/libpython3.8.so (found suitable version "3.8.10", minimum required is "3.5") 
[1.561s] -- Using PYTHON_EXECUTABLE: /usr/bin/python3
[1.561s] -- Using PYTHON_INCLUDE_DIRS: /usr/include/python3.8
[1.561s] -- Using PYTHON_LIBRARIES: /usr/lib/x86_64-linux-gnu/libpython3.8.so
[1.586s] -- Found PythonExtra: .so  
[1.649s] -- Found ament_lint_auto: 0.10.6 (/opt/ros/galactic/share/ament_lint_auto/cmake)
[1.681s] -- Added test 'copyright' to check source files copyright and LICENSE
[1.683s] -- Added test 'lint_cmake' to check CMake code style
[1.685s] -- Added test 'xmllint' to check XML markup files
[1.690s] -- Configuring done
[1.749s] -- Generating done
[1.752s] -- Build files have been written to: /home/student/lidar-ws/build/custom
[1.761s] Invoked command in '/home/student/lidar-ws/build/custom' returned '0': CMAKE_PREFIX_PATH=${CMAKE_PREFIX_PATH}:/home/student/ws/install/py_ctrl:/home/student/ws/install/case_scenes:/home/student/ia_ws/install/viz_static:/home/student/ia_ws/install/viz_interactive:/home/student/ia_ws/install/ur_setup:/home/student/ia_ws/install/tf_lookup:/home/student/ia_ws/install/tf_broadcast:/home/student/ia_ws/install/tf_scene:/home/student/ia_ws/install/gui_tools:/home/student/ia_ws/install/aruco_handler:/opt/ros/galactic /usr/bin/cmake /home/student/lidar-ws/src/custom -DCMAKE_INSTALL_PREFIX=/home/student/lidar-ws/install/custom
[1.764s] Invoking command in '/home/student/lidar-ws/build/custom': CMAKE_PREFIX_PATH=${CMAKE_PREFIX_PATH}:/home/student/ws/install/py_ctrl:/home/student/ws/install/case_scenes:/home/student/ia_ws/install/viz_static:/home/student/ia_ws/install/viz_interactive:/home/student/ia_ws/install/ur_setup:/home/student/ia_ws/install/tf_lookup:/home/student/ia_ws/install/tf_broadcast:/home/student/ia_ws/install/tf_scene:/home/student/ia_ws/install/gui_tools:/home/student/ia_ws/install/aruco_handler:/opt/ros/galactic /usr/bin/cmake --build /home/student/lidar-ws/build/custom -- -j8 -l8
[1.814s] [  3%] [34m[1mGenerating C code for ROS interfaces[0m
[1.814s] [35m[1mScanning dependencies of target custom__cpp[0m
[1.828s] [  6%] [34m[1mGenerating C++ code for ROS interfaces[0m
[2.074s] [35m[1mScanning dependencies of target custom__rosidl_generator_c[0m
[2.080s] [  6%] Built target custom__cpp
[2.087s] [  9%] [32mBuilding C object CMakeFiles/custom__rosidl_generator_c.dir/rosidl_generator_c/custom/srv/detail/lidar_service__functions.c.o[0m
[2.090s] [ 19%] [34m[1mGenerating C++ introspection for ROS interfaces[0m
[2.090s] [ 19%] [34m[1mGenerating C++ type support for eProsima Fast-RTPS[0m
[2.091s] [ 19%] [34m[1mGenerating C++ type support dispatch for ROS interfaces[0m
[2.140s] [ 22%] [32m[1mLinking C shared library libcustom__rosidl_generator_c.so[0m
[2.179s] [ 22%] Built target custom__rosidl_generator_c
[2.190s] [ 25%] [34m[1mGenerating C introspection for ROS interfaces[0m
[2.194s] [ 29%] [34m[1mGenerating C type support dispatch for ROS interfaces[0m
[2.345s] [35m[1mScanning dependencies of target custom__rosidl_typesupport_cpp[0m
[2.357s] [35m[1mScanning dependencies of target custom__rosidl_typesupport_introspection_cpp[0m
[2.360s] [ 32%] [32mBuilding CXX object CMakeFiles/custom__rosidl_typesupport_cpp.dir/rosidl_typesupport_cpp/custom/srv/lidar_service__type_support.cpp.o[0m
[2.371s] [ 35%] [32mBuilding CXX object CMakeFiles/custom__rosidl_typesupport_introspection_cpp.dir/rosidl_typesupport_introspection_cpp/custom/srv/detail/lidar_service__type_support.cpp.o[0m
[2.458s] [35m[1mScanning dependencies of target custom__rosidl_typesupport_fastrtps_cpp[0m
[2.471s] [35m[1mScanning dependencies of target custom__rosidl_typesupport_introspection_c[0m
[2.482s] [ 38%] [32mBuilding CXX object CMakeFiles/custom__rosidl_typesupport_fastrtps_cpp.dir/rosidl_typesupport_fastrtps_cpp/custom/srv/detail/dds_fastrtps/lidar_service__type_support.cpp.o[0m
[2.490s] [ 41%] [32mBuilding C object CMakeFiles/custom__rosidl_typesupport_introspection_c.dir/rosidl_typesupport_introspection_c/custom/srv/detail/lidar_service__type_support.c.o[0m
[2.537s] [ 45%] [32m[1mLinking C shared library libcustom__rosidl_typesupport_introspection_c.so[0m
[2.537s] [35m[1mScanning dependencies of target custom__rosidl_typesupport_c[0m
[2.554s] [ 48%] [32mBuilding CXX object CMakeFiles/custom__rosidl_typesupport_c.dir/rosidl_typesupport_c/custom/srv/lidar_service__type_support.cpp.o[0m
[2.584s] [ 48%] Built target custom__rosidl_typesupport_introspection_c
[2.647s] [ 51%] [32m[1mLinking CXX shared library libcustom__rosidl_typesupport_c.so[0m
[2.710s] [ 54%] [32m[1mLinking CXX shared library libcustom__rosidl_typesupport_cpp.so[0m
[2.711s] [ 54%] Built target custom__rosidl_typesupport_c
[2.759s] [ 58%] [32m[1mLinking CXX shared library libcustom__rosidl_typesupport_introspection_cpp.so[0m
[2.759s] [ 58%] Built target custom__rosidl_typesupport_cpp
[2.826s] [ 58%] Built target custom__rosidl_typesupport_introspection_cpp
[2.996s] [ 61%] [32m[1mLinking CXX shared library libcustom__rosidl_typesupport_fastrtps_cpp.so[0m
[3.091s] [ 61%] Built target custom__rosidl_typesupport_fastrtps_cpp
[3.102s] [ 64%] [34m[1mGenerating C type support for eProsima Fast-RTPS[0m
[3.345s] [35m[1mScanning dependencies of target custom__rosidl_typesupport_fastrtps_c[0m
[3.363s] [ 67%] [32mBuilding CXX object CMakeFiles/custom__rosidl_typesupport_fastrtps_c.dir/rosidl_typesupport_fastrtps_c/custom/srv/detail/lidar_service__type_support_c.cpp.o[0m
[3.712s] [ 70%] [32m[1mLinking CXX shared library libcustom__rosidl_typesupport_fastrtps_c.so[0m
[3.803s] [ 70%] Built target custom__rosidl_typesupport_fastrtps_c
[3.816s] [35m[1mScanning dependencies of target custom[0m
[3.830s] [ 70%] Built target custom
[3.843s] [35m[1mScanning dependencies of target custom__py[0m
[3.857s] [ 74%] [34m[1mGenerating Python code for ROS interfaces[0m
[4.296s] [ 74%] Built target custom__py
[4.310s] [35m[1mScanning dependencies of target custom__python[0m
[4.335s] [ 77%] [32mBuilding C object CMakeFiles/custom__python.dir/rosidl_generator_py/custom/srv/_lidar_service_s.c.o[0m
[4.423s] [ 80%] [32m[1mLinking C shared library rosidl_generator_py/custom/libcustom__python.so[0m
[4.466s] [ 80%] Built target custom__python
[4.479s] [35m[1mScanning dependencies of target custom__rosidl_typesupport_c__pyext[0m
[4.479s] [35m[1mScanning dependencies of target custom__rosidl_typesupport_introspection_c__pyext[0m
[4.479s] [35m[1mScanning dependencies of target custom__rosidl_typesupport_fastrtps_c__pyext[0m
[4.497s] [ 83%] [32mBuilding C object CMakeFiles/custom__rosidl_typesupport_c__pyext.dir/rosidl_generator_py/custom/_custom_s.ep.rosidl_typesupport_c.c.o[0m
[4.498s] [ 87%] [32mBuilding C object CMakeFiles/custom__rosidl_typesupport_introspection_c__pyext.dir/rosidl_generator_py/custom/_custom_s.ep.rosidl_typesupport_introspection_c.c.o[0m
[4.499s] [ 90%] [32mBuilding C object CMakeFiles/custom__rosidl_typesupport_fastrtps_c__pyext.dir/rosidl_generator_py/custom/_custom_s.ep.rosidl_typesupport_fastrtps_c.c.o[0m
[4.586s] [ 93%] [32m[1mLinking C shared library rosidl_generator_py/custom/custom_s__rosidl_typesupport_c.cpython-38-x86_64-linux-gnu.so[0m
[4.587s] [ 96%] [32m[1mLinking C shared library rosidl_generator_py/custom/custom_s__rosidl_typesupport_introspection_c.cpython-38-x86_64-linux-gnu.so[0m
[4.590s] [100%] [32m[1mLinking CXX shared library rosidl_generator_py/custom/custom_s__rosidl_typesupport_fastrtps_c.cpython-38-x86_64-linux-gnu.so[0m
[4.623s] [100%] Built target custom__rosidl_typesupport_c__pyext
[4.623s] [100%] Built target custom__rosidl_typesupport_introspection_c__pyext
[4.658s] [100%] Built target custom__rosidl_typesupport_fastrtps_c__pyext
[4.673s] Invoked command in '/home/student/lidar-ws/build/custom' returned '0': CMAKE_PREFIX_PATH=${CMAKE_PREFIX_PATH}:/home/student/ws/install/py_ctrl:/home/student/ws/install/case_scenes:/home/student/ia_ws/install/viz_static:/home/student/ia_ws/install/viz_interactive:/home/student/ia_ws/install/ur_setup:/home/student/ia_ws/install/tf_lookup:/home/student/ia_ws/install/tf_broadcast:/home/student/ia_ws/install/tf_scene:/home/student/ia_ws/install/gui_tools:/home/student/ia_ws/install/aruco_handler:/opt/ros/galactic /usr/bin/cmake --build /home/student/lidar-ws/build/custom -- -j8 -l8
[4.754s] Invoking command in '/home/student/lidar-ws/build/custom': CMAKE_PREFIX_PATH=${CMAKE_PREFIX_PATH}:/home/student/ws/install/py_ctrl:/home/student/ws/install/case_scenes:/home/student/ia_ws/install/viz_static:/home/student/ia_ws/install/viz_interactive:/home/student/ia_ws/install/ur_setup:/home/student/ia_ws/install/tf_lookup:/home/student/ia_ws/install/tf_broadcast:/home/student/ia_ws/install/tf_scene:/home/student/ia_ws/install/gui_tools:/home/student/ia_ws/install/aruco_handler:/opt/ros/galactic /usr/bin/cmake --install /home/student/lidar-ws/build/custom
[4.767s] -- Install configuration: ""
[4.767s] -- Installing: /home/student/lidar-ws/install/custom/share/ament_index/resource_index/rosidl_interfaces/custom
[4.767s] -- Installing: /home/student/lidar-ws/install/custom/include/custom
[4.767s] -- Installing: /home/student/lidar-ws/install/custom/include/custom/srv
[4.767s] -- Installing: /home/student/lidar-ws/install/custom/include/custom/srv/lidar_service.h
[4.767s] -- Installing: /home/student/lidar-ws/install/custom/include/custom/srv/detail
[4.767s] -- Installing: /home/student/lidar-ws/install/custom/include/custom/srv/detail/lidar_service__functions.h
[4.768s] -- Installing: /home/student/lidar-ws/install/custom/include/custom/srv/detail/lidar_service__functions.c
[4.768s] -- Installing: /home/student/lidar-ws/install/custom/include/custom/srv/detail/lidar_service__struct.h
[4.768s] -- Installing: /home/student/lidar-ws/install/custom/include/custom/srv/detail/lidar_service__type_support.h
[4.768s] -- Installing: /home/student/lidar-ws/install/custom/include/custom/msg
[4.768s] -- Installing: /home/student/lidar-ws/install/custom/include/custom/msg/rosidl_generator_c__visibility_control.h
[4.768s] -- Installing: /home/student/lidar-ws/install/custom/share/custom/environment/library_path.sh
[4.768s] -- Installing: /home/student/lidar-ws/install/custom/share/custom/environment/library_path.dsv
[4.768s] -- Installing: /home/student/lidar-ws/install/custom/lib/libcustom__rosidl_generator_c.so
[4.768s] -- Set runtime path of "/home/student/lidar-ws/install/custom/lib/libcustom__rosidl_generator_c.so" to ""
[4.769s] -- Up-to-date: /home/student/lidar-ws/install/custom/include/custom
[4.769s] -- Up-to-date: /home/student/lidar-ws/install/custom/include/custom/srv
[4.769s] -- Up-to-date: /home/student/lidar-ws/install/custom/include/custom/srv/detail
[4.769s] -- Installing: /home/student/lidar-ws/install/custom/include/custom/srv/detail/lidar_service__rosidl_typesupport_fastrtps_c.h
[4.769s] -- Up-to-date: /home/student/lidar-ws/install/custom/include/custom/msg
[4.769s] -- Installing: /home/student/lidar-ws/install/custom/include/custom/msg/rosidl_typesupport_fastrtps_c__visibility_control.h
[4.769s] -- Installing: /home/student/lidar-ws/install/custom/lib/libcustom__rosidl_typesupport_fastrtps_c.so
[4.769s] -- Set runtime path of "/home/student/lidar-ws/install/custom/lib/libcustom__rosidl_typesupport_fastrtps_c.so" to ""
[4.769s] -- Up-to-date: /home/student/lidar-ws/install/custom/include/custom
[4.769s] -- Up-to-date: /home/student/lidar-ws/install/custom/include/custom/srv
[4.770s] -- Up-to-date: /home/student/lidar-ws/install/custom/include/custom/srv/detail
[4.770s] -- Installing: /home/student/lidar-ws/install/custom/include/custom/srv/detail/lidar_service__rosidl_typesupport_fastrtps_cpp.hpp
[4.770s] -- Installing: /home/student/lidar-ws/install/custom/include/custom/srv/detail/dds_fastrtps
[4.770s] -- Up-to-date: /home/student/lidar-ws/install/custom/include/custom/msg
[4.770s] -- Installing: /home/student/lidar-ws/install/custom/include/custom/msg/rosidl_typesupport_fastrtps_cpp__visibility_control.h
[4.770s] -- Installing: /home/student/lidar-ws/install/custom/lib/libcustom__rosidl_typesupport_fastrtps_cpp.so
[4.770s] -- Set runtime path of "/home/student/lidar-ws/install/custom/lib/libcustom__rosidl_typesupport_fastrtps_cpp.so" to ""
[4.770s] -- Up-to-date: /home/student/lidar-ws/install/custom/include/custom
[4.770s] -- Up-to-date: /home/student/lidar-ws/install/custom/include/custom/srv
[4.770s] -- Up-to-date: /home/student/lidar-ws/install/custom/include/custom/srv/detail
[4.770s] -- Installing: /home/student/lidar-ws/install/custom/include/custom/srv/detail/lidar_service__rosidl_typesupport_introspection_c.h
[4.771s] -- Installing: /home/student/lidar-ws/install/custom/include/custom/srv/detail/lidar_service__type_support.c
[4.771s] -- Up-to-date: /home/student/lidar-ws/install/custom/include/custom/msg
[4.771s] -- Installing: /home/student/lidar-ws/install/custom/include/custom/msg/rosidl_typesupport_introspection_c__visibility_control.h
[4.771s] -- Installing: /home/student/lidar-ws/install/custom/lib/libcustom__rosidl_typesupport_introspection_c.so
[4.771s] -- Set runtime path of "/home/student/lidar-ws/install/custom/lib/libcustom__rosidl_typesupport_introspection_c.so" to ""
[4.771s] -- Installing: /home/student/lidar-ws/install/custom/lib/libcustom__rosidl_typesupport_c.so
[4.771s] -- Set runtime path of "/home/student/lidar-ws/install/custom/lib/libcustom__rosidl_typesupport_c.so" to ""
[4.772s] -- Up-to-date: /home/student/lidar-ws/install/custom/include/custom
[4.772s] -- Up-to-date: /home/student/lidar-ws/install/custom/include/custom/srv
[4.772s] -- Up-to-date: /home/student/lidar-ws/install/custom/include/custom/srv/detail
[4.772s] -- Installing: /home/student/lidar-ws/install/custom/include/custom/srv/detail/lidar_service__traits.hpp
[4.772s] -- Installing: /home/student/lidar-ws/install/custom/include/custom/srv/detail/lidar_service__struct.hpp
[4.772s] -- Installing: /home/student/lidar-ws/install/custom/include/custom/srv/detail/lidar_service__builder.hpp
[4.772s] -- Installing: /home/student/lidar-ws/install/custom/include/custom/srv/lidar_service.hpp
[4.772s] -- Up-to-date: /home/student/lidar-ws/install/custom/include/custom
[4.773s] -- Up-to-date: /home/student/lidar-ws/install/custom/include/custom/srv
[4.773s] -- Up-to-date: /home/student/lidar-ws/install/custom/include/custom/srv/detail
[4.773s] -- Installing: /home/student/lidar-ws/install/custom/include/custom/srv/detail/lidar_service__rosidl_typesupport_introspection_cpp.hpp
[4.773s] -- Installing: /home/student/lidar-ws/install/custom/include/custom/srv/detail/lidar_service__type_support.cpp
[4.773s] -- Installing: /home/student/lidar-ws/install/custom/lib/libcustom__rosidl_typesupport_introspection_cpp.so
[4.773s] -- Set runtime path of "/home/student/lidar-ws/install/custom/lib/libcustom__rosidl_typesupport_introspection_cpp.so" to ""
[4.773s] -- Installing: /home/student/lidar-ws/install/custom/lib/libcustom__rosidl_typesupport_cpp.so
[4.773s] -- Set runtime path of "/home/student/lidar-ws/install/custom/lib/libcustom__rosidl_typesupport_cpp.so" to ""
[4.773s] -- Installing: /home/student/lidar-ws/install/custom/share/custom/environment/pythonpath.sh
[4.773s] -- Installing: /home/student/lidar-ws/install/custom/share/custom/environment/pythonpath.dsv
[4.774s] -- Installing: /home/student/lidar-ws/install/custom/lib/python3.8/site-packages/custom/__init__.py
[4.809s] Compiling '/home/student/lidar-ws/install/custom/lib/python3.8/site-packages/custom/__init__.py'...
[4.814s] -- Installing: /home/student/lidar-ws/install/custom/lib/python3.8/site-packages/custom/srv
[4.814s] -- Installing: /home/student/lidar-ws/install/custom/lib/python3.8/site-packages/custom/srv/_lidar_service.py
[4.814s] -- Installing: /home/student/lidar-ws/install/custom/lib/python3.8/site-packages/custom/srv/_lidar_service_s.c
[4.814s] -- Installing: /home/student/lidar-ws/install/custom/lib/python3.8/site-packages/custom/srv/__init__.py
[4.815s] -- Installing: /home/student/lidar-ws/install/custom/lib/python3.8/site-packages/custom/custom_s__rosidl_typesupport_fastrtps_c.cpython-38-x86_64-linux-gnu.so
[4.815s] -- Set runtime path of "/home/student/lidar-ws/install/custom/lib/python3.8/site-packages/custom/custom_s__rosidl_typesupport_fastrtps_c.cpython-38-x86_64-linux-gnu.so" to ""
[4.815s] -- Installing: /home/student/lidar-ws/install/custom/lib/python3.8/site-packages/custom/custom_s__rosidl_typesupport_introspection_c.cpython-38-x86_64-linux-gnu.so
[4.816s] -- Set runtime path of "/home/student/lidar-ws/install/custom/lib/python3.8/site-packages/custom/custom_s__rosidl_typesupport_introspection_c.cpython-38-x86_64-linux-gnu.so" to ""
[4.816s] -- Installing: /home/student/lidar-ws/install/custom/lib/python3.8/site-packages/custom/custom_s__rosidl_typesupport_c.cpython-38-x86_64-linux-gnu.so
[4.817s] -- Set runtime path of "/home/student/lidar-ws/install/custom/lib/python3.8/site-packages/custom/custom_s__rosidl_typesupport_c.cpython-38-x86_64-linux-gnu.so" to ""
[4.817s] -- Installing: /home/student/lidar-ws/install/custom/lib/libcustom__python.so
[4.817s] -- Set runtime path of "/home/student/lidar-ws/install/custom/lib/libcustom__python.so" to ""
[4.818s] -- Installing: /home/student/lidar-ws/install/custom/share/custom/srv/LidarService.idl
[4.818s] -- Installing: /home/student/lidar-ws/install/custom/share/custom/srv/LidarService.srv
[4.818s] -- Installing: /home/student/lidar-ws/install/custom/share/custom/srv/LidarService_Request.msg
[4.818s] -- Installing: /home/student/lidar-ws/install/custom/share/custom/srv/LidarService_Response.msg
[4.818s] -- Installing: /home/student/lidar-ws/install/custom/share/ament_index/resource_index/package_run_dependencies/custom
[4.818s] -- Installing: /home/student/lidar-ws/install/custom/share/ament_index/resource_index/parent_prefix_path/custom
[4.819s] -- Installing: /home/student/lidar-ws/install/custom/share/custom/environment/ament_prefix_path.sh
[4.819s] -- Installing: /home/student/lidar-ws/install/custom/share/custom/environment/ament_prefix_path.dsv
[4.819s] -- Installing: /home/student/lidar-ws/install/custom/share/custom/environment/path.sh
[4.819s] -- Installing: /home/student/lidar-ws/install/custom/share/custom/environment/path.dsv
[4.819s] -- Installing: /home/student/lidar-ws/install/custom/share/custom/local_setup.bash
[4.820s] -- Installing: /home/student/lidar-ws/install/custom/share/custom/local_setup.sh
[4.820s] -- Installing: /home/student/lidar-ws/install/custom/share/custom/local_setup.zsh
[4.820s] -- Installing: /home/student/lidar-ws/install/custom/share/custom/local_setup.dsv
[4.820s] -- Installing: /home/student/lidar-ws/install/custom/share/custom/package.dsv
[4.820s] -- Installing: /home/student/lidar-ws/install/custom/share/ament_index/resource_index/packages/custom
[4.821s] -- Installing: /home/student/lidar-ws/install/custom/share/custom/cmake/custom__rosidl_generator_cExport.cmake
[4.821s] -- Installing: /home/student/lidar-ws/install/custom/share/custom/cmake/custom__rosidl_generator_cExport-noconfig.cmake
[4.821s] -- Installing: /home/student/lidar-ws/install/custom/share/custom/cmake/custom__rosidl_typesupport_introspection_cExport.cmake
[4.821s] -- Installing: /home/student/lidar-ws/install/custom/share/custom/cmake/custom__rosidl_typesupport_introspection_cExport-noconfig.cmake
[4.822s] -- Installing: /home/student/lidar-ws/install/custom/share/custom/cmake/custom__rosidl_typesupport_cExport.cmake
[4.822s] -- Installing: /home/student/lidar-ws/install/custom/share/custom/cmake/custom__rosidl_typesupport_cExport-noconfig.cmake
[4.822s] -- Installing: /home/student/lidar-ws/install/custom/share/custom/cmake/custom__rosidl_generator_cppExport.cmake
[4.822s] -- Installing: /home/student/lidar-ws/install/custom/share/custom/cmake/custom__rosidl_typesupport_introspection_cppExport.cmake
[4.822s] -- Installing: /home/student/lidar-ws/install/custom/share/custom/cmake/custom__rosidl_typesupport_introspection_cppExport-noconfig.cmake
[4.823s] -- Installing: /home/student/lidar-ws/install/custom/share/custom/cmake/custom__rosidl_typesupport_cppExport.cmake
[4.823s] -- Installing: /home/student/lidar-ws/install/custom/share/custom/cmake/custom__rosidl_typesupport_cppExport-noconfig.cmake
[4.823s] -- Installing: /home/student/lidar-ws/install/custom/share/custom/cmake/rosidl_cmake-extras.cmake
[4.823s] -- Installing: /home/student/lidar-ws/install/custom/share/custom/cmake/ament_cmake_export_dependencies-extras.cmake
[4.824s] -- Installing: /home/student/lidar-ws/install/custom/share/custom/cmake/ament_cmake_export_libraries-extras.cmake
[4.824s] -- Installing: /home/student/lidar-ws/install/custom/share/custom/cmake/ament_cmake_export_targets-extras.cmake
[4.824s] -- Installing: /home/student/lidar-ws/install/custom/share/custom/cmake/ament_cmake_export_include_directories-extras.cmake
[4.824s] -- Installing: /home/student/lidar-ws/install/custom/share/custom/cmake/rosidl_cmake_export_typesupport_libraries-extras.cmake
[4.824s] -- Installing: /home/student/lidar-ws/install/custom/share/custom/cmake/rosidl_cmake_export_typesupport_targets-extras.cmake
[4.824s] -- Installing: /home/student/lidar-ws/install/custom/share/custom/cmake/customConfig.cmake
[4.825s] -- Installing: /home/student/lidar-ws/install/custom/share/custom/cmake/customConfig-version.cmake
[4.825s] -- Installing: /home/student/lidar-ws/install/custom/share/custom/package.xml
[4.828s] Invoked command in '/home/student/lidar-ws/build/custom' returned '0': CMAKE_PREFIX_PATH=${CMAKE_PREFIX_PATH}:/home/student/ws/install/py_ctrl:/home/student/ws/install/case_scenes:/home/student/ia_ws/install/viz_static:/home/student/ia_ws/install/viz_interactive:/home/student/ia_ws/install/ur_setup:/home/student/ia_ws/install/tf_lookup:/home/student/ia_ws/install/tf_broadcast:/home/student/ia_ws/install/tf_scene:/home/student/ia_ws/install/gui_tools:/home/student/ia_ws/install/aruco_handler:/opt/ros/galactic /usr/bin/cmake --install /home/student/lidar-ws/build/custom
