[0.017s] Invoking command in '/home/student/lidar-ws/build/lidar_cpp': CMAKE_PREFIX_PATH=/home/student/lidar-ws/install/custom:/home/student/lidar-ws/install/lidar_cpp:/home/student/ws/install/case_bringup:/home/student/ia_ws/install/viz_dynamic:/home/student/ia_ws/install/viz_tools_msgs:/home/student/ia_ws/install/viz_bringup:/home/student/ia_ws/install/ur_script_generator:/home/student/ia_ws/install/ur_script_controller:/home/student/ia_ws/install/ur_tools_msgs:/home/student/ia_ws/install/ur_script_driver:/home/student/ia_ws/install/ur_script_msgs:/home/student/ia_ws/install/ur_description:/home/student/ia_ws/install/ur_bringup:/home/student/ia_ws/install/tf_sms:/home/student/ia_ws/install/tf_bringup:/home/student/ia_ws/install/tf_tools_msgs:/home/student/ia_ws/install/opcua_ros2_bridge:/home/student/ia_ws/install/mp_msgs:/home/student/ws/install/py_ctrl:/home/student/ws/install/case_scenes:/home/student/ia_ws/install/viz_static:/home/student/ia_ws/install/viz_interactive:/home/student/ia_ws/install/ur_setup:/home/student/ia_ws/install/tf_lookup:/home/student/ia_ws/install/tf_broadcast:/home/student/ia_ws/install/tf_scene:/home/student/ia_ws/install/gui_tools:/home/student/ia_ws/install/aruco_handler:/opt/ros/galactic /usr/bin/cmake /home/student/lidar-ws/src/lidar_cpp -DCMAKE_INSTALL_PREFIX=/home/student/lidar-ws/install/lidar_cpp
[0.083s] -- The C compiler identification is GNU 9.4.0
[0.148s] -- The CXX compiler identification is GNU 9.4.0
[0.155s] -- Check for working C compiler: /usr/bin/cc
[0.235s] -- Check for working C compiler: /usr/bin/cc -- works
[0.235s] -- Detecting C compiler ABI info
[0.314s] -- Detecting C compiler ABI info - done
[0.326s] -- Detecting C compile features
[0.326s] -- Detecting C compile features - done
[0.328s] -- Check for working CXX compiler: /usr/bin/c++
[0.415s] -- Check for working CXX compiler: /usr/bin/c++ -- works
[0.416s] -- Detecting CXX compiler ABI info
[0.501s] -- Detecting CXX compiler ABI info - done
[0.515s] -- Detecting CXX compile features
[0.516s] -- Detecting CXX compile features - done
[0.520s] -- Found ament_cmake: 1.1.4 (/opt/ros/galactic/share/ament_cmake/cmake)
[0.550s] -- Found PythonInterp: /usr/bin/python3 (found suitable version "3.8.10", minimum required is "3") 
[0.550s] -- Using PYTHON_EXECUTABLE: /usr/bin/python3
[0.658s] -- Found rclcpp: 9.2.0 (/opt/ros/galactic/share/rclcpp/cmake)
[0.729s] -- Using all available rosidl_typesupport_c: rosidl_typesupport_fastrtps_c;rosidl_typesupport_introspection_c
[0.742s] -- Found rosidl_adapter: 2.2.1 (/opt/ros/galactic/share/rosidl_adapter/cmake)
[0.851s] -- Found OpenSSL: /usr/lib/x86_64-linux-gnu/libcrypto.so (found version "1.1.1f")  
[0.881s] -- Found FastRTPS: /opt/ros/galactic/include  
[0.974s] -- Using all available rosidl_typesupport_cpp: rosidl_typesupport_fastrtps_cpp;rosidl_typesupport_introspection_cpp
[1.051s] -- Found rmw_implementation_cmake: 3.3.1 (/opt/ros/galactic/share/rmw_implementation_cmake/cmake)
[1.055s] -- Found rmw_cyclonedds_cpp: 0.22.3 (/opt/ros/galactic/share/rmw_cyclonedds_cpp/cmake)
[1.076s] -- Using RMW implementation 'rmw_cyclonedds_cpp' as default
[1.077s] -- Looking for pthread.h
[1.161s] -- Looking for pthread.h - found
[1.161s] -- Performing Test CMAKE_HAVE_LIBC_PTHREAD
[1.246s] -- Performing Test CMAKE_HAVE_LIBC_PTHREAD - Failed
[1.247s] -- Looking for pthread_create in pthreads
[1.313s] -- Looking for pthread_create in pthreads - not found
[1.313s] -- Looking for pthread_create in pthread
[1.418s] -- Looking for pthread_create in pthread - found
[1.419s] -- Found Threads: TRUE  
[1.568s] -- Found sensor_msgs: 2.2.3 (/opt/ros/galactic/share/sensor_msgs/cmake)
[1.697s] -- Checking for module 'eigen3'
[1.720s] --   Found eigen3, version 3.3.7
[1.775s] -- Found Eigen: /usr/include/eigen3 (Required is at least version "3.1") 
[1.775s] -- Eigen found (include: /usr/include/eigen3, version: 3.3.7)
[1.862s] -- Found Boost: /usr/include (found suitable version "1.71.0", minimum required is "1.55.0") found components: system filesystem date_time iostreams regex 
[1.877s] -- Checking for module 'flann'
[1.901s] --   Found flann, version 1.9.1
[1.961s] -- Found FLANN: /usr/lib/x86_64-linux-gnu/libflann_cpp.so  
[2.020s] -- The imported target "vtkParseOGLExt" references the file
[2.020s]    "/usr/bin/vtkParseOGLExt-7.1"
[2.020s] but this file does not exist.  Possible reasons include:
[2.020s] * The file was deleted, renamed, or moved to another location.
[2.020s] * An install or uninstall procedure did not complete successfully.
[2.020s] * The installation package was faulty and contained
[2.021s]    "/usr/lib/cmake/vtk-7.1/VTKTargets.cmake"
[2.021s] but not all the files it references.
[2.021s] 
[2.021s] -- The imported target "vtkRenderingPythonTkWidgets" references the file
[2.021s]    "/usr/lib/x86_64-linux-gnu/libvtkRenderingPythonTkWidgets.so"
[2.021s] but this file does not exist.  Possible reasons include:
[2.021s] * The file was deleted, renamed, or moved to another location.
[2.021s] * An install or uninstall procedure did not complete successfully.
[2.021s] * The installation package was faulty and contained
[2.021s]    "/usr/lib/cmake/vtk-7.1/VTKTargets.cmake"
[2.021s] but not all the files it references.
[2.022s] 
[2.022s] -- The imported target "vtk" references the file
[2.022s]    "/usr/bin/vtk"
[2.022s] but this file does not exist.  Possible reasons include:
[2.022s] * The file was deleted, renamed, or moved to another location.
[2.022s] * An install or uninstall procedure did not complete successfully.
[2.022s] * The installation package was faulty and contained
[2.022s]    "/usr/lib/cmake/vtk-7.1/VTKTargets.cmake"
[2.022s] but not all the files it references.
[2.022s] 
[2.022s] -- The imported target "pvtk" references the file
[2.022s]    "/usr/bin/pvtk"
[2.023s] but this file does not exist.  Possible reasons include:
[2.023s] * The file was deleted, renamed, or moved to another location.
[2.023s] * An install or uninstall procedure did not complete successfully.
[2.023s] * The installation package was faulty and contained
[2.023s]    "/usr/lib/cmake/vtk-7.1/VTKTargets.cmake"
[2.023s] but not all the files it references.
[2.023s] 
[2.041s] -- Checking for module 'libusb-1.0'
[2.045s] --   No package 'libusb-1.0' found
[2.049s] -- Could NOT find USB_10 (missing: USB_10_LIBRARY USB_10_INCLUDE_DIR) 
[2.049s] -- OpenNI disabled because libusb-1.0 not found.
[2.050s] ** WARNING ** io features related to openni will be disabled
[2.054s] -- Checking for module 'libusb-1.0'
[2.058s] --   No package 'libusb-1.0' found
[2.063s] -- Could NOT find USB_10 (missing: USB_10_LIBRARY USB_10_INCLUDE_DIR) 
[2.063s] -- OpenNI 2 disabled because libusb-1.0 not found.
[2.063s] ** WARNING ** io features related to openni2 will be disabled
[2.063s] ** WARNING ** io features related to pcap will be disabled
[2.063s] ** WARNING ** io features related to png will be disabled
[2.078s] -- LIBUSB_1_LIBRARY (missing: LIBUSB_1_INCLUDE_DIR) 
[2.078s] ** WARNING ** io features related to libusb-1.0 will be disabled
[2.083s] -- Checking for module 'libusb-1.0'
[2.086s] --   No package 'libusb-1.0' found
[2.091s] -- Could NOT find USB_10 (missing: USB_10_LIBRARY USB_10_INCLUDE_DIR) 
[2.091s] -- OpenNI disabled because libusb-1.0 not found.
[2.091s] ** WARNING ** visualization features related to openni will be disabled
[2.097s] -- Checking for module 'libusb-1.0'
[2.102s] --   No package 'libusb-1.0' found
[2.108s] -- Could NOT find USB_10 (missing: USB_10_LIBRARY USB_10_INCLUDE_DIR) 
[2.109s] -- OpenNI 2 disabled because libusb-1.0 not found.
[2.109s] ** WARNING ** visualization features related to openni2 will be disabled
[2.148s] -- Found Qhull: optimized;/usr/lib/x86_64-linux-gnu/libqhull.so;debug;/usr/lib/x86_64-linux-gnu/libqhull.so  
[2.148s] -- QHULL found (include: /usr/include, lib: optimized;/usr/lib/x86_64-linux-gnu/libqhull.so;debug;/usr/lib/x86_64-linux-gnu/libqhull.so)
[2.153s] -- Checking for module 'libusb-1.0'
[2.156s] --   No package 'libusb-1.0' found
[2.162s] -- Could NOT find USB_10 (missing: USB_10_LIBRARY USB_10_INCLUDE_DIR) 
[2.162s] -- OpenNI disabled because libusb-1.0 not found.
[2.162s] ** WARNING ** apps features related to openni will be disabled
[2.175s] -- looking for PCL_COMMON
[2.176s] -- Found PCL_COMMON: /usr/lib/x86_64-linux-gnu/libpcl_common.so  
[2.176s] -- looking for PCL_KDTREE
[2.177s] -- Found PCL_KDTREE: /usr/lib/x86_64-linux-gnu/libpcl_kdtree.so  
[2.178s] -- looking for PCL_OCTREE
[2.179s] -- Found PCL_OCTREE: /usr/lib/x86_64-linux-gnu/libpcl_octree.so  
[2.179s] -- looking for PCL_SEARCH
[2.180s] -- Found PCL_SEARCH: /usr/lib/x86_64-linux-gnu/libpcl_search.so  
[2.180s] -- looking for PCL_SAMPLE_CONSENSUS
[2.181s] -- Found PCL_SAMPLE_CONSENSUS: /usr/lib/x86_64-linux-gnu/libpcl_sample_consensus.so  
[2.182s] -- looking for PCL_FILTERS
[2.183s] -- Found PCL_FILTERS: /usr/lib/x86_64-linux-gnu/libpcl_filters.so  
[2.183s] -- looking for PCL_2D
[2.183s] -- Found PCL_2D: /usr/include/pcl-1.10  
[2.183s] -- looking for PCL_GEOMETRY
[2.184s] -- Found PCL_GEOMETRY: /usr/include/pcl-1.10  
[2.184s] -- looking for PCL_IO
[2.185s] -- Found PCL_IO: /usr/lib/x86_64-linux-gnu/libpcl_io.so  
[2.185s] -- looking for PCL_FEATURES
[2.186s] -- Found PCL_FEATURES: /usr/lib/x86_64-linux-gnu/libpcl_features.so  
[2.187s] -- looking for PCL_ML
[2.188s] -- Found PCL_ML: /usr/lib/x86_64-linux-gnu/libpcl_ml.so  
[2.188s] -- looking for PCL_SEGMENTATION
[2.189s] -- Found PCL_SEGMENTATION: /usr/lib/x86_64-linux-gnu/libpcl_segmentation.so  
[2.190s] -- looking for PCL_VISUALIZATION
[2.190s] -- Found PCL_VISUALIZATION: /usr/lib/x86_64-linux-gnu/libpcl_visualization.so  
[2.191s] -- looking for PCL_SURFACE
[2.192s] -- Found PCL_SURFACE: /usr/lib/x86_64-linux-gnu/libpcl_surface.so  
[2.192s] -- looking for PCL_REGISTRATION
[2.193s] -- Found PCL_REGISTRATION: /usr/lib/x86_64-linux-gnu/libpcl_registration.so  
[2.193s] -- looking for PCL_KEYPOINTS
[2.195s] -- Found PCL_KEYPOINTS: /usr/lib/x86_64-linux-gnu/libpcl_keypoints.so  
[2.195s] -- looking for PCL_TRACKING
[2.196s] -- Found PCL_TRACKING: /usr/lib/x86_64-linux-gnu/libpcl_tracking.so  
[2.196s] -- looking for PCL_RECOGNITION
[2.198s] -- Found PCL_RECOGNITION: /usr/lib/x86_64-linux-gnu/libpcl_recognition.so  
[2.198s] -- looking for PCL_STEREO
[2.199s] -- Found PCL_STEREO: /usr/lib/x86_64-linux-gnu/libpcl_stereo.so  
[2.200s] -- looking for PCL_APPS
[2.201s] -- Found PCL_APPS: /usr/lib/x86_64-linux-gnu/libpcl_apps.so  
[2.202s] -- looking for PCL_IN_HAND_SCANNER
[2.203s] -- Found PCL_IN_HAND_SCANNER: /usr/include/pcl-1.10  
[2.203s] -- looking for PCL_POINT_CLOUD_EDITOR
[2.203s] -- Found PCL_POINT_CLOUD_EDITOR: /usr/include/pcl-1.10  
[2.204s] -- looking for PCL_OUTOFCORE
[2.205s] -- Found PCL_OUTOFCORE: /usr/lib/x86_64-linux-gnu/libpcl_outofcore.so  
[2.205s] -- looking for PCL_PEOPLE
[2.207s] -- Found PCL_PEOPLE: /usr/lib/x86_64-linux-gnu/libpcl_people.so  
[2.208s] -- Found PCL: pcl_common;pcl_kdtree;pcl_octree;pcl_search;pcl_sample_consensus;pcl_filters;pcl_io;pcl_features;pcl_ml;pcl_segmentation;pcl_visualization;pcl_surface;pcl_registration;pcl_keypoints;pcl_tracking;pcl_recognition;pcl_stereo;pcl_apps;pcl_outofcore;pcl_people;/usr/lib/x86_64-linux-gnu/libboost_system.so;/usr/lib/x86_64-linux-gnu/libboost_filesystem.so;/usr/lib/x86_64-linux-gnu/libboost_date_time.so;/usr/lib/x86_64-linux-gnu/libboost_iostreams.so;/usr/lib/x86_64-linux-gnu/libboost_regex.so;optimized;/usr/lib/x86_64-linux-gnu/libqhull.so;debug;/usr/lib/x86_64-linux-gnu/libqhull.so;vtkChartsCore;vtkCommonColor;vtkCommonCore;vtksys;vtkCommonDataModel;vtkCommonMath;vtkCommonMisc;vtkCommonSystem;vtkCommonTransforms;vtkCommonExecutionModel;vtkFiltersGeneral;vtkCommonComputationalGeometry;vtkFiltersCore;vtkInfovisCore;vtkFiltersExtraction;vtkFiltersStatistics;vtkImagingFourier;vtkImagingCore;vtkalglib;vtkRenderingContext2D;vtkRenderingCore;vtkFiltersGeometry;vtkFiltersSources;vtkRenderingFreeType;/usr/lib/x86_64-linux-gnu/libfreetype.so;/usr/lib/x86_64-linux-gnu/libz.so;vtkFiltersModeling;vtkImagingSources;vtkInteractionStyle;vtkInteractionWidgets;vtkFiltersHybrid;vtkImagingColor;vtkImagingGeneral;vtkImagingHybrid;vtkIOImage;vtkDICOMParser;vtkmetaio;/usr/lib/x86_64-linux-gnu/libjpeg.so;/usr/lib/x86_64-linux-gnu/libpng.so;/usr/lib/x86_64-linux-gnu/libtiff.so;vtkRenderingAnnotation;vtkRenderingVolume;vtkIOXML;vtkIOCore;vtkIOXMLParser;/usr/lib/x86_64-linux-gnu/libexpat.so;vtkIOGeometry;vtkIOLegacy;vtkIOPLY;vtkRenderingLOD;vtkViewsContext2D;vtkViewsCore;vtkRenderingContextOpenGL2;vtkRenderingOpenGL2;FLANN::FLANN  
[2.209s] -- Found custom: 0.0.0 (/home/student/lidar-ws/install/custom/share/custom/cmake)
[2.336s] -- Found ament_lint_auto: 0.10.6 (/opt/ros/galactic/share/ament_lint_auto/cmake)
[2.434s] -- Added test 'copyright' to check source files copyright and LICENSE
[2.435s] -- Added test 'cppcheck' to perform static code analysis on C / C++ code
[2.436s] -- Configured cppcheck include dirs: /home/student/lidar-ws/src/lidar_cpp/include
[2.436s] -- Configured cppcheck exclude dirs and/or files: 
[2.437s] -- Added test 'cpplint' to check C / C++ code against the Google style
[2.437s] -- Configured cpplint exclude dirs and/or files: 
[2.438s] -- Added test 'lint_cmake' to check CMake code style
[2.440s] -- Added test 'uncrustify' to check C / C++ code style
[2.440s] -- Configured uncrustify additional arguments: 
[2.441s] -- Added test 'xmllint' to check XML markup files
[2.444s] -- Configuring done
[2.490s] -- Generating done
[2.492s] -- Build files have been written to: /home/student/lidar-ws/build/lidar_cpp
[2.508s] Invoked command in '/home/student/lidar-ws/build/lidar_cpp' returned '0': CMAKE_PREFIX_PATH=/home/student/lidar-ws/install/custom:/home/student/lidar-ws/install/lidar_cpp:/home/student/ws/install/case_bringup:/home/student/ia_ws/install/viz_dynamic:/home/student/ia_ws/install/viz_tools_msgs:/home/student/ia_ws/install/viz_bringup:/home/student/ia_ws/install/ur_script_generator:/home/student/ia_ws/install/ur_script_controller:/home/student/ia_ws/install/ur_tools_msgs:/home/student/ia_ws/install/ur_script_driver:/home/student/ia_ws/install/ur_script_msgs:/home/student/ia_ws/install/ur_description:/home/student/ia_ws/install/ur_bringup:/home/student/ia_ws/install/tf_sms:/home/student/ia_ws/install/tf_bringup:/home/student/ia_ws/install/tf_tools_msgs:/home/student/ia_ws/install/opcua_ros2_bridge:/home/student/ia_ws/install/mp_msgs:/home/student/ws/install/py_ctrl:/home/student/ws/install/case_scenes:/home/student/ia_ws/install/viz_static:/home/student/ia_ws/install/viz_interactive:/home/student/ia_ws/install/ur_setup:/home/student/ia_ws/install/tf_lookup:/home/student/ia_ws/install/tf_broadcast:/home/student/ia_ws/install/tf_scene:/home/student/ia_ws/install/gui_tools:/home/student/ia_ws/install/aruco_handler:/opt/ros/galactic /usr/bin/cmake /home/student/lidar-ws/src/lidar_cpp -DCMAKE_INSTALL_PREFIX=/home/student/lidar-ws/install/lidar_cpp
[2.511s] Invoking command in '/home/student/lidar-ws/build/lidar_cpp': CMAKE_PREFIX_PATH=/home/student/lidar-ws/install/custom:/home/student/lidar-ws/install/lidar_cpp:/home/student/ws/install/case_bringup:/home/student/ia_ws/install/viz_dynamic:/home/student/ia_ws/install/viz_tools_msgs:/home/student/ia_ws/install/viz_bringup:/home/student/ia_ws/install/ur_script_generator:/home/student/ia_ws/install/ur_script_controller:/home/student/ia_ws/install/ur_tools_msgs:/home/student/ia_ws/install/ur_script_driver:/home/student/ia_ws/install/ur_script_msgs:/home/student/ia_ws/install/ur_description:/home/student/ia_ws/install/ur_bringup:/home/student/ia_ws/install/tf_sms:/home/student/ia_ws/install/tf_bringup:/home/student/ia_ws/install/tf_tools_msgs:/home/student/ia_ws/install/opcua_ros2_bridge:/home/student/ia_ws/install/mp_msgs:/home/student/ws/install/py_ctrl:/home/student/ws/install/case_scenes:/home/student/ia_ws/install/viz_static:/home/student/ia_ws/install/viz_interactive:/home/student/ia_ws/install/ur_setup:/home/student/ia_ws/install/tf_lookup:/home/student/ia_ws/install/tf_broadcast:/home/student/ia_ws/install/tf_scene:/home/student/ia_ws/install/gui_tools:/home/student/ia_ws/install/aruco_handler:/opt/ros/galactic /usr/bin/cmake --build /home/student/lidar-ws/build/lidar_cpp -- -j8 -l8
[2.557s] [35m[1mScanning dependencies of target lidar[0m
[2.557s] [35m[1mScanning dependencies of target lidar_server[0m
[2.634s] [ 25%] [32mBuilding CXX object CMakeFiles/lidar.dir/src/lidar_publisher.cpp.o[0m
[2.635s] [ 50%] [32mBuilding CXX object CMakeFiles/lidar_server.dir/src/lidar_server.cpp.o[0m
[8.243s] [01m[K/home/student/lidar-ws/src/lidar_cpp/src/lidar_server.cpp:[m[K In function ‘[01m[Kvoid take_picture(std::shared_ptr<custom::srv::LidarService_Request_<std::allocator<void> > >, std::shared_ptr<custom::srv::LidarService_Response_<std::allocator<void> > >)[m[K’:
[8.243s] [01m[K/home/student/lidar-ws/src/lidar_cpp/src/lidar_server.cpp:37:77:[m[K [01;35m[Kwarning: [m[Kunused parameter ‘[01m[Krequest[m[K’ [[01;35m[K-Wunused-parameter[m[K]
[8.244s]    37 | void take_picture([01;35m[Kconst std::shared_ptr<custom::srv::LidarService::Request> request[m[K, const std::shared_ptr<custom::srv::LidarService::Response> response)
[8.244s]       |                   [01;35m[K~~~~~~~~~~~~~~~~~~~~~~~~~~~~~~~~~~~~~~~~~~~~~~~~~~~~~~~~~~^~~~~~~[m[K
[10.487s] [ 75%] [32m[1mLinking CXX executable lidar_server[0m
[11.420s] [ 75%] Built target lidar_server
[11.666s] [100%] [32m[1mLinking CXX executable lidar[0m
[12.056s] [100%] Built target lidar
[12.068s] Invoked command in '/home/student/lidar-ws/build/lidar_cpp' returned '0': CMAKE_PREFIX_PATH=/home/student/lidar-ws/install/custom:/home/student/lidar-ws/install/lidar_cpp:/home/student/ws/install/case_bringup:/home/student/ia_ws/install/viz_dynamic:/home/student/ia_ws/install/viz_tools_msgs:/home/student/ia_ws/install/viz_bringup:/home/student/ia_ws/install/ur_script_generator:/home/student/ia_ws/install/ur_script_controller:/home/student/ia_ws/install/ur_tools_msgs:/home/student/ia_ws/install/ur_script_driver:/home/student/ia_ws/install/ur_script_msgs:/home/student/ia_ws/install/ur_description:/home/student/ia_ws/install/ur_bringup:/home/student/ia_ws/install/tf_sms:/home/student/ia_ws/install/tf_bringup:/home/student/ia_ws/install/tf_tools_msgs:/home/student/ia_ws/install/opcua_ros2_bridge:/home/student/ia_ws/install/mp_msgs:/home/student/ws/install/py_ctrl:/home/student/ws/install/case_scenes:/home/student/ia_ws/install/viz_static:/home/student/ia_ws/install/viz_interactive:/home/student/ia_ws/install/ur_setup:/home/student/ia_ws/install/tf_lookup:/home/student/ia_ws/install/tf_broadcast:/home/student/ia_ws/install/tf_scene:/home/student/ia_ws/install/gui_tools:/home/student/ia_ws/install/aruco_handler:/opt/ros/galactic /usr/bin/cmake --build /home/student/lidar-ws/build/lidar_cpp -- -j8 -l8
[12.106s] Invoking command in '/home/student/lidar-ws/build/lidar_cpp': CMAKE_PREFIX_PATH=/home/student/lidar-ws/install/custom:/home/student/lidar-ws/install/lidar_cpp:/home/student/ws/install/case_bringup:/home/student/ia_ws/install/viz_dynamic:/home/student/ia_ws/install/viz_tools_msgs:/home/student/ia_ws/install/viz_bringup:/home/student/ia_ws/install/ur_script_generator:/home/student/ia_ws/install/ur_script_controller:/home/student/ia_ws/install/ur_tools_msgs:/home/student/ia_ws/install/ur_script_driver:/home/student/ia_ws/install/ur_script_msgs:/home/student/ia_ws/install/ur_description:/home/student/ia_ws/install/ur_bringup:/home/student/ia_ws/install/tf_sms:/home/student/ia_ws/install/tf_bringup:/home/student/ia_ws/install/tf_tools_msgs:/home/student/ia_ws/install/opcua_ros2_bridge:/home/student/ia_ws/install/mp_msgs:/home/student/ws/install/py_ctrl:/home/student/ws/install/case_scenes:/home/student/ia_ws/install/viz_static:/home/student/ia_ws/install/viz_interactive:/home/student/ia_ws/install/ur_setup:/home/student/ia_ws/install/tf_lookup:/home/student/ia_ws/install/tf_broadcast:/home/student/ia_ws/install/tf_scene:/home/student/ia_ws/install/gui_tools:/home/student/ia_ws/install/aruco_handler:/opt/ros/galactic /usr/bin/cmake --install /home/student/lidar-ws/build/lidar_cpp
[12.117s] -- Install configuration: ""
[12.117s] -- Installing: /home/student/lidar-ws/install/lidar_cpp/lib/lidar_cpp/lidar
[12.118s] -- Set runtime path of "/home/student/lidar-ws/install/lidar_cpp/lib/lidar_cpp/lidar" to ""
[12.118s] -- Installing: /home/student/lidar-ws/install/lidar_cpp/lib/lidar_cpp/lidar_server
[12.119s] -- Set runtime path of "/home/student/lidar-ws/install/lidar_cpp/lib/lidar_cpp/lidar_server" to ""
[12.119s] -- Installing: /home/student/lidar-ws/install/lidar_cpp/share/ament_index/resource_index/package_run_dependencies/lidar_cpp
[12.120s] -- Installing: /home/student/lidar-ws/install/lidar_cpp/share/ament_index/resource_index/parent_prefix_path/lidar_cpp
[12.120s] -- Installing: /home/student/lidar-ws/install/lidar_cpp/share/lidar_cpp/environment/ament_prefix_path.sh
[12.120s] -- Installing: /home/student/lidar-ws/install/lidar_cpp/share/lidar_cpp/environment/ament_prefix_path.dsv
[12.120s] -- Installing: /home/student/lidar-ws/install/lidar_cpp/share/lidar_cpp/environment/path.sh
[12.120s] -- Installing: /home/student/lidar-ws/install/lidar_cpp/share/lidar_cpp/environment/path.dsv
[12.120s] -- Installing: /home/student/lidar-ws/install/lidar_cpp/share/lidar_cpp/local_setup.bash
[12.121s] -- Installing: /home/student/lidar-ws/install/lidar_cpp/share/lidar_cpp/local_setup.sh
[12.121s] -- Installing: /home/student/lidar-ws/install/lidar_cpp/share/lidar_cpp/local_setup.zsh
[12.121s] -- Installing: /home/student/lidar-ws/install/lidar_cpp/share/lidar_cpp/local_setup.dsv
[12.121s] -- Installing: /home/student/lidar-ws/install/lidar_cpp/share/lidar_cpp/package.dsv
[12.121s] -- Installing: /home/student/lidar-ws/install/lidar_cpp/share/ament_index/resource_index/packages/lidar_cpp
[12.121s] -- Installing: /home/student/lidar-ws/install/lidar_cpp/share/lidar_cpp/cmake/lidar_cppConfig.cmake
[12.121s] -- Installing: /home/student/lidar-ws/install/lidar_cpp/share/lidar_cpp/cmake/lidar_cppConfig-version.cmake
[12.122s] -- Installing: /home/student/lidar-ws/install/lidar_cpp/share/lidar_cpp/package.xml
[12.125s] Invoked command in '/home/student/lidar-ws/build/lidar_cpp' returned '0': CMAKE_PREFIX_PATH=/home/student/lidar-ws/install/custom:/home/student/lidar-ws/install/lidar_cpp:/home/student/ws/install/case_bringup:/home/student/ia_ws/install/viz_dynamic:/home/student/ia_ws/install/viz_tools_msgs:/home/student/ia_ws/install/viz_bringup:/home/student/ia_ws/install/ur_script_generator:/home/student/ia_ws/install/ur_script_controller:/home/student/ia_ws/install/ur_tools_msgs:/home/student/ia_ws/install/ur_script_driver:/home/student/ia_ws/install/ur_script_msgs:/home/student/ia_ws/install/ur_description:/home/student/ia_ws/install/ur_bringup:/home/student/ia_ws/install/tf_sms:/home/student/ia_ws/install/tf_bringup:/home/student/ia_ws/install/tf_tools_msgs:/home/student/ia_ws/install/opcua_ros2_bridge:/home/student/ia_ws/install/mp_msgs:/home/student/ws/install/py_ctrl:/home/student/ws/install/case_scenes:/home/student/ia_ws/install/viz_static:/home/student/ia_ws/install/viz_interactive:/home/student/ia_ws/install/ur_setup:/home/student/ia_ws/install/tf_lookup:/home/student/ia_ws/install/tf_broadcast:/home/student/ia_ws/install/tf_scene:/home/student/ia_ws/install/gui_tools:/home/student/ia_ws/install/aruco_handler:/opt/ros/galactic /usr/bin/cmake --install /home/student/lidar-ws/build/lidar_cpp
