[0.016s] Invoking command in '/home/student/lidar-ws/build/custom': CMAKE_PREFIX_PATH=${CMAKE_PREFIX_PATH}:/home/student/ws/install/py_ctrl:/home/student/ws/install/case_scenes:/home/student/ia_ws/install/viz_static:/home/student/ia_ws/install/viz_interactive:/home/student/ia_ws/install/ur_setup:/home/student/ia_ws/install/tf_lookup:/home/student/ia_ws/install/tf_broadcast:/home/student/ia_ws/install/tf_scene:/home/student/ia_ws/install/gui_tools:/home/student/ia_ws/install/aruco_handler:/opt/ros/galactic /usr/bin/cmake /home/student/lidar-ws/src/custom -DCMAKE_INSTALL_PREFIX=/home/student/lidar-ws/install/custom
[0.080s] -- The C compiler identification is GNU 9.4.0
[0.142s] -- The CXX compiler identification is GNU 9.4.0
[0.149s] -- Check for working C compiler: /usr/bin/cc
[0.229s] -- Check for working C compiler: /usr/bin/cc -- works
[0.230s] -- Detecting C compiler ABI info
[0.315s] -- Detecting C compiler ABI info - done
[0.329s] -- Detecting C compile features
[0.329s] -- Detecting C compile features - done
[0.332s] -- Check for working CXX compiler: /usr/bin/c++
[0.420s] -- Check for working CXX compiler: /usr/bin/c++ -- works
[0.421s] -- Detecting CXX compiler ABI info
[0.510s] -- Detecting CXX compiler ABI info - done
[0.526s] -- Detecting CXX compile features
[0.527s] -- Detecting CXX compile features - done
[0.531s] -- Found ament_cmake: 1.1.4 (/opt/ros/galactic/share/ament_cmake/cmake)
[0.561s] -- Found PythonInterp: /usr/bin/python3 (found suitable version "3.8.10", minimum required is "3") 
[0.562s] -- Using PYTHON_EXECUTABLE: /usr/bin/python3
[0.672s] -- Found rosidl_default_generators: 1.1.1 (/opt/ros/galactic/share/rosidl_default_generators/cmake)
[0.681s] -- Using all available rosidl_typesupport_c: rosidl_typesupport_fastrtps_c;rosidl_typesupport_introspection_c
[0.691s] -- Found rosidl_adapter: 2.2.1 (/opt/ros/galactic/share/rosidl_adapter/cmake)
[0.836s] -- Found OpenSSL: /usr/lib/x86_64-linux-gnu/libcrypto.so (found version "1.1.1f")  
[0.866s] -- Found FastRTPS: /opt/ros/galactic/include  
[0.964s] -- Using all available rosidl_typesupport_cpp: rosidl_typesupport_fastrtps_cpp;rosidl_typesupport_introspection_cpp
[1.023s] -- Found PythonInterp: /usr/bin/python3 (found version "3.8.10") 
[1.158s] -- Found ament_cmake_ros: 0.9.2 (/opt/ros/galactic/share/ament_cmake_ros/cmake)
[1.274s] -- Using all available rosidl_typesupport_c: rosidl_typesupport_fastrtps_c;rosidl_typesupport_introspection_c
[1.283s] -- Using all available rosidl_typesupport_cpp: rosidl_typesupport_fastrtps_cpp;rosidl_typesupport_introspection_cpp
[1.312s] -- Found PythonInterp: /usr/bin/python3 (found suitable version "3.8.10", minimum required is "3.5") 
[1.316s] -- Found python_cmake_module: 0.8.1 (/opt/ros/galactic/share/python_cmake_module/cmake)
[1.354s] -- Found PythonLibs: /usr/lib/x86_64-linux-gnu/libpython3.8.so (found suitable version "3.8.10", minimum required is "3.5") 
[1.355s] -- Using PYTHON_EXECUTABLE: /usr/bin/python3
[1.355s] -- Using PYTHON_INCLUDE_DIRS: /usr/include/python3.8
[1.355s] -- Using PYTHON_LIBRARIES: /usr/lib/x86_64-linux-gnu/libpython3.8.so
[1.380s] -- Found PythonExtra: .so  
[1.437s] -- Found ament_lint_auto: 0.10.6 (/opt/ros/galactic/share/ament_lint_auto/cmake)
[1.470s] -- Added test 'copyright' to check source files copyright and LICENSE
[1.472s] -- Added test 'lint_cmake' to check CMake code style
[1.473s] -- Added test 'xmllint' to check XML markup files
[1.479s] -- Configuring done
[1.507s] -- Generating done
[1.511s] -- Build files have been written to: /home/student/lidar-ws/build/custom
[1.522s] Invoked command in '/home/student/lidar-ws/build/custom' returned '0': CMAKE_PREFIX_PATH=${CMAKE_PREFIX_PATH}:/home/student/ws/install/py_ctrl:/home/student/ws/install/case_scenes:/home/student/ia_ws/install/viz_static:/home/student/ia_ws/install/viz_interactive:/home/student/ia_ws/install/ur_setup:/home/student/ia_ws/install/tf_lookup:/home/student/ia_ws/install/tf_broadcast:/home/student/ia_ws/install/tf_scene:/home/student/ia_ws/install/gui_tools:/home/student/ia_ws/install/aruco_handler:/opt/ros/galactic /usr/bin/cmake /home/student/lidar-ws/src/custom -DCMAKE_INSTALL_PREFIX=/home/student/lidar-ws/install/custom
[1.523s] Invoking command in '/home/student/lidar-ws/build/custom': CMAKE_PREFIX_PATH=${CMAKE_PREFIX_PATH}:/home/student/ws/install/py_ctrl:/home/student/ws/install/case_scenes:/home/student/ia_ws/install/viz_static:/home/student/ia_ws/install/viz_interactive:/home/student/ia_ws/install/ur_setup:/home/student/ia_ws/install/tf_lookup:/home/student/ia_ws/install/tf_broadcast:/home/student/ia_ws/install/tf_scene:/home/student/ia_ws/install/gui_tools:/home/student/ia_ws/install/aruco_handler:/opt/ros/galactic /usr/bin/cmake --build /home/student/lidar-ws/build/custom -- -j8 -l8
[1.567s] [  3%] [34m[1mGenerating C code for ROS interfaces[0m
[1.568s] [35m[1mScanning dependencies of target custom__cpp[0m
[1.579s] [  6%] [34m[1mGenerating C++ code for ROS interfaces[0m
[1.814s] [35m[1mScanning dependencies of target custom__rosidl_generator_c[0m
[1.827s] [  6%] Built target custom__cpp
[1.829s] [  9%] [32mBuilding C object CMakeFiles/custom__rosidl_generator_c.dir/rosidl_generator_c/custom/srv/detail/lidar_service__functions.c.o[0m
[1.838s] [ 16%] [34m[1mGenerating C++ introspection for ROS interfaces[0m
[1.838s] [ 16%] [34m[1mGenerating C++ type support dispatch for ROS interfaces[0m
[1.839s] [ 19%] [34m[1mGenerating C++ type support for eProsima Fast-RTPS[0m
[1.874s] [ 22%] [32m[1mLinking C shared library libcustom__rosidl_generator_c.so[0m
[1.909s] [ 22%] Built target custom__rosidl_generator_c
[1.923s] [ 29%] [34m[1mGenerating C introspection for ROS interfaces[0m
[1.923s] [ 29%] [34m[1mGenerating C type support dispatch for ROS interfaces[0m
[2.061s] [35m[1mScanning dependencies of target custom__rosidl_typesupport_cpp[0m
[2.075s] [ 32%] [32mBuilding CXX object CMakeFiles/custom__rosidl_typesupport_cpp.dir/rosidl_typesupport_cpp/custom/srv/lidar_service__type_support.cpp.o[0m
[2.100s] [35m[1mScanning dependencies of target custom__rosidl_typesupport_introspection_cpp[0m
[2.116s] [ 35%] [32mBuilding CXX object CMakeFiles/custom__rosidl_typesupport_introspection_cpp.dir/rosidl_typesupport_introspection_cpp/custom/srv/detail/lidar_service__type_support.cpp.o[0m
[2.174s] [35m[1mScanning dependencies of target custom__rosidl_typesupport_introspection_c[0m
[2.188s] [ 38%] [32mBuilding C object CMakeFiles/custom__rosidl_typesupport_introspection_c.dir/rosidl_typesupport_introspection_c/custom/srv/detail/lidar_service__type_support.c.o[0m
[2.243s] [ 41%] [32m[1mLinking C shared library libcustom__rosidl_typesupport_introspection_c.so[0m
[2.248s] [35m[1mScanning dependencies of target custom__rosidl_typesupport_fastrtps_cpp[0m
[2.268s] [35m[1mScanning dependencies of target custom__rosidl_typesupport_c[0m
[2.269s] [ 45%] [32mBuilding CXX object CMakeFiles/custom__rosidl_typesupport_fastrtps_cpp.dir/rosidl_typesupport_fastrtps_cpp/custom/srv/detail/dds_fastrtps/lidar_service__type_support.cpp.o[0m
[2.278s] [ 45%] Built target custom__rosidl_typesupport_introspection_c
[2.280s] [ 48%] [32mBuilding CXX object CMakeFiles/custom__rosidl_typesupport_c.dir/rosidl_typesupport_c/custom/srv/lidar_service__type_support.cpp.o[0m
[2.313s] [ 51%] [32m[1mLinking CXX shared library libcustom__rosidl_typesupport_c.so[0m
[2.356s] [ 51%] Built target custom__rosidl_typesupport_c
[2.415s] [ 54%] [32m[1mLinking CXX shared library libcustom__rosidl_typesupport_cpp.so[0m
[2.450s] [ 58%] [32m[1mLinking CXX shared library libcustom__rosidl_typesupport_introspection_cpp.so[0m
[2.458s] [ 58%] Built target custom__rosidl_typesupport_cpp
[2.511s] [ 58%] Built target custom__rosidl_typesupport_introspection_cpp
[2.717s] [ 61%] [32m[1mLinking CXX shared library libcustom__rosidl_typesupport_fastrtps_cpp.so[0m
[2.846s] [ 61%] Built target custom__rosidl_typesupport_fastrtps_cpp
[2.861s] [ 64%] [34m[1mGenerating C type support for eProsima Fast-RTPS[0m
[3.096s] [35m[1mScanning dependencies of target custom__rosidl_typesupport_fastrtps_c[0m
[3.118s] [ 67%] [32mBuilding CXX object CMakeFiles/custom__rosidl_typesupport_fastrtps_c.dir/rosidl_typesupport_fastrtps_c/custom/srv/detail/lidar_service__type_support_c.cpp.o[0m
[3.450s] [ 70%] [32m[1mLinking CXX shared library libcustom__rosidl_typesupport_fastrtps_c.so[0m
[3.545s] [ 70%] Built target custom__rosidl_typesupport_fastrtps_c
[3.555s] [35m[1mScanning dependencies of target custom[0m
[3.571s] [ 70%] Built target custom
[3.581s] [35m[1mScanning dependencies of target custom__py[0m
[3.591s] [ 74%] [34m[1mGenerating Python code for ROS interfaces[0m
[4.025s] [ 74%] Built target custom__py
[4.037s] [35m[1mScanning dependencies of target custom__python[0m
[4.057s] [ 77%] [32mBuilding C object CMakeFiles/custom__python.dir/rosidl_generator_py/custom/srv/_lidar_service_s.c.o[0m
[4.148s] [ 80%] [32m[1mLinking C shared library rosidl_generator_py/custom/libcustom__python.so[0m
[4.193s] [ 80%] Built target custom__python
[4.203s] [35m[1mScanning dependencies of target custom__rosidl_typesupport_c__pyext[0m
[4.203s] [35m[1mScanning dependencies of target custom__rosidl_typesupport_introspection_c__pyext[0m
[4.204s] [35m[1mScanning dependencies of target custom__rosidl_typesupport_fastrtps_c__pyext[0m
[4.227s] [ 87%] [32mBuilding C object CMakeFiles/custom__rosidl_typesupport_fastrtps_c__pyext.dir/rosidl_generator_py/custom/_custom_s.ep.rosidl_typesupport_fastrtps_c.c.o[0m
[4.227s] [ 87%] [32mBuilding C object CMakeFiles/custom__rosidl_typesupport_c__pyext.dir/rosidl_generator_py/custom/_custom_s.ep.rosidl_typesupport_c.c.o[0m
[4.231s] [ 90%] [32mBuilding C object CMakeFiles/custom__rosidl_typesupport_introspection_c__pyext.dir/rosidl_generator_py/custom/_custom_s.ep.rosidl_typesupport_introspection_c.c.o[0m
[4.306s] [ 93%] [32m[1mLinking C shared library rosidl_generator_py/custom/custom_s__rosidl_typesupport_c.cpython-38-x86_64-linux-gnu.so[0m
[4.308s] [ 96%] [32m[1mLinking C shared library rosidl_generator_py/custom/custom_s__rosidl_typesupport_introspection_c.cpython-38-x86_64-linux-gnu.so[0m
[4.310s] [100%] [32m[1mLinking CXX shared library rosidl_generator_py/custom/custom_s__rosidl_typesupport_fastrtps_c.cpython-38-x86_64-linux-gnu.so[0m
[4.345s] [100%] Built target custom__rosidl_typesupport_introspection_c__pyext
[4.346s] [100%] Built target custom__rosidl_typesupport_c__pyext
[4.378s] [100%] Built target custom__rosidl_typesupport_fastrtps_c__pyext
[4.393s] Invoked command in '/home/student/lidar-ws/build/custom' returned '0': CMAKE_PREFIX_PATH=${CMAKE_PREFIX_PATH}:/home/student/ws/install/py_ctrl:/home/student/ws/install/case_scenes:/home/student/ia_ws/install/viz_static:/home/student/ia_ws/install/viz_interactive:/home/student/ia_ws/install/ur_setup:/home/student/ia_ws/install/tf_lookup:/home/student/ia_ws/install/tf_broadcast:/home/student/ia_ws/install/tf_scene:/home/student/ia_ws/install/gui_tools:/home/student/ia_ws/install/aruco_handler:/opt/ros/galactic /usr/bin/cmake --build /home/student/lidar-ws/build/custom -- -j8 -l8
[4.472s] Invoking command in '/home/student/lidar-ws/build/custom': CMAKE_PREFIX_PATH=${CMAKE_PREFIX_PATH}:/home/student/ws/install/py_ctrl:/home/student/ws/install/case_scenes:/home/student/ia_ws/install/viz_static:/home/student/ia_ws/install/viz_interactive:/home/student/ia_ws/install/ur_setup:/home/student/ia_ws/install/tf_lookup:/home/student/ia_ws/install/tf_broadcast:/home/student/ia_ws/install/tf_scene:/home/student/ia_ws/install/gui_tools:/home/student/ia_ws/install/aruco_handler:/opt/ros/galactic /usr/bin/cmake --install /home/student/lidar-ws/build/custom
[4.480s] -- Install configuration: ""
[4.481s] -- Installing: /home/student/lidar-ws/install/custom/share/ament_index/resource_index/rosidl_interfaces/custom
[4.481s] -- Installing: /home/student/lidar-ws/install/custom/include/custom
[4.481s] -- Installing: /home/student/lidar-ws/install/custom/include/custom/srv
[4.481s] -- Installing: /home/student/lidar-ws/install/custom/include/custom/srv/lidar_service.h
[4.481s] -- Installing: /home/student/lidar-ws/install/custom/include/custom/srv/detail
[4.481s] -- Installing: /home/student/lidar-ws/install/custom/include/custom/srv/detail/lidar_service__functions.h
[4.481s] -- Installing: /home/student/lidar-ws/install/custom/include/custom/srv/detail/lidar_service__functions.c
[4.481s] -- Installing: /home/student/lidar-ws/install/custom/include/custom/srv/detail/lidar_service__struct.h
[4.481s] -- Installing: /home/student/lidar-ws/install/custom/include/custom/srv/detail/lidar_service__type_support.h
[4.481s] -- Installing: /home/student/lidar-ws/install/custom/include/custom/msg
[4.482s] -- Installing: /home/student/lidar-ws/install/custom/include/custom/msg/rosidl_generator_c__visibility_control.h
[4.482s] -- Installing: /home/student/lidar-ws/install/custom/share/custom/environment/library_path.sh
[4.482s] -- Installing: /home/student/lidar-ws/install/custom/share/custom/environment/library_path.dsv
[4.482s] -- Installing: /home/student/lidar-ws/install/custom/lib/libcustom__rosidl_generator_c.so
[4.482s] -- Set runtime path of "/home/student/lidar-ws/install/custom/lib/libcustom__rosidl_generator_c.so" to ""
[4.482s] -- Up-to-date: /home/student/lidar-ws/install/custom/include/custom
[4.482s] -- Up-to-date: /home/student/lidar-ws/install/custom/include/custom/srv
[4.482s] -- Up-to-date: /home/student/lidar-ws/install/custom/include/custom/srv/detail
[4.483s] -- Installing: /home/student/lidar-ws/install/custom/include/custom/srv/detail/lidar_service__rosidl_typesupport_fastrtps_c.h
[4.483s] -- Up-to-date: /home/student/lidar-ws/install/custom/include/custom/msg
[4.483s] -- Installing: /home/student/lidar-ws/install/custom/include/custom/msg/rosidl_typesupport_fastrtps_c__visibility_control.h
[4.483s] -- Installing: /home/student/lidar-ws/install/custom/lib/libcustom__rosidl_typesupport_fastrtps_c.so
[4.483s] -- Set runtime path of "/home/student/lidar-ws/install/custom/lib/libcustom__rosidl_typesupport_fastrtps_c.so" to ""
[4.483s] -- Up-to-date: /home/student/lidar-ws/install/custom/include/custom
[4.483s] -- Up-to-date: /home/student/lidar-ws/install/custom/include/custom/srv
[4.483s] -- Up-to-date: /home/student/lidar-ws/install/custom/include/custom/srv/detail
[4.484s] -- Installing: /home/student/lidar-ws/install/custom/include/custom/srv/detail/lidar_service__rosidl_typesupport_fastrtps_cpp.hpp
[4.484s] -- Installing: /home/student/lidar-ws/install/custom/include/custom/srv/detail/dds_fastrtps
[4.484s] -- Up-to-date: /home/student/lidar-ws/install/custom/include/custom/msg
[4.484s] -- Installing: /home/student/lidar-ws/install/custom/include/custom/msg/rosidl_typesupport_fastrtps_cpp__visibility_control.h
[4.484s] -- Installing: /home/student/lidar-ws/install/custom/lib/libcustom__rosidl_typesupport_fastrtps_cpp.so
[4.484s] -- Set runtime path of "/home/student/lidar-ws/install/custom/lib/libcustom__rosidl_typesupport_fastrtps_cpp.so" to ""
[4.484s] -- Up-to-date: /home/student/lidar-ws/install/custom/include/custom
[4.484s] -- Up-to-date: /home/student/lidar-ws/install/custom/include/custom/srv
[4.484s] -- Up-to-date: /home/student/lidar-ws/install/custom/include/custom/srv/detail
[4.485s] -- Installing: /home/student/lidar-ws/install/custom/include/custom/srv/detail/lidar_service__rosidl_typesupport_introspection_c.h
[4.485s] -- Installing: /home/student/lidar-ws/install/custom/include/custom/srv/detail/lidar_service__type_support.c
[4.485s] -- Up-to-date: /home/student/lidar-ws/install/custom/include/custom/msg
[4.485s] -- Installing: /home/student/lidar-ws/install/custom/include/custom/msg/rosidl_typesupport_introspection_c__visibility_control.h
[4.485s] -- Installing: /home/student/lidar-ws/install/custom/lib/libcustom__rosidl_typesupport_introspection_c.so
[4.485s] -- Set runtime path of "/home/student/lidar-ws/install/custom/lib/libcustom__rosidl_typesupport_introspection_c.so" to ""
[4.485s] -- Installing: /home/student/lidar-ws/install/custom/lib/libcustom__rosidl_typesupport_c.so
[4.486s] -- Set runtime path of "/home/student/lidar-ws/install/custom/lib/libcustom__rosidl_typesupport_c.so" to ""
[4.486s] -- Up-to-date: /home/student/lidar-ws/install/custom/include/custom
[4.486s] -- Up-to-date: /home/student/lidar-ws/install/custom/include/custom/srv
[4.486s] -- Up-to-date: /home/student/lidar-ws/install/custom/include/custom/srv/detail
[4.486s] -- Installing: /home/student/lidar-ws/install/custom/include/custom/srv/detail/lidar_service__traits.hpp
[4.486s] -- Installing: /home/student/lidar-ws/install/custom/include/custom/srv/detail/lidar_service__struct.hpp
[4.486s] -- Installing: /home/student/lidar-ws/install/custom/include/custom/srv/detail/lidar_service__builder.hpp
[4.486s] -- Installing: /home/student/lidar-ws/install/custom/include/custom/srv/lidar_service.hpp
[4.486s] -- Up-to-date: /home/student/lidar-ws/install/custom/include/custom
[4.486s] -- Up-to-date: /home/student/lidar-ws/install/custom/include/custom/srv
[4.486s] -- Up-to-date: /home/student/lidar-ws/install/custom/include/custom/srv/detail
[4.487s] -- Installing: /home/student/lidar-ws/install/custom/include/custom/srv/detail/lidar_service__rosidl_typesupport_introspection_cpp.hpp
[4.487s] -- Installing: /home/student/lidar-ws/install/custom/include/custom/srv/detail/lidar_service__type_support.cpp
[4.487s] -- Installing: /home/student/lidar-ws/install/custom/lib/libcustom__rosidl_typesupport_introspection_cpp.so
[4.487s] -- Set runtime path of "/home/student/lidar-ws/install/custom/lib/libcustom__rosidl_typesupport_introspection_cpp.so" to ""
[4.487s] -- Installing: /home/student/lidar-ws/install/custom/lib/libcustom__rosidl_typesupport_cpp.so
[4.488s] -- Set runtime path of "/home/student/lidar-ws/install/custom/lib/libcustom__rosidl_typesupport_cpp.so" to ""
[4.488s] -- Installing: /home/student/lidar-ws/install/custom/share/custom/environment/pythonpath.sh
[4.488s] -- Installing: /home/student/lidar-ws/install/custom/share/custom/environment/pythonpath.dsv
[4.488s] -- Installing: /home/student/lidar-ws/install/custom/lib/python3.8/site-packages/custom/__init__.py
[4.529s] Compiling '/home/student/lidar-ws/install/custom/lib/python3.8/site-packages/custom/__init__.py'...
[4.533s] -- Installing: /home/student/lidar-ws/install/custom/lib/python3.8/site-packages/custom/srv
[4.533s] -- Installing: /home/student/lidar-ws/install/custom/lib/python3.8/site-packages/custom/srv/_lidar_service.py
[4.533s] -- Installing: /home/student/lidar-ws/install/custom/lib/python3.8/site-packages/custom/srv/_lidar_service_s.c
[4.533s] -- Installing: /home/student/lidar-ws/install/custom/lib/python3.8/site-packages/custom/srv/__init__.py
[4.534s] -- Installing: /home/student/lidar-ws/install/custom/lib/python3.8/site-packages/custom/custom_s__rosidl_typesupport_fastrtps_c.cpython-38-x86_64-linux-gnu.so
[4.534s] -- Set runtime path of "/home/student/lidar-ws/install/custom/lib/python3.8/site-packages/custom/custom_s__rosidl_typesupport_fastrtps_c.cpython-38-x86_64-linux-gnu.so" to ""
[4.535s] -- Installing: /home/student/lidar-ws/install/custom/lib/python3.8/site-packages/custom/custom_s__rosidl_typesupport_introspection_c.cpython-38-x86_64-linux-gnu.so
[4.535s] -- Set runtime path of "/home/student/lidar-ws/install/custom/lib/python3.8/site-packages/custom/custom_s__rosidl_typesupport_introspection_c.cpython-38-x86_64-linux-gnu.so" to ""
[4.535s] -- Installing: /home/student/lidar-ws/install/custom/lib/python3.8/site-packages/custom/custom_s__rosidl_typesupport_c.cpython-38-x86_64-linux-gnu.so
[4.536s] -- Set runtime path of "/home/student/lidar-ws/install/custom/lib/python3.8/site-packages/custom/custom_s__rosidl_typesupport_c.cpython-38-x86_64-linux-gnu.so" to ""
[4.536s] -- Installing: /home/student/lidar-ws/install/custom/lib/libcustom__python.so
[4.536s] -- Set runtime path of "/home/student/lidar-ws/install/custom/lib/libcustom__python.so" to ""
[4.537s] -- Installing: /home/student/lidar-ws/install/custom/share/custom/srv/LidarService.idl
[4.537s] -- Installing: /home/student/lidar-ws/install/custom/share/custom/srv/LidarService.srv
[4.537s] -- Installing: /home/student/lidar-ws/install/custom/share/custom/srv/LidarService_Request.msg
[4.537s] -- Installing: /home/student/lidar-ws/install/custom/share/custom/srv/LidarService_Response.msg
[4.537s] -- Installing: /home/student/lidar-ws/install/custom/share/ament_index/resource_index/package_run_dependencies/custom
[4.538s] -- Installing: /home/student/lidar-ws/install/custom/share/ament_index/resource_index/parent_prefix_path/custom
[4.538s] -- Installing: /home/student/lidar-ws/install/custom/share/custom/environment/ament_prefix_path.sh
[4.538s] -- Installing: /home/student/lidar-ws/install/custom/share/custom/environment/ament_prefix_path.dsv
[4.538s] -- Installing: /home/student/lidar-ws/install/custom/share/custom/environment/path.sh
[4.538s] -- Installing: /home/student/lidar-ws/install/custom/share/custom/environment/path.dsv
[4.539s] -- Installing: /home/student/lidar-ws/install/custom/share/custom/local_setup.bash
[4.539s] -- Installing: /home/student/lidar-ws/install/custom/share/custom/local_setup.sh
[4.539s] -- Installing: /home/student/lidar-ws/install/custom/share/custom/local_setup.zsh
[4.539s] -- Installing: /home/student/lidar-ws/install/custom/share/custom/local_setup.dsv
[4.540s] -- Installing: /home/student/lidar-ws/install/custom/share/custom/package.dsv
[4.540s] -- Installing: /home/student/lidar-ws/install/custom/share/ament_index/resource_index/packages/custom
[4.540s] -- Installing: /home/student/lidar-ws/install/custom/share/custom/cmake/custom__rosidl_generator_cExport.cmake
[4.541s] -- Installing: /home/student/lidar-ws/install/custom/share/custom/cmake/custom__rosidl_generator_cExport-noconfig.cmake
[4.541s] -- Installing: /home/student/lidar-ws/install/custom/share/custom/cmake/custom__rosidl_typesupport_introspection_cExport.cmake
[4.541s] -- Installing: /home/student/lidar-ws/install/custom/share/custom/cmake/custom__rosidl_typesupport_introspection_cExport-noconfig.cmake
[4.541s] -- Installing: /home/student/lidar-ws/install/custom/share/custom/cmake/custom__rosidl_typesupport_cExport.cmake
[4.542s] -- Installing: /home/student/lidar-ws/install/custom/share/custom/cmake/custom__rosidl_typesupport_cExport-noconfig.cmake
[4.542s] -- Installing: /home/student/lidar-ws/install/custom/share/custom/cmake/custom__rosidl_generator_cppExport.cmake
[4.542s] -- Installing: /home/student/lidar-ws/install/custom/share/custom/cmake/custom__rosidl_typesupport_introspection_cppExport.cmake
[4.542s] -- Installing: /home/student/lidar-ws/install/custom/share/custom/cmake/custom__rosidl_typesupport_introspection_cppExport-noconfig.cmake
[4.543s] -- Installing: /home/student/lidar-ws/install/custom/share/custom/cmake/custom__rosidl_typesupport_cppExport.cmake
[4.543s] -- Installing: /home/student/lidar-ws/install/custom/share/custom/cmake/custom__rosidl_typesupport_cppExport-noconfig.cmake
[4.543s] -- Installing: /home/student/lidar-ws/install/custom/share/custom/cmake/rosidl_cmake-extras.cmake
[4.544s] -- Installing: /home/student/lidar-ws/install/custom/share/custom/cmake/ament_cmake_export_dependencies-extras.cmake
[4.544s] -- Installing: /home/student/lidar-ws/install/custom/share/custom/cmake/ament_cmake_export_libraries-extras.cmake
[4.544s] -- Installing: /home/student/lidar-ws/install/custom/share/custom/cmake/ament_cmake_export_targets-extras.cmake
[4.544s] -- Installing: /home/student/lidar-ws/install/custom/share/custom/cmake/ament_cmake_export_include_directories-extras.cmake
[4.545s] -- Installing: /home/student/lidar-ws/install/custom/share/custom/cmake/rosidl_cmake_export_typesupport_libraries-extras.cmake
[4.545s] -- Installing: /home/student/lidar-ws/install/custom/share/custom/cmake/rosidl_cmake_export_typesupport_targets-extras.cmake
[4.545s] -- Installing: /home/student/lidar-ws/install/custom/share/custom/cmake/customConfig.cmake
[4.545s] -- Installing: /home/student/lidar-ws/install/custom/share/custom/cmake/customConfig-version.cmake
[4.545s] -- Installing: /home/student/lidar-ws/install/custom/share/custom/package.xml
[4.548s] Invoked command in '/home/student/lidar-ws/build/custom' returned '0': CMAKE_PREFIX_PATH=${CMAKE_PREFIX_PATH}:/home/student/ws/install/py_ctrl:/home/student/ws/install/case_scenes:/home/student/ia_ws/install/viz_static:/home/student/ia_ws/install/viz_interactive:/home/student/ia_ws/install/ur_setup:/home/student/ia_ws/install/tf_lookup:/home/student/ia_ws/install/tf_broadcast:/home/student/ia_ws/install/tf_scene:/home/student/ia_ws/install/gui_tools:/home/student/ia_ws/install/aruco_handler:/opt/ros/galactic /usr/bin/cmake --install /home/student/lidar-ws/build/custom
