[0.018s] Invoking command in '/home/student/lidar-ws/build/lidar_cpp': CMAKE_PREFIX_PATH=${CMAKE_PREFIX_PATH}:/home/student/ws/install/py_ctrl:/home/student/ws/install/case_scenes:/home/student/ia_ws/install/viz_static:/home/student/ia_ws/install/viz_interactive:/home/student/ia_ws/install/ur_setup:/home/student/ia_ws/install/tf_lookup:/home/student/ia_ws/install/tf_broadcast:/home/student/ia_ws/install/tf_scene:/home/student/ia_ws/install/gui_tools:/home/student/ia_ws/install/aruco_handler:/opt/ros/galactic /usr/bin/cmake --build /home/student/lidar-ws/build/lidar_cpp -- -j8 -l8
[0.057s] -- Found ament_cmake: 1.1.4 (/opt/ros/galactic/share/ament_cmake/cmake)
[0.089s] -- Found PythonInterp: /usr/bin/python3 (found suitable version "3.8.10", minimum required is "3") 
[0.089s] -- Using PYTHON_EXECUTABLE: /usr/bin/python3
[0.164s] -- Found rclcpp: 9.2.0 (/opt/ros/galactic/share/rclcpp/cmake)
[0.200s] -- Using all available rosidl_typesupport_c: rosidl_typesupport_fastrtps_c;rosidl_typesupport_introspection_c
[0.203s] -- Found rosidl_adapter: 2.2.1 (/opt/ros/galactic/share/rosidl_adapter/cmake)
[0.333s] -- Using all available rosidl_typesupport_cpp: rosidl_typesupport_fastrtps_cpp;rosidl_typesupport_introspection_cpp
[0.383s] -- Found rmw_implementation_cmake: 3.3.1 (/opt/ros/galactic/share/rmw_implementation_cmake/cmake)
[0.386s] -- Found rmw_cyclonedds_cpp: 0.22.3 (/opt/ros/galactic/share/rmw_cyclonedds_cpp/cmake)
[0.403s] -- Using RMW implementation 'rmw_cyclonedds_cpp' as default
[0.546s] -- Found sensor_msgs: 2.2.3 (/opt/ros/galactic/share/sensor_msgs/cmake)
[0.667s] -- Eigen found (include: /usr/include/eigen3, version: 3.3.7)
[0.757s] -- The imported target "vtkParseOGLExt" references the file
[0.757s]    "/usr/bin/vtkParseOGLExt-7.1"
[0.757s] but this file does not exist.  Possible reasons include:
[0.757s] * The file was deleted, renamed, or moved to another location.
[0.758s] * An install or uninstall procedure did not complete successfully.
[0.758s] * The installation package was faulty and contained
[0.758s]    "/usr/lib/cmake/vtk-7.1/VTKTargets.cmake"
[0.758s] but not all the files it references.
[0.758s] 
[0.758s] -- The imported target "vtkRenderingPythonTkWidgets" references the file
[0.758s]    "/usr/lib/x86_64-linux-gnu/libvtkRenderingPythonTkWidgets.so"
[0.758s] but this file does not exist.  Possible reasons include:
[0.758s] * The file was deleted, renamed, or moved to another location.
[0.759s] * An install or uninstall procedure did not complete successfully.
[0.759s] * The installation package was faulty and contained
[0.759s]    "/usr/lib/cmake/vtk-7.1/VTKTargets.cmake"
[0.759s] but not all the files it references.
[0.759s] 
[0.759s] -- The imported target "vtk" references the file
[0.759s]    "/usr/bin/vtk"
[0.759s] but this file does not exist.  Possible reasons include:
[0.759s] * The file was deleted, renamed, or moved to another location.
[0.759s] * An install or uninstall procedure did not complete successfully.
[0.759s] * The installation package was faulty and contained
[0.759s]    "/usr/lib/cmake/vtk-7.1/VTKTargets.cmake"
[0.760s] but not all the files it references.
[0.760s] 
[0.760s] -- The imported target "pvtk" references the file
[0.760s]    "/usr/bin/pvtk"
[0.760s] but this file does not exist.  Possible reasons include:
[0.760s] * The file was deleted, renamed, or moved to another location.
[0.760s] * An install or uninstall procedure did not complete successfully.
[0.760s] * The installation package was faulty and contained
[0.760s]    "/usr/lib/cmake/vtk-7.1/VTKTargets.cmake"
[0.760s] but not all the files it references.
[0.760s] 
[0.778s] -- Checking for module 'libusb-1.0'
[0.782s] --   No package 'libusb-1.0' found
[0.786s] -- Could NOT find USB_10 (missing: USB_10_LIBRARY USB_10_INCLUDE_DIR) 
[0.786s] -- OpenNI disabled because libusb-1.0 not found.
[0.786s] ** WARNING ** io features related to openni will be disabled
[0.791s] -- Checking for module 'libusb-1.0'
[0.795s] --   No package 'libusb-1.0' found
[0.800s] -- Could NOT find USB_10 (missing: USB_10_LIBRARY USB_10_INCLUDE_DIR) 
[0.800s] -- OpenNI 2 disabled because libusb-1.0 not found.
[0.800s] ** WARNING ** io features related to openni2 will be disabled
[0.800s] ** WARNING ** io features related to pcap will be disabled
[0.801s] ** WARNING ** io features related to png will be disabled
[0.818s] -- LIBUSB_1_LIBRARY (missing: LIBUSB_1_INCLUDE_DIR) 
[0.818s] ** WARNING ** io features related to libusb-1.0 will be disabled
[0.824s] -- Checking for module 'libusb-1.0'
[0.828s] --   No package 'libusb-1.0' found
[0.833s] -- Could NOT find USB_10 (missing: USB_10_LIBRARY USB_10_INCLUDE_DIR) 
[0.833s] -- OpenNI disabled because libusb-1.0 not found.
[0.833s] ** WARNING ** visualization features related to openni will be disabled
[0.839s] -- Checking for module 'libusb-1.0'
[0.843s] --   No package 'libusb-1.0' found
[0.848s] -- Could NOT find USB_10 (missing: USB_10_LIBRARY USB_10_INCLUDE_DIR) 
[0.848s] -- OpenNI 2 disabled because libusb-1.0 not found.
[0.848s] ** WARNING ** visualization features related to openni2 will be disabled
[0.863s] -- QHULL found (include: /usr/include, lib: optimized;/usr/lib/x86_64-linux-gnu/libqhull.so;debug;/usr/lib/x86_64-linux-gnu/libqhull.so)
[0.867s] -- Checking for module 'libusb-1.0'
[0.871s] --   No package 'libusb-1.0' found
[0.875s] -- Could NOT find USB_10 (missing: USB_10_LIBRARY USB_10_INCLUDE_DIR) 
[0.875s] -- OpenNI disabled because libusb-1.0 not found.
[0.875s] ** WARNING ** apps features related to openni will be disabled
[0.887s] -- looking for PCL_COMMON
[0.888s] -- looking for PCL_KDTREE
[0.888s] -- looking for PCL_OCTREE
[0.889s] -- looking for PCL_SEARCH
[0.889s] -- looking for PCL_SAMPLE_CONSENSUS
[0.890s] -- looking for PCL_FILTERS
[0.891s] -- looking for PCL_2D
[0.891s] -- looking for PCL_GEOMETRY
[0.892s] -- looking for PCL_IO
[0.892s] -- looking for PCL_FEATURES
[0.893s] -- looking for PCL_ML
[0.893s] -- looking for PCL_SEGMENTATION
[0.894s] -- looking for PCL_VISUALIZATION
[0.895s] -- looking for PCL_SURFACE
[0.895s] -- looking for PCL_REGISTRATION
[0.896s] -- looking for PCL_KEYPOINTS
[0.897s] -- looking for PCL_TRACKING
[0.897s] -- looking for PCL_RECOGNITION
[0.898s] -- looking for PCL_STEREO
[0.898s] -- looking for PCL_APPS
[0.899s] -- looking for PCL_IN_HAND_SCANNER
[0.900s] -- looking for PCL_POINT_CLOUD_EDITOR
[0.900s] -- looking for PCL_OUTOFCORE
[0.901s] -- looking for PCL_PEOPLE
[0.903s] -- Found rosidl_default_generators: 1.1.1 (/opt/ros/galactic/share/rosidl_default_generators/cmake)
[0.946s] -- Found PythonInterp: /usr/bin/python3 (found version "3.8.10") 
[1.077s] -- Found ament_cmake_ros: 0.9.2 (/opt/ros/galactic/share/ament_cmake_ros/cmake)
[1.181s] -- Using all available rosidl_typesupport_c: rosidl_typesupport_fastrtps_c;rosidl_typesupport_introspection_c
[1.189s] -- Using all available rosidl_typesupport_cpp: rosidl_typesupport_fastrtps_cpp;rosidl_typesupport_introspection_cpp
[1.221s] -- Found PythonInterp: /usr/bin/python3 (found suitable version "3.8.10", minimum required is "3.5") 
[1.221s] -- Found python_cmake_module: 0.8.1 (/opt/ros/galactic/share/python_cmake_module/cmake)
[1.249s] -- Using PYTHON_EXECUTABLE: /usr/bin/python3
[1.249s] -- Using PYTHON_INCLUDE_DIRS: /usr/include/python3.8
[1.249s] -- Using PYTHON_LIBRARIES: /usr/lib/x86_64-linux-gnu/libpython3.8.so
[1.290s] CMake Error at CMakeLists.txt:47 (target_link_libraries):
[1.290s]   Cannot specify link libraries for target "lidar_service" which is not built
[1.290s]   by this project.
[1.290s] 
[1.290s] 
[1.293s] -- Configuring incomplete, errors occurred!
[1.293s] See also "/home/student/lidar-ws/build/lidar_cpp/CMakeFiles/CMakeOutput.log".
[1.293s] See also "/home/student/lidar-ws/build/lidar_cpp/CMakeFiles/CMakeError.log".
[1.306s] make: *** [Makefile:792: cmake_check_build_system] Error 1
[1.308s] Invoked command in '/home/student/lidar-ws/build/lidar_cpp' returned '2': CMAKE_PREFIX_PATH=${CMAKE_PREFIX_PATH}:/home/student/ws/install/py_ctrl:/home/student/ws/install/case_scenes:/home/student/ia_ws/install/viz_static:/home/student/ia_ws/install/viz_interactive:/home/student/ia_ws/install/ur_setup:/home/student/ia_ws/install/tf_lookup:/home/student/ia_ws/install/tf_broadcast:/home/student/ia_ws/install/tf_scene:/home/student/ia_ws/install/gui_tools:/home/student/ia_ws/install/aruco_handler:/opt/ros/galactic /usr/bin/cmake --build /home/student/lidar-ws/build/lidar_cpp -- -j8 -l8
