[0.320s] DEBUG:colcon:Command line arguments: ['/usr/bin/colcon', 'build']
[0.320s] DEBUG:colcon:Parsed command line arguments: Namespace(ament_cmake_args=None, base_paths=['.'], build_base='build', catkin_cmake_args=None, catkin_skip_building_tests=False, cmake_args=None, cmake_clean_cache=False, cmake_clean_first=False, cmake_force_configure=False, cmake_target=None, cmake_target_skip_unavailable=False, continue_on_error=False, event_handlers=None, executor='parallel', ignore_user_meta=False, install_base='install', log_base=None, log_level=None, main=<bound method BuildVerb.main of <colcon_core.verb.build.BuildVerb object at 0x7ff7646b10d0>>, merge_install=False, metas=['./colcon.meta'], packages_above=None, packages_above_and_dependencies=None, packages_above_depth=None, packages_end=None, packages_ignore=None, packages_ignore_regex=None, packages_select=None, packages_select_build_failed=False, packages_select_by_dep=None, packages_select_regex=None, packages_select_test_failures=False, packages_skip=None, packages_skip_build_finished=False, packages_skip_by_dep=None, packages_skip_regex=None, packages_skip_test_passed=False, packages_skip_up_to=None, packages_start=None, packages_up_to=None, packages_up_to_regex=None, parallel_workers=8, paths=None, symlink_install=False, test_result_base=None, verb_extension=<colcon_core.verb.build.BuildVerb object at 0x7ff7646b10d0>, verb_name='build', verb_parser=<colcon_defaults.argument_parser.defaults.DefaultArgumentsDecorator object at 0x7ff763e31280>)
[0.325s] Level 1:colcon.colcon_core.package_discovery:discover_packages(colcon_meta) check parameters
[0.325s] Level 1:colcon.colcon_core.package_discovery:discover_packages(recursive) check parameters
[0.325s] Level 1:colcon.colcon_core.package_discovery:discover_packages(ignore) check parameters
[0.325s] Level 1:colcon.colcon_core.package_discovery:discover_packages(path) check parameters
[0.325s] Level 1:colcon.colcon_core.package_discovery:discover_packages(colcon_meta) discover
[0.326s] Level 1:colcon.colcon_core.package_discovery:discover_packages(recursive) discover
[0.326s] INFO:colcon.colcon_core.package_discovery:Crawling recursively for packages in '/home/student/lidar-ws'
[0.326s] Level 1:colcon.colcon_core.package_identification:_identify(.) by extensions ['ignore', 'ignore_ament_install']
[0.326s] Level 1:colcon.colcon_core.package_identification:_identify(.) by extension 'ignore'
[0.326s] Level 1:colcon.colcon_core.package_identification:_identify(.) by extension 'ignore_ament_install'
[0.326s] Level 1:colcon.colcon_core.package_identification:_identify(.) by extensions ['colcon_pkg']
[0.326s] Level 1:colcon.colcon_core.package_identification:_identify(.) by extension 'colcon_pkg'
[0.326s] Level 1:colcon.colcon_core.package_identification:_identify(.) by extensions ['colcon_meta']
[0.326s] Level 1:colcon.colcon_core.package_identification:_identify(.) by extension 'colcon_meta'
[0.326s] Level 1:colcon.colcon_core.package_identification:_identify(.) by extensions ['ros']
[0.326s] Level 1:colcon.colcon_core.package_identification:_identify(.) by extension 'ros'
[0.336s] Level 1:colcon.colcon_core.package_identification:_identify(.) by extensions ['cmake', 'python']
[0.336s] Level 1:colcon.colcon_core.package_identification:_identify(.) by extension 'cmake'
[0.336s] Level 1:colcon.colcon_core.package_identification:_identify(.) by extension 'python'
[0.336s] Level 1:colcon.colcon_core.package_identification:_identify(.) by extensions ['python_setup_py']
[0.336s] Level 1:colcon.colcon_core.package_identification:_identify(.) by extension 'python_setup_py'
[0.337s] Level 1:colcon.colcon_core.package_identification:_identify(build) by extensions ['ignore', 'ignore_ament_install']
[0.337s] Level 1:colcon.colcon_core.package_identification:_identify(build) by extension 'ignore'
[0.337s] Level 1:colcon.colcon_core.package_identification:_identify(build) ignored
[0.337s] Level 1:colcon.colcon_core.package_identification:_identify(install) by extensions ['ignore', 'ignore_ament_install']
[0.337s] Level 1:colcon.colcon_core.package_identification:_identify(install) by extension 'ignore'
[0.337s] Level 1:colcon.colcon_core.package_identification:_identify(install) ignored
[0.337s] Level 1:colcon.colcon_core.package_identification:_identify(log) by extensions ['ignore', 'ignore_ament_install']
[0.337s] Level 1:colcon.colcon_core.package_identification:_identify(log) by extension 'ignore'
[0.337s] Level 1:colcon.colcon_core.package_identification:_identify(log) ignored
[0.337s] Level 1:colcon.colcon_core.package_identification:_identify(src) by extensions ['ignore', 'ignore_ament_install']
[0.337s] Level 1:colcon.colcon_core.package_identification:_identify(src) by extension 'ignore'
[0.337s] Level 1:colcon.colcon_core.package_identification:_identify(src) by extension 'ignore_ament_install'
[0.338s] Level 1:colcon.colcon_core.package_identification:_identify(src) by extensions ['colcon_pkg']
[0.338s] Level 1:colcon.colcon_core.package_identification:_identify(src) by extension 'colcon_pkg'
[0.338s] Level 1:colcon.colcon_core.package_identification:_identify(src) by extensions ['colcon_meta']
[0.338s] Level 1:colcon.colcon_core.package_identification:_identify(src) by extension 'colcon_meta'
[0.338s] Level 1:colcon.colcon_core.package_identification:_identify(src) by extensions ['ros']
[0.338s] Level 1:colcon.colcon_core.package_identification:_identify(src) by extension 'ros'
[0.338s] Level 1:colcon.colcon_core.package_identification:_identify(src) by extensions ['cmake', 'python']
[0.338s] Level 1:colcon.colcon_core.package_identification:_identify(src) by extension 'cmake'
[0.338s] Level 1:colcon.colcon_core.package_identification:_identify(src) by extension 'python'
[0.338s] Level 1:colcon.colcon_core.package_identification:_identify(src) by extensions ['python_setup_py']
[0.338s] Level 1:colcon.colcon_core.package_identification:_identify(src) by extension 'python_setup_py'
[0.338s] Level 1:colcon.colcon_core.package_identification:_identify(src/custom) by extensions ['ignore', 'ignore_ament_install']
[0.338s] Level 1:colcon.colcon_core.package_identification:_identify(src/custom) by extension 'ignore'
[0.338s] Level 1:colcon.colcon_core.package_identification:_identify(src/custom) by extension 'ignore_ament_install'
[0.338s] Level 1:colcon.colcon_core.package_identification:_identify(src/custom) by extensions ['colcon_pkg']
[0.338s] Level 1:colcon.colcon_core.package_identification:_identify(src/custom) by extension 'colcon_pkg'
[0.338s] Level 1:colcon.colcon_core.package_identification:_identify(src/custom) by extensions ['colcon_meta']
[0.338s] Level 1:colcon.colcon_core.package_identification:_identify(src/custom) by extension 'colcon_meta'
[0.338s] Level 1:colcon.colcon_core.package_identification:_identify(src/custom) by extensions ['ros']
[0.338s] Level 1:colcon.colcon_core.package_identification:_identify(src/custom) by extension 'ros'
[0.340s] DEBUG:colcon.colcon_core.package_identification:Package 'src/custom' with type 'ros.ament_cmake' and name 'custom'
[0.340s] Level 1:colcon.colcon_core.package_identification:_identify(src/lidar_cpp) by extensions ['ignore', 'ignore_ament_install']
[0.341s] Level 1:colcon.colcon_core.package_identification:_identify(src/lidar_cpp) by extension 'ignore'
[0.341s] Level 1:colcon.colcon_core.package_identification:_identify(src/lidar_cpp) by extension 'ignore_ament_install'
[0.341s] Level 1:colcon.colcon_core.package_identification:_identify(src/lidar_cpp) by extensions ['colcon_pkg']
[0.341s] Level 1:colcon.colcon_core.package_identification:_identify(src/lidar_cpp) by extension 'colcon_pkg'
[0.341s] Level 1:colcon.colcon_core.package_identification:_identify(src/lidar_cpp) by extensions ['colcon_meta']
[0.341s] Level 1:colcon.colcon_core.package_identification:_identify(src/lidar_cpp) by extension 'colcon_meta'
[0.341s] Level 1:colcon.colcon_core.package_identification:_identify(src/lidar_cpp) by extensions ['ros']
[0.341s] Level 1:colcon.colcon_core.package_identification:_identify(src/lidar_cpp) by extension 'ros'
[0.341s] DEBUG:colcon.colcon_core.package_identification:Package 'src/lidar_cpp' with type 'ros.ament_cmake' and name 'lidar_cpp'
[0.342s] Level 1:colcon.colcon_core.package_discovery:discover_packages(recursive) using defaults
[0.342s] Level 1:colcon.colcon_core.package_discovery:discover_packages(ignore) discover
[0.342s] Level 1:colcon.colcon_core.package_discovery:discover_packages(ignore) using defaults
[0.342s] Level 1:colcon.colcon_core.package_discovery:discover_packages(path) discover
[0.342s] Level 1:colcon.colcon_core.package_discovery:discover_packages(path) using defaults
[0.363s] Level 5:colcon.colcon_core.verb:set package 'custom' build argument 'cmake_args' from command line to 'None'
[0.363s] Level 5:colcon.colcon_core.verb:set package 'custom' build argument 'cmake_target' from command line to 'None'
[0.363s] Level 5:colcon.colcon_core.verb:set package 'custom' build argument 'cmake_target_skip_unavailable' from command line to 'False'
[0.363s] Level 5:colcon.colcon_core.verb:set package 'custom' build argument 'cmake_clean_cache' from command line to 'False'
[0.363s] Level 5:colcon.colcon_core.verb:set package 'custom' build argument 'cmake_clean_first' from command line to 'False'
[0.363s] Level 5:colcon.colcon_core.verb:set package 'custom' build argument 'cmake_force_configure' from command line to 'False'
[0.363s] Level 5:colcon.colcon_core.verb:set package 'custom' build argument 'ament_cmake_args' from command line to 'None'
[0.363s] Level 5:colcon.colcon_core.verb:set package 'custom' build argument 'catkin_cmake_args' from command line to 'None'
[0.364s] Level 5:colcon.colcon_core.verb:set package 'custom' build argument 'catkin_skip_building_tests' from command line to 'False'
[0.364s] DEBUG:colcon.colcon_core.verb:Building package 'custom' with the following arguments: {'ament_cmake_args': None, 'build_base': '/home/student/lidar-ws/build/custom', 'catkin_cmake_args': None, 'catkin_skip_building_tests': False, 'cmake_args': None, 'cmake_clean_cache': False, 'cmake_clean_first': False, 'cmake_force_configure': False, 'cmake_target': None, 'cmake_target_skip_unavailable': False, 'install_base': '/home/student/lidar-ws/install/custom', 'merge_install': False, 'path': '/home/student/lidar-ws/src/custom', 'symlink_install': False, 'test_result_base': None}
[0.366s] Level 5:colcon.colcon_core.verb:set package 'lidar_cpp' build argument 'cmake_args' from command line to 'None'
[0.366s] Level 5:colcon.colcon_core.verb:set package 'lidar_cpp' build argument 'cmake_target' from command line to 'None'
[0.366s] Level 5:colcon.colcon_core.verb:set package 'lidar_cpp' build argument 'cmake_target_skip_unavailable' from command line to 'False'
[0.366s] Level 5:colcon.colcon_core.verb:set package 'lidar_cpp' build argument 'cmake_clean_cache' from command line to 'False'
[0.366s] Level 5:colcon.colcon_core.verb:set package 'lidar_cpp' build argument 'cmake_clean_first' from command line to 'False'
[0.366s] Level 5:colcon.colcon_core.verb:set package 'lidar_cpp' build argument 'cmake_force_configure' from command line to 'False'
[0.366s] Level 5:colcon.colcon_core.verb:set package 'lidar_cpp' build argument 'ament_cmake_args' from command line to 'None'
[0.366s] Level 5:colcon.colcon_core.verb:set package 'lidar_cpp' build argument 'catkin_cmake_args' from command line to 'None'
[0.366s] Level 5:colcon.colcon_core.verb:set package 'lidar_cpp' build argument 'catkin_skip_building_tests' from command line to 'False'
[0.367s] DEBUG:colcon.colcon_core.verb:Building package 'lidar_cpp' with the following arguments: {'ament_cmake_args': None, 'build_base': '/home/student/lidar-ws/build/lidar_cpp', 'catkin_cmake_args': None, 'catkin_skip_building_tests': False, 'cmake_args': None, 'cmake_clean_cache': False, 'cmake_clean_first': False, 'cmake_force_configure': False, 'cmake_target': None, 'cmake_target_skip_unavailable': False, 'install_base': '/home/student/lidar-ws/install/lidar_cpp', 'merge_install': False, 'path': '/home/student/lidar-ws/src/lidar_cpp', 'symlink_install': False, 'test_result_base': None}
[0.367s] INFO:colcon.colcon_core.executor:Executing jobs using 'parallel' executor
[0.369s] DEBUG:colcon.colcon_parallel_executor.executor.parallel:run_until_complete
[0.369s] INFO:colcon.colcon_ros.task.ament_cmake.build:Building ROS package in '/home/student/lidar-ws/src/custom' with build type 'ament_cmake'
[0.369s] INFO:colcon.colcon_cmake.task.cmake.build:Building CMake package in '/home/student/lidar-ws/src/custom'
[0.373s] INFO:colcon.colcon_core.plugin_system:Skipping extension 'colcon_core.shell.bat': Not used on non-Windows systems
[0.373s] INFO:colcon.colcon_core.shell:Skip shell extension 'powershell' for command environment: Not usable outside of PowerShell
[0.373s] DEBUG:colcon.colcon_core.shell:Skip shell extension 'dsv' for command environment
[0.376s] WARNING:colcon.colcon_ros.prefix_path.ament:The path '/home/student/lidar-ws/install/lidar_cpp' in the environment variable AMENT_PREFIX_PATH doesn't exist
[0.376s] WARNING:colcon.colcon_ros.prefix_path.ament:The path '/home/student/lidar-ws/install/custom' in the environment variable AMENT_PREFIX_PATH doesn't exist
[0.377s] WARNING:colcon.colcon_ros.prefix_path.catkin:The path '/home/student/lidar-ws/install/lidar_cpp' in the environment variable CMAKE_PREFIX_PATH doesn't exist
[0.377s] WARNING:colcon.colcon_ros.prefix_path.catkin:The path '/home/student/lidar-ws/install/custom' in the environment variable CMAKE_PREFIX_PATH doesn't exist
[0.379s] DEBUG:colcon.colcon_core.shell:Ignoring prefix path '/opt/ros/galactic'
[0.386s] DEBUG:colcon.colcon_core.event_handler.log_command:Invoking command in '/home/student/lidar-ws/build/custom': CMAKE_PREFIX_PATH=${CMAKE_PREFIX_PATH}:/home/student/ws/install/py_ctrl:/home/student/ws/install/case_scenes:/home/student/ia_ws/install/viz_static:/home/student/ia_ws/install/viz_interactive:/home/student/ia_ws/install/ur_setup:/home/student/ia_ws/install/tf_lookup:/home/student/ia_ws/install/tf_broadcast:/home/student/ia_ws/install/tf_scene:/home/student/ia_ws/install/gui_tools:/home/student/ia_ws/install/aruco_handler:/opt/ros/galactic /usr/bin/cmake /home/student/lidar-ws/src/custom -DCMAKE_INSTALL_PREFIX=/home/student/lidar-ws/install/custom
[1.911s] DEBUG:colcon.colcon_core.event_handler.log_command:Invoked command in '/home/student/lidar-ws/build/custom' returned '0': CMAKE_PREFIX_PATH=${CMAKE_PREFIX_PATH}:/home/student/ws/install/py_ctrl:/home/student/ws/install/case_scenes:/home/student/ia_ws/install/viz_static:/home/student/ia_ws/install/viz_interactive:/home/student/ia_ws/install/ur_setup:/home/student/ia_ws/install/tf_lookup:/home/student/ia_ws/install/tf_broadcast:/home/student/ia_ws/install/tf_scene:/home/student/ia_ws/install/gui_tools:/home/student/ia_ws/install/aruco_handler:/opt/ros/galactic /usr/bin/cmake /home/student/lidar-ws/src/custom -DCMAKE_INSTALL_PREFIX=/home/student/lidar-ws/install/custom
[1.914s] DEBUG:colcon.colcon_core.event_handler.log_command:Invoking command in '/home/student/lidar-ws/build/custom': CMAKE_PREFIX_PATH=${CMAKE_PREFIX_PATH}:/home/student/ws/install/py_ctrl:/home/student/ws/install/case_scenes:/home/student/ia_ws/install/viz_static:/home/student/ia_ws/install/viz_interactive:/home/student/ia_ws/install/ur_setup:/home/student/ia_ws/install/tf_lookup:/home/student/ia_ws/install/tf_broadcast:/home/student/ia_ws/install/tf_scene:/home/student/ia_ws/install/gui_tools:/home/student/ia_ws/install/aruco_handler:/opt/ros/galactic /usr/bin/cmake --build /home/student/lidar-ws/build/custom -- -j8 -l8
[4.702s] DEBUG:colcon.colcon_core.event_handler.log_command:Invoked command in '/home/student/lidar-ws/build/custom' returned '0': CMAKE_PREFIX_PATH=${CMAKE_PREFIX_PATH}:/home/student/ws/install/py_ctrl:/home/student/ws/install/case_scenes:/home/student/ia_ws/install/viz_static:/home/student/ia_ws/install/viz_interactive:/home/student/ia_ws/install/ur_setup:/home/student/ia_ws/install/tf_lookup:/home/student/ia_ws/install/tf_broadcast:/home/student/ia_ws/install/tf_scene:/home/student/ia_ws/install/gui_tools:/home/student/ia_ws/install/aruco_handler:/opt/ros/galactic /usr/bin/cmake --build /home/student/lidar-ws/build/custom -- -j8 -l8
[4.779s] DEBUG:colcon.colcon_core.event_handler.log_command:Invoking command in '/home/student/lidar-ws/build/custom': CMAKE_PREFIX_PATH=${CMAKE_PREFIX_PATH}:/home/student/ws/install/py_ctrl:/home/student/ws/install/case_scenes:/home/student/ia_ws/install/viz_static:/home/student/ia_ws/install/viz_interactive:/home/student/ia_ws/install/ur_setup:/home/student/ia_ws/install/tf_lookup:/home/student/ia_ws/install/tf_broadcast:/home/student/ia_ws/install/tf_scene:/home/student/ia_ws/install/gui_tools:/home/student/ia_ws/install/aruco_handler:/opt/ros/galactic /usr/bin/cmake --install /home/student/lidar-ws/build/custom
[4.854s] Level 1:colcon.colcon_core.environment:create_environment_scripts_only(custom)
[4.855s] DEBUG:colcon.colcon_core.event_handler.log_command:Invoked command in '/home/student/lidar-ws/build/custom' returned '0': CMAKE_PREFIX_PATH=${CMAKE_PREFIX_PATH}:/home/student/ws/install/py_ctrl:/home/student/ws/install/case_scenes:/home/student/ia_ws/install/viz_static:/home/student/ia_ws/install/viz_interactive:/home/student/ia_ws/install/ur_setup:/home/student/ia_ws/install/tf_lookup:/home/student/ia_ws/install/tf_broadcast:/home/student/ia_ws/install/tf_scene:/home/student/ia_ws/install/gui_tools:/home/student/ia_ws/install/aruco_handler:/opt/ros/galactic /usr/bin/cmake --install /home/student/lidar-ws/build/custom
[4.858s] Level 1:colcon.colcon_core.environment:checking '/home/student/lidar-ws/install/custom' for CMake module files
[4.859s] Level 1:colcon.colcon_core.environment:checking '/home/student/lidar-ws/install/custom' for CMake config files
[4.859s] Level 1:colcon.colcon_core.shell:create_environment_hook('custom', 'cmake_prefix_path')
[4.860s] INFO:colcon.colcon_core.shell:Creating environment hook '/home/student/lidar-ws/install/custom/share/custom/hook/cmake_prefix_path.ps1'
[4.860s] INFO:colcon.colcon_core.shell:Creating environment descriptor '/home/student/lidar-ws/install/custom/share/custom/hook/cmake_prefix_path.dsv'
[4.861s] INFO:colcon.colcon_core.shell:Creating environment hook '/home/student/lidar-ws/install/custom/share/custom/hook/cmake_prefix_path.sh'
[4.861s] Level 1:colcon.colcon_core.environment:checking '/home/student/lidar-ws/install/custom/lib'
[4.862s] Level 1:colcon.colcon_core.shell:create_environment_hook('custom', 'ld_library_path_lib')
[4.862s] INFO:colcon.colcon_core.shell:Creating environment hook '/home/student/lidar-ws/install/custom/share/custom/hook/ld_library_path_lib.ps1'
[4.862s] INFO:colcon.colcon_core.shell:Creating environment descriptor '/home/student/lidar-ws/install/custom/share/custom/hook/ld_library_path_lib.dsv'
[4.863s] INFO:colcon.colcon_core.shell:Creating environment hook '/home/student/lidar-ws/install/custom/share/custom/hook/ld_library_path_lib.sh'
[4.863s] Level 1:colcon.colcon_core.environment:checking '/home/student/lidar-ws/install/custom/bin'
[4.863s] Level 1:colcon.colcon_core.environment:checking '/home/student/lidar-ws/install/custom/lib/pkgconfig/custom.pc'
[4.863s] Level 1:colcon.colcon_core.environment:checking '/home/student/lidar-ws/install/custom/lib/python3.8/site-packages'
[4.863s] Level 1:colcon.colcon_core.shell:create_environment_hook('custom', 'pythonpath')
[4.864s] INFO:colcon.colcon_core.shell:Creating environment hook '/home/student/lidar-ws/install/custom/share/custom/hook/pythonpath.ps1'
[4.864s] INFO:colcon.colcon_core.shell:Creating environment descriptor '/home/student/lidar-ws/install/custom/share/custom/hook/pythonpath.dsv'
[4.864s] INFO:colcon.colcon_core.shell:Creating environment hook '/home/student/lidar-ws/install/custom/share/custom/hook/pythonpath.sh'
[4.866s] INFO:colcon.colcon_core.shell:Creating package script '/home/student/lidar-ws/install/custom/share/custom/package.ps1'
[4.867s] INFO:colcon.colcon_core.shell:Creating package descriptor '/home/student/lidar-ws/install/custom/share/custom/package.dsv'
[4.868s] INFO:colcon.colcon_core.shell:Creating package script '/home/student/lidar-ws/install/custom/share/custom/package.sh'
[4.868s] INFO:colcon.colcon_core.shell:Creating package script '/home/student/lidar-ws/install/custom/share/custom/package.bash'
[4.869s] INFO:colcon.colcon_core.shell:Creating package script '/home/student/lidar-ws/install/custom/share/custom/package.zsh'
[4.870s] Level 1:colcon.colcon_core.environment:create_file_with_runtime_dependencies(/home/student/lidar-ws/install/custom/share/colcon-core/packages/custom)
[4.935s] Level 1:colcon.colcon_core.environment:create_environment_scripts_only(custom)
[4.936s] Level 1:colcon.colcon_core.environment:checking '/home/student/lidar-ws/install/custom' for CMake module files
[4.937s] Level 1:colcon.colcon_core.environment:checking '/home/student/lidar-ws/install/custom' for CMake config files
[4.937s] Level 1:colcon.colcon_core.shell:create_environment_hook('custom', 'cmake_prefix_path')
[4.938s] INFO:colcon.colcon_core.shell:Creating environment hook '/home/student/lidar-ws/install/custom/share/custom/hook/cmake_prefix_path.ps1'
[4.939s] INFO:colcon.colcon_core.shell:Creating environment descriptor '/home/student/lidar-ws/install/custom/share/custom/hook/cmake_prefix_path.dsv'
[4.939s] INFO:colcon.colcon_core.shell:Creating environment hook '/home/student/lidar-ws/install/custom/share/custom/hook/cmake_prefix_path.sh'
[4.940s] Level 1:colcon.colcon_core.environment:checking '/home/student/lidar-ws/install/custom/lib'
[4.940s] Level 1:colcon.colcon_core.shell:create_environment_hook('custom', 'ld_library_path_lib')
[4.941s] INFO:colcon.colcon_core.shell:Creating environment hook '/home/student/lidar-ws/install/custom/share/custom/hook/ld_library_path_lib.ps1'
[4.942s] INFO:colcon.colcon_core.shell:Creating environment descriptor '/home/student/lidar-ws/install/custom/share/custom/hook/ld_library_path_lib.dsv'
[4.942s] INFO:colcon.colcon_core.shell:Creating environment hook '/home/student/lidar-ws/install/custom/share/custom/hook/ld_library_path_lib.sh'
[4.943s] Level 1:colcon.colcon_core.environment:checking '/home/student/lidar-ws/install/custom/bin'
[4.943s] Level 1:colcon.colcon_core.environment:checking '/home/student/lidar-ws/install/custom/lib/pkgconfig/custom.pc'
[4.943s] Level 1:colcon.colcon_core.environment:checking '/home/student/lidar-ws/install/custom/lib/python3.8/site-packages'
[4.943s] Level 1:colcon.colcon_core.shell:create_environment_hook('custom', 'pythonpath')
[4.944s] INFO:colcon.colcon_core.shell:Creating environment hook '/home/student/lidar-ws/install/custom/share/custom/hook/pythonpath.ps1'
[4.945s] INFO:colcon.colcon_core.shell:Creating environment descriptor '/home/student/lidar-ws/install/custom/share/custom/hook/pythonpath.dsv'
[4.945s] INFO:colcon.colcon_core.shell:Creating environment hook '/home/student/lidar-ws/install/custom/share/custom/hook/pythonpath.sh'
[4.946s] INFO:colcon.colcon_core.shell:Creating package script '/home/student/lidar-ws/install/custom/share/custom/package.ps1'
[4.946s] INFO:colcon.colcon_core.shell:Creating package descriptor '/home/student/lidar-ws/install/custom/share/custom/package.dsv'
[4.947s] INFO:colcon.colcon_core.shell:Creating package script '/home/student/lidar-ws/install/custom/share/custom/package.sh'
[4.947s] INFO:colcon.colcon_core.shell:Creating package script '/home/student/lidar-ws/install/custom/share/custom/package.bash'
[4.948s] INFO:colcon.colcon_core.shell:Creating package script '/home/student/lidar-ws/install/custom/share/custom/package.zsh'
[4.948s] Level 1:colcon.colcon_core.environment:create_file_with_runtime_dependencies(/home/student/lidar-ws/install/custom/share/colcon-core/packages/custom)
[4.948s] INFO:colcon.colcon_ros.task.ament_cmake.build:Building ROS package in '/home/student/lidar-ws/src/lidar_cpp' with build type 'ament_cmake'
[4.949s] INFO:colcon.colcon_cmake.task.cmake.build:Building CMake package in '/home/student/lidar-ws/src/lidar_cpp'
[4.949s] INFO:colcon.colcon_core.shell:Skip shell extension 'powershell' for command environment: Not usable outside of PowerShell
[4.949s] DEBUG:colcon.colcon_core.shell:Skip shell extension 'dsv' for command environment
[4.953s] DEBUG:colcon.colcon_core.shell:Ignoring prefix path '/opt/ros/galactic'
[4.965s] DEBUG:colcon.colcon_core.event_handler.log_command:Invoking command in '/home/student/lidar-ws/build/lidar_cpp': CMAKE_PREFIX_PATH=/home/student/lidar-ws/install/custom:/home/student/lidar-ws/install/lidar_cpp:/home/student/ws/install/case_bringup:/home/student/ia_ws/install/viz_dynamic:/home/student/ia_ws/install/viz_tools_msgs:/home/student/ia_ws/install/viz_bringup:/home/student/ia_ws/install/ur_script_generator:/home/student/ia_ws/install/ur_script_controller:/home/student/ia_ws/install/ur_tools_msgs:/home/student/ia_ws/install/ur_script_driver:/home/student/ia_ws/install/ur_script_msgs:/home/student/ia_ws/install/ur_description:/home/student/ia_ws/install/ur_bringup:/home/student/ia_ws/install/tf_sms:/home/student/ia_ws/install/tf_bringup:/home/student/ia_ws/install/tf_tools_msgs:/home/student/ia_ws/install/opcua_ros2_bridge:/home/student/ia_ws/install/mp_msgs:/home/student/ws/install/py_ctrl:/home/student/ws/install/case_scenes:/home/student/ia_ws/install/viz_static:/home/student/ia_ws/install/viz_interactive:/home/student/ia_ws/install/ur_setup:/home/student/ia_ws/install/tf_lookup:/home/student/ia_ws/install/tf_broadcast:/home/student/ia_ws/install/tf_scene:/home/student/ia_ws/install/gui_tools:/home/student/ia_ws/install/aruco_handler:/opt/ros/galactic /usr/bin/cmake /home/student/lidar-ws/src/lidar_cpp -DCMAKE_INSTALL_PREFIX=/home/student/lidar-ws/install/lidar_cpp
[7.435s] DEBUG:colcon.colcon_core.event_handler.log_command:Invoked command in '/home/student/lidar-ws/build/lidar_cpp' returned '0': CMAKE_PREFIX_PATH=/home/student/lidar-ws/install/custom:/home/student/lidar-ws/install/lidar_cpp:/home/student/ws/install/case_bringup:/home/student/ia_ws/install/viz_dynamic:/home/student/ia_ws/install/viz_tools_msgs:/home/student/ia_ws/install/viz_bringup:/home/student/ia_ws/install/ur_script_generator:/home/student/ia_ws/install/ur_script_controller:/home/student/ia_ws/install/ur_tools_msgs:/home/student/ia_ws/install/ur_script_driver:/home/student/ia_ws/install/ur_script_msgs:/home/student/ia_ws/install/ur_description:/home/student/ia_ws/install/ur_bringup:/home/student/ia_ws/install/tf_sms:/home/student/ia_ws/install/tf_bringup:/home/student/ia_ws/install/tf_tools_msgs:/home/student/ia_ws/install/opcua_ros2_bridge:/home/student/ia_ws/install/mp_msgs:/home/student/ws/install/py_ctrl:/home/student/ws/install/case_scenes:/home/student/ia_ws/install/viz_static:/home/student/ia_ws/install/viz_interactive:/home/student/ia_ws/install/ur_setup:/home/student/ia_ws/install/tf_lookup:/home/student/ia_ws/install/tf_broadcast:/home/student/ia_ws/install/tf_scene:/home/student/ia_ws/install/gui_tools:/home/student/ia_ws/install/aruco_handler:/opt/ros/galactic /usr/bin/cmake /home/student/lidar-ws/src/lidar_cpp -DCMAKE_INSTALL_PREFIX=/home/student/lidar-ws/install/lidar_cpp
[7.438s] DEBUG:colcon.colcon_core.event_handler.log_command:Invoking command in '/home/student/lidar-ws/build/lidar_cpp': CMAKE_PREFIX_PATH=/home/student/lidar-ws/install/custom:/home/student/lidar-ws/install/lidar_cpp:/home/student/ws/install/case_bringup:/home/student/ia_ws/install/viz_dynamic:/home/student/ia_ws/install/viz_tools_msgs:/home/student/ia_ws/install/viz_bringup:/home/student/ia_ws/install/ur_script_generator:/home/student/ia_ws/install/ur_script_controller:/home/student/ia_ws/install/ur_tools_msgs:/home/student/ia_ws/install/ur_script_driver:/home/student/ia_ws/install/ur_script_msgs:/home/student/ia_ws/install/ur_description:/home/student/ia_ws/install/ur_bringup:/home/student/ia_ws/install/tf_sms:/home/student/ia_ws/install/tf_bringup:/home/student/ia_ws/install/tf_tools_msgs:/home/student/ia_ws/install/opcua_ros2_bridge:/home/student/ia_ws/install/mp_msgs:/home/student/ws/install/py_ctrl:/home/student/ws/install/case_scenes:/home/student/ia_ws/install/viz_static:/home/student/ia_ws/install/viz_interactive:/home/student/ia_ws/install/ur_setup:/home/student/ia_ws/install/tf_lookup:/home/student/ia_ws/install/tf_broadcast:/home/student/ia_ws/install/tf_scene:/home/student/ia_ws/install/gui_tools:/home/student/ia_ws/install/aruco_handler:/opt/ros/galactic /usr/bin/cmake --build /home/student/lidar-ws/build/lidar_cpp -- -j8 -l8
[16.860s] DEBUG:colcon.colcon_core.event_handler.log_command:Invoked command in '/home/student/lidar-ws/build/lidar_cpp' returned '0': CMAKE_PREFIX_PATH=/home/student/lidar-ws/install/custom:/home/student/lidar-ws/install/lidar_cpp:/home/student/ws/install/case_bringup:/home/student/ia_ws/install/viz_dynamic:/home/student/ia_ws/install/viz_tools_msgs:/home/student/ia_ws/install/viz_bringup:/home/student/ia_ws/install/ur_script_generator:/home/student/ia_ws/install/ur_script_controller:/home/student/ia_ws/install/ur_tools_msgs:/home/student/ia_ws/install/ur_script_driver:/home/student/ia_ws/install/ur_script_msgs:/home/student/ia_ws/install/ur_description:/home/student/ia_ws/install/ur_bringup:/home/student/ia_ws/install/tf_sms:/home/student/ia_ws/install/tf_bringup:/home/student/ia_ws/install/tf_tools_msgs:/home/student/ia_ws/install/opcua_ros2_bridge:/home/student/ia_ws/install/mp_msgs:/home/student/ws/install/py_ctrl:/home/student/ws/install/case_scenes:/home/student/ia_ws/install/viz_static:/home/student/ia_ws/install/viz_interactive:/home/student/ia_ws/install/ur_setup:/home/student/ia_ws/install/tf_lookup:/home/student/ia_ws/install/tf_broadcast:/home/student/ia_ws/install/tf_scene:/home/student/ia_ws/install/gui_tools:/home/student/ia_ws/install/aruco_handler:/opt/ros/galactic /usr/bin/cmake --build /home/student/lidar-ws/build/lidar_cpp -- -j8 -l8
[16.901s] DEBUG:colcon.colcon_core.event_handler.log_command:Invoking command in '/home/student/lidar-ws/build/lidar_cpp': CMAKE_PREFIX_PATH=/home/student/lidar-ws/install/custom:/home/student/lidar-ws/install/lidar_cpp:/home/student/ws/install/case_bringup:/home/student/ia_ws/install/viz_dynamic:/home/student/ia_ws/install/viz_tools_msgs:/home/student/ia_ws/install/viz_bringup:/home/student/ia_ws/install/ur_script_generator:/home/student/ia_ws/install/ur_script_controller:/home/student/ia_ws/install/ur_tools_msgs:/home/student/ia_ws/install/ur_script_driver:/home/student/ia_ws/install/ur_script_msgs:/home/student/ia_ws/install/ur_description:/home/student/ia_ws/install/ur_bringup:/home/student/ia_ws/install/tf_sms:/home/student/ia_ws/install/tf_bringup:/home/student/ia_ws/install/tf_tools_msgs:/home/student/ia_ws/install/opcua_ros2_bridge:/home/student/ia_ws/install/mp_msgs:/home/student/ws/install/py_ctrl:/home/student/ws/install/case_scenes:/home/student/ia_ws/install/viz_static:/home/student/ia_ws/install/viz_interactive:/home/student/ia_ws/install/ur_setup:/home/student/ia_ws/install/tf_lookup:/home/student/ia_ws/install/tf_broadcast:/home/student/ia_ws/install/tf_scene:/home/student/ia_ws/install/gui_tools:/home/student/ia_ws/install/aruco_handler:/opt/ros/galactic /usr/bin/cmake --install /home/student/lidar-ws/build/lidar_cpp
[16.923s] Level 1:colcon.colcon_core.environment:create_environment_scripts_only(lidar_cpp)
[16.925s] Level 1:colcon.colcon_core.environment:checking '/home/student/lidar-ws/install/lidar_cpp' for CMake module files
[16.925s] DEBUG:colcon.colcon_core.event_handler.log_command:Invoked command in '/home/student/lidar-ws/build/lidar_cpp' returned '0': CMAKE_PREFIX_PATH=/home/student/lidar-ws/install/custom:/home/student/lidar-ws/install/lidar_cpp:/home/student/ws/install/case_bringup:/home/student/ia_ws/install/viz_dynamic:/home/student/ia_ws/install/viz_tools_msgs:/home/student/ia_ws/install/viz_bringup:/home/student/ia_ws/install/ur_script_generator:/home/student/ia_ws/install/ur_script_controller:/home/student/ia_ws/install/ur_tools_msgs:/home/student/ia_ws/install/ur_script_driver:/home/student/ia_ws/install/ur_script_msgs:/home/student/ia_ws/install/ur_description:/home/student/ia_ws/install/ur_bringup:/home/student/ia_ws/install/tf_sms:/home/student/ia_ws/install/tf_bringup:/home/student/ia_ws/install/tf_tools_msgs:/home/student/ia_ws/install/opcua_ros2_bridge:/home/student/ia_ws/install/mp_msgs:/home/student/ws/install/py_ctrl:/home/student/ws/install/case_scenes:/home/student/ia_ws/install/viz_static:/home/student/ia_ws/install/viz_interactive:/home/student/ia_ws/install/ur_setup:/home/student/ia_ws/install/tf_lookup:/home/student/ia_ws/install/tf_broadcast:/home/student/ia_ws/install/tf_scene:/home/student/ia_ws/install/gui_tools:/home/student/ia_ws/install/aruco_handler:/opt/ros/galactic /usr/bin/cmake --install /home/student/lidar-ws/build/lidar_cpp
[16.926s] Level 1:colcon.colcon_core.environment:checking '/home/student/lidar-ws/install/lidar_cpp' for CMake config files
[16.926s] Level 1:colcon.colcon_core.shell:create_environment_hook('lidar_cpp', 'cmake_prefix_path')
[16.927s] INFO:colcon.colcon_core.shell:Creating environment hook '/home/student/lidar-ws/install/lidar_cpp/share/lidar_cpp/hook/cmake_prefix_path.ps1'
[16.927s] INFO:colcon.colcon_core.shell:Creating environment descriptor '/home/student/lidar-ws/install/lidar_cpp/share/lidar_cpp/hook/cmake_prefix_path.dsv'
[16.928s] INFO:colcon.colcon_core.shell:Creating environment hook '/home/student/lidar-ws/install/lidar_cpp/share/lidar_cpp/hook/cmake_prefix_path.sh'
[16.928s] Level 1:colcon.colcon_core.environment:checking '/home/student/lidar-ws/install/lidar_cpp/lib'
[16.928s] Level 1:colcon.colcon_core.environment:checking '/home/student/lidar-ws/install/lidar_cpp/bin'
[16.928s] Level 1:colcon.colcon_core.environment:checking '/home/student/lidar-ws/install/lidar_cpp/lib/pkgconfig/lidar_cpp.pc'
[16.929s] Level 1:colcon.colcon_core.environment:checking '/home/student/lidar-ws/install/lidar_cpp/lib/python3.8/site-packages'
[16.929s] INFO:colcon.colcon_core.shell:Creating package script '/home/student/lidar-ws/install/lidar_cpp/share/lidar_cpp/package.ps1'
[16.930s] INFO:colcon.colcon_core.shell:Creating package descriptor '/home/student/lidar-ws/install/lidar_cpp/share/lidar_cpp/package.dsv'
[16.930s] INFO:colcon.colcon_core.shell:Creating package script '/home/student/lidar-ws/install/lidar_cpp/share/lidar_cpp/package.sh'
[16.931s] INFO:colcon.colcon_core.shell:Creating package script '/home/student/lidar-ws/install/lidar_cpp/share/lidar_cpp/package.bash'
[16.931s] INFO:colcon.colcon_core.shell:Creating package script '/home/student/lidar-ws/install/lidar_cpp/share/lidar_cpp/package.zsh'
[16.932s] Level 1:colcon.colcon_core.environment:create_file_with_runtime_dependencies(/home/student/lidar-ws/install/lidar_cpp/share/colcon-core/packages/lidar_cpp)
[16.962s] Level 1:colcon.colcon_core.environment:create_environment_scripts_only(lidar_cpp)
[16.963s] Level 1:colcon.colcon_core.environment:checking '/home/student/lidar-ws/install/lidar_cpp' for CMake module files
[16.964s] Level 1:colcon.colcon_core.environment:checking '/home/student/lidar-ws/install/lidar_cpp' for CMake config files
[16.964s] Level 1:colcon.colcon_core.shell:create_environment_hook('lidar_cpp', 'cmake_prefix_path')
[16.965s] INFO:colcon.colcon_core.shell:Creating environment hook '/home/student/lidar-ws/install/lidar_cpp/share/lidar_cpp/hook/cmake_prefix_path.ps1'
[16.965s] INFO:colcon.colcon_core.shell:Creating environment descriptor '/home/student/lidar-ws/install/lidar_cpp/share/lidar_cpp/hook/cmake_prefix_path.dsv'
[16.966s] INFO:colcon.colcon_core.shell:Creating environment hook '/home/student/lidar-ws/install/lidar_cpp/share/lidar_cpp/hook/cmake_prefix_path.sh'
[16.966s] Level 1:colcon.colcon_core.environment:checking '/home/student/lidar-ws/install/lidar_cpp/lib'
[16.966s] Level 1:colcon.colcon_core.environment:checking '/home/student/lidar-ws/install/lidar_cpp/bin'
[16.966s] Level 1:colcon.colcon_core.environment:checking '/home/student/lidar-ws/install/lidar_cpp/lib/pkgconfig/lidar_cpp.pc'
[16.967s] Level 1:colcon.colcon_core.environment:checking '/home/student/lidar-ws/install/lidar_cpp/lib/python3.8/site-packages'
[16.968s] INFO:colcon.colcon_core.shell:Creating package script '/home/student/lidar-ws/install/lidar_cpp/share/lidar_cpp/package.ps1'
[16.968s] INFO:colcon.colcon_core.shell:Creating package descriptor '/home/student/lidar-ws/install/lidar_cpp/share/lidar_cpp/package.dsv'
[16.969s] INFO:colcon.colcon_core.shell:Creating package script '/home/student/lidar-ws/install/lidar_cpp/share/lidar_cpp/package.sh'
[16.969s] INFO:colcon.colcon_core.shell:Creating package script '/home/student/lidar-ws/install/lidar_cpp/share/lidar_cpp/package.bash'
[16.970s] INFO:colcon.colcon_core.shell:Creating package script '/home/student/lidar-ws/install/lidar_cpp/share/lidar_cpp/package.zsh'
[16.970s] Level 1:colcon.colcon_core.environment:create_file_with_runtime_dependencies(/home/student/lidar-ws/install/lidar_cpp/share/colcon-core/packages/lidar_cpp)
[16.970s] DEBUG:colcon.colcon_parallel_executor.executor.parallel:closing loop
[16.971s] DEBUG:colcon.colcon_parallel_executor.executor.parallel:loop closed
[16.971s] DEBUG:colcon.colcon_parallel_executor.executor.parallel:run_until_complete finished with '0'
[16.971s] DEBUG:colcon.colcon_core.event_reactor:joining thread
[16.979s] INFO:colcon.colcon_core.plugin_system:Skipping extension 'colcon_notification.desktop_notification.terminal_notifier': Not used on non-Darwin systems
[16.979s] INFO:colcon.colcon_core.plugin_system:Skipping extension 'colcon_notification.desktop_notification.win32': Not used on non-Windows systems
[16.979s] INFO:colcon.colcon_notification.desktop_notification:Sending desktop notification using 'notify2'
[16.998s] DEBUG:colcon.colcon_core.event_reactor:joined thread
[17.000s] INFO:colcon.colcon_core.shell:Creating prefix script '/home/student/lidar-ws/install/local_setup.ps1'
[17.001s] INFO:colcon.colcon_core.shell:Creating prefix util module '/home/student/lidar-ws/install/_local_setup_util_ps1.py'
[17.002s] INFO:colcon.colcon_core.shell:Creating prefix chain script '/home/student/lidar-ws/install/setup.ps1'
[17.007s] INFO:colcon.colcon_core.shell:Creating prefix script '/home/student/lidar-ws/install/local_setup.sh'
[17.008s] INFO:colcon.colcon_core.shell:Creating prefix util module '/home/student/lidar-ws/install/_local_setup_util_sh.py'
[17.008s] INFO:colcon.colcon_core.shell:Creating prefix chain script '/home/student/lidar-ws/install/setup.sh'
[17.014s] INFO:colcon.colcon_core.shell:Creating prefix script '/home/student/lidar-ws/install/local_setup.bash'
[17.014s] INFO:colcon.colcon_core.shell:Creating prefix chain script '/home/student/lidar-ws/install/setup.bash'
[17.018s] INFO:colcon.colcon_core.shell:Creating prefix script '/home/student/lidar-ws/install/local_setup.zsh'
[17.019s] INFO:colcon.colcon_core.shell:Creating prefix chain script '/home/student/lidar-ws/install/setup.zsh'
