[0.017s] Invoking command in '/home/student/lidar-ws/build/custom': CMAKE_PREFIX_PATH=${CMAKE_PREFIX_PATH}:/home/student/ws/install/py_ctrl:/home/student/ws/install/case_scenes:/home/student/ia_ws/install/viz_static:/home/student/ia_ws/install/viz_interactive:/home/student/ia_ws/install/ur_setup:/home/student/ia_ws/install/tf_lookup:/home/student/ia_ws/install/tf_broadcast:/home/student/ia_ws/install/tf_scene:/home/student/ia_ws/install/gui_tools:/home/student/ia_ws/install/aruco_handler:/opt/ros/galactic /usr/bin/cmake /home/student/lidar-ws/src/custom -DCMAKE_INSTALL_PREFIX=/home/student/lidar-ws/install/custom
[0.037s] -- Found ament_cmake: 1.1.4 (/opt/ros/galactic/share/ament_cmake/cmake)
[0.067s] -- Using PYTHON_EXECUTABLE: /usr/bin/python3
[0.144s] -- Found rosidl_default_generators: 1.1.1 (/opt/ros/galactic/share/rosidl_default_generators/cmake)
[0.150s] -- Using all available rosidl_typesupport_c: rosidl_typesupport_fastrtps_c;rosidl_typesupport_introspection_c
[0.154s] -- Found rosidl_adapter: 2.2.1 (/opt/ros/galactic/share/rosidl_adapter/cmake)
[0.288s] -- Using all available rosidl_typesupport_cpp: rosidl_typesupport_fastrtps_cpp;rosidl_typesupport_introspection_cpp
[0.338s] -- Found PythonInterp: /usr/bin/python3 (found version "3.8.10") 
[0.477s] -- Found ament_cmake_ros: 0.9.2 (/opt/ros/galactic/share/ament_cmake_ros/cmake)
[0.589s] -- Using all available rosidl_typesupport_c: rosidl_typesupport_fastrtps_c;rosidl_typesupport_introspection_c
[0.597s] -- Using all available rosidl_typesupport_cpp: rosidl_typesupport_fastrtps_cpp;rosidl_typesupport_introspection_cpp
[0.629s] -- Found PythonInterp: /usr/bin/python3 (found suitable version "3.8.10", minimum required is "3.5") 
[0.632s] -- Found python_cmake_module: 0.8.1 (/opt/ros/galactic/share/python_cmake_module/cmake)
[0.682s] -- Found PythonLibs: /usr/lib/x86_64-linux-gnu/libpython3.8.so (found suitable version "3.8.10", minimum required is "3.5") 
[0.682s] -- Using PYTHON_EXECUTABLE: /usr/bin/python3
[0.683s] -- Using PYTHON_INCLUDE_DIRS: /usr/include/python3.8
[0.683s] -- Using PYTHON_LIBRARIES: /usr/lib/x86_64-linux-gnu/libpython3.8.so
[0.710s] -- Found PythonExtra: .so  
[0.771s] -- Found ament_lint_auto: 0.10.6 (/opt/ros/galactic/share/ament_lint_auto/cmake)
[0.804s] -- Added test 'copyright' to check source files copyright and LICENSE
[0.808s] -- Added test 'lint_cmake' to check CMake code style
[0.809s] -- Added test 'xmllint' to check XML markup files
[0.816s] -- Configuring done
[0.846s] -- Generating done
[0.848s] -- Build files have been written to: /home/student/lidar-ws/build/custom
[0.856s] Invoked command in '/home/student/lidar-ws/build/custom' returned '0': CMAKE_PREFIX_PATH=${CMAKE_PREFIX_PATH}:/home/student/ws/install/py_ctrl:/home/student/ws/install/case_scenes:/home/student/ia_ws/install/viz_static:/home/student/ia_ws/install/viz_interactive:/home/student/ia_ws/install/ur_setup:/home/student/ia_ws/install/tf_lookup:/home/student/ia_ws/install/tf_broadcast:/home/student/ia_ws/install/tf_scene:/home/student/ia_ws/install/gui_tools:/home/student/ia_ws/install/aruco_handler:/opt/ros/galactic /usr/bin/cmake /home/student/lidar-ws/src/custom -DCMAKE_INSTALL_PREFIX=/home/student/lidar-ws/install/custom
[0.859s] Invoking command in '/home/student/lidar-ws/build/custom': CMAKE_PREFIX_PATH=${CMAKE_PREFIX_PATH}:/home/student/ws/install/py_ctrl:/home/student/ws/install/case_scenes:/home/student/ia_ws/install/viz_static:/home/student/ia_ws/install/viz_interactive:/home/student/ia_ws/install/ur_setup:/home/student/ia_ws/install/tf_lookup:/home/student/ia_ws/install/tf_broadcast:/home/student/ia_ws/install/tf_scene:/home/student/ia_ws/install/gui_tools:/home/student/ia_ws/install/aruco_handler:/opt/ros/galactic /usr/bin/cmake --build /home/student/lidar-ws/build/custom -- -j8 -l8
[0.910s] [  3%] [34m[1mGenerating C code for ROS interfaces[0m
[0.910s] [35m[1mScanning dependencies of target custom__cpp[0m
[0.923s] [  6%] [34m[1mGenerating C++ code for ROS interfaces[0m
[1.162s] [35m[1mScanning dependencies of target custom__rosidl_generator_c[0m
[1.168s] [  6%] Built target custom__cpp
[1.174s] [  9%] [32mBuilding C object CMakeFiles/custom__rosidl_generator_c.dir/rosidl_generator_c/custom/srv/detail/lidar_service__functions.c.o[0m
[1.178s] [ 19%] [34m[1mGenerating C++ type support for eProsima Fast-RTPS[0m
[1.179s] [ 19%] [34m[1mGenerating C++ type support dispatch for ROS interfaces[0m
[1.179s] [ 19%] [34m[1mGenerating C++ introspection for ROS interfaces[0m
[1.221s] [ 22%] [32m[1mLinking C shared library libcustom__rosidl_generator_c.so[0m
[1.260s] [ 22%] Built target custom__rosidl_generator_c
[1.270s] [ 25%] [34m[1mGenerating C type support dispatch for ROS interfaces[0m
[1.274s] [ 29%] [34m[1mGenerating C introspection for ROS interfaces[0m
[1.402s] [35m[1mScanning dependencies of target custom__rosidl_typesupport_cpp[0m
[1.420s] [ 32%] [32mBuilding CXX object CMakeFiles/custom__rosidl_typesupport_cpp.dir/rosidl_typesupport_cpp/custom/srv/lidar_service__type_support.cpp.o[0m
[1.425s] [35m[1mScanning dependencies of target custom__rosidl_typesupport_introspection_cpp[0m
[1.439s] [ 35%] [32mBuilding CXX object CMakeFiles/custom__rosidl_typesupport_introspection_cpp.dir/rosidl_typesupport_introspection_cpp/custom/srv/detail/lidar_service__type_support.cpp.o[0m
[1.440s] [35m[1mScanning dependencies of target custom__rosidl_typesupport_fastrtps_cpp[0m
[1.458s] [ 38%] [32mBuilding CXX object CMakeFiles/custom__rosidl_typesupport_fastrtps_cpp.dir/rosidl_typesupport_fastrtps_cpp/custom/srv/detail/dds_fastrtps/lidar_service__type_support.cpp.o[0m
[1.615s] [35m[1mScanning dependencies of target custom__rosidl_typesupport_c[0m
[1.635s] [ 41%] [32mBuilding CXX object CMakeFiles/custom__rosidl_typesupport_c.dir/rosidl_typesupport_c/custom/srv/lidar_service__type_support.cpp.o[0m
[1.667s] [35m[1mScanning dependencies of target custom__rosidl_typesupport_introspection_c[0m
[1.670s] [ 45%] [32m[1mLinking CXX shared library libcustom__rosidl_typesupport_c.so[0m
[1.680s] [ 48%] [32mBuilding C object CMakeFiles/custom__rosidl_typesupport_introspection_c.dir/rosidl_typesupport_introspection_c/custom/srv/detail/lidar_service__type_support.c.o[0m
[1.712s] [ 48%] Built target custom__rosidl_typesupport_c
[1.719s] [ 51%] [32m[1mLinking C shared library libcustom__rosidl_typesupport_introspection_c.so[0m
[1.754s] [ 51%] Built target custom__rosidl_typesupport_introspection_c
[1.769s] [ 54%] [32m[1mLinking CXX shared library libcustom__rosidl_typesupport_cpp.so[0m
[1.809s] [ 54%] Built target custom__rosidl_typesupport_cpp
[1.913s] [ 58%] [32m[1mLinking CXX shared library libcustom__rosidl_typesupport_introspection_cpp.so[0m
[1.975s] [ 58%] Built target custom__rosidl_typesupport_introspection_cpp
[2.047s] [ 61%] [32m[1mLinking CXX shared library libcustom__rosidl_typesupport_fastrtps_cpp.so[0m
[2.185s] [ 61%] Built target custom__rosidl_typesupport_fastrtps_cpp
[2.198s] [ 64%] [34m[1mGenerating C type support for eProsima Fast-RTPS[0m
[2.437s] [35m[1mScanning dependencies of target custom__rosidl_typesupport_fastrtps_c[0m
[2.457s] [ 67%] [32mBuilding CXX object CMakeFiles/custom__rosidl_typesupport_fastrtps_c.dir/rosidl_typesupport_fastrtps_c/custom/srv/detail/lidar_service__type_support_c.cpp.o[0m
[2.793s] [ 70%] [32m[1mLinking CXX shared library libcustom__rosidl_typesupport_fastrtps_c.so[0m
[2.886s] [ 70%] Built target custom__rosidl_typesupport_fastrtps_c
[2.901s] [35m[1mScanning dependencies of target custom[0m
[2.913s] [ 70%] Built target custom
[2.926s] [35m[1mScanning dependencies of target custom__py[0m
[2.938s] [ 74%] [34m[1mGenerating Python code for ROS interfaces[0m
[3.386s] [ 74%] Built target custom__py
[3.398s] [35m[1mScanning dependencies of target custom__python[0m
[3.422s] [ 77%] [32mBuilding C object CMakeFiles/custom__python.dir/rosidl_generator_py/custom/srv/_lidar_service_s.c.o[0m
[3.541s] [ 80%] [32m[1mLinking C shared library rosidl_generator_py/custom/libcustom__python.so[0m
[3.584s] [ 80%] Built target custom__python
[3.598s] [35m[1mScanning dependencies of target custom__rosidl_typesupport_c__pyext[0m
[3.598s] [35m[1mScanning dependencies of target custom__rosidl_typesupport_fastrtps_c__pyext[0m
[3.598s] [35m[1mScanning dependencies of target custom__rosidl_typesupport_introspection_c__pyext[0m
[3.618s] [ 83%] [32mBuilding C object CMakeFiles/custom__rosidl_typesupport_c__pyext.dir/rosidl_generator_py/custom/_custom_s.ep.rosidl_typesupport_c.c.o[0m
[3.638s] [ 87%] [32mBuilding C object CMakeFiles/custom__rosidl_typesupport_introspection_c__pyext.dir/rosidl_generator_py/custom/_custom_s.ep.rosidl_typesupport_introspection_c.c.o[0m
[3.641s] [ 90%] [32mBuilding C object CMakeFiles/custom__rosidl_typesupport_fastrtps_c__pyext.dir/rosidl_generator_py/custom/_custom_s.ep.rosidl_typesupport_fastrtps_c.c.o[0m
[3.701s] [ 93%] [32m[1mLinking C shared library rosidl_generator_py/custom/custom_s__rosidl_typesupport_c.cpython-38-x86_64-linux-gnu.so[0m
[3.720s] [ 96%] [32m[1mLinking C shared library rosidl_generator_py/custom/custom_s__rosidl_typesupport_introspection_c.cpython-38-x86_64-linux-gnu.so[0m
[3.725s] [100%] [32m[1mLinking CXX shared library rosidl_generator_py/custom/custom_s__rosidl_typesupport_fastrtps_c.cpython-38-x86_64-linux-gnu.so[0m
[3.744s] [100%] Built target custom__rosidl_typesupport_c__pyext
[3.758s] [100%] Built target custom__rosidl_typesupport_introspection_c__pyext
[3.789s] [100%] Built target custom__rosidl_typesupport_fastrtps_c__pyext
[3.800s] Invoked command in '/home/student/lidar-ws/build/custom' returned '0': CMAKE_PREFIX_PATH=${CMAKE_PREFIX_PATH}:/home/student/ws/install/py_ctrl:/home/student/ws/install/case_scenes:/home/student/ia_ws/install/viz_static:/home/student/ia_ws/install/viz_interactive:/home/student/ia_ws/install/ur_setup:/home/student/ia_ws/install/tf_lookup:/home/student/ia_ws/install/tf_broadcast:/home/student/ia_ws/install/tf_scene:/home/student/ia_ws/install/gui_tools:/home/student/ia_ws/install/aruco_handler:/opt/ros/galactic /usr/bin/cmake --build /home/student/lidar-ws/build/custom -- -j8 -l8
[3.873s] Invoking command in '/home/student/lidar-ws/build/custom': CMAKE_PREFIX_PATH=${CMAKE_PREFIX_PATH}:/home/student/ws/install/py_ctrl:/home/student/ws/install/case_scenes:/home/student/ia_ws/install/viz_static:/home/student/ia_ws/install/viz_interactive:/home/student/ia_ws/install/ur_setup:/home/student/ia_ws/install/tf_lookup:/home/student/ia_ws/install/tf_broadcast:/home/student/ia_ws/install/tf_scene:/home/student/ia_ws/install/gui_tools:/home/student/ia_ws/install/aruco_handler:/opt/ros/galactic /usr/bin/cmake --install /home/student/lidar-ws/build/custom
[3.881s] -- Install configuration: ""
[3.882s] -- Installing: /home/student/lidar-ws/install/custom/share/ament_index/resource_index/rosidl_interfaces/custom
[3.882s] -- Installing: /home/student/lidar-ws/install/custom/include/custom
[3.883s] -- Installing: /home/student/lidar-ws/install/custom/include/custom/srv
[3.883s] -- Installing: /home/student/lidar-ws/install/custom/include/custom/srv/lidar_service.h
[3.883s] -- Installing: /home/student/lidar-ws/install/custom/include/custom/srv/detail
[3.883s] -- Installing: /home/student/lidar-ws/install/custom/include/custom/srv/detail/lidar_service__functions.h
[3.884s] -- Installing: /home/student/lidar-ws/install/custom/include/custom/srv/detail/lidar_service__functions.c
[3.884s] -- Installing: /home/student/lidar-ws/install/custom/include/custom/srv/detail/lidar_service__struct.h
[3.884s] -- Installing: /home/student/lidar-ws/install/custom/include/custom/srv/detail/lidar_service__type_support.h
[3.884s] -- Installing: /home/student/lidar-ws/install/custom/include/custom/msg
[3.884s] -- Installing: /home/student/lidar-ws/install/custom/include/custom/msg/rosidl_generator_c__visibility_control.h
[3.885s] -- Installing: /home/student/lidar-ws/install/custom/share/custom/environment/library_path.sh
[3.885s] -- Installing: /home/student/lidar-ws/install/custom/share/custom/environment/library_path.dsv
[3.885s] -- Installing: /home/student/lidar-ws/install/custom/lib/libcustom__rosidl_generator_c.so
[3.885s] -- Set runtime path of "/home/student/lidar-ws/install/custom/lib/libcustom__rosidl_generator_c.so" to ""
[3.886s] -- Up-to-date: /home/student/lidar-ws/install/custom/include/custom
[3.886s] -- Up-to-date: /home/student/lidar-ws/install/custom/include/custom/srv
[3.886s] -- Up-to-date: /home/student/lidar-ws/install/custom/include/custom/srv/detail
[3.886s] -- Installing: /home/student/lidar-ws/install/custom/include/custom/srv/detail/lidar_service__rosidl_typesupport_fastrtps_c.h
[3.886s] -- Up-to-date: /home/student/lidar-ws/install/custom/include/custom/msg
[3.886s] -- Installing: /home/student/lidar-ws/install/custom/include/custom/msg/rosidl_typesupport_fastrtps_c__visibility_control.h
[3.886s] -- Installing: /home/student/lidar-ws/install/custom/lib/libcustom__rosidl_typesupport_fastrtps_c.so
[3.886s] -- Set runtime path of "/home/student/lidar-ws/install/custom/lib/libcustom__rosidl_typesupport_fastrtps_c.so" to ""
[3.886s] -- Up-to-date: /home/student/lidar-ws/install/custom/include/custom
[3.886s] -- Up-to-date: /home/student/lidar-ws/install/custom/include/custom/srv
[3.887s] -- Up-to-date: /home/student/lidar-ws/install/custom/include/custom/srv/detail
[3.887s] -- Installing: /home/student/lidar-ws/install/custom/include/custom/srv/detail/lidar_service__rosidl_typesupport_fastrtps_cpp.hpp
[3.887s] -- Installing: /home/student/lidar-ws/install/custom/include/custom/srv/detail/dds_fastrtps
[3.887s] -- Up-to-date: /home/student/lidar-ws/install/custom/include/custom/msg
[3.887s] -- Installing: /home/student/lidar-ws/install/custom/include/custom/msg/rosidl_typesupport_fastrtps_cpp__visibility_control.h
[3.887s] -- Installing: /home/student/lidar-ws/install/custom/lib/libcustom__rosidl_typesupport_fastrtps_cpp.so
[3.887s] -- Set runtime path of "/home/student/lidar-ws/install/custom/lib/libcustom__rosidl_typesupport_fastrtps_cpp.so" to ""
[3.887s] -- Up-to-date: /home/student/lidar-ws/install/custom/include/custom
[3.887s] -- Up-to-date: /home/student/lidar-ws/install/custom/include/custom/srv
[3.888s] -- Up-to-date: /home/student/lidar-ws/install/custom/include/custom/srv/detail
[3.888s] -- Installing: /home/student/lidar-ws/install/custom/include/custom/srv/detail/lidar_service__rosidl_typesupport_introspection_c.h
[3.888s] -- Installing: /home/student/lidar-ws/install/custom/include/custom/srv/detail/lidar_service__type_support.c
[3.888s] -- Up-to-date: /home/student/lidar-ws/install/custom/include/custom/msg
[3.888s] -- Installing: /home/student/lidar-ws/install/custom/include/custom/msg/rosidl_typesupport_introspection_c__visibility_control.h
[3.888s] -- Installing: /home/student/lidar-ws/install/custom/lib/libcustom__rosidl_typesupport_introspection_c.so
[3.888s] -- Set runtime path of "/home/student/lidar-ws/install/custom/lib/libcustom__rosidl_typesupport_introspection_c.so" to ""
[3.888s] -- Installing: /home/student/lidar-ws/install/custom/lib/libcustom__rosidl_typesupport_c.so
[3.889s] -- Set runtime path of "/home/student/lidar-ws/install/custom/lib/libcustom__rosidl_typesupport_c.so" to ""
[3.889s] -- Up-to-date: /home/student/lidar-ws/install/custom/include/custom
[3.889s] -- Up-to-date: /home/student/lidar-ws/install/custom/include/custom/srv
[3.889s] -- Up-to-date: /home/student/lidar-ws/install/custom/include/custom/srv/detail
[3.889s] -- Installing: /home/student/lidar-ws/install/custom/include/custom/srv/detail/lidar_service__traits.hpp
[3.889s] -- Installing: /home/student/lidar-ws/install/custom/include/custom/srv/detail/lidar_service__struct.hpp
[3.889s] -- Installing: /home/student/lidar-ws/install/custom/include/custom/srv/detail/lidar_service__builder.hpp
[3.889s] -- Installing: /home/student/lidar-ws/install/custom/include/custom/srv/lidar_service.hpp
[3.889s] -- Up-to-date: /home/student/lidar-ws/install/custom/include/custom
[3.890s] -- Up-to-date: /home/student/lidar-ws/install/custom/include/custom/srv
[3.890s] -- Up-to-date: /home/student/lidar-ws/install/custom/include/custom/srv/detail
[3.890s] -- Installing: /home/student/lidar-ws/install/custom/include/custom/srv/detail/lidar_service__rosidl_typesupport_introspection_cpp.hpp
[3.890s] -- Installing: /home/student/lidar-ws/install/custom/include/custom/srv/detail/lidar_service__type_support.cpp
[3.890s] -- Installing: /home/student/lidar-ws/install/custom/lib/libcustom__rosidl_typesupport_introspection_cpp.so
[3.890s] -- Set runtime path of "/home/student/lidar-ws/install/custom/lib/libcustom__rosidl_typesupport_introspection_cpp.so" to ""
[3.890s] -- Installing: /home/student/lidar-ws/install/custom/lib/libcustom__rosidl_typesupport_cpp.so
[3.891s] -- Set runtime path of "/home/student/lidar-ws/install/custom/lib/libcustom__rosidl_typesupport_cpp.so" to ""
[3.891s] -- Installing: /home/student/lidar-ws/install/custom/share/custom/environment/pythonpath.sh
[3.891s] -- Installing: /home/student/lidar-ws/install/custom/share/custom/environment/pythonpath.dsv
[3.891s] -- Installing: /home/student/lidar-ws/install/custom/lib/python3.8/site-packages/custom/__init__.py
[3.931s] Compiling '/home/student/lidar-ws/install/custom/lib/python3.8/site-packages/custom/__init__.py'...
[3.936s] -- Installing: /home/student/lidar-ws/install/custom/lib/python3.8/site-packages/custom/srv
[3.936s] -- Installing: /home/student/lidar-ws/install/custom/lib/python3.8/site-packages/custom/srv/_lidar_service.py
[3.936s] -- Installing: /home/student/lidar-ws/install/custom/lib/python3.8/site-packages/custom/srv/_lidar_service_s.c
[3.936s] -- Installing: /home/student/lidar-ws/install/custom/lib/python3.8/site-packages/custom/srv/__init__.py
[3.936s] -- Installing: /home/student/lidar-ws/install/custom/lib/python3.8/site-packages/custom/custom_s__rosidl_typesupport_fastrtps_c.cpython-38-x86_64-linux-gnu.so
[3.937s] -- Set runtime path of "/home/student/lidar-ws/install/custom/lib/python3.8/site-packages/custom/custom_s__rosidl_typesupport_fastrtps_c.cpython-38-x86_64-linux-gnu.so" to ""
[3.937s] -- Installing: /home/student/lidar-ws/install/custom/lib/python3.8/site-packages/custom/custom_s__rosidl_typesupport_introspection_c.cpython-38-x86_64-linux-gnu.so
[3.938s] -- Set runtime path of "/home/student/lidar-ws/install/custom/lib/python3.8/site-packages/custom/custom_s__rosidl_typesupport_introspection_c.cpython-38-x86_64-linux-gnu.so" to ""
[3.938s] -- Installing: /home/student/lidar-ws/install/custom/lib/python3.8/site-packages/custom/custom_s__rosidl_typesupport_c.cpython-38-x86_64-linux-gnu.so
[3.939s] -- Set runtime path of "/home/student/lidar-ws/install/custom/lib/python3.8/site-packages/custom/custom_s__rosidl_typesupport_c.cpython-38-x86_64-linux-gnu.so" to ""
[3.939s] -- Installing: /home/student/lidar-ws/install/custom/lib/libcustom__python.so
[3.939s] -- Set runtime path of "/home/student/lidar-ws/install/custom/lib/libcustom__python.so" to ""
[3.939s] -- Installing: /home/student/lidar-ws/install/custom/share/custom/srv/LidarService.idl
[3.940s] -- Installing: /home/student/lidar-ws/install/custom/share/custom/srv/LidarService.srv
[3.940s] -- Installing: /home/student/lidar-ws/install/custom/share/custom/srv/LidarService_Request.msg
[3.940s] -- Installing: /home/student/lidar-ws/install/custom/share/custom/srv/LidarService_Response.msg
[3.940s] -- Installing: /home/student/lidar-ws/install/custom/share/ament_index/resource_index/package_run_dependencies/custom
[3.940s] -- Installing: /home/student/lidar-ws/install/custom/share/ament_index/resource_index/parent_prefix_path/custom
[3.941s] -- Installing: /home/student/lidar-ws/install/custom/share/custom/environment/ament_prefix_path.sh
[3.941s] -- Installing: /home/student/lidar-ws/install/custom/share/custom/environment/ament_prefix_path.dsv
[3.941s] -- Installing: /home/student/lidar-ws/install/custom/share/custom/environment/path.sh
[3.941s] -- Installing: /home/student/lidar-ws/install/custom/share/custom/environment/path.dsv
[3.942s] -- Installing: /home/student/lidar-ws/install/custom/share/custom/local_setup.bash
[3.942s] -- Installing: /home/student/lidar-ws/install/custom/share/custom/local_setup.sh
[3.942s] -- Installing: /home/student/lidar-ws/install/custom/share/custom/local_setup.zsh
[3.942s] -- Installing: /home/student/lidar-ws/install/custom/share/custom/local_setup.dsv
[3.942s] -- Installing: /home/student/lidar-ws/install/custom/share/custom/package.dsv
[3.943s] -- Installing: /home/student/lidar-ws/install/custom/share/ament_index/resource_index/packages/custom
[3.943s] -- Installing: /home/student/lidar-ws/install/custom/share/custom/cmake/custom__rosidl_generator_cExport.cmake
[3.943s] -- Installing: /home/student/lidar-ws/install/custom/share/custom/cmake/custom__rosidl_generator_cExport-noconfig.cmake
[3.943s] -- Installing: /home/student/lidar-ws/install/custom/share/custom/cmake/custom__rosidl_typesupport_introspection_cExport.cmake
[3.944s] -- Installing: /home/student/lidar-ws/install/custom/share/custom/cmake/custom__rosidl_typesupport_introspection_cExport-noconfig.cmake
[3.944s] -- Installing: /home/student/lidar-ws/install/custom/share/custom/cmake/custom__rosidl_typesupport_cExport.cmake
[3.944s] -- Installing: /home/student/lidar-ws/install/custom/share/custom/cmake/custom__rosidl_typesupport_cExport-noconfig.cmake
[3.945s] -- Installing: /home/student/lidar-ws/install/custom/share/custom/cmake/custom__rosidl_generator_cppExport.cmake
[3.945s] -- Installing: /home/student/lidar-ws/install/custom/share/custom/cmake/custom__rosidl_typesupport_introspection_cppExport.cmake
[3.945s] -- Installing: /home/student/lidar-ws/install/custom/share/custom/cmake/custom__rosidl_typesupport_introspection_cppExport-noconfig.cmake
[3.945s] -- Installing: /home/student/lidar-ws/install/custom/share/custom/cmake/custom__rosidl_typesupport_cppExport.cmake
[3.946s] -- Installing: /home/student/lidar-ws/install/custom/share/custom/cmake/custom__rosidl_typesupport_cppExport-noconfig.cmake
[3.946s] -- Installing: /home/student/lidar-ws/install/custom/share/custom/cmake/rosidl_cmake-extras.cmake
[3.946s] -- Installing: /home/student/lidar-ws/install/custom/share/custom/cmake/ament_cmake_export_dependencies-extras.cmake
[3.946s] -- Installing: /home/student/lidar-ws/install/custom/share/custom/cmake/ament_cmake_export_libraries-extras.cmake
[3.946s] -- Installing: /home/student/lidar-ws/install/custom/share/custom/cmake/ament_cmake_export_targets-extras.cmake
[3.946s] -- Installing: /home/student/lidar-ws/install/custom/share/custom/cmake/ament_cmake_export_include_directories-extras.cmake
[3.947s] -- Installing: /home/student/lidar-ws/install/custom/share/custom/cmake/rosidl_cmake_export_typesupport_libraries-extras.cmake
[3.947s] -- Installing: /home/student/lidar-ws/install/custom/share/custom/cmake/rosidl_cmake_export_typesupport_targets-extras.cmake
[3.947s] -- Installing: /home/student/lidar-ws/install/custom/share/custom/cmake/customConfig.cmake
[3.947s] -- Installing: /home/student/lidar-ws/install/custom/share/custom/cmake/customConfig-version.cmake
[3.947s] -- Installing: /home/student/lidar-ws/install/custom/share/custom/package.xml
[3.950s] Invoked command in '/home/student/lidar-ws/build/custom' returned '0': CMAKE_PREFIX_PATH=${CMAKE_PREFIX_PATH}:/home/student/ws/install/py_ctrl:/home/student/ws/install/case_scenes:/home/student/ia_ws/install/viz_static:/home/student/ia_ws/install/viz_interactive:/home/student/ia_ws/install/ur_setup:/home/student/ia_ws/install/tf_lookup:/home/student/ia_ws/install/tf_broadcast:/home/student/ia_ws/install/tf_scene:/home/student/ia_ws/install/gui_tools:/home/student/ia_ws/install/aruco_handler:/opt/ros/galactic /usr/bin/cmake --install /home/student/lidar-ws/build/custom
