[0.018s] Invoking command in '/home/student/lidar-ws/build/lidar_cpp': CMAKE_PREFIX_PATH=${CMAKE_PREFIX_PATH}:/home/student/ws/install/py_ctrl:/home/student/ws/install/case_scenes:/home/student/ia_ws/install/viz_static:/home/student/ia_ws/install/viz_interactive:/home/student/ia_ws/install/ur_setup:/home/student/ia_ws/install/tf_lookup:/home/student/ia_ws/install/tf_broadcast:/home/student/ia_ws/install/tf_scene:/home/student/ia_ws/install/gui_tools:/home/student/ia_ws/install/aruco_handler:/opt/ros/galactic /usr/bin/cmake --build /home/student/lidar-ws/build/lidar_cpp -- -j8 -l8
[0.062s] -- Found ament_cmake: 1.1.4 (/opt/ros/galactic/share/ament_cmake/cmake)
[0.094s] -- Found PythonInterp: /usr/bin/python3 (found suitable version "3.8.10", minimum required is "3") 
[0.094s] -- Using PYTHON_EXECUTABLE: /usr/bin/python3
[0.168s] -- Found rclcpp: 9.2.0 (/opt/ros/galactic/share/rclcpp/cmake)
[0.203s] -- Using all available rosidl_typesupport_c: rosidl_typesupport_fastrtps_c;rosidl_typesupport_introspection_c
[0.208s] -- Found rosidl_adapter: 2.2.1 (/opt/ros/galactic/share/rosidl_adapter/cmake)
[0.339s] -- Using all available rosidl_typesupport_cpp: rosidl_typesupport_fastrtps_cpp;rosidl_typesupport_introspection_cpp
[0.386s] -- Found rmw_implementation_cmake: 3.3.1 (/opt/ros/galactic/share/rmw_implementation_cmake/cmake)
[0.388s] -- Found rmw_cyclonedds_cpp: 0.22.3 (/opt/ros/galactic/share/rmw_cyclonedds_cpp/cmake)
[0.407s] -- Using RMW implementation 'rmw_cyclonedds_cpp' as default
[0.544s] -- Found sensor_msgs: 2.2.3 (/opt/ros/galactic/share/sensor_msgs/cmake)
[0.666s] -- Eigen found (include: /usr/include/eigen3, version: 3.3.7)
[0.757s] -- The imported target "vtkParseOGLExt" references the file
[0.757s]    "/usr/bin/vtkParseOGLExt-7.1"
[0.758s] but this file does not exist.  Possible reasons include:
[0.758s] * The file was deleted, renamed, or moved to another location.
[0.758s] * An install or uninstall procedure did not complete successfully.
[0.758s] * The installation package was faulty and contained
[0.758s]    "/usr/lib/cmake/vtk-7.1/VTKTargets.cmake"
[0.758s] but not all the files it references.
[0.758s] 
[0.758s] -- The imported target "vtkRenderingPythonTkWidgets" references the file
[0.758s]    "/usr/lib/x86_64-linux-gnu/libvtkRenderingPythonTkWidgets.so"
[0.758s] but this file does not exist.  Possible reasons include:
[0.759s] * The file was deleted, renamed, or moved to another location.
[0.759s] * An install or uninstall procedure did not complete successfully.
[0.759s] * The installation package was faulty and contained
[0.759s]    "/usr/lib/cmake/vtk-7.1/VTKTargets.cmake"
[0.759s] but not all the files it references.
[0.759s] 
[0.759s] -- The imported target "vtk" references the file
[0.759s]    "/usr/bin/vtk"
[0.759s] but this file does not exist.  Possible reasons include:
[0.759s] * The file was deleted, renamed, or moved to another location.
[0.759s] * An install or uninstall procedure did not complete successfully.
[0.759s] * The installation package was faulty and contained
[0.759s]    "/usr/lib/cmake/vtk-7.1/VTKTargets.cmake"
[0.759s] but not all the files it references.
[0.760s] 
[0.760s] -- The imported target "pvtk" references the file
[0.760s]    "/usr/bin/pvtk"
[0.760s] but this file does not exist.  Possible reasons include:
[0.760s] * The file was deleted, renamed, or moved to another location.
[0.760s] * An install or uninstall procedure did not complete successfully.
[0.760s] * The installation package was faulty and contained
[0.760s]    "/usr/lib/cmake/vtk-7.1/VTKTargets.cmake"
[0.760s] but not all the files it references.
[0.760s] 
[0.777s] -- Checking for module 'libusb-1.0'
[0.780s] --   No package 'libusb-1.0' found
[0.784s] -- Could NOT find USB_10 (missing: USB_10_LIBRARY USB_10_INCLUDE_DIR) 
[0.785s] -- OpenNI disabled because libusb-1.0 not found.
[0.785s] ** WARNING ** io features related to openni will be disabled
[0.789s] -- Checking for module 'libusb-1.0'
[0.792s] --   No package 'libusb-1.0' found
[0.796s] -- Could NOT find USB_10 (missing: USB_10_LIBRARY USB_10_INCLUDE_DIR) 
[0.796s] -- OpenNI 2 disabled because libusb-1.0 not found.
[0.797s] ** WARNING ** io features related to openni2 will be disabled
[0.797s] ** WARNING ** io features related to pcap will be disabled
[0.797s] ** WARNING ** io features related to png will be disabled
[0.816s] -- LIBUSB_1_LIBRARY (missing: LIBUSB_1_INCLUDE_DIR) 
[0.816s] ** WARNING ** io features related to libusb-1.0 will be disabled
[0.821s] -- Checking for module 'libusb-1.0'
[0.825s] --   No package 'libusb-1.0' found
[0.830s] -- Could NOT find USB_10 (missing: USB_10_LIBRARY USB_10_INCLUDE_DIR) 
[0.830s] -- OpenNI disabled because libusb-1.0 not found.
[0.831s] ** WARNING ** visualization features related to openni will be disabled
[0.835s] -- Checking for module 'libusb-1.0'
[0.839s] --   No package 'libusb-1.0' found
[0.844s] -- Could NOT find USB_10 (missing: USB_10_LIBRARY USB_10_INCLUDE_DIR) 
[0.844s] -- OpenNI 2 disabled because libusb-1.0 not found.
[0.845s] ** WARNING ** visualization features related to openni2 will be disabled
[0.859s] -- QHULL found (include: /usr/include, lib: optimized;/usr/lib/x86_64-linux-gnu/libqhull.so;debug;/usr/lib/x86_64-linux-gnu/libqhull.so)
[0.863s] -- Checking for module 'libusb-1.0'
[0.867s] --   No package 'libusb-1.0' found
[0.871s] -- Could NOT find USB_10 (missing: USB_10_LIBRARY USB_10_INCLUDE_DIR) 
[0.871s] -- OpenNI disabled because libusb-1.0 not found.
[0.871s] ** WARNING ** apps features related to openni will be disabled
[0.883s] -- looking for PCL_COMMON
[0.883s] -- looking for PCL_KDTREE
[0.884s] -- looking for PCL_OCTREE
[0.884s] -- looking for PCL_SEARCH
[0.885s] -- looking for PCL_SAMPLE_CONSENSUS
[0.885s] -- looking for PCL_FILTERS
[0.886s] -- looking for PCL_2D
[0.886s] -- looking for PCL_GEOMETRY
[0.887s] -- looking for PCL_IO
[0.887s] -- looking for PCL_FEATURES
[0.888s] -- looking for PCL_ML
[0.888s] -- looking for PCL_SEGMENTATION
[0.889s] -- looking for PCL_VISUALIZATION
[0.889s] -- looking for PCL_SURFACE
[0.890s] -- looking for PCL_REGISTRATION
[0.891s] -- looking for PCL_KEYPOINTS
[0.891s] -- looking for PCL_TRACKING
[0.892s] -- looking for PCL_RECOGNITION
[0.893s] -- looking for PCL_STEREO
[0.893s] -- looking for PCL_APPS
[0.895s] -- looking for PCL_IN_HAND_SCANNER
[0.895s] -- looking for PCL_POINT_CLOUD_EDITOR
[0.896s] -- looking for PCL_OUTOFCORE
[0.896s] -- looking for PCL_PEOPLE
[0.899s] -- Found rosidl_default_generators: 1.1.1 (/opt/ros/galactic/share/rosidl_default_generators/cmake)
[0.943s] -- Found PythonInterp: /usr/bin/python3 (found version "3.8.10") 
[1.079s] -- Found ament_cmake_ros: 0.9.2 (/opt/ros/galactic/share/ament_cmake_ros/cmake)
[1.190s] -- Using all available rosidl_typesupport_c: rosidl_typesupport_fastrtps_c;rosidl_typesupport_introspection_c
[1.199s] -- Using all available rosidl_typesupport_cpp: rosidl_typesupport_fastrtps_cpp;rosidl_typesupport_introspection_cpp
[1.233s] -- Found PythonInterp: /usr/bin/python3 (found suitable version "3.8.10", minimum required is "3.5") 
[1.233s] -- Found python_cmake_module: 0.8.1 (/opt/ros/galactic/share/python_cmake_module/cmake)
[1.261s] -- Using PYTHON_EXECUTABLE: /usr/bin/python3
[1.261s] -- Using PYTHON_INCLUDE_DIRS: /usr/include/python3.8
[1.261s] -- Using PYTHON_LIBRARIES: /usr/lib/x86_64-linux-gnu/libpython3.8.so
[1.290s] CMake Error at CMakeLists.txt:40 (install):
[1.291s]   install TARGETS given target "lidar" which does not exist.
[1.291s] 
[1.291s] 
[1.291s] -- Found ament_lint_auto: 0.10.6 (/opt/ros/galactic/share/ament_lint_auto/cmake)
[1.300s] -- Added test 'copyright' to check source files copyright and LICENSE
[1.301s] -- Added test 'cppcheck' to perform static code analysis on C / C++ code
[1.303s] -- Configured cppcheck include dirs: 
[1.303s] -- Configured cppcheck exclude dirs and/or files: 
[1.303s] -- Added test 'cpplint' to check C / C++ code against the Google style
[1.303s] -- Configured cpplint exclude dirs and/or files: 
[1.304s] -- Added test 'lint_cmake' to check CMake code style
[1.305s] -- Added test 'uncrustify' to check C / C++ code style
[1.305s] -- Configured uncrustify additional arguments: 
[1.305s] -- Added test 'xmllint' to check XML markup files
[1.311s] -- Configuring incomplete, errors occurred!
[1.311s] See also "/home/student/lidar-ws/build/lidar_cpp/CMakeFiles/CMakeOutput.log".
[1.311s] See also "/home/student/lidar-ws/build/lidar_cpp/CMakeFiles/CMakeError.log".
[1.323s] make: *** [Makefile:836: cmake_check_build_system] Error 1
[1.325s] Invoked command in '/home/student/lidar-ws/build/lidar_cpp' returned '2': CMAKE_PREFIX_PATH=${CMAKE_PREFIX_PATH}:/home/student/ws/install/py_ctrl:/home/student/ws/install/case_scenes:/home/student/ia_ws/install/viz_static:/home/student/ia_ws/install/viz_interactive:/home/student/ia_ws/install/ur_setup:/home/student/ia_ws/install/tf_lookup:/home/student/ia_ws/install/tf_broadcast:/home/student/ia_ws/install/tf_scene:/home/student/ia_ws/install/gui_tools:/home/student/ia_ws/install/aruco_handler:/opt/ros/galactic /usr/bin/cmake --build /home/student/lidar-ws/build/lidar_cpp -- -j8 -l8
