[0.016s] Invoking command in '/home/student/lidar-ws/build/custom': CMAKE_PREFIX_PATH=${CMAKE_PREFIX_PATH}:/home/student/ws/install/py_ctrl:/home/student/ws/install/case_scenes:/home/student/ia_ws/install/viz_static:/home/student/ia_ws/install/viz_interactive:/home/student/ia_ws/install/ur_setup:/home/student/ia_ws/install/tf_lookup:/home/student/ia_ws/install/tf_broadcast:/home/student/ia_ws/install/tf_scene:/home/student/ia_ws/install/gui_tools:/home/student/ia_ws/install/aruco_handler:/opt/ros/galactic /usr/bin/cmake --build /home/student/lidar-ws/build/custom -- -j8 -l8
[0.079s] [  3%] Built target custom__cpp
[0.079s] [ 12%] Built target custom__rosidl_generator_c
[0.101s] [ 32%] Built target custom__rosidl_typesupport_introspection_c
[0.102s] [ 32%] Built target custom__rosidl_typesupport_cpp
[0.103s] [ 41%] Built target custom__rosidl_typesupport_c
[0.106s] [ 51%] Built target custom__rosidl_typesupport_introspection_cpp
[0.113s] [ 61%] Built target custom__rosidl_typesupport_fastrtps_cpp
[0.146s] [ 70%] Built target custom__rosidl_typesupport_fastrtps_c
[0.170s] [ 70%] Built target custom
[0.194s] [ 74%] Built target custom__py
[0.229s] [ 80%] Built target custom__python
[0.256s] [100%] Built target custom__rosidl_typesupport_fastrtps_c__pyext
[0.256s] [100%] Built target custom__rosidl_typesupport_c__pyext
[0.256s] [100%] Built target custom__rosidl_typesupport_introspection_c__pyext
[0.267s] Invoked command in '/home/student/lidar-ws/build/custom' returned '0': CMAKE_PREFIX_PATH=${CMAKE_PREFIX_PATH}:/home/student/ws/install/py_ctrl:/home/student/ws/install/case_scenes:/home/student/ia_ws/install/viz_static:/home/student/ia_ws/install/viz_interactive:/home/student/ia_ws/install/ur_setup:/home/student/ia_ws/install/tf_lookup:/home/student/ia_ws/install/tf_broadcast:/home/student/ia_ws/install/tf_scene:/home/student/ia_ws/install/gui_tools:/home/student/ia_ws/install/aruco_handler:/opt/ros/galactic /usr/bin/cmake --build /home/student/lidar-ws/build/custom -- -j8 -l8
[0.344s] Invoking command in '/home/student/lidar-ws/build/custom': CMAKE_PREFIX_PATH=${CMAKE_PREFIX_PATH}:/home/student/ws/install/py_ctrl:/home/student/ws/install/case_scenes:/home/student/ia_ws/install/viz_static:/home/student/ia_ws/install/viz_interactive:/home/student/ia_ws/install/ur_setup:/home/student/ia_ws/install/tf_lookup:/home/student/ia_ws/install/tf_broadcast:/home/student/ia_ws/install/tf_scene:/home/student/ia_ws/install/gui_tools:/home/student/ia_ws/install/aruco_handler:/opt/ros/galactic /usr/bin/cmake --install /home/student/lidar-ws/build/custom
[0.355s] -- Install configuration: ""
[0.355s] -- Up-to-date: /home/student/lidar-ws/install/custom/share/ament_index/resource_index/rosidl_interfaces/custom
[0.355s] -- Up-to-date: /home/student/lidar-ws/install/custom/include/custom
[0.355s] -- Up-to-date: /home/student/lidar-ws/install/custom/include/custom/srv
[0.355s] -- Up-to-date: /home/student/lidar-ws/install/custom/include/custom/srv/lidar_service.h
[0.355s] -- Up-to-date: /home/student/lidar-ws/install/custom/include/custom/srv/detail
[0.355s] -- Up-to-date: /home/student/lidar-ws/install/custom/include/custom/srv/detail/lidar_service__functions.h
[0.356s] -- Up-to-date: /home/student/lidar-ws/install/custom/include/custom/srv/detail/lidar_service__functions.c
[0.356s] -- Up-to-date: /home/student/lidar-ws/install/custom/include/custom/srv/detail/lidar_service__struct.h
[0.356s] -- Up-to-date: /home/student/lidar-ws/install/custom/include/custom/srv/detail/lidar_service__type_support.h
[0.356s] -- Up-to-date: /home/student/lidar-ws/install/custom/include/custom/msg
[0.356s] -- Up-to-date: /home/student/lidar-ws/install/custom/include/custom/msg/rosidl_generator_c__visibility_control.h
[0.356s] -- Up-to-date: /home/student/lidar-ws/install/custom/share/custom/environment/library_path.sh
[0.356s] -- Up-to-date: /home/student/lidar-ws/install/custom/share/custom/environment/library_path.dsv
[0.356s] -- Up-to-date: /home/student/lidar-ws/install/custom/lib/libcustom__rosidl_generator_c.so
[0.356s] -- Up-to-date: /home/student/lidar-ws/install/custom/include/custom
[0.356s] -- Up-to-date: /home/student/lidar-ws/install/custom/include/custom/srv
[0.356s] -- Up-to-date: /home/student/lidar-ws/install/custom/include/custom/srv/detail
[0.357s] -- Up-to-date: /home/student/lidar-ws/install/custom/include/custom/srv/detail/lidar_service__rosidl_typesupport_fastrtps_c.h
[0.357s] -- Up-to-date: /home/student/lidar-ws/install/custom/include/custom/msg
[0.357s] -- Up-to-date: /home/student/lidar-ws/install/custom/include/custom/msg/rosidl_typesupport_fastrtps_c__visibility_control.h
[0.357s] -- Up-to-date: /home/student/lidar-ws/install/custom/lib/libcustom__rosidl_typesupport_fastrtps_c.so
[0.357s] -- Up-to-date: /home/student/lidar-ws/install/custom/include/custom
[0.357s] -- Up-to-date: /home/student/lidar-ws/install/custom/include/custom/srv
[0.357s] -- Up-to-date: /home/student/lidar-ws/install/custom/include/custom/srv/detail
[0.357s] -- Up-to-date: /home/student/lidar-ws/install/custom/include/custom/srv/detail/lidar_service__rosidl_typesupport_fastrtps_cpp.hpp
[0.357s] -- Up-to-date: /home/student/lidar-ws/install/custom/include/custom/srv/detail/dds_fastrtps
[0.357s] -- Up-to-date: /home/student/lidar-ws/install/custom/include/custom/msg
[0.357s] -- Up-to-date: /home/student/lidar-ws/install/custom/include/custom/msg/rosidl_typesupport_fastrtps_cpp__visibility_control.h
[0.358s] -- Up-to-date: /home/student/lidar-ws/install/custom/lib/libcustom__rosidl_typesupport_fastrtps_cpp.so
[0.358s] -- Up-to-date: /home/student/lidar-ws/install/custom/include/custom
[0.358s] -- Up-to-date: /home/student/lidar-ws/install/custom/include/custom/srv
[0.358s] -- Up-to-date: /home/student/lidar-ws/install/custom/include/custom/srv/detail
[0.358s] -- Up-to-date: /home/student/lidar-ws/install/custom/include/custom/srv/detail/lidar_service__rosidl_typesupport_introspection_c.h
[0.358s] -- Up-to-date: /home/student/lidar-ws/install/custom/include/custom/srv/detail/lidar_service__type_support.c
[0.358s] -- Up-to-date: /home/student/lidar-ws/install/custom/include/custom/msg
[0.358s] -- Up-to-date: /home/student/lidar-ws/install/custom/include/custom/msg/rosidl_typesupport_introspection_c__visibility_control.h
[0.358s] -- Up-to-date: /home/student/lidar-ws/install/custom/lib/libcustom__rosidl_typesupport_introspection_c.so
[0.358s] -- Up-to-date: /home/student/lidar-ws/install/custom/lib/libcustom__rosidl_typesupport_c.so
[0.358s] -- Up-to-date: /home/student/lidar-ws/install/custom/include/custom
[0.359s] -- Up-to-date: /home/student/lidar-ws/install/custom/include/custom/srv
[0.359s] -- Up-to-date: /home/student/lidar-ws/install/custom/include/custom/srv/detail
[0.359s] -- Up-to-date: /home/student/lidar-ws/install/custom/include/custom/srv/detail/lidar_service__traits.hpp
[0.359s] -- Up-to-date: /home/student/lidar-ws/install/custom/include/custom/srv/detail/lidar_service__struct.hpp
[0.359s] -- Up-to-date: /home/student/lidar-ws/install/custom/include/custom/srv/detail/lidar_service__builder.hpp
[0.359s] -- Up-to-date: /home/student/lidar-ws/install/custom/include/custom/srv/lidar_service.hpp
[0.359s] -- Up-to-date: /home/student/lidar-ws/install/custom/include/custom
[0.359s] -- Up-to-date: /home/student/lidar-ws/install/custom/include/custom/srv
[0.359s] -- Up-to-date: /home/student/lidar-ws/install/custom/include/custom/srv/detail
[0.359s] -- Up-to-date: /home/student/lidar-ws/install/custom/include/custom/srv/detail/lidar_service__rosidl_typesupport_introspection_cpp.hpp
[0.359s] -- Up-to-date: /home/student/lidar-ws/install/custom/include/custom/srv/detail/lidar_service__type_support.cpp
[0.359s] -- Up-to-date: /home/student/lidar-ws/install/custom/lib/libcustom__rosidl_typesupport_introspection_cpp.so
[0.359s] -- Up-to-date: /home/student/lidar-ws/install/custom/lib/libcustom__rosidl_typesupport_cpp.so
[0.360s] -- Up-to-date: /home/student/lidar-ws/install/custom/share/custom/environment/pythonpath.sh
[0.360s] -- Up-to-date: /home/student/lidar-ws/install/custom/share/custom/environment/pythonpath.dsv
[0.360s] -- Up-to-date: /home/student/lidar-ws/install/custom/lib/python3.8/site-packages/custom/__init__.py
[0.398s] -- Up-to-date: /home/student/lidar-ws/install/custom/lib/python3.8/site-packages/custom/srv
[0.398s] -- Up-to-date: /home/student/lidar-ws/install/custom/lib/python3.8/site-packages/custom/srv/_lidar_service.py
[0.398s] -- Up-to-date: /home/student/lidar-ws/install/custom/lib/python3.8/site-packages/custom/srv/_lidar_service_s.c
[0.398s] -- Up-to-date: /home/student/lidar-ws/install/custom/lib/python3.8/site-packages/custom/srv/__init__.py
[0.398s] -- Up-to-date: /home/student/lidar-ws/install/custom/lib/python3.8/site-packages/custom/custom_s__rosidl_typesupport_fastrtps_c.cpython-38-x86_64-linux-gnu.so
[0.399s] -- Up-to-date: /home/student/lidar-ws/install/custom/lib/python3.8/site-packages/custom/custom_s__rosidl_typesupport_introspection_c.cpython-38-x86_64-linux-gnu.so
[0.399s] -- Up-to-date: /home/student/lidar-ws/install/custom/lib/python3.8/site-packages/custom/custom_s__rosidl_typesupport_c.cpython-38-x86_64-linux-gnu.so
[0.400s] -- Up-to-date: /home/student/lidar-ws/install/custom/lib/libcustom__python.so
[0.400s] -- Up-to-date: /home/student/lidar-ws/install/custom/share/custom/srv/LidarService.idl
[0.400s] -- Up-to-date: /home/student/lidar-ws/install/custom/share/custom/srv/LidarService.srv
[0.400s] -- Up-to-date: /home/student/lidar-ws/install/custom/share/custom/srv/LidarService_Request.msg
[0.400s] -- Up-to-date: /home/student/lidar-ws/install/custom/share/custom/srv/LidarService_Response.msg
[0.401s] -- Up-to-date: /home/student/lidar-ws/install/custom/share/ament_index/resource_index/package_run_dependencies/custom
[0.401s] -- Up-to-date: /home/student/lidar-ws/install/custom/share/ament_index/resource_index/parent_prefix_path/custom
[0.401s] -- Up-to-date: /home/student/lidar-ws/install/custom/share/custom/environment/ament_prefix_path.sh
[0.401s] -- Up-to-date: /home/student/lidar-ws/install/custom/share/custom/environment/ament_prefix_path.dsv
[0.401s] -- Up-to-date: /home/student/lidar-ws/install/custom/share/custom/environment/path.sh
[0.401s] -- Up-to-date: /home/student/lidar-ws/install/custom/share/custom/environment/path.dsv
[0.401s] -- Up-to-date: /home/student/lidar-ws/install/custom/share/custom/local_setup.bash
[0.401s] -- Up-to-date: /home/student/lidar-ws/install/custom/share/custom/local_setup.sh
[0.402s] -- Up-to-date: /home/student/lidar-ws/install/custom/share/custom/local_setup.zsh
[0.402s] -- Up-to-date: /home/student/lidar-ws/install/custom/share/custom/local_setup.dsv
[0.402s] -- Installing: /home/student/lidar-ws/install/custom/share/custom/package.dsv
[0.402s] -- Up-to-date: /home/student/lidar-ws/install/custom/share/ament_index/resource_index/packages/custom
[0.402s] -- Up-to-date: /home/student/lidar-ws/install/custom/share/custom/cmake/custom__rosidl_generator_cExport.cmake
[0.402s] -- Up-to-date: /home/student/lidar-ws/install/custom/share/custom/cmake/custom__rosidl_generator_cExport-noconfig.cmake
[0.402s] -- Up-to-date: /home/student/lidar-ws/install/custom/share/custom/cmake/custom__rosidl_typesupport_introspection_cExport.cmake
[0.402s] -- Up-to-date: /home/student/lidar-ws/install/custom/share/custom/cmake/custom__rosidl_typesupport_introspection_cExport-noconfig.cmake
[0.403s] -- Up-to-date: /home/student/lidar-ws/install/custom/share/custom/cmake/custom__rosidl_typesupport_cExport.cmake
[0.403s] -- Up-to-date: /home/student/lidar-ws/install/custom/share/custom/cmake/custom__rosidl_typesupport_cExport-noconfig.cmake
[0.403s] -- Up-to-date: /home/student/lidar-ws/install/custom/share/custom/cmake/custom__rosidl_generator_cppExport.cmake
[0.403s] -- Up-to-date: /home/student/lidar-ws/install/custom/share/custom/cmake/custom__rosidl_typesupport_introspection_cppExport.cmake
[0.403s] -- Up-to-date: /home/student/lidar-ws/install/custom/share/custom/cmake/custom__rosidl_typesupport_introspection_cppExport-noconfig.cmake
[0.403s] -- Up-to-date: /home/student/lidar-ws/install/custom/share/custom/cmake/custom__rosidl_typesupport_cppExport.cmake
[0.403s] -- Up-to-date: /home/student/lidar-ws/install/custom/share/custom/cmake/custom__rosidl_typesupport_cppExport-noconfig.cmake
[0.403s] -- Up-to-date: /home/student/lidar-ws/install/custom/share/custom/cmake/rosidl_cmake-extras.cmake
[0.403s] -- Up-to-date: /home/student/lidar-ws/install/custom/share/custom/cmake/ament_cmake_export_dependencies-extras.cmake
[0.403s] -- Up-to-date: /home/student/lidar-ws/install/custom/share/custom/cmake/ament_cmake_export_libraries-extras.cmake
[0.404s] -- Up-to-date: /home/student/lidar-ws/install/custom/share/custom/cmake/ament_cmake_export_targets-extras.cmake
[0.404s] -- Up-to-date: /home/student/lidar-ws/install/custom/share/custom/cmake/ament_cmake_export_include_directories-extras.cmake
[0.404s] -- Up-to-date: /home/student/lidar-ws/install/custom/share/custom/cmake/rosidl_cmake_export_typesupport_libraries-extras.cmake
[0.404s] -- Up-to-date: /home/student/lidar-ws/install/custom/share/custom/cmake/rosidl_cmake_export_typesupport_targets-extras.cmake
[0.404s] -- Up-to-date: /home/student/lidar-ws/install/custom/share/custom/cmake/customConfig.cmake
[0.404s] -- Up-to-date: /home/student/lidar-ws/install/custom/share/custom/cmake/customConfig-version.cmake
[0.404s] -- Up-to-date: /home/student/lidar-ws/install/custom/share/custom/package.xml
[0.407s] Invoked command in '/home/student/lidar-ws/build/custom' returned '0': CMAKE_PREFIX_PATH=${CMAKE_PREFIX_PATH}:/home/student/ws/install/py_ctrl:/home/student/ws/install/case_scenes:/home/student/ia_ws/install/viz_static:/home/student/ia_ws/install/viz_interactive:/home/student/ia_ws/install/ur_setup:/home/student/ia_ws/install/tf_lookup:/home/student/ia_ws/install/tf_broadcast:/home/student/ia_ws/install/tf_scene:/home/student/ia_ws/install/gui_tools:/home/student/ia_ws/install/aruco_handler:/opt/ros/galactic /usr/bin/cmake --install /home/student/lidar-ws/build/custom
