[  2%] Built target lidar_cpp__cpp
[ 11%] Built target lidar_cpp__rosidl_generator_c
[ 14%] [32m[1mLinking CXX executable lidar_server[0m
[ 20%] Built target lidar
[ 37%] Built target lidar_cpp__rosidl_typesupport_cpp
[ 37%] Built target lidar_cpp__rosidl_typesupport_introspection_cpp
[ 45%] Built target lidar_cpp__rosidl_typesupport_fastrtps_cpp
[ 54%] Built target lidar_cpp__rosidl_typesupport_c
[ 62%] Built target lidar_cpp__rosidl_typesupport_introspection_c
[ 71%] Built target lidar_cpp__rosidl_typesupport_fastrtps_c
[ 71%] Built target lidar_cpp
[ 74%] Built target lidar_cpp__py
[ 80%] Built target lidar_cpp__python
[ 97%] Built target lidar_cpp__rosidl_typesupport_c__pyext
[ 97%] Built target lidar_cpp__rosidl_typesupport_fastrtps_c__pyext
[ 97%] Built target lidar_cpp__rosidl_typesupport_introspection_c__pyext
/usr/bin/ld: CMakeFiles/lidar_server.dir/src/lidar_server.cpp.o: in function `rclcpp::Service<lidar_cpp::srv::LidarService>::Service(std::shared_ptr<rcl_node_t>, std::__cxx11::basic_string<char, std::char_traits<char>, std::allocator<char> > const&, rclcpp::AnyServiceCallback<lidar_cpp::srv::LidarService>, rcl_service_options_t&)':
lidar_server.cpp:(.text._ZN6rclcpp7ServiceIN9lidar_cpp3srv12LidarServiceEEC2ESt10shared_ptrI10rcl_node_tERKNSt7__cxx1112basic_stringIcSt11char_traitsIcESaIcEEENS_18AnyServiceCallbackIS3_EER21rcl_service_options_t[_ZN6rclcpp7ServiceIN9lidar_cpp3srv12LidarServiceEEC5ESt10shared_ptrI10rcl_node_tERKNSt7__cxx1112basic_stringIcSt11char_traitsIcESaIcEEENS_18AnyServiceCallbackIS3_EER21rcl_service_options_t]+0xb4): undefined reference to `rosidl_service_type_support_t const* rosidl_typesupport_cpp::get_service_type_support_handle<lidar_cpp::srv::LidarService>()'
collect2: error: ld returned 1 exit status
make[2]: *** [CMakeFiles/lidar_server.dir/build.make:231: lidar_server] Error 1
make[1]: *** [CMakeFiles/Makefile2:125: CMakeFiles/lidar_server.dir/all] Error 2
make: *** [Makefile:141: all] Error 2
