[0.055s] Invoking command in '/home/student/lidar-ws/build/custom': CMAKE_PREFIX_PATH=${CMAKE_PREFIX_PATH}:/home/student/ws/install/py_ctrl:/home/student/ws/install/case_scenes:/home/student/ia_ws/install/viz_static:/home/student/ia_ws/install/viz_interactive:/home/student/ia_ws/install/ur_setup:/home/student/ia_ws/install/tf_lookup:/home/student/ia_ws/install/tf_broadcast:/home/student/ia_ws/install/tf_scene:/home/student/ia_ws/install/gui_tools:/home/student/ia_ws/install/aruco_handler:/opt/ros/galactic /usr/bin/cmake --build /home/student/lidar-ws/build/custom -- -j8 -l8
[0.055s] -- Found ament_cmake: 1.1.4 (/opt/ros/galactic/share/ament_cmake/cmake)
[0.083s] -- Found PythonInterp: /usr/bin/python3 (found suitable version "3.8.10", minimum required is "3") 
[0.083s] -- Using PYTHON_EXECUTABLE: /usr/bin/python3
[0.155s] -- Found rosidl_default_generators: 1.1.1 (/opt/ros/galactic/share/rosidl_default_generators/cmake)
[0.161s] -- Using all available rosidl_typesupport_c: rosidl_typesupport_fastrtps_c;rosidl_typesupport_introspection_c
[0.164s] -- Found rosidl_adapter: 2.2.1 (/opt/ros/galactic/share/rosidl_adapter/cmake)
[0.307s] -- Using all available rosidl_typesupport_cpp: rosidl_typesupport_fastrtps_cpp;rosidl_typesupport_introspection_cpp
[0.335s] -- Found sensor_msgs: 2.2.3 (/opt/ros/galactic/share/sensor_msgs/cmake)
[0.512s] -- Found PythonInterp: /usr/bin/python3 (found version "3.8.10") 
[0.713s] -- Found ament_cmake_ros: 0.9.2 (/opt/ros/galactic/share/ament_cmake_ros/cmake)
[1.053s] -- Using all available rosidl_typesupport_c: rosidl_typesupport_fastrtps_c;rosidl_typesupport_introspection_c
[1.216s] -- Using all available rosidl_typesupport_cpp: rosidl_typesupport_fastrtps_cpp;rosidl_typesupport_introspection_cpp
[1.253s] -- Found PythonInterp: /usr/bin/python3 (found suitable version "3.8.10", minimum required is "3.5") 
[1.253s] -- Found python_cmake_module: 0.8.1 (/opt/ros/galactic/share/python_cmake_module/cmake)
[1.283s] -- Using PYTHON_EXECUTABLE: /usr/bin/python3
[1.283s] -- Using PYTHON_INCLUDE_DIRS: /usr/include/python3.8
[1.283s] -- Using PYTHON_LIBRARIES: /usr/lib/x86_64-linux-gnu/libpython3.8.so
[1.373s] -- Found ament_lint_auto: 0.10.6 (/opt/ros/galactic/share/ament_lint_auto/cmake)
[1.382s] -- Added test 'copyright' to check source files copyright and LICENSE
[1.384s] -- Added test 'lint_cmake' to check CMake code style
[1.385s] -- Added test 'xmllint' to check XML markup files
[1.388s] -- Configuring done
[1.457s] -- Generating done
[1.461s] -- Build files have been written to: /home/student/lidar-ws/build/custom
[1.500s] [  3%] Built target custom__cpp
[1.501s] [  6%] [32m[1mLinking C shared library libcustom__rosidl_generator_c.so[0m
[1.529s] [  9%] [32m[1mLinking CXX shared library libcustom__rosidl_typesupport_cpp.so[0m
[1.533s] [ 12%] [32m[1mLinking CXX shared library libcustom__rosidl_typesupport_introspection_cpp.so[0m
[1.533s] [ 16%] [32m[1mLinking CXX shared library libcustom__rosidl_typesupport_fastrtps_cpp.so[0m
[1.546s] [ 22%] Built target custom__rosidl_generator_c
[1.575s] [ 25%] [32m[1mLinking CXX shared library libcustom__rosidl_typesupport_c.so[0m
[1.580s] [ 35%] [32m[1mLinking C shared library libcustom__rosidl_typesupport_introspection_c.so[0m
[1.580s] [ 35%] Built target custom__rosidl_typesupport_cpp
[1.617s] [ 41%] Built target custom__rosidl_typesupport_introspection_cpp
[1.625s] [ 48%] Built target custom__rosidl_typesupport_introspection_c
[1.634s] [ 54%] Built target custom__rosidl_typesupport_c
[1.652s] [ 61%] Built target custom__rosidl_typesupport_fastrtps_cpp
[1.666s] [35m[1mScanning dependencies of target custom__rosidl_typesupport_fastrtps_c[0m
[1.683s] [ 64%] [32mBuilding CXX object CMakeFiles/custom__rosidl_typesupport_fastrtps_c.dir/rosidl_typesupport_fastrtps_c/custom/srv/detail/lidar_service__type_support_c.cpp.o[0m
[2.013s] [ 67%] [32m[1mLinking CXX shared library libcustom__rosidl_typesupport_fastrtps_c.so[0m
[2.107s] [ 70%] Built target custom__rosidl_typesupport_fastrtps_c
[2.133s] [ 70%] Built target custom
[2.160s] [ 74%] Built target custom__py
[2.190s] [ 77%] [32m[1mLinking C shared library rosidl_generator_py/custom/libcustom__python.so[0m
[2.249s] [ 80%] Built target custom__python
[2.261s] [35m[1mScanning dependencies of target custom__rosidl_typesupport_fastrtps_c__pyext[0m
[2.274s] [ 83%] [32mBuilding C object CMakeFiles/custom__rosidl_typesupport_fastrtps_c__pyext.dir/rosidl_generator_py/custom/_custom_s.ep.rosidl_typesupport_fastrtps_c.c.o[0m
[2.275s] [ 90%] [32m[1mLinking C shared library rosidl_generator_py/custom/custom_s__rosidl_typesupport_introspection_c.cpython-38-x86_64-linux-gnu.so[0m
[2.275s] [ 90%] [32m[1mLinking C shared library rosidl_generator_py/custom/custom_s__rosidl_typesupport_c.cpython-38-x86_64-linux-gnu.so[0m
[2.323s] [ 96%] Built target custom__rosidl_typesupport_introspection_c__pyext
[2.323s] [ 96%] Built target custom__rosidl_typesupport_c__pyext
[2.367s] [100%] [32m[1mLinking CXX shared library rosidl_generator_py/custom/custom_s__rosidl_typesupport_fastrtps_c.cpython-38-x86_64-linux-gnu.so[0m
[2.446s] [100%] Built target custom__rosidl_typesupport_fastrtps_c__pyext
[2.459s] Invoked command in '/home/student/lidar-ws/build/custom' returned '0': CMAKE_PREFIX_PATH=${CMAKE_PREFIX_PATH}:/home/student/ws/install/py_ctrl:/home/student/ws/install/case_scenes:/home/student/ia_ws/install/viz_static:/home/student/ia_ws/install/viz_interactive:/home/student/ia_ws/install/ur_setup:/home/student/ia_ws/install/tf_lookup:/home/student/ia_ws/install/tf_broadcast:/home/student/ia_ws/install/tf_scene:/home/student/ia_ws/install/gui_tools:/home/student/ia_ws/install/aruco_handler:/opt/ros/galactic /usr/bin/cmake --build /home/student/lidar-ws/build/custom -- -j8 -l8
[2.535s] Invoking command in '/home/student/lidar-ws/build/custom': CMAKE_PREFIX_PATH=${CMAKE_PREFIX_PATH}:/home/student/ws/install/py_ctrl:/home/student/ws/install/case_scenes:/home/student/ia_ws/install/viz_static:/home/student/ia_ws/install/viz_interactive:/home/student/ia_ws/install/ur_setup:/home/student/ia_ws/install/tf_lookup:/home/student/ia_ws/install/tf_broadcast:/home/student/ia_ws/install/tf_scene:/home/student/ia_ws/install/gui_tools:/home/student/ia_ws/install/aruco_handler:/opt/ros/galactic /usr/bin/cmake --install /home/student/lidar-ws/build/custom
[2.546s] -- Install configuration: ""
[2.547s] -- Up-to-date: /home/student/lidar-ws/install/custom/share/ament_index/resource_index/rosidl_interfaces/custom
[2.547s] -- Up-to-date: /home/student/lidar-ws/install/custom/include/custom
[2.547s] -- Up-to-date: /home/student/lidar-ws/install/custom/include/custom/srv
[2.547s] -- Up-to-date: /home/student/lidar-ws/install/custom/include/custom/srv/lidar_service.h
[2.547s] -- Up-to-date: /home/student/lidar-ws/install/custom/include/custom/srv/detail
[2.547s] -- Up-to-date: /home/student/lidar-ws/install/custom/include/custom/srv/detail/lidar_service__functions.h
[2.547s] -- Up-to-date: /home/student/lidar-ws/install/custom/include/custom/srv/detail/lidar_service__functions.c
[2.548s] -- Up-to-date: /home/student/lidar-ws/install/custom/include/custom/srv/detail/lidar_service__struct.h
[2.548s] -- Up-to-date: /home/student/lidar-ws/install/custom/include/custom/srv/detail/lidar_service__type_support.h
[2.548s] -- Up-to-date: /home/student/lidar-ws/install/custom/include/custom/msg
[2.548s] -- Up-to-date: /home/student/lidar-ws/install/custom/include/custom/msg/rosidl_generator_c__visibility_control.h
[2.548s] -- Up-to-date: /home/student/lidar-ws/install/custom/share/custom/environment/library_path.sh
[2.548s] -- Installing: /home/student/lidar-ws/install/custom/share/custom/environment/library_path.dsv
[2.548s] -- Installing: /home/student/lidar-ws/install/custom/lib/libcustom__rosidl_generator_c.so
[2.549s] -- Set runtime path of "/home/student/lidar-ws/install/custom/lib/libcustom__rosidl_generator_c.so" to ""
[2.549s] -- Up-to-date: /home/student/lidar-ws/install/custom/include/custom
[2.549s] -- Up-to-date: /home/student/lidar-ws/install/custom/include/custom/srv
[2.549s] -- Up-to-date: /home/student/lidar-ws/install/custom/include/custom/srv/detail
[2.549s] -- Up-to-date: /home/student/lidar-ws/install/custom/include/custom/srv/detail/lidar_service__rosidl_typesupport_fastrtps_c.h
[2.549s] -- Up-to-date: /home/student/lidar-ws/install/custom/include/custom/msg
[2.549s] -- Up-to-date: /home/student/lidar-ws/install/custom/include/custom/msg/rosidl_typesupport_fastrtps_c__visibility_control.h
[2.549s] -- Installing: /home/student/lidar-ws/install/custom/lib/libcustom__rosidl_typesupport_fastrtps_c.so
[2.550s] -- Set runtime path of "/home/student/lidar-ws/install/custom/lib/libcustom__rosidl_typesupport_fastrtps_c.so" to ""
[2.550s] -- Up-to-date: /home/student/lidar-ws/install/custom/include/custom
[2.550s] -- Up-to-date: /home/student/lidar-ws/install/custom/include/custom/srv
[2.550s] -- Up-to-date: /home/student/lidar-ws/install/custom/include/custom/srv/detail
[2.550s] -- Up-to-date: /home/student/lidar-ws/install/custom/include/custom/srv/detail/lidar_service__rosidl_typesupport_fastrtps_cpp.hpp
[2.550s] -- Up-to-date: /home/student/lidar-ws/install/custom/include/custom/srv/detail/dds_fastrtps
[2.550s] -- Up-to-date: /home/student/lidar-ws/install/custom/include/custom/msg
[2.550s] -- Up-to-date: /home/student/lidar-ws/install/custom/include/custom/msg/rosidl_typesupport_fastrtps_cpp__visibility_control.h
[2.550s] -- Installing: /home/student/lidar-ws/install/custom/lib/libcustom__rosidl_typesupport_fastrtps_cpp.so
[2.551s] -- Set runtime path of "/home/student/lidar-ws/install/custom/lib/libcustom__rosidl_typesupport_fastrtps_cpp.so" to ""
[2.551s] -- Up-to-date: /home/student/lidar-ws/install/custom/include/custom
[2.551s] -- Up-to-date: /home/student/lidar-ws/install/custom/include/custom/srv
[2.551s] -- Up-to-date: /home/student/lidar-ws/install/custom/include/custom/srv/detail
[2.551s] -- Up-to-date: /home/student/lidar-ws/install/custom/include/custom/srv/detail/lidar_service__rosidl_typesupport_introspection_c.h
[2.552s] -- Up-to-date: /home/student/lidar-ws/install/custom/include/custom/srv/detail/lidar_service__type_support.c
[2.552s] -- Up-to-date: /home/student/lidar-ws/install/custom/include/custom/msg
[2.552s] -- Up-to-date: /home/student/lidar-ws/install/custom/include/custom/msg/rosidl_typesupport_introspection_c__visibility_control.h
[2.552s] -- Installing: /home/student/lidar-ws/install/custom/lib/libcustom__rosidl_typesupport_introspection_c.so
[2.552s] -- Set runtime path of "/home/student/lidar-ws/install/custom/lib/libcustom__rosidl_typesupport_introspection_c.so" to ""
[2.552s] -- Installing: /home/student/lidar-ws/install/custom/lib/libcustom__rosidl_typesupport_c.so
[2.553s] -- Set runtime path of "/home/student/lidar-ws/install/custom/lib/libcustom__rosidl_typesupport_c.so" to ""
[2.553s] -- Up-to-date: /home/student/lidar-ws/install/custom/include/custom
[2.553s] -- Up-to-date: /home/student/lidar-ws/install/custom/include/custom/srv
[2.553s] -- Up-to-date: /home/student/lidar-ws/install/custom/include/custom/srv/detail
[2.553s] -- Up-to-date: /home/student/lidar-ws/install/custom/include/custom/srv/detail/lidar_service__traits.hpp
[2.553s] -- Up-to-date: /home/student/lidar-ws/install/custom/include/custom/srv/detail/lidar_service__struct.hpp
[2.553s] -- Up-to-date: /home/student/lidar-ws/install/custom/include/custom/srv/detail/lidar_service__builder.hpp
[2.553s] -- Up-to-date: /home/student/lidar-ws/install/custom/include/custom/srv/lidar_service.hpp
[2.553s] -- Up-to-date: /home/student/lidar-ws/install/custom/include/custom
[2.553s] -- Up-to-date: /home/student/lidar-ws/install/custom/include/custom/srv
[2.554s] -- Up-to-date: /home/student/lidar-ws/install/custom/include/custom/srv/detail
[2.554s] -- Up-to-date: /home/student/lidar-ws/install/custom/include/custom/srv/detail/lidar_service__rosidl_typesupport_introspection_cpp.hpp
[2.554s] -- Up-to-date: /home/student/lidar-ws/install/custom/include/custom/srv/detail/lidar_service__type_support.cpp
[2.554s] -- Installing: /home/student/lidar-ws/install/custom/lib/libcustom__rosidl_typesupport_introspection_cpp.so
[2.554s] -- Set runtime path of "/home/student/lidar-ws/install/custom/lib/libcustom__rosidl_typesupport_introspection_cpp.so" to ""
[2.554s] -- Installing: /home/student/lidar-ws/install/custom/lib/libcustom__rosidl_typesupport_cpp.so
[2.555s] -- Set runtime path of "/home/student/lidar-ws/install/custom/lib/libcustom__rosidl_typesupport_cpp.so" to ""
[2.555s] -- Up-to-date: /home/student/lidar-ws/install/custom/share/custom/environment/pythonpath.sh
[2.555s] -- Installing: /home/student/lidar-ws/install/custom/share/custom/environment/pythonpath.dsv
[2.555s] -- Installing: /home/student/lidar-ws/install/custom/lib/python3.8/site-packages/custom/__init__.py
[2.590s] Compiling '/home/student/lidar-ws/install/custom/lib/python3.8/site-packages/custom/__init__.py'...
[2.594s] -- Up-to-date: /home/student/lidar-ws/install/custom/lib/python3.8/site-packages/custom/srv
[2.594s] -- Up-to-date: /home/student/lidar-ws/install/custom/lib/python3.8/site-packages/custom/srv/_lidar_service.py
[2.594s] -- Up-to-date: /home/student/lidar-ws/install/custom/lib/python3.8/site-packages/custom/srv/_lidar_service_s.c
[2.594s] -- Up-to-date: /home/student/lidar-ws/install/custom/lib/python3.8/site-packages/custom/srv/__init__.py
[2.594s] -- Installing: /home/student/lidar-ws/install/custom/lib/python3.8/site-packages/custom/custom_s__rosidl_typesupport_fastrtps_c.cpython-38-x86_64-linux-gnu.so
[2.595s] -- Set runtime path of "/home/student/lidar-ws/install/custom/lib/python3.8/site-packages/custom/custom_s__rosidl_typesupport_fastrtps_c.cpython-38-x86_64-linux-gnu.so" to ""
[2.595s] -- Installing: /home/student/lidar-ws/install/custom/lib/python3.8/site-packages/custom/custom_s__rosidl_typesupport_introspection_c.cpython-38-x86_64-linux-gnu.so
[2.596s] -- Set runtime path of "/home/student/lidar-ws/install/custom/lib/python3.8/site-packages/custom/custom_s__rosidl_typesupport_introspection_c.cpython-38-x86_64-linux-gnu.so" to ""
[2.596s] -- Installing: /home/student/lidar-ws/install/custom/lib/python3.8/site-packages/custom/custom_s__rosidl_typesupport_c.cpython-38-x86_64-linux-gnu.so
[2.597s] -- Set runtime path of "/home/student/lidar-ws/install/custom/lib/python3.8/site-packages/custom/custom_s__rosidl_typesupport_c.cpython-38-x86_64-linux-gnu.so" to ""
[2.597s] -- Installing: /home/student/lidar-ws/install/custom/lib/libcustom__python.so
[2.598s] -- Set runtime path of "/home/student/lidar-ws/install/custom/lib/libcustom__python.so" to ""
[2.598s] -- Up-to-date: /home/student/lidar-ws/install/custom/share/custom/srv/LidarService.idl
[2.598s] -- Up-to-date: /home/student/lidar-ws/install/custom/share/custom/srv/LidarService.srv
[2.598s] -- Up-to-date: /home/student/lidar-ws/install/custom/share/custom/srv/LidarService_Request.msg
[2.598s] -- Up-to-date: /home/student/lidar-ws/install/custom/share/custom/srv/LidarService_Response.msg
[2.598s] -- Up-to-date: /home/student/lidar-ws/install/custom/share/ament_index/resource_index/package_run_dependencies/custom
[2.598s] -- Up-to-date: /home/student/lidar-ws/install/custom/share/ament_index/resource_index/parent_prefix_path/custom
[2.598s] -- Up-to-date: /home/student/lidar-ws/install/custom/share/custom/environment/ament_prefix_path.sh
[2.598s] -- Installing: /home/student/lidar-ws/install/custom/share/custom/environment/ament_prefix_path.dsv
[2.599s] -- Up-to-date: /home/student/lidar-ws/install/custom/share/custom/environment/path.sh
[2.599s] -- Installing: /home/student/lidar-ws/install/custom/share/custom/environment/path.dsv
[2.599s] -- Up-to-date: /home/student/lidar-ws/install/custom/share/custom/local_setup.bash
[2.599s] -- Up-to-date: /home/student/lidar-ws/install/custom/share/custom/local_setup.sh
[2.599s] -- Up-to-date: /home/student/lidar-ws/install/custom/share/custom/local_setup.zsh
[2.599s] -- Installing: /home/student/lidar-ws/install/custom/share/custom/local_setup.dsv
[2.599s] -- Installing: /home/student/lidar-ws/install/custom/share/custom/package.dsv
[2.599s] -- Up-to-date: /home/student/lidar-ws/install/custom/share/ament_index/resource_index/packages/custom
[2.599s] -- Old export file "/home/student/lidar-ws/install/custom/share/custom/cmake/custom__rosidl_generator_cExport.cmake" will be replaced.  Removing files [/home/student/lidar-ws/install/custom/share/custom/cmake/custom__rosidl_generator_cExport-noconfig.cmake].
[2.599s] -- Installing: /home/student/lidar-ws/install/custom/share/custom/cmake/custom__rosidl_generator_cExport.cmake
[2.599s] -- Installing: /home/student/lidar-ws/install/custom/share/custom/cmake/custom__rosidl_generator_cExport-noconfig.cmake
[2.600s] -- Old export file "/home/student/lidar-ws/install/custom/share/custom/cmake/custom__rosidl_typesupport_introspection_cExport.cmake" will be replaced.  Removing files [/home/student/lidar-ws/install/custom/share/custom/cmake/custom__rosidl_typesupport_introspection_cExport-noconfig.cmake].
[2.600s] -- Installing: /home/student/lidar-ws/install/custom/share/custom/cmake/custom__rosidl_typesupport_introspection_cExport.cmake
[2.600s] -- Installing: /home/student/lidar-ws/install/custom/share/custom/cmake/custom__rosidl_typesupport_introspection_cExport-noconfig.cmake
[2.600s] -- Old export file "/home/student/lidar-ws/install/custom/share/custom/cmake/custom__rosidl_typesupport_cExport.cmake" will be replaced.  Removing files [/home/student/lidar-ws/install/custom/share/custom/cmake/custom__rosidl_typesupport_cExport-noconfig.cmake].
[2.600s] -- Installing: /home/student/lidar-ws/install/custom/share/custom/cmake/custom__rosidl_typesupport_cExport.cmake
[2.600s] -- Installing: /home/student/lidar-ws/install/custom/share/custom/cmake/custom__rosidl_typesupport_cExport-noconfig.cmake
[2.601s] -- Installing: /home/student/lidar-ws/install/custom/share/custom/cmake/custom__rosidl_generator_cppExport.cmake
[2.601s] -- Old export file "/home/student/lidar-ws/install/custom/share/custom/cmake/custom__rosidl_typesupport_introspection_cppExport.cmake" will be replaced.  Removing files [/home/student/lidar-ws/install/custom/share/custom/cmake/custom__rosidl_typesupport_introspection_cppExport-noconfig.cmake].
[2.601s] -- Installing: /home/student/lidar-ws/install/custom/share/custom/cmake/custom__rosidl_typesupport_introspection_cppExport.cmake
[2.601s] -- Installing: /home/student/lidar-ws/install/custom/share/custom/cmake/custom__rosidl_typesupport_introspection_cppExport-noconfig.cmake
[2.602s] -- Old export file "/home/student/lidar-ws/install/custom/share/custom/cmake/custom__rosidl_typesupport_cppExport.cmake" will be replaced.  Removing files [/home/student/lidar-ws/install/custom/share/custom/cmake/custom__rosidl_typesupport_cppExport-noconfig.cmake].
[2.602s] -- Installing: /home/student/lidar-ws/install/custom/share/custom/cmake/custom__rosidl_typesupport_cppExport.cmake
[2.602s] -- Installing: /home/student/lidar-ws/install/custom/share/custom/cmake/custom__rosidl_typesupport_cppExport-noconfig.cmake
[2.602s] -- Up-to-date: /home/student/lidar-ws/install/custom/share/custom/cmake/rosidl_cmake-extras.cmake
[2.602s] -- Installing: /home/student/lidar-ws/install/custom/share/custom/cmake/ament_cmake_export_dependencies-extras.cmake
[2.602s] -- Up-to-date: /home/student/lidar-ws/install/custom/share/custom/cmake/ament_cmake_export_libraries-extras.cmake
[2.602s] -- Up-to-date: /home/student/lidar-ws/install/custom/share/custom/cmake/ament_cmake_export_targets-extras.cmake
[2.603s] -- Up-to-date: /home/student/lidar-ws/install/custom/share/custom/cmake/ament_cmake_export_include_directories-extras.cmake
[2.603s] -- Up-to-date: /home/student/lidar-ws/install/custom/share/custom/cmake/rosidl_cmake_export_typesupport_libraries-extras.cmake
[2.603s] -- Up-to-date: /home/student/lidar-ws/install/custom/share/custom/cmake/rosidl_cmake_export_typesupport_targets-extras.cmake
[2.603s] -- Up-to-date: /home/student/lidar-ws/install/custom/share/custom/cmake/customConfig.cmake
[2.603s] -- Up-to-date: /home/student/lidar-ws/install/custom/share/custom/cmake/customConfig-version.cmake
[2.603s] -- Up-to-date: /home/student/lidar-ws/install/custom/share/custom/package.xml
[2.606s] Invoked command in '/home/student/lidar-ws/build/custom' returned '0': CMAKE_PREFIX_PATH=${CMAKE_PREFIX_PATH}:/home/student/ws/install/py_ctrl:/home/student/ws/install/case_scenes:/home/student/ia_ws/install/viz_static:/home/student/ia_ws/install/viz_interactive:/home/student/ia_ws/install/ur_setup:/home/student/ia_ws/install/tf_lookup:/home/student/ia_ws/install/tf_broadcast:/home/student/ia_ws/install/tf_scene:/home/student/ia_ws/install/gui_tools:/home/student/ia_ws/install/aruco_handler:/opt/ros/galactic /usr/bin/cmake --install /home/student/lidar-ws/build/custom
