[0.352s] DEBUG:colcon:Command line arguments: ['/usr/bin/colcon', 'build']
[0.353s] DEBUG:colcon:Parsed command line arguments: Namespace(ament_cmake_args=None, base_paths=['.'], build_base='build', catkin_cmake_args=None, catkin_skip_building_tests=False, cmake_args=None, cmake_clean_cache=False, cmake_clean_first=False, cmake_force_configure=False, cmake_target=None, cmake_target_skip_unavailable=False, continue_on_error=False, event_handlers=None, executor='parallel', ignore_user_meta=False, install_base='install', log_base=None, log_level=None, main=<bound method BuildVerb.main of <colcon_core.verb.build.BuildVerb object at 0x7f29c9c827c0>>, merge_install=False, metas=['./colcon.meta'], packages_above=None, packages_above_and_dependencies=None, packages_above_depth=None, packages_end=None, packages_ignore=None, packages_ignore_regex=None, packages_select=None, packages_select_build_failed=False, packages_select_by_dep=None, packages_select_regex=None, packages_select_test_failures=False, packages_skip=None, packages_skip_build_finished=False, packages_skip_by_dep=None, packages_skip_regex=None, packages_skip_test_passed=False, packages_skip_up_to=None, packages_start=None, packages_up_to=None, packages_up_to_regex=None, parallel_workers=8, paths=None, symlink_install=False, test_result_base=None, verb_extension=<colcon_core.verb.build.BuildVerb object at 0x7f29c9c827c0>, verb_name='build', verb_parser=<colcon_defaults.argument_parser.defaults.DefaultArgumentsDecorator object at 0x7f29c94233d0>)
[0.358s] Level 1:colcon.colcon_core.package_discovery:discover_packages(colcon_meta) check parameters
[0.358s] Level 1:colcon.colcon_core.package_discovery:discover_packages(recursive) check parameters
[0.358s] Level 1:colcon.colcon_core.package_discovery:discover_packages(ignore) check parameters
[0.358s] Level 1:colcon.colcon_core.package_discovery:discover_packages(path) check parameters
[0.358s] Level 1:colcon.colcon_core.package_discovery:discover_packages(colcon_meta) discover
[0.358s] Level 1:colcon.colcon_core.package_discovery:discover_packages(recursive) discover
[0.358s] INFO:colcon.colcon_core.package_discovery:Crawling recursively for packages in '/home/student/lidar-ws'
[0.358s] Level 1:colcon.colcon_core.package_identification:_identify(.) by extensions ['ignore', 'ignore_ament_install']
[0.358s] Level 1:colcon.colcon_core.package_identification:_identify(.) by extension 'ignore'
[0.358s] Level 1:colcon.colcon_core.package_identification:_identify(.) by extension 'ignore_ament_install'
[0.358s] Level 1:colcon.colcon_core.package_identification:_identify(.) by extensions ['colcon_pkg']
[0.358s] Level 1:colcon.colcon_core.package_identification:_identify(.) by extension 'colcon_pkg'
[0.358s] Level 1:colcon.colcon_core.package_identification:_identify(.) by extensions ['colcon_meta']
[0.358s] Level 1:colcon.colcon_core.package_identification:_identify(.) by extension 'colcon_meta'
[0.358s] Level 1:colcon.colcon_core.package_identification:_identify(.) by extensions ['ros']
[0.358s] Level 1:colcon.colcon_core.package_identification:_identify(.) by extension 'ros'
[0.368s] Level 1:colcon.colcon_core.package_identification:_identify(.) by extensions ['cmake', 'python']
[0.368s] Level 1:colcon.colcon_core.package_identification:_identify(.) by extension 'cmake'
[0.368s] Level 1:colcon.colcon_core.package_identification:_identify(.) by extension 'python'
[0.369s] Level 1:colcon.colcon_core.package_identification:_identify(.) by extensions ['python_setup_py']
[0.369s] Level 1:colcon.colcon_core.package_identification:_identify(.) by extension 'python_setup_py'
[0.369s] Level 1:colcon.colcon_core.package_identification:_identify(build) by extensions ['ignore', 'ignore_ament_install']
[0.369s] Level 1:colcon.colcon_core.package_identification:_identify(build) by extension 'ignore'
[0.369s] Level 1:colcon.colcon_core.package_identification:_identify(build) ignored
[0.369s] Level 1:colcon.colcon_core.package_identification:_identify(install) by extensions ['ignore', 'ignore_ament_install']
[0.369s] Level 1:colcon.colcon_core.package_identification:_identify(install) by extension 'ignore'
[0.369s] Level 1:colcon.colcon_core.package_identification:_identify(install) ignored
[0.369s] Level 1:colcon.colcon_core.package_identification:_identify(log) by extensions ['ignore', 'ignore_ament_install']
[0.369s] Level 1:colcon.colcon_core.package_identification:_identify(log) by extension 'ignore'
[0.369s] Level 1:colcon.colcon_core.package_identification:_identify(log) ignored
[0.369s] Level 1:colcon.colcon_core.package_identification:_identify(src) by extensions ['ignore', 'ignore_ament_install']
[0.370s] Level 1:colcon.colcon_core.package_identification:_identify(src) by extension 'ignore'
[0.370s] Level 1:colcon.colcon_core.package_identification:_identify(src) by extension 'ignore_ament_install'
[0.370s] Level 1:colcon.colcon_core.package_identification:_identify(src) by extensions ['colcon_pkg']
[0.370s] Level 1:colcon.colcon_core.package_identification:_identify(src) by extension 'colcon_pkg'
[0.370s] Level 1:colcon.colcon_core.package_identification:_identify(src) by extensions ['colcon_meta']
[0.370s] Level 1:colcon.colcon_core.package_identification:_identify(src) by extension 'colcon_meta'
[0.370s] Level 1:colcon.colcon_core.package_identification:_identify(src) by extensions ['ros']
[0.370s] Level 1:colcon.colcon_core.package_identification:_identify(src) by extension 'ros'
[0.370s] Level 1:colcon.colcon_core.package_identification:_identify(src) by extensions ['cmake', 'python']
[0.370s] Level 1:colcon.colcon_core.package_identification:_identify(src) by extension 'cmake'
[0.370s] Level 1:colcon.colcon_core.package_identification:_identify(src) by extension 'python'
[0.370s] Level 1:colcon.colcon_core.package_identification:_identify(src) by extensions ['python_setup_py']
[0.370s] Level 1:colcon.colcon_core.package_identification:_identify(src) by extension 'python_setup_py'
[0.370s] Level 1:colcon.colcon_core.package_identification:_identify(src/custom) by extensions ['ignore', 'ignore_ament_install']
[0.370s] Level 1:colcon.colcon_core.package_identification:_identify(src/custom) by extension 'ignore'
[0.370s] Level 1:colcon.colcon_core.package_identification:_identify(src/custom) by extension 'ignore_ament_install'
[0.370s] Level 1:colcon.colcon_core.package_identification:_identify(src/custom) by extensions ['colcon_pkg']
[0.370s] Level 1:colcon.colcon_core.package_identification:_identify(src/custom) by extension 'colcon_pkg'
[0.370s] Level 1:colcon.colcon_core.package_identification:_identify(src/custom) by extensions ['colcon_meta']
[0.370s] Level 1:colcon.colcon_core.package_identification:_identify(src/custom) by extension 'colcon_meta'
[0.371s] Level 1:colcon.colcon_core.package_identification:_identify(src/custom) by extensions ['ros']
[0.371s] Level 1:colcon.colcon_core.package_identification:_identify(src/custom) by extension 'ros'
[0.372s] DEBUG:colcon.colcon_core.package_identification:Package 'src/custom' with type 'ros.ament_cmake' and name 'custom'
[0.373s] Level 1:colcon.colcon_core.package_identification:_identify(src/lidar_cpp) by extensions ['ignore', 'ignore_ament_install']
[0.373s] Level 1:colcon.colcon_core.package_identification:_identify(src/lidar_cpp) by extension 'ignore'
[0.373s] Level 1:colcon.colcon_core.package_identification:_identify(src/lidar_cpp) by extension 'ignore_ament_install'
[0.373s] Level 1:colcon.colcon_core.package_identification:_identify(src/lidar_cpp) by extensions ['colcon_pkg']
[0.373s] Level 1:colcon.colcon_core.package_identification:_identify(src/lidar_cpp) by extension 'colcon_pkg'
[0.373s] Level 1:colcon.colcon_core.package_identification:_identify(src/lidar_cpp) by extensions ['colcon_meta']
[0.373s] Level 1:colcon.colcon_core.package_identification:_identify(src/lidar_cpp) by extension 'colcon_meta'
[0.373s] Level 1:colcon.colcon_core.package_identification:_identify(src/lidar_cpp) by extensions ['ros']
[0.373s] Level 1:colcon.colcon_core.package_identification:_identify(src/lidar_cpp) by extension 'ros'
[0.374s] DEBUG:colcon.colcon_core.package_identification:Package 'src/lidar_cpp' with type 'ros.ament_cmake' and name 'lidar_cpp'
[0.374s] Level 1:colcon.colcon_core.package_discovery:discover_packages(recursive) using defaults
[0.374s] Level 1:colcon.colcon_core.package_discovery:discover_packages(ignore) discover
[0.374s] Level 1:colcon.colcon_core.package_discovery:discover_packages(ignore) using defaults
[0.374s] Level 1:colcon.colcon_core.package_discovery:discover_packages(path) discover
[0.374s] Level 1:colcon.colcon_core.package_discovery:discover_packages(path) using defaults
[0.410s] Level 5:colcon.colcon_core.verb:set package 'custom' build argument 'cmake_args' from command line to 'None'
[0.410s] Level 5:colcon.colcon_core.verb:set package 'custom' build argument 'cmake_target' from command line to 'None'
[0.410s] Level 5:colcon.colcon_core.verb:set package 'custom' build argument 'cmake_target_skip_unavailable' from command line to 'False'
[0.410s] Level 5:colcon.colcon_core.verb:set package 'custom' build argument 'cmake_clean_cache' from command line to 'False'
[0.410s] Level 5:colcon.colcon_core.verb:set package 'custom' build argument 'cmake_clean_first' from command line to 'False'
[0.410s] Level 5:colcon.colcon_core.verb:set package 'custom' build argument 'cmake_force_configure' from command line to 'False'
[0.410s] Level 5:colcon.colcon_core.verb:set package 'custom' build argument 'ament_cmake_args' from command line to 'None'
[0.410s] Level 5:colcon.colcon_core.verb:set package 'custom' build argument 'catkin_cmake_args' from command line to 'None'
[0.410s] Level 5:colcon.colcon_core.verb:set package 'custom' build argument 'catkin_skip_building_tests' from command line to 'False'
[0.410s] DEBUG:colcon.colcon_core.verb:Building package 'custom' with the following arguments: {'ament_cmake_args': None, 'build_base': '/home/student/lidar-ws/build/custom', 'catkin_cmake_args': None, 'catkin_skip_building_tests': False, 'cmake_args': None, 'cmake_clean_cache': False, 'cmake_clean_first': False, 'cmake_force_configure': False, 'cmake_target': None, 'cmake_target_skip_unavailable': False, 'install_base': '/home/student/lidar-ws/install/custom', 'merge_install': False, 'path': '/home/student/lidar-ws/src/custom', 'symlink_install': False, 'test_result_base': None}
[0.413s] Level 5:colcon.colcon_core.verb:set package 'lidar_cpp' build argument 'cmake_args' from command line to 'None'
[0.413s] Level 5:colcon.colcon_core.verb:set package 'lidar_cpp' build argument 'cmake_target' from command line to 'None'
[0.413s] Level 5:colcon.colcon_core.verb:set package 'lidar_cpp' build argument 'cmake_target_skip_unavailable' from command line to 'False'
[0.413s] Level 5:colcon.colcon_core.verb:set package 'lidar_cpp' build argument 'cmake_clean_cache' from command line to 'False'
[0.413s] Level 5:colcon.colcon_core.verb:set package 'lidar_cpp' build argument 'cmake_clean_first' from command line to 'False'
[0.413s] Level 5:colcon.colcon_core.verb:set package 'lidar_cpp' build argument 'cmake_force_configure' from command line to 'False'
[0.413s] Level 5:colcon.colcon_core.verb:set package 'lidar_cpp' build argument 'ament_cmake_args' from command line to 'None'
[0.413s] Level 5:colcon.colcon_core.verb:set package 'lidar_cpp' build argument 'catkin_cmake_args' from command line to 'None'
[0.413s] Level 5:colcon.colcon_core.verb:set package 'lidar_cpp' build argument 'catkin_skip_building_tests' from command line to 'False'
[0.413s] DEBUG:colcon.colcon_core.verb:Building package 'lidar_cpp' with the following arguments: {'ament_cmake_args': None, 'build_base': '/home/student/lidar-ws/build/lidar_cpp', 'catkin_cmake_args': None, 'catkin_skip_building_tests': False, 'cmake_args': None, 'cmake_clean_cache': False, 'cmake_clean_first': False, 'cmake_force_configure': False, 'cmake_target': None, 'cmake_target_skip_unavailable': False, 'install_base': '/home/student/lidar-ws/install/lidar_cpp', 'merge_install': False, 'path': '/home/student/lidar-ws/src/lidar_cpp', 'symlink_install': False, 'test_result_base': None}
[0.413s] INFO:colcon.colcon_core.executor:Executing jobs using 'parallel' executor
[0.415s] DEBUG:colcon.colcon_parallel_executor.executor.parallel:run_until_complete
[0.416s] INFO:colcon.colcon_ros.task.ament_cmake.build:Building ROS package in '/home/student/lidar-ws/src/custom' with build type 'ament_cmake'
[0.416s] INFO:colcon.colcon_cmake.task.cmake.build:Building CMake package in '/home/student/lidar-ws/src/custom'
[0.419s] INFO:colcon.colcon_core.plugin_system:Skipping extension 'colcon_core.shell.bat': Not used on non-Windows systems
[0.420s] INFO:colcon.colcon_core.shell:Skip shell extension 'powershell' for command environment: Not usable outside of PowerShell
[0.420s] DEBUG:colcon.colcon_core.shell:Skip shell extension 'dsv' for command environment
[0.422s] WARNING:colcon.colcon_ros.prefix_path.ament:The path '/home/student/lidar-ws/install/lidar_cpp' in the environment variable AMENT_PREFIX_PATH doesn't exist
[0.422s] WARNING:colcon.colcon_ros.prefix_path.ament:The path '/home/student/lidar-ws/install/custom' in the environment variable AMENT_PREFIX_PATH doesn't exist
[0.424s] WARNING:colcon.colcon_ros.prefix_path.catkin:The path '/home/student/lidar-ws/install/lidar_cpp' in the environment variable CMAKE_PREFIX_PATH doesn't exist
[0.424s] WARNING:colcon.colcon_ros.prefix_path.catkin:The path '/home/student/lidar-ws/install/custom' in the environment variable CMAKE_PREFIX_PATH doesn't exist
[0.425s] DEBUG:colcon.colcon_core.shell:Ignoring prefix path '/opt/ros/galactic'
[0.436s] DEBUG:colcon.colcon_core.event_handler.log_command:Invoking command in '/home/student/lidar-ws/build/custom': CMAKE_PREFIX_PATH=${CMAKE_PREFIX_PATH}:/home/student/ws/install/py_ctrl:/home/student/ws/install/case_scenes:/home/student/ia_ws/install/viz_static:/home/student/ia_ws/install/viz_interactive:/home/student/ia_ws/install/ur_setup:/home/student/ia_ws/install/tf_lookup:/home/student/ia_ws/install/tf_broadcast:/home/student/ia_ws/install/tf_scene:/home/student/ia_ws/install/gui_tools:/home/student/ia_ws/install/aruco_handler:/opt/ros/galactic /usr/bin/cmake /home/student/lidar-ws/src/custom -DCMAKE_INSTALL_PREFIX=/home/student/lidar-ws/install/custom
[2.177s] DEBUG:colcon.colcon_core.event_handler.log_command:Invoked command in '/home/student/lidar-ws/build/custom' returned '0': CMAKE_PREFIX_PATH=${CMAKE_PREFIX_PATH}:/home/student/ws/install/py_ctrl:/home/student/ws/install/case_scenes:/home/student/ia_ws/install/viz_static:/home/student/ia_ws/install/viz_interactive:/home/student/ia_ws/install/ur_setup:/home/student/ia_ws/install/tf_lookup:/home/student/ia_ws/install/tf_broadcast:/home/student/ia_ws/install/tf_scene:/home/student/ia_ws/install/gui_tools:/home/student/ia_ws/install/aruco_handler:/opt/ros/galactic /usr/bin/cmake /home/student/lidar-ws/src/custom -DCMAKE_INSTALL_PREFIX=/home/student/lidar-ws/install/custom
[2.180s] DEBUG:colcon.colcon_core.event_handler.log_command:Invoking command in '/home/student/lidar-ws/build/custom': CMAKE_PREFIX_PATH=${CMAKE_PREFIX_PATH}:/home/student/ws/install/py_ctrl:/home/student/ws/install/case_scenes:/home/student/ia_ws/install/viz_static:/home/student/ia_ws/install/viz_interactive:/home/student/ia_ws/install/ur_setup:/home/student/ia_ws/install/tf_lookup:/home/student/ia_ws/install/tf_broadcast:/home/student/ia_ws/install/tf_scene:/home/student/ia_ws/install/gui_tools:/home/student/ia_ws/install/aruco_handler:/opt/ros/galactic /usr/bin/cmake --build /home/student/lidar-ws/build/custom -- -j8 -l8
[5.090s] DEBUG:colcon.colcon_core.event_handler.log_command:Invoked command in '/home/student/lidar-ws/build/custom' returned '0': CMAKE_PREFIX_PATH=${CMAKE_PREFIX_PATH}:/home/student/ws/install/py_ctrl:/home/student/ws/install/case_scenes:/home/student/ia_ws/install/viz_static:/home/student/ia_ws/install/viz_interactive:/home/student/ia_ws/install/ur_setup:/home/student/ia_ws/install/tf_lookup:/home/student/ia_ws/install/tf_broadcast:/home/student/ia_ws/install/tf_scene:/home/student/ia_ws/install/gui_tools:/home/student/ia_ws/install/aruco_handler:/opt/ros/galactic /usr/bin/cmake --build /home/student/lidar-ws/build/custom -- -j8 -l8
[5.171s] DEBUG:colcon.colcon_core.event_handler.log_command:Invoking command in '/home/student/lidar-ws/build/custom': CMAKE_PREFIX_PATH=${CMAKE_PREFIX_PATH}:/home/student/ws/install/py_ctrl:/home/student/ws/install/case_scenes:/home/student/ia_ws/install/viz_static:/home/student/ia_ws/install/viz_interactive:/home/student/ia_ws/install/ur_setup:/home/student/ia_ws/install/tf_lookup:/home/student/ia_ws/install/tf_broadcast:/home/student/ia_ws/install/tf_scene:/home/student/ia_ws/install/gui_tools:/home/student/ia_ws/install/aruco_handler:/opt/ros/galactic /usr/bin/cmake --install /home/student/lidar-ws/build/custom
[5.243s] Level 1:colcon.colcon_core.environment:create_environment_scripts_only(custom)
[5.245s] DEBUG:colcon.colcon_core.event_handler.log_command:Invoked command in '/home/student/lidar-ws/build/custom' returned '0': CMAKE_PREFIX_PATH=${CMAKE_PREFIX_PATH}:/home/student/ws/install/py_ctrl:/home/student/ws/install/case_scenes:/home/student/ia_ws/install/viz_static:/home/student/ia_ws/install/viz_interactive:/home/student/ia_ws/install/ur_setup:/home/student/ia_ws/install/tf_lookup:/home/student/ia_ws/install/tf_broadcast:/home/student/ia_ws/install/tf_scene:/home/student/ia_ws/install/gui_tools:/home/student/ia_ws/install/aruco_handler:/opt/ros/galactic /usr/bin/cmake --install /home/student/lidar-ws/build/custom
[5.248s] Level 1:colcon.colcon_core.environment:checking '/home/student/lidar-ws/install/custom' for CMake module files
[5.248s] Level 1:colcon.colcon_core.environment:checking '/home/student/lidar-ws/install/custom' for CMake config files
[5.249s] Level 1:colcon.colcon_core.shell:create_environment_hook('custom', 'cmake_prefix_path')
[5.249s] INFO:colcon.colcon_core.shell:Creating environment hook '/home/student/lidar-ws/install/custom/share/custom/hook/cmake_prefix_path.ps1'
[5.250s] INFO:colcon.colcon_core.shell:Creating environment descriptor '/home/student/lidar-ws/install/custom/share/custom/hook/cmake_prefix_path.dsv'
[5.250s] INFO:colcon.colcon_core.shell:Creating environment hook '/home/student/lidar-ws/install/custom/share/custom/hook/cmake_prefix_path.sh'
[5.251s] Level 1:colcon.colcon_core.environment:checking '/home/student/lidar-ws/install/custom/lib'
[5.251s] Level 1:colcon.colcon_core.shell:create_environment_hook('custom', 'ld_library_path_lib')
[5.252s] INFO:colcon.colcon_core.shell:Creating environment hook '/home/student/lidar-ws/install/custom/share/custom/hook/ld_library_path_lib.ps1'
[5.253s] INFO:colcon.colcon_core.shell:Creating environment descriptor '/home/student/lidar-ws/install/custom/share/custom/hook/ld_library_path_lib.dsv'
[5.253s] INFO:colcon.colcon_core.shell:Creating environment hook '/home/student/lidar-ws/install/custom/share/custom/hook/ld_library_path_lib.sh'
[5.254s] Level 1:colcon.colcon_core.environment:checking '/home/student/lidar-ws/install/custom/bin'
[5.254s] Level 1:colcon.colcon_core.environment:checking '/home/student/lidar-ws/install/custom/lib/pkgconfig/custom.pc'
[5.254s] Level 1:colcon.colcon_core.environment:checking '/home/student/lidar-ws/install/custom/lib/python3.8/site-packages'
[5.254s] Level 1:colcon.colcon_core.shell:create_environment_hook('custom', 'pythonpath')
[5.255s] INFO:colcon.colcon_core.shell:Creating environment hook '/home/student/lidar-ws/install/custom/share/custom/hook/pythonpath.ps1'
[5.256s] INFO:colcon.colcon_core.shell:Creating environment descriptor '/home/student/lidar-ws/install/custom/share/custom/hook/pythonpath.dsv'
[5.256s] INFO:colcon.colcon_core.shell:Creating environment hook '/home/student/lidar-ws/install/custom/share/custom/hook/pythonpath.sh'
[5.257s] INFO:colcon.colcon_core.shell:Creating package script '/home/student/lidar-ws/install/custom/share/custom/package.ps1'
[5.258s] INFO:colcon.colcon_core.shell:Creating package descriptor '/home/student/lidar-ws/install/custom/share/custom/package.dsv'
[5.259s] INFO:colcon.colcon_core.shell:Creating package script '/home/student/lidar-ws/install/custom/share/custom/package.sh'
[5.260s] INFO:colcon.colcon_core.shell:Creating package script '/home/student/lidar-ws/install/custom/share/custom/package.bash'
[5.261s] INFO:colcon.colcon_core.shell:Creating package script '/home/student/lidar-ws/install/custom/share/custom/package.zsh'
[5.261s] Level 1:colcon.colcon_core.environment:create_file_with_runtime_dependencies(/home/student/lidar-ws/install/custom/share/colcon-core/packages/custom)
[5.320s] Level 1:colcon.colcon_core.environment:create_environment_scripts_only(custom)
[5.321s] Level 1:colcon.colcon_core.environment:checking '/home/student/lidar-ws/install/custom' for CMake module files
[5.322s] Level 1:colcon.colcon_core.environment:checking '/home/student/lidar-ws/install/custom' for CMake config files
[5.323s] Level 1:colcon.colcon_core.shell:create_environment_hook('custom', 'cmake_prefix_path')
[5.323s] INFO:colcon.colcon_core.shell:Creating environment hook '/home/student/lidar-ws/install/custom/share/custom/hook/cmake_prefix_path.ps1'
[5.324s] INFO:colcon.colcon_core.shell:Creating environment descriptor '/home/student/lidar-ws/install/custom/share/custom/hook/cmake_prefix_path.dsv'
[5.325s] INFO:colcon.colcon_core.shell:Creating environment hook '/home/student/lidar-ws/install/custom/share/custom/hook/cmake_prefix_path.sh'
[5.326s] Level 1:colcon.colcon_core.environment:checking '/home/student/lidar-ws/install/custom/lib'
[5.326s] Level 1:colcon.colcon_core.shell:create_environment_hook('custom', 'ld_library_path_lib')
[5.327s] INFO:colcon.colcon_core.shell:Creating environment hook '/home/student/lidar-ws/install/custom/share/custom/hook/ld_library_path_lib.ps1'
[5.328s] INFO:colcon.colcon_core.shell:Creating environment descriptor '/home/student/lidar-ws/install/custom/share/custom/hook/ld_library_path_lib.dsv'
[5.328s] INFO:colcon.colcon_core.shell:Creating environment hook '/home/student/lidar-ws/install/custom/share/custom/hook/ld_library_path_lib.sh'
[5.329s] Level 1:colcon.colcon_core.environment:checking '/home/student/lidar-ws/install/custom/bin'
[5.329s] Level 1:colcon.colcon_core.environment:checking '/home/student/lidar-ws/install/custom/lib/pkgconfig/custom.pc'
[5.329s] Level 1:colcon.colcon_core.environment:checking '/home/student/lidar-ws/install/custom/lib/python3.8/site-packages'
[5.329s] Level 1:colcon.colcon_core.shell:create_environment_hook('custom', 'pythonpath')
[5.330s] INFO:colcon.colcon_core.shell:Creating environment hook '/home/student/lidar-ws/install/custom/share/custom/hook/pythonpath.ps1'
[5.330s] INFO:colcon.colcon_core.shell:Creating environment descriptor '/home/student/lidar-ws/install/custom/share/custom/hook/pythonpath.dsv'
[5.331s] INFO:colcon.colcon_core.shell:Creating environment hook '/home/student/lidar-ws/install/custom/share/custom/hook/pythonpath.sh'
[5.332s] INFO:colcon.colcon_core.shell:Creating package script '/home/student/lidar-ws/install/custom/share/custom/package.ps1'
[5.333s] INFO:colcon.colcon_core.shell:Creating package descriptor '/home/student/lidar-ws/install/custom/share/custom/package.dsv'
[5.333s] INFO:colcon.colcon_core.shell:Creating package script '/home/student/lidar-ws/install/custom/share/custom/package.sh'
[5.334s] INFO:colcon.colcon_core.shell:Creating package script '/home/student/lidar-ws/install/custom/share/custom/package.bash'
[5.334s] INFO:colcon.colcon_core.shell:Creating package script '/home/student/lidar-ws/install/custom/share/custom/package.zsh'
[5.335s] Level 1:colcon.colcon_core.environment:create_file_with_runtime_dependencies(/home/student/lidar-ws/install/custom/share/colcon-core/packages/custom)
[5.335s] INFO:colcon.colcon_ros.task.ament_cmake.build:Building ROS package in '/home/student/lidar-ws/src/lidar_cpp' with build type 'ament_cmake'
[5.335s] INFO:colcon.colcon_cmake.task.cmake.build:Building CMake package in '/home/student/lidar-ws/src/lidar_cpp'
[5.336s] INFO:colcon.colcon_core.shell:Skip shell extension 'powershell' for command environment: Not usable outside of PowerShell
[5.336s] DEBUG:colcon.colcon_core.shell:Skip shell extension 'dsv' for command environment
[5.342s] DEBUG:colcon.colcon_core.shell:Ignoring prefix path '/opt/ros/galactic'
[5.353s] DEBUG:colcon.colcon_core.event_handler.log_command:Invoking command in '/home/student/lidar-ws/build/lidar_cpp': CMAKE_PREFIX_PATH=/home/student/lidar-ws/install/custom:/home/student/lidar-ws/install/lidar_cpp:/home/student/ws/install/case_bringup:/home/student/ia_ws/install/viz_dynamic:/home/student/ia_ws/install/viz_tools_msgs:/home/student/ia_ws/install/viz_bringup:/home/student/ia_ws/install/ur_script_generator:/home/student/ia_ws/install/ur_script_controller:/home/student/ia_ws/install/ur_tools_msgs:/home/student/ia_ws/install/ur_script_driver:/home/student/ia_ws/install/ur_script_msgs:/home/student/ia_ws/install/ur_description:/home/student/ia_ws/install/ur_bringup:/home/student/ia_ws/install/tf_sms:/home/student/ia_ws/install/tf_bringup:/home/student/ia_ws/install/tf_tools_msgs:/home/student/ia_ws/install/opcua_ros2_bridge:/home/student/ia_ws/install/mp_msgs:/home/student/ws/install/py_ctrl:/home/student/ws/install/case_scenes:/home/student/ia_ws/install/viz_static:/home/student/ia_ws/install/viz_interactive:/home/student/ia_ws/install/ur_setup:/home/student/ia_ws/install/tf_lookup:/home/student/ia_ws/install/tf_broadcast:/home/student/ia_ws/install/tf_scene:/home/student/ia_ws/install/gui_tools:/home/student/ia_ws/install/aruco_handler:/opt/ros/galactic /usr/bin/cmake /home/student/lidar-ws/src/lidar_cpp -DCMAKE_INSTALL_PREFIX=/home/student/lidar-ws/install/lidar_cpp
[7.788s] DEBUG:colcon.colcon_core.event_handler.log_command:Invoked command in '/home/student/lidar-ws/build/lidar_cpp' returned '0': CMAKE_PREFIX_PATH=/home/student/lidar-ws/install/custom:/home/student/lidar-ws/install/lidar_cpp:/home/student/ws/install/case_bringup:/home/student/ia_ws/install/viz_dynamic:/home/student/ia_ws/install/viz_tools_msgs:/home/student/ia_ws/install/viz_bringup:/home/student/ia_ws/install/ur_script_generator:/home/student/ia_ws/install/ur_script_controller:/home/student/ia_ws/install/ur_tools_msgs:/home/student/ia_ws/install/ur_script_driver:/home/student/ia_ws/install/ur_script_msgs:/home/student/ia_ws/install/ur_description:/home/student/ia_ws/install/ur_bringup:/home/student/ia_ws/install/tf_sms:/home/student/ia_ws/install/tf_bringup:/home/student/ia_ws/install/tf_tools_msgs:/home/student/ia_ws/install/opcua_ros2_bridge:/home/student/ia_ws/install/mp_msgs:/home/student/ws/install/py_ctrl:/home/student/ws/install/case_scenes:/home/student/ia_ws/install/viz_static:/home/student/ia_ws/install/viz_interactive:/home/student/ia_ws/install/ur_setup:/home/student/ia_ws/install/tf_lookup:/home/student/ia_ws/install/tf_broadcast:/home/student/ia_ws/install/tf_scene:/home/student/ia_ws/install/gui_tools:/home/student/ia_ws/install/aruco_handler:/opt/ros/galactic /usr/bin/cmake /home/student/lidar-ws/src/lidar_cpp -DCMAKE_INSTALL_PREFIX=/home/student/lidar-ws/install/lidar_cpp
[7.790s] DEBUG:colcon.colcon_core.event_handler.log_command:Invoking command in '/home/student/lidar-ws/build/lidar_cpp': CMAKE_PREFIX_PATH=/home/student/lidar-ws/install/custom:/home/student/lidar-ws/install/lidar_cpp:/home/student/ws/install/case_bringup:/home/student/ia_ws/install/viz_dynamic:/home/student/ia_ws/install/viz_tools_msgs:/home/student/ia_ws/install/viz_bringup:/home/student/ia_ws/install/ur_script_generator:/home/student/ia_ws/install/ur_script_controller:/home/student/ia_ws/install/ur_tools_msgs:/home/student/ia_ws/install/ur_script_driver:/home/student/ia_ws/install/ur_script_msgs:/home/student/ia_ws/install/ur_description:/home/student/ia_ws/install/ur_bringup:/home/student/ia_ws/install/tf_sms:/home/student/ia_ws/install/tf_bringup:/home/student/ia_ws/install/tf_tools_msgs:/home/student/ia_ws/install/opcua_ros2_bridge:/home/student/ia_ws/install/mp_msgs:/home/student/ws/install/py_ctrl:/home/student/ws/install/case_scenes:/home/student/ia_ws/install/viz_static:/home/student/ia_ws/install/viz_interactive:/home/student/ia_ws/install/ur_setup:/home/student/ia_ws/install/tf_lookup:/home/student/ia_ws/install/tf_broadcast:/home/student/ia_ws/install/tf_scene:/home/student/ia_ws/install/gui_tools:/home/student/ia_ws/install/aruco_handler:/opt/ros/galactic /usr/bin/cmake --build /home/student/lidar-ws/build/lidar_cpp -- -j8 -l8
[17.013s] DEBUG:colcon.colcon_core.event_handler.log_command:Invoked command in '/home/student/lidar-ws/build/lidar_cpp' returned '0': CMAKE_PREFIX_PATH=/home/student/lidar-ws/install/custom:/home/student/lidar-ws/install/lidar_cpp:/home/student/ws/install/case_bringup:/home/student/ia_ws/install/viz_dynamic:/home/student/ia_ws/install/viz_tools_msgs:/home/student/ia_ws/install/viz_bringup:/home/student/ia_ws/install/ur_script_generator:/home/student/ia_ws/install/ur_script_controller:/home/student/ia_ws/install/ur_tools_msgs:/home/student/ia_ws/install/ur_script_driver:/home/student/ia_ws/install/ur_script_msgs:/home/student/ia_ws/install/ur_description:/home/student/ia_ws/install/ur_bringup:/home/student/ia_ws/install/tf_sms:/home/student/ia_ws/install/tf_bringup:/home/student/ia_ws/install/tf_tools_msgs:/home/student/ia_ws/install/opcua_ros2_bridge:/home/student/ia_ws/install/mp_msgs:/home/student/ws/install/py_ctrl:/home/student/ws/install/case_scenes:/home/student/ia_ws/install/viz_static:/home/student/ia_ws/install/viz_interactive:/home/student/ia_ws/install/ur_setup:/home/student/ia_ws/install/tf_lookup:/home/student/ia_ws/install/tf_broadcast:/home/student/ia_ws/install/tf_scene:/home/student/ia_ws/install/gui_tools:/home/student/ia_ws/install/aruco_handler:/opt/ros/galactic /usr/bin/cmake --build /home/student/lidar-ws/build/lidar_cpp -- -j8 -l8
[17.049s] DEBUG:colcon.colcon_core.event_handler.log_command:Invoking command in '/home/student/lidar-ws/build/lidar_cpp': CMAKE_PREFIX_PATH=/home/student/lidar-ws/install/custom:/home/student/lidar-ws/install/lidar_cpp:/home/student/ws/install/case_bringup:/home/student/ia_ws/install/viz_dynamic:/home/student/ia_ws/install/viz_tools_msgs:/home/student/ia_ws/install/viz_bringup:/home/student/ia_ws/install/ur_script_generator:/home/student/ia_ws/install/ur_script_controller:/home/student/ia_ws/install/ur_tools_msgs:/home/student/ia_ws/install/ur_script_driver:/home/student/ia_ws/install/ur_script_msgs:/home/student/ia_ws/install/ur_description:/home/student/ia_ws/install/ur_bringup:/home/student/ia_ws/install/tf_sms:/home/student/ia_ws/install/tf_bringup:/home/student/ia_ws/install/tf_tools_msgs:/home/student/ia_ws/install/opcua_ros2_bridge:/home/student/ia_ws/install/mp_msgs:/home/student/ws/install/py_ctrl:/home/student/ws/install/case_scenes:/home/student/ia_ws/install/viz_static:/home/student/ia_ws/install/viz_interactive:/home/student/ia_ws/install/ur_setup:/home/student/ia_ws/install/tf_lookup:/home/student/ia_ws/install/tf_broadcast:/home/student/ia_ws/install/tf_scene:/home/student/ia_ws/install/gui_tools:/home/student/ia_ws/install/aruco_handler:/opt/ros/galactic /usr/bin/cmake --install /home/student/lidar-ws/build/lidar_cpp
[17.069s] Level 1:colcon.colcon_core.environment:create_environment_scripts_only(lidar_cpp)
[17.071s] Level 1:colcon.colcon_core.environment:checking '/home/student/lidar-ws/install/lidar_cpp' for CMake module files
[17.072s] DEBUG:colcon.colcon_core.event_handler.log_command:Invoked command in '/home/student/lidar-ws/build/lidar_cpp' returned '0': CMAKE_PREFIX_PATH=/home/student/lidar-ws/install/custom:/home/student/lidar-ws/install/lidar_cpp:/home/student/ws/install/case_bringup:/home/student/ia_ws/install/viz_dynamic:/home/student/ia_ws/install/viz_tools_msgs:/home/student/ia_ws/install/viz_bringup:/home/student/ia_ws/install/ur_script_generator:/home/student/ia_ws/install/ur_script_controller:/home/student/ia_ws/install/ur_tools_msgs:/home/student/ia_ws/install/ur_script_driver:/home/student/ia_ws/install/ur_script_msgs:/home/student/ia_ws/install/ur_description:/home/student/ia_ws/install/ur_bringup:/home/student/ia_ws/install/tf_sms:/home/student/ia_ws/install/tf_bringup:/home/student/ia_ws/install/tf_tools_msgs:/home/student/ia_ws/install/opcua_ros2_bridge:/home/student/ia_ws/install/mp_msgs:/home/student/ws/install/py_ctrl:/home/student/ws/install/case_scenes:/home/student/ia_ws/install/viz_static:/home/student/ia_ws/install/viz_interactive:/home/student/ia_ws/install/ur_setup:/home/student/ia_ws/install/tf_lookup:/home/student/ia_ws/install/tf_broadcast:/home/student/ia_ws/install/tf_scene:/home/student/ia_ws/install/gui_tools:/home/student/ia_ws/install/aruco_handler:/opt/ros/galactic /usr/bin/cmake --install /home/student/lidar-ws/build/lidar_cpp
[17.072s] Level 1:colcon.colcon_core.environment:checking '/home/student/lidar-ws/install/lidar_cpp' for CMake config files
[17.072s] Level 1:colcon.colcon_core.shell:create_environment_hook('lidar_cpp', 'cmake_prefix_path')
[17.073s] INFO:colcon.colcon_core.shell:Creating environment hook '/home/student/lidar-ws/install/lidar_cpp/share/lidar_cpp/hook/cmake_prefix_path.ps1'
[17.074s] INFO:colcon.colcon_core.shell:Creating environment descriptor '/home/student/lidar-ws/install/lidar_cpp/share/lidar_cpp/hook/cmake_prefix_path.dsv'
[17.074s] INFO:colcon.colcon_core.shell:Creating environment hook '/home/student/lidar-ws/install/lidar_cpp/share/lidar_cpp/hook/cmake_prefix_path.sh'
[17.075s] Level 1:colcon.colcon_core.environment:checking '/home/student/lidar-ws/install/lidar_cpp/lib'
[17.075s] Level 1:colcon.colcon_core.environment:checking '/home/student/lidar-ws/install/lidar_cpp/bin'
[17.075s] Level 1:colcon.colcon_core.environment:checking '/home/student/lidar-ws/install/lidar_cpp/lib/pkgconfig/lidar_cpp.pc'
[17.075s] Level 1:colcon.colcon_core.environment:checking '/home/student/lidar-ws/install/lidar_cpp/lib/python3.8/site-packages'
[17.076s] INFO:colcon.colcon_core.shell:Creating package script '/home/student/lidar-ws/install/lidar_cpp/share/lidar_cpp/package.ps1'
[17.077s] INFO:colcon.colcon_core.shell:Creating package descriptor '/home/student/lidar-ws/install/lidar_cpp/share/lidar_cpp/package.dsv'
[17.077s] INFO:colcon.colcon_core.shell:Creating package script '/home/student/lidar-ws/install/lidar_cpp/share/lidar_cpp/package.sh'
[17.078s] INFO:colcon.colcon_core.shell:Creating package script '/home/student/lidar-ws/install/lidar_cpp/share/lidar_cpp/package.bash'
[17.078s] INFO:colcon.colcon_core.shell:Creating package script '/home/student/lidar-ws/install/lidar_cpp/share/lidar_cpp/package.zsh'
[17.079s] Level 1:colcon.colcon_core.environment:create_file_with_runtime_dependencies(/home/student/lidar-ws/install/lidar_cpp/share/colcon-core/packages/lidar_cpp)
[17.112s] Level 1:colcon.colcon_core.environment:create_environment_scripts_only(lidar_cpp)
[17.113s] Level 1:colcon.colcon_core.environment:checking '/home/student/lidar-ws/install/lidar_cpp' for CMake module files
[17.114s] Level 1:colcon.colcon_core.environment:checking '/home/student/lidar-ws/install/lidar_cpp' for CMake config files
[17.114s] Level 1:colcon.colcon_core.shell:create_environment_hook('lidar_cpp', 'cmake_prefix_path')
[17.115s] INFO:colcon.colcon_core.shell:Creating environment hook '/home/student/lidar-ws/install/lidar_cpp/share/lidar_cpp/hook/cmake_prefix_path.ps1'
[17.115s] INFO:colcon.colcon_core.shell:Creating environment descriptor '/home/student/lidar-ws/install/lidar_cpp/share/lidar_cpp/hook/cmake_prefix_path.dsv'
[17.116s] INFO:colcon.colcon_core.shell:Creating environment hook '/home/student/lidar-ws/install/lidar_cpp/share/lidar_cpp/hook/cmake_prefix_path.sh'
[17.117s] Level 1:colcon.colcon_core.environment:checking '/home/student/lidar-ws/install/lidar_cpp/lib'
[17.117s] Level 1:colcon.colcon_core.environment:checking '/home/student/lidar-ws/install/lidar_cpp/bin'
[17.117s] Level 1:colcon.colcon_core.environment:checking '/home/student/lidar-ws/install/lidar_cpp/lib/pkgconfig/lidar_cpp.pc'
[17.117s] Level 1:colcon.colcon_core.environment:checking '/home/student/lidar-ws/install/lidar_cpp/lib/python3.8/site-packages'
[17.118s] INFO:colcon.colcon_core.shell:Creating package script '/home/student/lidar-ws/install/lidar_cpp/share/lidar_cpp/package.ps1'
[17.119s] INFO:colcon.colcon_core.shell:Creating package descriptor '/home/student/lidar-ws/install/lidar_cpp/share/lidar_cpp/package.dsv'
[17.119s] INFO:colcon.colcon_core.shell:Creating package script '/home/student/lidar-ws/install/lidar_cpp/share/lidar_cpp/package.sh'
[17.120s] INFO:colcon.colcon_core.shell:Creating package script '/home/student/lidar-ws/install/lidar_cpp/share/lidar_cpp/package.bash'
[17.121s] INFO:colcon.colcon_core.shell:Creating package script '/home/student/lidar-ws/install/lidar_cpp/share/lidar_cpp/package.zsh'
[17.121s] Level 1:colcon.colcon_core.environment:create_file_with_runtime_dependencies(/home/student/lidar-ws/install/lidar_cpp/share/colcon-core/packages/lidar_cpp)
[17.122s] DEBUG:colcon.colcon_parallel_executor.executor.parallel:closing loop
[17.122s] DEBUG:colcon.colcon_parallel_executor.executor.parallel:loop closed
[17.122s] DEBUG:colcon.colcon_parallel_executor.executor.parallel:run_until_complete finished with '0'
[17.122s] DEBUG:colcon.colcon_core.event_reactor:joining thread
[17.129s] INFO:colcon.colcon_core.plugin_system:Skipping extension 'colcon_notification.desktop_notification.terminal_notifier': Not used on non-Darwin systems
[17.129s] INFO:colcon.colcon_core.plugin_system:Skipping extension 'colcon_notification.desktop_notification.win32': Not used on non-Windows systems
[17.129s] INFO:colcon.colcon_notification.desktop_notification:Sending desktop notification using 'notify2'
[17.148s] DEBUG:colcon.colcon_core.event_reactor:joined thread
[17.150s] INFO:colcon.colcon_core.shell:Creating prefix script '/home/student/lidar-ws/install/local_setup.ps1'
[17.151s] INFO:colcon.colcon_core.shell:Creating prefix util module '/home/student/lidar-ws/install/_local_setup_util_ps1.py'
[17.153s] INFO:colcon.colcon_core.shell:Creating prefix chain script '/home/student/lidar-ws/install/setup.ps1'
[17.158s] INFO:colcon.colcon_core.shell:Creating prefix script '/home/student/lidar-ws/install/local_setup.sh'
[17.158s] INFO:colcon.colcon_core.shell:Creating prefix util module '/home/student/lidar-ws/install/_local_setup_util_sh.py'
[17.159s] INFO:colcon.colcon_core.shell:Creating prefix chain script '/home/student/lidar-ws/install/setup.sh'
[17.163s] INFO:colcon.colcon_core.shell:Creating prefix script '/home/student/lidar-ws/install/local_setup.bash'
[17.164s] INFO:colcon.colcon_core.shell:Creating prefix chain script '/home/student/lidar-ws/install/setup.bash'
[17.169s] INFO:colcon.colcon_core.shell:Creating prefix script '/home/student/lidar-ws/install/local_setup.zsh'
[17.169s] INFO:colcon.colcon_core.shell:Creating prefix chain script '/home/student/lidar-ws/install/setup.zsh'
