[0.013s] Invoking command in '/home/student/lidar-ws/build/lidar_cpp': CMAKE_PREFIX_PATH=/home/student/lidar-ws/install/custom:/home/student/lidar-ws/install/lidar_cpp:/home/student/ws/install/case_bringup:/home/student/ia_ws/install/viz_dynamic:/home/student/ia_ws/install/viz_tools_msgs:/home/student/ia_ws/install/viz_bringup:/home/student/ia_ws/install/ur_script_generator:/home/student/ia_ws/install/ur_script_controller:/home/student/ia_ws/install/ur_tools_msgs:/home/student/ia_ws/install/ur_script_driver:/home/student/ia_ws/install/ur_script_msgs:/home/student/ia_ws/install/ur_description:/home/student/ia_ws/install/ur_bringup:/home/student/ia_ws/install/tf_sms:/home/student/ia_ws/install/tf_bringup:/home/student/ia_ws/install/tf_tools_msgs:/home/student/ia_ws/install/opcua_ros2_bridge:/home/student/ia_ws/install/mp_msgs:/home/student/ws/install/py_ctrl:/home/student/ws/install/case_scenes:/home/student/ia_ws/install/viz_static:/home/student/ia_ws/install/viz_interactive:/home/student/ia_ws/install/ur_setup:/home/student/ia_ws/install/tf_lookup:/home/student/ia_ws/install/tf_broadcast:/home/student/ia_ws/install/tf_scene:/home/student/ia_ws/install/gui_tools:/home/student/ia_ws/install/aruco_handler:/opt/ros/galactic /usr/bin/cmake --build /home/student/lidar-ws/build/lidar_cpp -- -j8 -l8
[0.043s] -- Found ament_cmake: 1.1.4 (/opt/ros/galactic/share/ament_cmake/cmake)
[0.073s] -- Using PYTHON_EXECUTABLE: /usr/bin/python3
[0.145s] -- Found rclcpp: 9.2.0 (/opt/ros/galactic/share/rclcpp/cmake)
[0.179s] -- Using all available rosidl_typesupport_c: rosidl_typesupport_fastrtps_c;rosidl_typesupport_introspection_c
[0.182s] -- Found rosidl_adapter: 2.2.1 (/opt/ros/galactic/share/rosidl_adapter/cmake)
[0.308s] -- Using all available rosidl_typesupport_cpp: rosidl_typesupport_fastrtps_cpp;rosidl_typesupport_introspection_cpp
[0.361s] -- Found rmw_implementation_cmake: 3.3.1 (/opt/ros/galactic/share/rmw_implementation_cmake/cmake)
[0.363s] -- Found rmw_cyclonedds_cpp: 0.22.3 (/opt/ros/galactic/share/rmw_cyclonedds_cpp/cmake)
[0.381s] -- Using RMW implementation 'rmw_cyclonedds_cpp' as default
[0.508s] -- Found sensor_msgs: 2.2.3 (/opt/ros/galactic/share/sensor_msgs/cmake)
[0.627s] -- Eigen found (include: /usr/include/eigen3, version: 3.3.7)
[0.714s] -- The imported target "vtkParseOGLExt" references the file
[0.715s]    "/usr/bin/vtkParseOGLExt-7.1"
[0.715s] but this file does not exist.  Possible reasons include:
[0.715s] * The file was deleted, renamed, or moved to another location.
[0.715s] * An install or uninstall procedure did not complete successfully.
[0.715s] * The installation package was faulty and contained
[0.715s]    "/usr/lib/cmake/vtk-7.1/VTKTargets.cmake"
[0.715s] but not all the files it references.
[0.715s] 
[0.715s] -- The imported target "vtkRenderingPythonTkWidgets" references the file
[0.715s]    "/usr/lib/x86_64-linux-gnu/libvtkRenderingPythonTkWidgets.so"
[0.716s] but this file does not exist.  Possible reasons include:
[0.716s] * The file was deleted, renamed, or moved to another location.
[0.716s] * An install or uninstall procedure did not complete successfully.
[0.716s] * The installation package was faulty and contained
[0.716s]    "/usr/lib/cmake/vtk-7.1/VTKTargets.cmake"
[0.716s] but not all the files it references.
[0.716s] 
[0.716s] -- The imported target "vtk" references the file
[0.716s]    "/usr/bin/vtk"
[0.716s] but this file does not exist.  Possible reasons include:
[0.716s] * The file was deleted, renamed, or moved to another location.
[0.716s] * An install or uninstall procedure did not complete successfully.
[0.716s] * The installation package was faulty and contained
[0.717s]    "/usr/lib/cmake/vtk-7.1/VTKTargets.cmake"
[0.717s] but not all the files it references.
[0.717s] 
[0.717s] -- The imported target "pvtk" references the file
[0.717s]    "/usr/bin/pvtk"
[0.717s] but this file does not exist.  Possible reasons include:
[0.717s] * The file was deleted, renamed, or moved to another location.
[0.717s] * An install or uninstall procedure did not complete successfully.
[0.717s] * The installation package was faulty and contained
[0.717s]    "/usr/lib/cmake/vtk-7.1/VTKTargets.cmake"
[0.717s] but not all the files it references.
[0.717s] 
[0.741s] -- Checking for module 'libusb-1.0'
[0.746s] --   No package 'libusb-1.0' found
[0.751s] -- Could NOT find USB_10 (missing: USB_10_LIBRARY USB_10_INCLUDE_DIR) 
[0.751s] -- OpenNI disabled because libusb-1.0 not found.
[0.751s] ** WARNING ** io features related to openni will be disabled
[0.757s] -- Checking for module 'libusb-1.0'
[0.760s] --   No package 'libusb-1.0' found
[0.765s] -- Could NOT find USB_10 (missing: USB_10_LIBRARY USB_10_INCLUDE_DIR) 
[0.765s] -- OpenNI 2 disabled because libusb-1.0 not found.
[0.765s] ** WARNING ** io features related to openni2 will be disabled
[0.765s] ** WARNING ** io features related to pcap will be disabled
[0.766s] ** WARNING ** io features related to png will be disabled
[0.781s] -- LIBUSB_1_LIBRARY (missing: LIBUSB_1_INCLUDE_DIR) 
[0.781s] ** WARNING ** io features related to libusb-1.0 will be disabled
[0.785s] -- Checking for module 'libusb-1.0'
[0.789s] --   No package 'libusb-1.0' found
[0.794s] -- Could NOT find USB_10 (missing: USB_10_LIBRARY USB_10_INCLUDE_DIR) 
[0.794s] -- OpenNI disabled because libusb-1.0 not found.
[0.794s] ** WARNING ** visualization features related to openni will be disabled
[0.799s] -- Checking for module 'libusb-1.0'
[0.802s] --   No package 'libusb-1.0' found
[0.806s] -- Could NOT find USB_10 (missing: USB_10_LIBRARY USB_10_INCLUDE_DIR) 
[0.807s] -- OpenNI 2 disabled because libusb-1.0 not found.
[0.807s] ** WARNING ** visualization features related to openni2 will be disabled
[0.822s] -- QHULL found (include: /usr/include, lib: optimized;/usr/lib/x86_64-linux-gnu/libqhull.so;debug;/usr/lib/x86_64-linux-gnu/libqhull.so)
[0.828s] -- Checking for module 'libusb-1.0'
[0.833s] --   No package 'libusb-1.0' found
[0.838s] -- Could NOT find USB_10 (missing: USB_10_LIBRARY USB_10_INCLUDE_DIR) 
[0.838s] -- OpenNI disabled because libusb-1.0 not found.
[0.838s] ** WARNING ** apps features related to openni will be disabled
[0.851s] -- looking for PCL_COMMON
[0.852s] -- looking for PCL_KDTREE
[0.852s] -- looking for PCL_OCTREE
[0.853s] -- looking for PCL_SEARCH
[0.854s] -- looking for PCL_SAMPLE_CONSENSUS
[0.854s] -- looking for PCL_FILTERS
[0.855s] -- looking for PCL_2D
[0.855s] -- looking for PCL_GEOMETRY
[0.856s] -- looking for PCL_IO
[0.856s] -- looking for PCL_FEATURES
[0.857s] -- looking for PCL_ML
[0.858s] -- looking for PCL_SEGMENTATION
[0.858s] -- looking for PCL_VISUALIZATION
[0.859s] -- looking for PCL_SURFACE
[0.860s] -- looking for PCL_REGISTRATION
[0.860s] -- looking for PCL_KEYPOINTS
[0.861s] -- looking for PCL_TRACKING
[0.862s] -- looking for PCL_RECOGNITION
[0.862s] -- looking for PCL_STEREO
[0.863s] -- looking for PCL_APPS
[0.864s] -- looking for PCL_IN_HAND_SCANNER
[0.865s] -- looking for PCL_POINT_CLOUD_EDITOR
[0.865s] -- looking for PCL_OUTOFCORE
[0.866s] -- looking for PCL_PEOPLE
[0.868s] -- Found custom: 0.0.0 (/home/student/lidar-ws/install/custom/share/custom/cmake)
[0.981s] -- Found ament_lint_auto: 0.10.6 (/opt/ros/galactic/share/ament_lint_auto/cmake)
[1.053s] -- Added test 'copyright' to check source files copyright and LICENSE
[1.054s] -- Added test 'cppcheck' to perform static code analysis on C / C++ code
[1.054s] -- Configured cppcheck include dirs: /home/student/lidar-ws/src/lidar_cpp/include
[1.055s] -- Configured cppcheck exclude dirs and/or files: 
[1.055s] -- Added test 'cpplint' to check C / C++ code against the Google style
[1.055s] -- Configured cpplint exclude dirs and/or files: 
[1.056s] -- Added test 'lint_cmake' to check CMake code style
[1.057s] -- Added test 'uncrustify' to check C / C++ code style
[1.057s] -- Configured uncrustify additional arguments: 
[1.057s] -- Added test 'xmllint' to check XML markup files
[1.061s] -- Configuring done
[1.104s] -- Generating done
[1.106s] -- Build files have been written to: /home/student/lidar-ws/build/lidar_cpp
[1.163s] [ 75%] Built target lidar
[1.163s] [ 75%] [32m[1mLinking CXX executable lidar_server[0m
[1.899s] [100%] Built target lidar_server
[1.911s] Invoked command in '/home/student/lidar-ws/build/lidar_cpp' returned '0': CMAKE_PREFIX_PATH=/home/student/lidar-ws/install/custom:/home/student/lidar-ws/install/lidar_cpp:/home/student/ws/install/case_bringup:/home/student/ia_ws/install/viz_dynamic:/home/student/ia_ws/install/viz_tools_msgs:/home/student/ia_ws/install/viz_bringup:/home/student/ia_ws/install/ur_script_generator:/home/student/ia_ws/install/ur_script_controller:/home/student/ia_ws/install/ur_tools_msgs:/home/student/ia_ws/install/ur_script_driver:/home/student/ia_ws/install/ur_script_msgs:/home/student/ia_ws/install/ur_description:/home/student/ia_ws/install/ur_bringup:/home/student/ia_ws/install/tf_sms:/home/student/ia_ws/install/tf_bringup:/home/student/ia_ws/install/tf_tools_msgs:/home/student/ia_ws/install/opcua_ros2_bridge:/home/student/ia_ws/install/mp_msgs:/home/student/ws/install/py_ctrl:/home/student/ws/install/case_scenes:/home/student/ia_ws/install/viz_static:/home/student/ia_ws/install/viz_interactive:/home/student/ia_ws/install/ur_setup:/home/student/ia_ws/install/tf_lookup:/home/student/ia_ws/install/tf_broadcast:/home/student/ia_ws/install/tf_scene:/home/student/ia_ws/install/gui_tools:/home/student/ia_ws/install/aruco_handler:/opt/ros/galactic /usr/bin/cmake --build /home/student/lidar-ws/build/lidar_cpp -- -j8 -l8
[1.948s] Invoking command in '/home/student/lidar-ws/build/lidar_cpp': CMAKE_PREFIX_PATH=/home/student/lidar-ws/install/custom:/home/student/lidar-ws/install/lidar_cpp:/home/student/ws/install/case_bringup:/home/student/ia_ws/install/viz_dynamic:/home/student/ia_ws/install/viz_tools_msgs:/home/student/ia_ws/install/viz_bringup:/home/student/ia_ws/install/ur_script_generator:/home/student/ia_ws/install/ur_script_controller:/home/student/ia_ws/install/ur_tools_msgs:/home/student/ia_ws/install/ur_script_driver:/home/student/ia_ws/install/ur_script_msgs:/home/student/ia_ws/install/ur_description:/home/student/ia_ws/install/ur_bringup:/home/student/ia_ws/install/tf_sms:/home/student/ia_ws/install/tf_bringup:/home/student/ia_ws/install/tf_tools_msgs:/home/student/ia_ws/install/opcua_ros2_bridge:/home/student/ia_ws/install/mp_msgs:/home/student/ws/install/py_ctrl:/home/student/ws/install/case_scenes:/home/student/ia_ws/install/viz_static:/home/student/ia_ws/install/viz_interactive:/home/student/ia_ws/install/ur_setup:/home/student/ia_ws/install/tf_lookup:/home/student/ia_ws/install/tf_broadcast:/home/student/ia_ws/install/tf_scene:/home/student/ia_ws/install/gui_tools:/home/student/ia_ws/install/aruco_handler:/opt/ros/galactic /usr/bin/cmake --install /home/student/lidar-ws/build/lidar_cpp
[1.961s] -- Install configuration: ""
[1.961s] -- Up-to-date: /home/student/lidar-ws/install/lidar_cpp/lib/lidar_cpp/lidar
[1.962s] -- Installing: /home/student/lidar-ws/install/lidar_cpp/lib/lidar_cpp/lidar_server
[1.963s] -- Set runtime path of "/home/student/lidar-ws/install/lidar_cpp/lib/lidar_cpp/lidar_server" to ""
[1.963s] -- Up-to-date: /home/student/lidar-ws/install/lidar_cpp/share/ament_index/resource_index/package_run_dependencies/lidar_cpp
[1.964s] -- Up-to-date: /home/student/lidar-ws/install/lidar_cpp/share/ament_index/resource_index/parent_prefix_path/lidar_cpp
[1.964s] -- Up-to-date: /home/student/lidar-ws/install/lidar_cpp/share/lidar_cpp/environment/ament_prefix_path.sh
[1.964s] -- Installing: /home/student/lidar-ws/install/lidar_cpp/share/lidar_cpp/environment/ament_prefix_path.dsv
[1.964s] -- Up-to-date: /home/student/lidar-ws/install/lidar_cpp/share/lidar_cpp/environment/path.sh
[1.964s] -- Installing: /home/student/lidar-ws/install/lidar_cpp/share/lidar_cpp/environment/path.dsv
[1.964s] -- Up-to-date: /home/student/lidar-ws/install/lidar_cpp/share/lidar_cpp/local_setup.bash
[1.965s] -- Up-to-date: /home/student/lidar-ws/install/lidar_cpp/share/lidar_cpp/local_setup.sh
[1.965s] -- Up-to-date: /home/student/lidar-ws/install/lidar_cpp/share/lidar_cpp/local_setup.zsh
[1.965s] -- Installing: /home/student/lidar-ws/install/lidar_cpp/share/lidar_cpp/local_setup.dsv
[1.965s] -- Installing: /home/student/lidar-ws/install/lidar_cpp/share/lidar_cpp/package.dsv
[1.965s] -- Up-to-date: /home/student/lidar-ws/install/lidar_cpp/share/ament_index/resource_index/packages/lidar_cpp
[1.965s] -- Up-to-date: /home/student/lidar-ws/install/lidar_cpp/share/lidar_cpp/cmake/lidar_cppConfig.cmake
[1.965s] -- Up-to-date: /home/student/lidar-ws/install/lidar_cpp/share/lidar_cpp/cmake/lidar_cppConfig-version.cmake
[1.966s] -- Up-to-date: /home/student/lidar-ws/install/lidar_cpp/share/lidar_cpp/package.xml
[1.968s] Invoked command in '/home/student/lidar-ws/build/lidar_cpp' returned '0': CMAKE_PREFIX_PATH=/home/student/lidar-ws/install/custom:/home/student/lidar-ws/install/lidar_cpp:/home/student/ws/install/case_bringup:/home/student/ia_ws/install/viz_dynamic:/home/student/ia_ws/install/viz_tools_msgs:/home/student/ia_ws/install/viz_bringup:/home/student/ia_ws/install/ur_script_generator:/home/student/ia_ws/install/ur_script_controller:/home/student/ia_ws/install/ur_tools_msgs:/home/student/ia_ws/install/ur_script_driver:/home/student/ia_ws/install/ur_script_msgs:/home/student/ia_ws/install/ur_description:/home/student/ia_ws/install/ur_bringup:/home/student/ia_ws/install/tf_sms:/home/student/ia_ws/install/tf_bringup:/home/student/ia_ws/install/tf_tools_msgs:/home/student/ia_ws/install/opcua_ros2_bridge:/home/student/ia_ws/install/mp_msgs:/home/student/ws/install/py_ctrl:/home/student/ws/install/case_scenes:/home/student/ia_ws/install/viz_static:/home/student/ia_ws/install/viz_interactive:/home/student/ia_ws/install/ur_setup:/home/student/ia_ws/install/tf_lookup:/home/student/ia_ws/install/tf_broadcast:/home/student/ia_ws/install/tf_scene:/home/student/ia_ws/install/gui_tools:/home/student/ia_ws/install/aruco_handler:/opt/ros/galactic /usr/bin/cmake --install /home/student/lidar-ws/build/lidar_cpp
