-- The C compiler identification is GNU 9.4.0
-- The CXX compiler identification is GNU 9.4.0
-- Check for working C compiler: /usr/bin/cc
-- Check for working C compiler: /usr/bin/cc -- works
-- Detecting C compiler ABI info
-- Detecting C compiler ABI info - done
-- Detecting C compile features
-- Detecting C compile features - done
-- Check for working CXX compiler: /usr/bin/c++
-- Check for working CXX compiler: /usr/bin/c++ -- works
-- Detecting CXX compiler ABI info
-- Detecting CXX compiler ABI info - done
-- Detecting CXX compile features
-- Detecting CXX compile features - done
-- Found ament_cmake: 1.1.4 (/opt/ros/galactic/share/ament_cmake/cmake)
-- Found PythonInterp: /usr/bin/python3 (found suitable version "3.8.10", minimum required is "3") 
-- Using PYTHON_EXECUTABLE: /usr/bin/python3
-- Found rclcpp: 9.2.0 (/opt/ros/galactic/share/rclcpp/cmake)
-- Using all available rosidl_typesupport_c: rosidl_typesupport_fastrtps_c;rosidl_typesupport_introspection_c
-- Found rosidl_adapter: 2.2.1 (/opt/ros/galactic/share/rosidl_adapter/cmake)
-- Found OpenSSL: /usr/lib/x86_64-linux-gnu/libcrypto.so (found version "1.1.1f")  
-- Found FastRTPS: /opt/ros/galactic/include  
-- Using all available rosidl_typesupport_cpp: rosidl_typesupport_fastrtps_cpp;rosidl_typesupport_introspection_cpp
-- Found rmw_implementation_cmake: 3.3.1 (/opt/ros/galactic/share/rmw_implementation_cmake/cmake)
-- Found rmw_cyclonedds_cpp: 0.22.3 (/opt/ros/galactic/share/rmw_cyclonedds_cpp/cmake)
-- Using RMW implementation 'rmw_cyclonedds_cpp' as default
-- Looking for pthread.h
-- Looking for pthread.h - found
-- Performing Test CMAKE_HAVE_LIBC_PTHREAD
-- Performing Test CMAKE_HAVE_LIBC_PTHREAD - Failed
-- Looking for pthread_create in pthreads
-- Looking for pthread_create in pthreads - not found
-- Looking for pthread_create in pthread
-- Looking for pthread_create in pthread - found
-- Found Threads: TRUE  
-- Found sensor_msgs: 2.2.3 (/opt/ros/galactic/share/sensor_msgs/cmake)
-- Checking for module 'eigen3'
--   Found eigen3, version 3.3.7
-- Found Eigen: /usr/include/eigen3 (Required is at least version "3.1") 
-- Eigen found (include: /usr/include/eigen3, version: 3.3.7)
-- Found Boost: /usr/include (found suitable version "1.71.0", minimum required is "1.55.0") found components: system filesystem date_time iostreams regex 
-- Checking for module 'flann'
--   Found flann, version 1.9.1
-- Found FLANN: /usr/lib/x86_64-linux-gnu/libflann_cpp.so  
-- The imported target "vtkParseOGLExt" references the file
   "/usr/bin/vtkParseOGLExt-7.1"
but this file does not exist.  Possible reasons include:
* The file was deleted, renamed, or moved to another location.
* An install or uninstall procedure did not complete successfully.
* The installation package was faulty and contained
   "/usr/lib/cmake/vtk-7.1/VTKTargets.cmake"
but not all the files it references.

-- The imported target "vtkRenderingPythonTkWidgets" references the file
   "/usr/lib/x86_64-linux-gnu/libvtkRenderingPythonTkWidgets.so"
but this file does not exist.  Possible reasons include:
* The file was deleted, renamed, or moved to another location.
* An install or uninstall procedure did not complete successfully.
* The installation package was faulty and contained
   "/usr/lib/cmake/vtk-7.1/VTKTargets.cmake"
but not all the files it references.

-- The imported target "vtk" references the file
   "/usr/bin/vtk"
but this file does not exist.  Possible reasons include:
* The file was deleted, renamed, or moved to another location.
* An install or uninstall procedure did not complete successfully.
* The installation package was faulty and contained
   "/usr/lib/cmake/vtk-7.1/VTKTargets.cmake"
but not all the files it references.

-- The imported target "pvtk" references the file
   "/usr/bin/pvtk"
but this file does not exist.  Possible reasons include:
* The file was deleted, renamed, or moved to another location.
* An install or uninstall procedure did not complete successfully.
* The installation package was faulty and contained
   "/usr/lib/cmake/vtk-7.1/VTKTargets.cmake"
but not all the files it references.

-- Checking for module 'libusb-1.0'
--   No package 'libusb-1.0' found
-- Could NOT find USB_10 (missing: USB_10_LIBRARY USB_10_INCLUDE_DIR) 
-- OpenNI disabled because libusb-1.0 not found.
** WARNING ** io features related to openni will be disabled
-- Checking for module 'libusb-1.0'
--   No package 'libusb-1.0' found
-- Could NOT find USB_10 (missing: USB_10_LIBRARY USB_10_INCLUDE_DIR) 
-- OpenNI 2 disabled because libusb-1.0 not found.
** WARNING ** io features related to openni2 will be disabled
** WARNING ** io features related to pcap will be disabled
** WARNING ** io features related to png will be disabled
-- LIBUSB_1_LIBRARY (missing: LIBUSB_1_INCLUDE_DIR) 
** WARNING ** io features related to libusb-1.0 will be disabled
-- Checking for module 'libusb-1.0'
--   No package 'libusb-1.0' found
-- Could NOT find USB_10 (missing: USB_10_LIBRARY USB_10_INCLUDE_DIR) 
-- OpenNI disabled because libusb-1.0 not found.
** WARNING ** visualization features related to openni will be disabled
-- Checking for module 'libusb-1.0'
--   No package 'libusb-1.0' found
-- Could NOT find USB_10 (missing: USB_10_LIBRARY USB_10_INCLUDE_DIR) 
-- OpenNI 2 disabled because libusb-1.0 not found.
** WARNING ** visualization features related to openni2 will be disabled
-- Found Qhull: optimized;/usr/lib/x86_64-linux-gnu/libqhull.so;debug;/usr/lib/x86_64-linux-gnu/libqhull.so  
-- QHULL found (include: /usr/include, lib: optimized;/usr/lib/x86_64-linux-gnu/libqhull.so;debug;/usr/lib/x86_64-linux-gnu/libqhull.so)
-- Checking for module 'libusb-1.0'
--   No package 'libusb-1.0' found
-- Could NOT find USB_10 (missing: USB_10_LIBRARY USB_10_INCLUDE_DIR) 
-- OpenNI disabled because libusb-1.0 not found.
** WARNING ** apps features related to openni will be disabled
-- looking for PCL_COMMON
-- Found PCL_COMMON: /usr/lib/x86_64-linux-gnu/libpcl_common.so  
-- looking for PCL_KDTREE
-- Found PCL_KDTREE: /usr/lib/x86_64-linux-gnu/libpcl_kdtree.so  
-- looking for PCL_OCTREE
-- Found PCL_OCTREE: /usr/lib/x86_64-linux-gnu/libpcl_octree.so  
-- looking for PCL_SEARCH
-- Found PCL_SEARCH: /usr/lib/x86_64-linux-gnu/libpcl_search.so  
-- looking for PCL_SAMPLE_CONSENSUS
-- Found PCL_SAMPLE_CONSENSUS: /usr/lib/x86_64-linux-gnu/libpcl_sample_consensus.so  
-- looking for PCL_FILTERS
-- Found PCL_FILTERS: /usr/lib/x86_64-linux-gnu/libpcl_filters.so  
-- looking for PCL_2D
-- Found PCL_2D: /usr/include/pcl-1.10  
-- looking for PCL_GEOMETRY
-- Found PCL_GEOMETRY: /usr/include/pcl-1.10  
-- looking for PCL_IO
-- Found PCL_IO: /usr/lib/x86_64-linux-gnu/libpcl_io.so  
-- looking for PCL_FEATURES
-- Found PCL_FEATURES: /usr/lib/x86_64-linux-gnu/libpcl_features.so  
-- looking for PCL_ML
-- Found PCL_ML: /usr/lib/x86_64-linux-gnu/libpcl_ml.so  
-- looking for PCL_SEGMENTATION
-- Found PCL_SEGMENTATION: /usr/lib/x86_64-linux-gnu/libpcl_segmentation.so  
-- looking for PCL_VISUALIZATION
-- Found PCL_VISUALIZATION: /usr/lib/x86_64-linux-gnu/libpcl_visualization.so  
-- looking for PCL_SURFACE
-- Found PCL_SURFACE: /usr/lib/x86_64-linux-gnu/libpcl_surface.so  
-- looking for PCL_REGISTRATION
-- Found PCL_REGISTRATION: /usr/lib/x86_64-linux-gnu/libpcl_registration.so  
-- looking for PCL_KEYPOINTS
-- Found PCL_KEYPOINTS: /usr/lib/x86_64-linux-gnu/libpcl_keypoints.so  
-- looking for PCL_TRACKING
-- Found PCL_TRACKING: /usr/lib/x86_64-linux-gnu/libpcl_tracking.so  
-- looking for PCL_RECOGNITION
-- Found PCL_RECOGNITION: /usr/lib/x86_64-linux-gnu/libpcl_recognition.so  
-- looking for PCL_STEREO
-- Found PCL_STEREO: /usr/lib/x86_64-linux-gnu/libpcl_stereo.so  
-- looking for PCL_APPS
-- Found PCL_APPS: /usr/lib/x86_64-linux-gnu/libpcl_apps.so  
-- looking for PCL_IN_HAND_SCANNER
-- Found PCL_IN_HAND_SCANNER: /usr/include/pcl-1.10  
-- looking for PCL_POINT_CLOUD_EDITOR
-- Found PCL_POINT_CLOUD_EDITOR: /usr/include/pcl-1.10  
-- looking for PCL_OUTOFCORE
-- Found PCL_OUTOFCORE: /usr/lib/x86_64-linux-gnu/libpcl_outofcore.so  
-- looking for PCL_PEOPLE
-- Found PCL_PEOPLE: /usr/lib/x86_64-linux-gnu/libpcl_people.so  
-- Found PCL: pcl_common;pcl_kdtree;pcl_octree;pcl_search;pcl_sample_consensus;pcl_filters;pcl_io;pcl_features;pcl_ml;pcl_segmentation;pcl_visualization;pcl_surface;pcl_registration;pcl_keypoints;pcl_tracking;pcl_recognition;pcl_stereo;pcl_apps;pcl_outofcore;pcl_people;/usr/lib/x86_64-linux-gnu/libboost_system.so;/usr/lib/x86_64-linux-gnu/libboost_filesystem.so;/usr/lib/x86_64-linux-gnu/libboost_date_time.so;/usr/lib/x86_64-linux-gnu/libboost_iostreams.so;/usr/lib/x86_64-linux-gnu/libboost_regex.so;optimized;/usr/lib/x86_64-linux-gnu/libqhull.so;debug;/usr/lib/x86_64-linux-gnu/libqhull.so;vtkChartsCore;vtkCommonColor;vtkCommonCore;vtksys;vtkCommonDataModel;vtkCommonMath;vtkCommonMisc;vtkCommonSystem;vtkCommonTransforms;vtkCommonExecutionModel;vtkFiltersGeneral;vtkCommonComputationalGeometry;vtkFiltersCore;vtkInfovisCore;vtkFiltersExtraction;vtkFiltersStatistics;vtkImagingFourier;vtkImagingCore;vtkalglib;vtkRenderingContext2D;vtkRenderingCore;vtkFiltersGeometry;vtkFiltersSources;vtkRenderingFreeType;/usr/lib/x86_64-linux-gnu/libfreetype.so;/usr/lib/x86_64-linux-gnu/libz.so;vtkFiltersModeling;vtkImagingSources;vtkInteractionStyle;vtkInteractionWidgets;vtkFiltersHybrid;vtkImagingColor;vtkImagingGeneral;vtkImagingHybrid;vtkIOImage;vtkDICOMParser;vtkmetaio;/usr/lib/x86_64-linux-gnu/libjpeg.so;/usr/lib/x86_64-linux-gnu/libpng.so;/usr/lib/x86_64-linux-gnu/libtiff.so;vtkRenderingAnnotation;vtkRenderingVolume;vtkIOXML;vtkIOCore;vtkIOXMLParser;/usr/lib/x86_64-linux-gnu/libexpat.so;vtkIOGeometry;vtkIOLegacy;vtkIOPLY;vtkRenderingLOD;vtkViewsContext2D;vtkViewsCore;vtkRenderingContextOpenGL2;vtkRenderingOpenGL2;FLANN::FLANN  
-- Found rosidl_default_generators: 1.1.1 (/opt/ros/galactic/share/rosidl_default_generators/cmake)
-- Found PythonInterp: /usr/bin/python3 (found version "3.8.10") 
-- Found ament_cmake_ros: 0.9.2 (/opt/ros/galactic/share/ament_cmake_ros/cmake)
-- Using all available rosidl_typesupport_c: rosidl_typesupport_fastrtps_c;rosidl_typesupport_introspection_c
-- Using all available rosidl_typesupport_cpp: rosidl_typesupport_fastrtps_cpp;rosidl_typesupport_introspection_cpp
-- Found PythonInterp: /usr/bin/python3 (found suitable version "3.8.10", minimum required is "3.5") 
-- Found python_cmake_module: 0.8.1 (/opt/ros/galactic/share/python_cmake_module/cmake)
-- Found PythonLibs: /usr/lib/x86_64-linux-gnu/libpython3.8.so (found suitable version "3.8.10", minimum required is "3.5") 
-- Using PYTHON_EXECUTABLE: /usr/bin/python3
-- Using PYTHON_INCLUDE_DIRS: /usr/include/python3.8
-- Using PYTHON_LIBRARIES: /usr/lib/x86_64-linux-gnu/libpython3.8.so
-- Found PythonExtra: .so  
-- Found ament_lint_auto: 0.10.6 (/opt/ros/galactic/share/ament_lint_auto/cmake)
-- Added test 'copyright' to check source files copyright and LICENSE
-- Added test 'cppcheck' to perform static code analysis on C / C++ code
-- Configured cppcheck include dirs: /home/student/lidar-ws/src/lidar_cpp/include
-- Configured cppcheck exclude dirs and/or files: 
-- Added test 'cpplint' to check C / C++ code against the Google style
-- Configured cpplint exclude dirs and/or files: 
-- Added test 'lint_cmake' to check CMake code style
-- Added test 'uncrustify' to check C / C++ code style
-- Configured uncrustify additional arguments: 
-- Added test 'xmllint' to check XML markup files
-- Configuring done
-- Generating done
-- Build files have been written to: /home/student/lidar-ws/build/lidar_cpp
[35m[1mScanning dependencies of target lidar_cpp__cpp[0m
[35m[1mScanning dependencies of target lidar[0m
[  3%] [34m[1mGenerating C code for ROS interfaces[0m
[  6%] [34m[1mGenerating C++ code for ROS interfaces[0m
[35m[1mScanning dependencies of target lidar_cpp__rosidl_generator_c[0m
[  6%] Built target lidar_cpp__cpp
[ 12%] [34m[1mGenerating C++ type support dispatch for ROS interfaces[0m
[ 12%] [34m[1mGenerating C++ introspection for ROS interfaces[0m
[ 15%] [34m[1mGenerating C++ type support for eProsima Fast-RTPS[0m
[ 18%] [32mBuilding C object CMakeFiles/lidar_cpp__rosidl_generator_c.dir/rosidl_generator_c/lidar_cpp/srv/detail/lidar_service__functions.c.o[0m
[35m[1mScanning dependencies of target lidar_cpp__rosidl_typesupport_cpp[0m
[ 21%] [32mBuilding CXX object CMakeFiles/lidar_cpp__rosidl_typesupport_cpp.dir/rosidl_typesupport_cpp/lidar_cpp/srv/lidar_service__type_support.cpp.o[0m
[35m[1mScanning dependencies of target lidar_cpp__rosidl_typesupport_introspection_cpp[0m
[ 24%] [32mBuilding CXX object CMakeFiles/lidar_cpp__rosidl_typesupport_introspection_cpp.dir/rosidl_typesupport_introspection_cpp/lidar_cpp/srv/detail/lidar_service__type_support.cpp.o[0m
[35m[1mScanning dependencies of target lidar_cpp__rosidl_typesupport_fastrtps_cpp[0m
[ 27%] [32m[1mLinking C shared library liblidar_cpp__rosidl_generator_c.so[0m
[ 27%] Built target lidar_cpp__rosidl_generator_c
[ 30%] [32mBuilding CXX object CMakeFiles/lidar_cpp__rosidl_typesupport_fastrtps_cpp.dir/rosidl_typesupport_fastrtps_cpp/lidar_cpp/srv/detail/dds_fastrtps/lidar_service__type_support.cpp.o[0m
[ 36%] [34m[1mGenerating C type support dispatch for ROS interfaces[0m
[ 36%] [34m[1mGenerating C introspection for ROS interfaces[0m
[35m[1mScanning dependencies of target lidar_cpp__rosidl_typesupport_c[0m
[ 39%] [32mBuilding CXX object CMakeFiles/lidar_cpp__rosidl_typesupport_c.dir/rosidl_typesupport_c/lidar_cpp/srv/lidar_service__type_support.cpp.o[0m
[35m[1mScanning dependencies of target lidar_cpp__rosidl_typesupport_introspection_c[0m
[ 42%] [32m[1mLinking CXX shared library liblidar_cpp__rosidl_typesupport_c.so[0m
[ 45%] [32mBuilding C object CMakeFiles/lidar_cpp__rosidl_typesupport_introspection_c.dir/rosidl_typesupport_introspection_c/lidar_cpp/srv/detail/lidar_service__type_support.c.o[0m
[ 45%] Built target lidar_cpp__rosidl_typesupport_c
[ 48%] [32m[1mLinking C shared library liblidar_cpp__rosidl_typesupport_introspection_c.so[0m
[ 48%] Built target lidar_cpp__rosidl_typesupport_introspection_c
[ 51%] [32m[1mLinking CXX shared library liblidar_cpp__rosidl_typesupport_cpp.so[0m
[ 54%] [32m[1mLinking CXX shared library liblidar_cpp__rosidl_typesupport_introspection_cpp.so[0m
[ 54%] Built target lidar_cpp__rosidl_typesupport_cpp
[ 54%] Built target lidar_cpp__rosidl_typesupport_introspection_cpp
[ 57%] [32m[1mLinking CXX shared library liblidar_cpp__rosidl_typesupport_fastrtps_cpp.so[0m
[ 60%] [32mBuilding CXX object CMakeFiles/lidar.dir/src/lidar_publisher.cpp.o[0m
[ 60%] Built target lidar_cpp__rosidl_typesupport_fastrtps_cpp
[ 63%] [34m[1mGenerating C type support for eProsima Fast-RTPS[0m
[35m[1mScanning dependencies of target lidar_cpp__rosidl_typesupport_fastrtps_c[0m
[ 66%] [32mBuilding CXX object CMakeFiles/lidar_cpp__rosidl_typesupport_fastrtps_c.dir/rosidl_typesupport_fastrtps_c/lidar_cpp/srv/detail/lidar_service__type_support_c.cpp.o[0m
[ 69%] [32m[1mLinking CXX shared library liblidar_cpp__rosidl_typesupport_fastrtps_c.so[0m
[ 69%] Built target lidar_cpp__rosidl_typesupport_fastrtps_c
[35m[1mScanning dependencies of target lidar_cpp[0m
[ 69%] Built target lidar_cpp
[35m[1mScanning dependencies of target lidar_cpp__py[0m
[ 72%] [34m[1mGenerating Python code for ROS interfaces[0m
[ 72%] Built target lidar_cpp__py
[35m[1mScanning dependencies of target lidar_cpp__python[0m
[ 75%] [32mBuilding C object CMakeFiles/lidar_cpp__python.dir/rosidl_generator_py/lidar_cpp/srv/_lidar_service_s.c.o[0m
[ 78%] [32m[1mLinking C shared library rosidl_generator_py/lidar_cpp/liblidar_cpp__python.so[0m
[ 78%] Built target lidar_cpp__python
[35m[1mScanning dependencies of target lidar_cpp__rosidl_typesupport_introspection_c__pyext[0m
[35m[1mScanning dependencies of target lidar_cpp__rosidl_typesupport_c__pyext[0m
[35m[1mScanning dependencies of target lidar_cpp__rosidl_typesupport_fastrtps_c__pyext[0m
[ 81%] [32mBuilding C object CMakeFiles/lidar_cpp__rosidl_typesupport_c__pyext.dir/rosidl_generator_py/lidar_cpp/_lidar_cpp_s.ep.rosidl_typesupport_c.c.o[0m
[ 84%] [32mBuilding C object CMakeFiles/lidar_cpp__rosidl_typesupport_fastrtps_c__pyext.dir/rosidl_generator_py/lidar_cpp/_lidar_cpp_s.ep.rosidl_typesupport_fastrtps_c.c.o[0m
[ 87%] [32mBuilding C object CMakeFiles/lidar_cpp__rosidl_typesupport_introspection_c__pyext.dir/rosidl_generator_py/lidar_cpp/_lidar_cpp_s.ep.rosidl_typesupport_introspection_c.c.o[0m
[ 90%] [32m[1mLinking C shared library rosidl_generator_py/lidar_cpp/lidar_cpp_s__rosidl_typesupport_c.cpython-38-x86_64-linux-gnu.so[0m
[ 93%] [32m[1mLinking CXX shared library rosidl_generator_py/lidar_cpp/lidar_cpp_s__rosidl_typesupport_fastrtps_c.cpython-38-x86_64-linux-gnu.so[0m
[ 96%] [32m[1mLinking C shared library rosidl_generator_py/lidar_cpp/lidar_cpp_s__rosidl_typesupport_introspection_c.cpython-38-x86_64-linux-gnu.so[0m
[ 96%] Built target lidar_cpp__rosidl_typesupport_c__pyext
[ 96%] Built target lidar_cpp__rosidl_typesupport_introspection_c__pyext
[ 96%] Built target lidar_cpp__rosidl_typesupport_fastrtps_c__pyext
[100%] [32m[1mLinking CXX executable lidar[0m
[100%] Built target lidar
-- Install configuration: ""
-- Installing: /home/student/lidar-ws/install/lidar_cpp/share/ament_index/resource_index/rosidl_interfaces/lidar_cpp
-- Installing: /home/student/lidar-ws/install/lidar_cpp/include/lidar_cpp
-- Installing: /home/student/lidar-ws/install/lidar_cpp/include/lidar_cpp/srv
-- Installing: /home/student/lidar-ws/install/lidar_cpp/include/lidar_cpp/srv/lidar_service.h
-- Installing: /home/student/lidar-ws/install/lidar_cpp/include/lidar_cpp/srv/detail
-- Installing: /home/student/lidar-ws/install/lidar_cpp/include/lidar_cpp/srv/detail/lidar_service__functions.h
-- Installing: /home/student/lidar-ws/install/lidar_cpp/include/lidar_cpp/srv/detail/lidar_service__functions.c
-- Installing: /home/student/lidar-ws/install/lidar_cpp/include/lidar_cpp/srv/detail/lidar_service__struct.h
-- Installing: /home/student/lidar-ws/install/lidar_cpp/include/lidar_cpp/srv/detail/lidar_service__type_support.h
-- Installing: /home/student/lidar-ws/install/lidar_cpp/include/lidar_cpp/msg
-- Installing: /home/student/lidar-ws/install/lidar_cpp/include/lidar_cpp/msg/rosidl_generator_c__visibility_control.h
-- Installing: /home/student/lidar-ws/install/lidar_cpp/share/lidar_cpp/environment/library_path.sh
-- Installing: /home/student/lidar-ws/install/lidar_cpp/share/lidar_cpp/environment/library_path.dsv
-- Installing: /home/student/lidar-ws/install/lidar_cpp/lib/liblidar_cpp__rosidl_generator_c.so
-- Set runtime path of "/home/student/lidar-ws/install/lidar_cpp/lib/liblidar_cpp__rosidl_generator_c.so" to ""
-- Up-to-date: /home/student/lidar-ws/install/lidar_cpp/include/lidar_cpp
-- Up-to-date: /home/student/lidar-ws/install/lidar_cpp/include/lidar_cpp/srv
-- Up-to-date: /home/student/lidar-ws/install/lidar_cpp/include/lidar_cpp/srv/detail
-- Installing: /home/student/lidar-ws/install/lidar_cpp/include/lidar_cpp/srv/detail/lidar_service__rosidl_typesupport_fastrtps_c.h
-- Up-to-date: /home/student/lidar-ws/install/lidar_cpp/include/lidar_cpp/msg
-- Installing: /home/student/lidar-ws/install/lidar_cpp/include/lidar_cpp/msg/rosidl_typesupport_fastrtps_c__visibility_control.h
-- Installing: /home/student/lidar-ws/install/lidar_cpp/lib/liblidar_cpp__rosidl_typesupport_fastrtps_c.so
-- Set runtime path of "/home/student/lidar-ws/install/lidar_cpp/lib/liblidar_cpp__rosidl_typesupport_fastrtps_c.so" to ""
-- Up-to-date: /home/student/lidar-ws/install/lidar_cpp/include/lidar_cpp
-- Up-to-date: /home/student/lidar-ws/install/lidar_cpp/include/lidar_cpp/srv
-- Up-to-date: /home/student/lidar-ws/install/lidar_cpp/include/lidar_cpp/srv/detail
-- Installing: /home/student/lidar-ws/install/lidar_cpp/include/lidar_cpp/srv/detail/lidar_service__rosidl_typesupport_fastrtps_cpp.hpp
-- Installing: /home/student/lidar-ws/install/lidar_cpp/include/lidar_cpp/srv/detail/dds_fastrtps
-- Up-to-date: /home/student/lidar-ws/install/lidar_cpp/include/lidar_cpp/msg
-- Installing: /home/student/lidar-ws/install/lidar_cpp/include/lidar_cpp/msg/rosidl_typesupport_fastrtps_cpp__visibility_control.h
-- Installing: /home/student/lidar-ws/install/lidar_cpp/lib/liblidar_cpp__rosidl_typesupport_fastrtps_cpp.so
-- Set runtime path of "/home/student/lidar-ws/install/lidar_cpp/lib/liblidar_cpp__rosidl_typesupport_fastrtps_cpp.so" to ""
-- Up-to-date: /home/student/lidar-ws/install/lidar_cpp/include/lidar_cpp
-- Up-to-date: /home/student/lidar-ws/install/lidar_cpp/include/lidar_cpp/srv
-- Up-to-date: /home/student/lidar-ws/install/lidar_cpp/include/lidar_cpp/srv/detail
-- Installing: /home/student/lidar-ws/install/lidar_cpp/include/lidar_cpp/srv/detail/lidar_service__rosidl_typesupport_introspection_c.h
-- Installing: /home/student/lidar-ws/install/lidar_cpp/include/lidar_cpp/srv/detail/lidar_service__type_support.c
-- Up-to-date: /home/student/lidar-ws/install/lidar_cpp/include/lidar_cpp/msg
-- Installing: /home/student/lidar-ws/install/lidar_cpp/include/lidar_cpp/msg/rosidl_typesupport_introspection_c__visibility_control.h
-- Installing: /home/student/lidar-ws/install/lidar_cpp/lib/liblidar_cpp__rosidl_typesupport_introspection_c.so
-- Set runtime path of "/home/student/lidar-ws/install/lidar_cpp/lib/liblidar_cpp__rosidl_typesupport_introspection_c.so" to ""
-- Installing: /home/student/lidar-ws/install/lidar_cpp/lib/liblidar_cpp__rosidl_typesupport_c.so
-- Set runtime path of "/home/student/lidar-ws/install/lidar_cpp/lib/liblidar_cpp__rosidl_typesupport_c.so" to ""
-- Up-to-date: /home/student/lidar-ws/install/lidar_cpp/include/lidar_cpp
-- Up-to-date: /home/student/lidar-ws/install/lidar_cpp/include/lidar_cpp/srv
-- Up-to-date: /home/student/lidar-ws/install/lidar_cpp/include/lidar_cpp/srv/detail
-- Installing: /home/student/lidar-ws/install/lidar_cpp/include/lidar_cpp/srv/detail/lidar_service__traits.hpp
-- Installing: /home/student/lidar-ws/install/lidar_cpp/include/lidar_cpp/srv/detail/lidar_service__struct.hpp
-- Installing: /home/student/lidar-ws/install/lidar_cpp/include/lidar_cpp/srv/detail/lidar_service__builder.hpp
-- Installing: /home/student/lidar-ws/install/lidar_cpp/include/lidar_cpp/srv/lidar_service.hpp
-- Up-to-date: /home/student/lidar-ws/install/lidar_cpp/include/lidar_cpp
-- Up-to-date: /home/student/lidar-ws/install/lidar_cpp/include/lidar_cpp/srv
-- Up-to-date: /home/student/lidar-ws/install/lidar_cpp/include/lidar_cpp/srv/detail
-- Installing: /home/student/lidar-ws/install/lidar_cpp/include/lidar_cpp/srv/detail/lidar_service__rosidl_typesupport_introspection_cpp.hpp
-- Installing: /home/student/lidar-ws/install/lidar_cpp/include/lidar_cpp/srv/detail/lidar_service__type_support.cpp
-- Installing: /home/student/lidar-ws/install/lidar_cpp/lib/liblidar_cpp__rosidl_typesupport_introspection_cpp.so
-- Set runtime path of "/home/student/lidar-ws/install/lidar_cpp/lib/liblidar_cpp__rosidl_typesupport_introspection_cpp.so" to ""
-- Installing: /home/student/lidar-ws/install/lidar_cpp/lib/liblidar_cpp__rosidl_typesupport_cpp.so
-- Set runtime path of "/home/student/lidar-ws/install/lidar_cpp/lib/liblidar_cpp__rosidl_typesupport_cpp.so" to ""
-- Installing: /home/student/lidar-ws/install/lidar_cpp/share/lidar_cpp/environment/pythonpath.sh
-- Installing: /home/student/lidar-ws/install/lidar_cpp/share/lidar_cpp/environment/pythonpath.dsv
-- Installing: /home/student/lidar-ws/install/lidar_cpp/lib/python3.8/site-packages/lidar_cpp/__init__.py
Compiling '/home/student/lidar-ws/install/lidar_cpp/lib/python3.8/site-packages/lidar_cpp/__init__.py'...
-- Installing: /home/student/lidar-ws/install/lidar_cpp/lib/python3.8/site-packages/lidar_cpp/srv
-- Installing: /home/student/lidar-ws/install/lidar_cpp/lib/python3.8/site-packages/lidar_cpp/srv/_lidar_service.py
-- Installing: /home/student/lidar-ws/install/lidar_cpp/lib/python3.8/site-packages/lidar_cpp/srv/_lidar_service_s.c
-- Installing: /home/student/lidar-ws/install/lidar_cpp/lib/python3.8/site-packages/lidar_cpp/srv/__init__.py
-- Installing: /home/student/lidar-ws/install/lidar_cpp/lib/python3.8/site-packages/lidar_cpp/lidar_cpp_s__rosidl_typesupport_fastrtps_c.cpython-38-x86_64-linux-gnu.so
-- Set runtime path of "/home/student/lidar-ws/install/lidar_cpp/lib/python3.8/site-packages/lidar_cpp/lidar_cpp_s__rosidl_typesupport_fastrtps_c.cpython-38-x86_64-linux-gnu.so" to ""
-- Installing: /home/student/lidar-ws/install/lidar_cpp/lib/python3.8/site-packages/lidar_cpp/lidar_cpp_s__rosidl_typesupport_introspection_c.cpython-38-x86_64-linux-gnu.so
-- Set runtime path of "/home/student/lidar-ws/install/lidar_cpp/lib/python3.8/site-packages/lidar_cpp/lidar_cpp_s__rosidl_typesupport_introspection_c.cpython-38-x86_64-linux-gnu.so" to ""
-- Installing: /home/student/lidar-ws/install/lidar_cpp/lib/python3.8/site-packages/lidar_cpp/lidar_cpp_s__rosidl_typesupport_c.cpython-38-x86_64-linux-gnu.so
-- Set runtime path of "/home/student/lidar-ws/install/lidar_cpp/lib/python3.8/site-packages/lidar_cpp/lidar_cpp_s__rosidl_typesupport_c.cpython-38-x86_64-linux-gnu.so" to ""
-- Installing: /home/student/lidar-ws/install/lidar_cpp/lib/liblidar_cpp__python.so
-- Set runtime path of "/home/student/lidar-ws/install/lidar_cpp/lib/liblidar_cpp__python.so" to ""
-- Installing: /home/student/lidar-ws/install/lidar_cpp/share/lidar_cpp/srv/LidarService.idl
-- Installing: /home/student/lidar-ws/install/lidar_cpp/share/lidar_cpp/srv/LidarService.srv
-- Installing: /home/student/lidar-ws/install/lidar_cpp/share/lidar_cpp/srv/LidarService_Request.msg
-- Installing: /home/student/lidar-ws/install/lidar_cpp/share/lidar_cpp/srv/LidarService_Response.msg
-- Installing: /home/student/lidar-ws/install/lidar_cpp/lib/lidar_cpp/lidar
-- Set runtime path of "/home/student/lidar-ws/install/lidar_cpp/lib/lidar_cpp/lidar" to ""
-- Installing: /home/student/lidar-ws/install/lidar_cpp/share/ament_index/resource_index/package_run_dependencies/lidar_cpp
-- Installing: /home/student/lidar-ws/install/lidar_cpp/share/ament_index/resource_index/parent_prefix_path/lidar_cpp
-- Installing: /home/student/lidar-ws/install/lidar_cpp/share/lidar_cpp/environment/ament_prefix_path.sh
-- Installing: /home/student/lidar-ws/install/lidar_cpp/share/lidar_cpp/environment/ament_prefix_path.dsv
-- Installing: /home/student/lidar-ws/install/lidar_cpp/share/lidar_cpp/environment/path.sh
-- Installing: /home/student/lidar-ws/install/lidar_cpp/share/lidar_cpp/environment/path.dsv
-- Installing: /home/student/lidar-ws/install/lidar_cpp/share/lidar_cpp/local_setup.bash
-- Installing: /home/student/lidar-ws/install/lidar_cpp/share/lidar_cpp/local_setup.sh
-- Installing: /home/student/lidar-ws/install/lidar_cpp/share/lidar_cpp/local_setup.zsh
-- Installing: /home/student/lidar-ws/install/lidar_cpp/share/lidar_cpp/local_setup.dsv
-- Installing: /home/student/lidar-ws/install/lidar_cpp/share/lidar_cpp/package.dsv
-- Installing: /home/student/lidar-ws/install/lidar_cpp/share/ament_index/resource_index/packages/lidar_cpp
-- Installing: /home/student/lidar-ws/install/lidar_cpp/share/lidar_cpp/cmake/lidar_cpp__rosidl_generator_cExport.cmake
-- Installing: /home/student/lidar-ws/install/lidar_cpp/share/lidar_cpp/cmake/lidar_cpp__rosidl_generator_cExport-noconfig.cmake
-- Installing: /home/student/lidar-ws/install/lidar_cpp/share/lidar_cpp/cmake/lidar_cpp__rosidl_typesupport_introspection_cExport.cmake
-- Installing: /home/student/lidar-ws/install/lidar_cpp/share/lidar_cpp/cmake/lidar_cpp__rosidl_typesupport_introspection_cExport-noconfig.cmake
-- Installing: /home/student/lidar-ws/install/lidar_cpp/share/lidar_cpp/cmake/lidar_cpp__rosidl_typesupport_cExport.cmake
-- Installing: /home/student/lidar-ws/install/lidar_cpp/share/lidar_cpp/cmake/lidar_cpp__rosidl_typesupport_cExport-noconfig.cmake
-- Installing: /home/student/lidar-ws/install/lidar_cpp/share/lidar_cpp/cmake/lidar_cpp__rosidl_generator_cppExport.cmake
-- Installing: /home/student/lidar-ws/install/lidar_cpp/share/lidar_cpp/cmake/lidar_cpp__rosidl_typesupport_introspection_cppExport.cmake
-- Installing: /home/student/lidar-ws/install/lidar_cpp/share/lidar_cpp/cmake/lidar_cpp__rosidl_typesupport_introspection_cppExport-noconfig.cmake
-- Installing: /home/student/lidar-ws/install/lidar_cpp/share/lidar_cpp/cmake/lidar_cpp__rosidl_typesupport_cppExport.cmake
-- Installing: /home/student/lidar-ws/install/lidar_cpp/share/lidar_cpp/cmake/lidar_cpp__rosidl_typesupport_cppExport-noconfig.cmake
-- Installing: /home/student/lidar-ws/install/lidar_cpp/share/lidar_cpp/cmake/rosidl_cmake-extras.cmake
-- Installing: /home/student/lidar-ws/install/lidar_cpp/share/lidar_cpp/cmake/ament_cmake_export_dependencies-extras.cmake
-- Installing: /home/student/lidar-ws/install/lidar_cpp/share/lidar_cpp/cmake/ament_cmake_export_libraries-extras.cmake
-- Installing: /home/student/lidar-ws/install/lidar_cpp/share/lidar_cpp/cmake/ament_cmake_export_targets-extras.cmake
-- Installing: /home/student/lidar-ws/install/lidar_cpp/share/lidar_cpp/cmake/ament_cmake_export_include_directories-extras.cmake
-- Installing: /home/student/lidar-ws/install/lidar_cpp/share/lidar_cpp/cmake/rosidl_cmake_export_typesupport_libraries-extras.cmake
-- Installing: /home/student/lidar-ws/install/lidar_cpp/share/lidar_cpp/cmake/rosidl_cmake_export_typesupport_targets-extras.cmake
-- Installing: /home/student/lidar-ws/install/lidar_cpp/share/lidar_cpp/cmake/lidar_cppConfig.cmake
-- Installing: /home/student/lidar-ws/install/lidar_cpp/share/lidar_cpp/cmake/lidar_cppConfig-version.cmake
-- Installing: /home/student/lidar-ws/install/lidar_cpp/share/lidar_cpp/package.xml
