[0.018s] Invoking command in '/home/student/lidar-ws/build/lidar_cpp': CMAKE_PREFIX_PATH=${CMAKE_PREFIX_PATH}:/home/student/ws/install/py_ctrl:/home/student/ws/install/case_scenes:/home/student/ia_ws/install/viz_static:/home/student/ia_ws/install/viz_interactive:/home/student/ia_ws/install/ur_setup:/home/student/ia_ws/install/tf_lookup:/home/student/ia_ws/install/tf_broadcast:/home/student/ia_ws/install/tf_scene:/home/student/ia_ws/install/gui_tools:/home/student/ia_ws/install/aruco_handler:/opt/ros/galactic /usr/bin/cmake /home/student/lidar-ws/src/lidar_cpp -DCMAKE_INSTALL_PREFIX=/home/student/lidar-ws/install/lidar_cpp
[0.089s] -- The C compiler identification is GNU 9.4.0
[0.161s] -- The CXX compiler identification is GNU 9.4.0
[0.169s] -- Check for working C compiler: /usr/bin/cc
[0.251s] -- Check for working C compiler: /usr/bin/cc -- works
[0.251s] -- Detecting C compiler ABI info
[0.339s] -- Detecting C compiler ABI info - done
[0.351s] -- Detecting C compile features
[0.352s] -- Detecting C compile features - done
[0.354s] -- Check for working CXX compiler: /usr/bin/c++
[0.462s] -- Check for working CXX compiler: /usr/bin/c++ -- works
[0.463s] -- Detecting CXX compiler ABI info
[0.568s] -- Detecting CXX compiler ABI info - done
[0.585s] -- Detecting CXX compile features
[0.586s] -- Detecting CXX compile features - done
[0.591s] -- Found ament_cmake: 1.1.4 (/opt/ros/galactic/share/ament_cmake/cmake)
[0.629s] -- Found PythonInterp: /usr/bin/python3 (found suitable version "3.8.10", minimum required is "3") 
[0.629s] -- Using PYTHON_EXECUTABLE: /usr/bin/python3
[0.771s] -- Found rclcpp: 9.2.0 (/opt/ros/galactic/share/rclcpp/cmake)
[0.890s] -- Using all available rosidl_typesupport_c: rosidl_typesupport_fastrtps_c;rosidl_typesupport_introspection_c
[0.914s] -- Found rosidl_adapter: 2.2.1 (/opt/ros/galactic/share/rosidl_adapter/cmake)
[1.110s] -- Found OpenSSL: /usr/lib/x86_64-linux-gnu/libcrypto.so (found version "1.1.1f")  
[1.152s] -- Found FastRTPS: /opt/ros/galactic/include  
[1.307s] -- Using all available rosidl_typesupport_cpp: rosidl_typesupport_fastrtps_cpp;rosidl_typesupport_introspection_cpp
[1.432s] -- Found rmw_implementation_cmake: 3.3.1 (/opt/ros/galactic/share/rmw_implementation_cmake/cmake)
[1.444s] -- Found rmw_cyclonedds_cpp: 0.22.3 (/opt/ros/galactic/share/rmw_cyclonedds_cpp/cmake)
[1.480s] -- Using RMW implementation 'rmw_cyclonedds_cpp' as default
[1.482s] -- Looking for pthread.h
[1.706s] -- Looking for pthread.h - found
[1.706s] -- Performing Test CMAKE_HAVE_LIBC_PTHREAD
[1.805s] -- Performing Test CMAKE_HAVE_LIBC_PTHREAD - Failed
[1.805s] -- Looking for pthread_create in pthreads
[1.881s] -- Looking for pthread_create in pthreads - not found
[1.882s] -- Looking for pthread_create in pthread
[1.975s] -- Looking for pthread_create in pthread - found
[1.976s] -- Found Threads: TRUE  
[2.214s] -- Found sensor_msgs: 2.2.3 (/opt/ros/galactic/share/sensor_msgs/cmake)
[2.467s] -- Checking for module 'eigen3'
[2.501s] --   Found eigen3, version 3.3.7
[2.580s] -- Found Eigen: /usr/include/eigen3 (Required is at least version "3.1") 
[2.580s] -- Eigen found (include: /usr/include/eigen3, version: 3.3.7)
[2.832s] -- Found Boost: /usr/include (found suitable version "1.71.0", minimum required is "1.55.0") found components: system filesystem date_time iostreams regex 
[2.853s] -- Checking for module 'flann'
[2.892s] --   Found flann, version 1.9.1
[2.969s] -- Found FLANN: /usr/lib/x86_64-linux-gnu/libflann_cpp.so  
[3.105s] -- The imported target "vtkParseOGLExt" references the file
[3.105s]    "/usr/bin/vtkParseOGLExt-7.1"
[3.105s] but this file does not exist.  Possible reasons include:
[3.105s] * The file was deleted, renamed, or moved to another location.
[3.105s] * An install or uninstall procedure did not complete successfully.
[3.105s] * The installation package was faulty and contained
[3.105s]    "/usr/lib/cmake/vtk-7.1/VTKTargets.cmake"
[3.105s] but not all the files it references.
[3.106s] 
[3.106s] -- The imported target "vtkRenderingPythonTkWidgets" references the file
[3.107s]    "/usr/lib/x86_64-linux-gnu/libvtkRenderingPythonTkWidgets.so"
[3.107s] but this file does not exist.  Possible reasons include:
[3.107s] * The file was deleted, renamed, or moved to another location.
[3.107s] * An install or uninstall procedure did not complete successfully.
[3.107s] * The installation package was faulty and contained
[3.107s]    "/usr/lib/cmake/vtk-7.1/VTKTargets.cmake"
[3.107s] but not all the files it references.
[3.107s] 
[3.109s] -- The imported target "vtk" references the file
[3.109s]    "/usr/bin/vtk"
[3.109s] but this file does not exist.  Possible reasons include:
[3.109s] * The file was deleted, renamed, or moved to another location.
[3.110s] * An install or uninstall procedure did not complete successfully.
[3.110s] * The installation package was faulty and contained
[3.110s]    "/usr/lib/cmake/vtk-7.1/VTKTargets.cmake"
[3.110s] but not all the files it references.
[3.110s] 
[3.110s] -- The imported target "pvtk" references the file
[3.110s]    "/usr/bin/pvtk"
[3.110s] but this file does not exist.  Possible reasons include:
[3.110s] * The file was deleted, renamed, or moved to another location.
[3.110s] * An install or uninstall procedure did not complete successfully.
[3.111s] * The installation package was faulty and contained
[3.111s]    "/usr/lib/cmake/vtk-7.1/VTKTargets.cmake"
[3.111s] but not all the files it references.
[3.111s] 
[3.200s] -- Checking for module 'libusb-1.0'
[3.205s] --   No package 'libusb-1.0' found
[3.212s] -- Could NOT find USB_10 (missing: USB_10_LIBRARY USB_10_INCLUDE_DIR) 
[3.213s] -- OpenNI disabled because libusb-1.0 not found.
[3.213s] ** WARNING ** io features related to openni will be disabled
[3.221s] -- Checking for module 'libusb-1.0'
[3.226s] --   No package 'libusb-1.0' found
[3.232s] -- Could NOT find USB_10 (missing: USB_10_LIBRARY USB_10_INCLUDE_DIR) 
[3.232s] -- OpenNI 2 disabled because libusb-1.0 not found.
[3.232s] ** WARNING ** io features related to openni2 will be disabled
[3.232s] ** WARNING ** io features related to pcap will be disabled
[3.232s] ** WARNING ** io features related to png will be disabled
[3.253s] -- LIBUSB_1_LIBRARY (missing: LIBUSB_1_INCLUDE_DIR) 
[3.253s] ** WARNING ** io features related to libusb-1.0 will be disabled
[3.258s] -- Checking for module 'libusb-1.0'
[3.262s] --   No package 'libusb-1.0' found
[3.268s] -- Could NOT find USB_10 (missing: USB_10_LIBRARY USB_10_INCLUDE_DIR) 
[3.268s] -- OpenNI disabled because libusb-1.0 not found.
[3.268s] ** WARNING ** visualization features related to openni will be disabled
[3.274s] -- Checking for module 'libusb-1.0'
[3.279s] --   No package 'libusb-1.0' found
[3.285s] -- Could NOT find USB_10 (missing: USB_10_LIBRARY USB_10_INCLUDE_DIR) 
[3.285s] -- OpenNI 2 disabled because libusb-1.0 not found.
[3.285s] ** WARNING ** visualization features related to openni2 will be disabled
[3.464s] -- Found Qhull: optimized;/usr/lib/x86_64-linux-gnu/libqhull.so;debug;/usr/lib/x86_64-linux-gnu/libqhull.so  
[3.464s] -- QHULL found (include: /usr/include, lib: optimized;/usr/lib/x86_64-linux-gnu/libqhull.so;debug;/usr/lib/x86_64-linux-gnu/libqhull.so)
[3.471s] -- Checking for module 'libusb-1.0'
[3.475s] --   No package 'libusb-1.0' found
[3.481s] -- Could NOT find USB_10 (missing: USB_10_LIBRARY USB_10_INCLUDE_DIR) 
[3.481s] -- OpenNI disabled because libusb-1.0 not found.
[3.481s] ** WARNING ** apps features related to openni will be disabled
[3.502s] -- looking for PCL_COMMON
[3.504s] -- Found PCL_COMMON: /usr/lib/x86_64-linux-gnu/libpcl_common.so  
[3.504s] -- looking for PCL_KDTREE
[3.506s] -- Found PCL_KDTREE: /usr/lib/x86_64-linux-gnu/libpcl_kdtree.so  
[3.506s] -- looking for PCL_OCTREE
[3.508s] -- Found PCL_OCTREE: /usr/lib/x86_64-linux-gnu/libpcl_octree.so  
[3.508s] -- looking for PCL_SEARCH
[3.510s] -- Found PCL_SEARCH: /usr/lib/x86_64-linux-gnu/libpcl_search.so  
[3.510s] -- looking for PCL_SAMPLE_CONSENSUS
[3.512s] -- Found PCL_SAMPLE_CONSENSUS: /usr/lib/x86_64-linux-gnu/libpcl_sample_consensus.so  
[3.513s] -- looking for PCL_FILTERS
[3.515s] -- Found PCL_FILTERS: /usr/lib/x86_64-linux-gnu/libpcl_filters.so  
[3.515s] -- looking for PCL_2D
[3.515s] -- Found PCL_2D: /usr/include/pcl-1.10  
[3.516s] -- looking for PCL_GEOMETRY
[3.516s] -- Found PCL_GEOMETRY: /usr/include/pcl-1.10  
[3.516s] -- looking for PCL_IO
[3.518s] -- Found PCL_IO: /usr/lib/x86_64-linux-gnu/libpcl_io.so  
[3.519s] -- looking for PCL_FEATURES
[3.520s] -- Found PCL_FEATURES: /usr/lib/x86_64-linux-gnu/libpcl_features.so  
[3.521s] -- looking for PCL_ML
[3.523s] -- Found PCL_ML: /usr/lib/x86_64-linux-gnu/libpcl_ml.so  
[3.524s] -- looking for PCL_SEGMENTATION
[3.526s] -- Found PCL_SEGMENTATION: /usr/lib/x86_64-linux-gnu/libpcl_segmentation.so  
[3.526s] -- looking for PCL_VISUALIZATION
[3.528s] -- Found PCL_VISUALIZATION: /usr/lib/x86_64-linux-gnu/libpcl_visualization.so  
[3.528s] -- looking for PCL_SURFACE
[3.530s] -- Found PCL_SURFACE: /usr/lib/x86_64-linux-gnu/libpcl_surface.so  
[3.531s] -- looking for PCL_REGISTRATION
[3.544s] -- Found PCL_REGISTRATION: /usr/lib/x86_64-linux-gnu/libpcl_registration.so  
[3.545s] -- looking for PCL_KEYPOINTS
[3.547s] -- Found PCL_KEYPOINTS: /usr/lib/x86_64-linux-gnu/libpcl_keypoints.so  
[3.548s] -- looking for PCL_TRACKING
[3.549s] -- Found PCL_TRACKING: /usr/lib/x86_64-linux-gnu/libpcl_tracking.so  
[3.550s] -- looking for PCL_RECOGNITION
[3.551s] -- Found PCL_RECOGNITION: /usr/lib/x86_64-linux-gnu/libpcl_recognition.so  
[3.552s] -- looking for PCL_STEREO
[3.553s] -- Found PCL_STEREO: /usr/lib/x86_64-linux-gnu/libpcl_stereo.so  
[3.554s] -- looking for PCL_APPS
[3.555s] -- Found PCL_APPS: /usr/lib/x86_64-linux-gnu/libpcl_apps.so  
[3.556s] -- looking for PCL_IN_HAND_SCANNER
[3.556s] -- Found PCL_IN_HAND_SCANNER: /usr/include/pcl-1.10  
[3.557s] -- looking for PCL_POINT_CLOUD_EDITOR
[3.591s] -- Found PCL_POINT_CLOUD_EDITOR: /usr/include/pcl-1.10  
[3.591s] -- looking for PCL_OUTOFCORE
[3.593s] -- Found PCL_OUTOFCORE: /usr/lib/x86_64-linux-gnu/libpcl_outofcore.so  
[3.593s] -- looking for PCL_PEOPLE
[3.595s] -- Found PCL_PEOPLE: /usr/lib/x86_64-linux-gnu/libpcl_people.so  
[3.596s] -- Found PCL: pcl_common;pcl_kdtree;pcl_octree;pcl_search;pcl_sample_consensus;pcl_filters;pcl_io;pcl_features;pcl_ml;pcl_segmentation;pcl_visualization;pcl_surface;pcl_registration;pcl_keypoints;pcl_tracking;pcl_recognition;pcl_stereo;pcl_apps;pcl_outofcore;pcl_people;/usr/lib/x86_64-linux-gnu/libboost_system.so;/usr/lib/x86_64-linux-gnu/libboost_filesystem.so;/usr/lib/x86_64-linux-gnu/libboost_date_time.so;/usr/lib/x86_64-linux-gnu/libboost_iostreams.so;/usr/lib/x86_64-linux-gnu/libboost_regex.so;optimized;/usr/lib/x86_64-linux-gnu/libqhull.so;debug;/usr/lib/x86_64-linux-gnu/libqhull.so;vtkChartsCore;vtkCommonColor;vtkCommonCore;vtksys;vtkCommonDataModel;vtkCommonMath;vtkCommonMisc;vtkCommonSystem;vtkCommonTransforms;vtkCommonExecutionModel;vtkFiltersGeneral;vtkCommonComputationalGeometry;vtkFiltersCore;vtkInfovisCore;vtkFiltersExtraction;vtkFiltersStatistics;vtkImagingFourier;vtkImagingCore;vtkalglib;vtkRenderingContext2D;vtkRenderingCore;vtkFiltersGeometry;vtkFiltersSources;vtkRenderingFreeType;/usr/lib/x86_64-linux-gnu/libfreetype.so;/usr/lib/x86_64-linux-gnu/libz.so;vtkFiltersModeling;vtkImagingSources;vtkInteractionStyle;vtkInteractionWidgets;vtkFiltersHybrid;vtkImagingColor;vtkImagingGeneral;vtkImagingHybrid;vtkIOImage;vtkDICOMParser;vtkmetaio;/usr/lib/x86_64-linux-gnu/libjpeg.so;/usr/lib/x86_64-linux-gnu/libpng.so;/usr/lib/x86_64-linux-gnu/libtiff.so;vtkRenderingAnnotation;vtkRenderingVolume;vtkIOXML;vtkIOCore;vtkIOXMLParser;/usr/lib/x86_64-linux-gnu/libexpat.so;vtkIOGeometry;vtkIOLegacy;vtkIOPLY;vtkRenderingLOD;vtkViewsContext2D;vtkViewsCore;vtkRenderingContextOpenGL2;vtkRenderingOpenGL2;FLANN::FLANN  
[3.602s] -- Found rosidl_default_generators: 1.1.1 (/opt/ros/galactic/share/rosidl_default_generators/cmake)
[3.664s] -- Found PythonInterp: /usr/bin/python3 (found version "3.8.10") 
[3.849s] -- Found ament_cmake_ros: 0.9.2 (/opt/ros/galactic/share/ament_cmake_ros/cmake)
[3.997s] -- Using all available rosidl_typesupport_c: rosidl_typesupport_fastrtps_c;rosidl_typesupport_introspection_c
[4.010s] -- Using all available rosidl_typesupport_cpp: rosidl_typesupport_fastrtps_cpp;rosidl_typesupport_introspection_cpp
[4.049s] -- Found PythonInterp: /usr/bin/python3 (found suitable version "3.8.10", minimum required is "3.5") 
[4.053s] -- Found python_cmake_module: 0.8.1 (/opt/ros/galactic/share/python_cmake_module/cmake)
[4.141s] -- Found PythonLibs: /usr/lib/x86_64-linux-gnu/libpython3.8.so (found suitable version "3.8.10", minimum required is "3.5") 
[4.141s] -- Using PYTHON_EXECUTABLE: /usr/bin/python3
[4.141s] -- Using PYTHON_INCLUDE_DIRS: /usr/include/python3.8
[4.141s] -- Using PYTHON_LIBRARIES: /usr/lib/x86_64-linux-gnu/libpython3.8.so
[4.175s] -- Found PythonExtra: .so  
[4.271s] -- Found ament_lint_auto: 0.10.6 (/opt/ros/galactic/share/ament_lint_auto/cmake)
[4.311s] -- Added test 'copyright' to check source files copyright and LICENSE
[4.314s] -- Added test 'cppcheck' to perform static code analysis on C / C++ code
[4.318s] -- Configured cppcheck include dirs: /home/student/lidar-ws/src/lidar_cpp/include
[4.318s] -- Configured cppcheck exclude dirs and/or files: 
[4.320s] -- Added test 'cpplint' to check C / C++ code against the Google style
[4.320s] -- Configured cpplint exclude dirs and/or files: 
[4.321s] -- Added test 'lint_cmake' to check CMake code style
[4.323s] -- Added test 'uncrustify' to check C / C++ code style
[4.323s] -- Configured uncrustify additional arguments: 
[4.324s] -- Added test 'xmllint' to check XML markup files
[4.334s] -- Configuring done
[4.921s] -- Generating done
[4.926s] -- Build files have been written to: /home/student/lidar-ws/build/lidar_cpp
[4.953s] Invoked command in '/home/student/lidar-ws/build/lidar_cpp' returned '0': CMAKE_PREFIX_PATH=${CMAKE_PREFIX_PATH}:/home/student/ws/install/py_ctrl:/home/student/ws/install/case_scenes:/home/student/ia_ws/install/viz_static:/home/student/ia_ws/install/viz_interactive:/home/student/ia_ws/install/ur_setup:/home/student/ia_ws/install/tf_lookup:/home/student/ia_ws/install/tf_broadcast:/home/student/ia_ws/install/tf_scene:/home/student/ia_ws/install/gui_tools:/home/student/ia_ws/install/aruco_handler:/opt/ros/galactic /usr/bin/cmake /home/student/lidar-ws/src/lidar_cpp -DCMAKE_INSTALL_PREFIX=/home/student/lidar-ws/install/lidar_cpp
[4.956s] Invoking command in '/home/student/lidar-ws/build/lidar_cpp': CMAKE_PREFIX_PATH=${CMAKE_PREFIX_PATH}:/home/student/ws/install/py_ctrl:/home/student/ws/install/case_scenes:/home/student/ia_ws/install/viz_static:/home/student/ia_ws/install/viz_interactive:/home/student/ia_ws/install/ur_setup:/home/student/ia_ws/install/tf_lookup:/home/student/ia_ws/install/tf_broadcast:/home/student/ia_ws/install/tf_scene:/home/student/ia_ws/install/gui_tools:/home/student/ia_ws/install/aruco_handler:/opt/ros/galactic /usr/bin/cmake --build /home/student/lidar-ws/build/lidar_cpp -- -j8 -l8
[5.011s] [35m[1mScanning dependencies of target lidar_cpp__cpp[0m
[5.011s] [35m[1mScanning dependencies of target lidar[0m
[5.011s] [  3%] [34m[1mGenerating C code for ROS interfaces[0m
[5.029s] [  6%] [34m[1mGenerating C++ code for ROS interfaces[0m
[5.370s] [35m[1mScanning dependencies of target lidar_cpp__rosidl_generator_c[0m
[5.383s] [  6%] Built target lidar_cpp__cpp
[5.395s] [ 12%] [34m[1mGenerating C++ type support dispatch for ROS interfaces[0m
[5.395s] [ 12%] [34m[1mGenerating C++ introspection for ROS interfaces[0m
[5.395s] [ 15%] [34m[1mGenerating C++ type support for eProsima Fast-RTPS[0m
[5.760s] [ 18%] [32mBuilding C object CMakeFiles/lidar_cpp__rosidl_generator_c.dir/rosidl_generator_c/lidar_cpp/srv/detail/lidar_service__functions.c.o[0m
[5.960s] [35m[1mScanning dependencies of target lidar_cpp__rosidl_typesupport_cpp[0m
[6.003s] [ 21%] [32mBuilding CXX object CMakeFiles/lidar_cpp__rosidl_typesupport_cpp.dir/rosidl_typesupport_cpp/lidar_cpp/srv/lidar_service__type_support.cpp.o[0m
[6.042s] [35m[1mScanning dependencies of target lidar_cpp__rosidl_typesupport_introspection_cpp[0m
[6.067s] [ 24%] [32mBuilding CXX object CMakeFiles/lidar_cpp__rosidl_typesupport_introspection_cpp.dir/rosidl_typesupport_introspection_cpp/lidar_cpp/srv/detail/lidar_service__type_support.cpp.o[0m
[6.074s] [35m[1mScanning dependencies of target lidar_cpp__rosidl_typesupport_fastrtps_cpp[0m
[6.074s] [ 27%] [32m[1mLinking C shared library liblidar_cpp__rosidl_generator_c.so[0m
[6.120s] [ 27%] Built target lidar_cpp__rosidl_generator_c
[6.124s] [ 30%] [32mBuilding CXX object CMakeFiles/lidar_cpp__rosidl_typesupport_fastrtps_cpp.dir/rosidl_typesupport_fastrtps_cpp/lidar_cpp/srv/detail/dds_fastrtps/lidar_service__type_support.cpp.o[0m
[6.135s] [ 36%] [34m[1mGenerating C type support dispatch for ROS interfaces[0m
[6.135s] [ 36%] [34m[1mGenerating C introspection for ROS interfaces[0m
[6.384s] [35m[1mScanning dependencies of target lidar_cpp__rosidl_typesupport_c[0m
[6.402s] [ 39%] [32mBuilding CXX object CMakeFiles/lidar_cpp__rosidl_typesupport_c.dir/rosidl_typesupport_c/lidar_cpp/srv/lidar_service__type_support.cpp.o[0m
[6.427s] [35m[1mScanning dependencies of target lidar_cpp__rosidl_typesupport_introspection_c[0m
[6.447s] [ 42%] [32m[1mLinking CXX shared library liblidar_cpp__rosidl_typesupport_c.so[0m
[6.459s] [ 45%] [32mBuilding C object CMakeFiles/lidar_cpp__rosidl_typesupport_introspection_c.dir/rosidl_typesupport_introspection_c/lidar_cpp/srv/detail/lidar_service__type_support.c.o[0m
[6.511s] [ 45%] Built target lidar_cpp__rosidl_typesupport_c
[6.515s] [ 48%] [32m[1mLinking C shared library liblidar_cpp__rosidl_typesupport_introspection_c.so[0m
[6.558s] [ 48%] Built target lidar_cpp__rosidl_typesupport_introspection_c
[6.788s] [ 51%] [32m[1mLinking CXX shared library liblidar_cpp__rosidl_typesupport_cpp.so[0m
[6.839s] [ 54%] [32m[1mLinking CXX shared library liblidar_cpp__rosidl_typesupport_introspection_cpp.so[0m
[6.843s] [ 54%] Built target lidar_cpp__rosidl_typesupport_cpp
[6.922s] [ 54%] Built target lidar_cpp__rosidl_typesupport_introspection_cpp
[6.989s] [ 57%] [32m[1mLinking CXX shared library liblidar_cpp__rosidl_typesupport_fastrtps_cpp.so[0m
[7.093s] [ 60%] [32mBuilding CXX object CMakeFiles/lidar.dir/src/lidar_publisher.cpp.o[0m
[7.159s] [ 60%] Built target lidar_cpp__rosidl_typesupport_fastrtps_cpp
[7.174s] [ 63%] [34m[1mGenerating C type support for eProsima Fast-RTPS[0m
[7.469s] [35m[1mScanning dependencies of target lidar_cpp__rosidl_typesupport_fastrtps_c[0m
[7.494s] [ 66%] [32mBuilding CXX object CMakeFiles/lidar_cpp__rosidl_typesupport_fastrtps_c.dir/rosidl_typesupport_fastrtps_c/lidar_cpp/srv/detail/lidar_service__type_support_c.cpp.o[0m
[7.923s] [ 69%] [32m[1mLinking CXX shared library liblidar_cpp__rosidl_typesupport_fastrtps_c.so[0m
[8.054s] [ 69%] Built target lidar_cpp__rosidl_typesupport_fastrtps_c
[8.066s] [35m[1mScanning dependencies of target lidar_cpp[0m
[8.080s] [ 69%] Built target lidar_cpp
[8.093s] [35m[1mScanning dependencies of target lidar_cpp__py[0m
[8.107s] [ 72%] [34m[1mGenerating Python code for ROS interfaces[0m
[8.680s] [ 72%] Built target lidar_cpp__py
[8.695s] [35m[1mScanning dependencies of target lidar_cpp__python[0m
[8.886s] [ 75%] [32mBuilding C object CMakeFiles/lidar_cpp__python.dir/rosidl_generator_py/lidar_cpp/srv/_lidar_service_s.c.o[0m
[9.178s] [ 78%] [32m[1mLinking C shared library rosidl_generator_py/lidar_cpp/liblidar_cpp__python.so[0m
[9.227s] [ 78%] Built target lidar_cpp__python
[9.245s] [35m[1mScanning dependencies of target lidar_cpp__rosidl_typesupport_introspection_c__pyext[0m
[9.245s] [35m[1mScanning dependencies of target lidar_cpp__rosidl_typesupport_c__pyext[0m
[9.246s] [35m[1mScanning dependencies of target lidar_cpp__rosidl_typesupport_fastrtps_c__pyext[0m
[9.272s] [ 81%] [32mBuilding C object CMakeFiles/lidar_cpp__rosidl_typesupport_c__pyext.dir/rosidl_generator_py/lidar_cpp/_lidar_cpp_s.ep.rosidl_typesupport_c.c.o[0m
[9.276s] [ 84%] [32mBuilding C object CMakeFiles/lidar_cpp__rosidl_typesupport_fastrtps_c__pyext.dir/rosidl_generator_py/lidar_cpp/_lidar_cpp_s.ep.rosidl_typesupport_fastrtps_c.c.o[0m
[9.279s] [ 87%] [32mBuilding C object CMakeFiles/lidar_cpp__rosidl_typesupport_introspection_c__pyext.dir/rosidl_generator_py/lidar_cpp/_lidar_cpp_s.ep.rosidl_typesupport_introspection_c.c.o[0m
[9.383s] [ 90%] [32m[1mLinking C shared library rosidl_generator_py/lidar_cpp/lidar_cpp_s__rosidl_typesupport_c.cpython-38-x86_64-linux-gnu.so[0m
[9.391s] [ 93%] [32m[1mLinking CXX shared library rosidl_generator_py/lidar_cpp/lidar_cpp_s__rosidl_typesupport_fastrtps_c.cpython-38-x86_64-linux-gnu.so[0m
[9.396s] [ 96%] [32m[1mLinking C shared library rosidl_generator_py/lidar_cpp/lidar_cpp_s__rosidl_typesupport_introspection_c.cpython-38-x86_64-linux-gnu.so[0m
[9.430s] [ 96%] Built target lidar_cpp__rosidl_typesupport_c__pyext
[9.441s] [ 96%] Built target lidar_cpp__rosidl_typesupport_introspection_c__pyext
[9.466s] [ 96%] Built target lidar_cpp__rosidl_typesupport_fastrtps_c__pyext
[20.716s] [100%] [32m[1mLinking CXX executable lidar[0m
[23.559s] [100%] Built target lidar
[23.571s] Invoked command in '/home/student/lidar-ws/build/lidar_cpp' returned '0': CMAKE_PREFIX_PATH=${CMAKE_PREFIX_PATH}:/home/student/ws/install/py_ctrl:/home/student/ws/install/case_scenes:/home/student/ia_ws/install/viz_static:/home/student/ia_ws/install/viz_interactive:/home/student/ia_ws/install/ur_setup:/home/student/ia_ws/install/tf_lookup:/home/student/ia_ws/install/tf_broadcast:/home/student/ia_ws/install/tf_scene:/home/student/ia_ws/install/gui_tools:/home/student/ia_ws/install/aruco_handler:/opt/ros/galactic /usr/bin/cmake --build /home/student/lidar-ws/build/lidar_cpp -- -j8 -l8
[23.654s] Invoking command in '/home/student/lidar-ws/build/lidar_cpp': CMAKE_PREFIX_PATH=${CMAKE_PREFIX_PATH}:/home/student/ws/install/py_ctrl:/home/student/ws/install/case_scenes:/home/student/ia_ws/install/viz_static:/home/student/ia_ws/install/viz_interactive:/home/student/ia_ws/install/ur_setup:/home/student/ia_ws/install/tf_lookup:/home/student/ia_ws/install/tf_broadcast:/home/student/ia_ws/install/tf_scene:/home/student/ia_ws/install/gui_tools:/home/student/ia_ws/install/aruco_handler:/opt/ros/galactic /usr/bin/cmake --install /home/student/lidar-ws/build/lidar_cpp
[23.666s] -- Install configuration: ""
[23.666s] -- Installing: /home/student/lidar-ws/install/lidar_cpp/share/ament_index/resource_index/rosidl_interfaces/lidar_cpp
[23.666s] -- Installing: /home/student/lidar-ws/install/lidar_cpp/include/lidar_cpp
[23.667s] -- Installing: /home/student/lidar-ws/install/lidar_cpp/include/lidar_cpp/srv
[23.667s] -- Installing: /home/student/lidar-ws/install/lidar_cpp/include/lidar_cpp/srv/lidar_service.h
[23.667s] -- Installing: /home/student/lidar-ws/install/lidar_cpp/include/lidar_cpp/srv/detail
[23.667s] -- Installing: /home/student/lidar-ws/install/lidar_cpp/include/lidar_cpp/srv/detail/lidar_service__functions.h
[23.667s] -- Installing: /home/student/lidar-ws/install/lidar_cpp/include/lidar_cpp/srv/detail/lidar_service__functions.c
[23.667s] -- Installing: /home/student/lidar-ws/install/lidar_cpp/include/lidar_cpp/srv/detail/lidar_service__struct.h
[23.667s] -- Installing: /home/student/lidar-ws/install/lidar_cpp/include/lidar_cpp/srv/detail/lidar_service__type_support.h
[23.667s] -- Installing: /home/student/lidar-ws/install/lidar_cpp/include/lidar_cpp/msg
[23.667s] -- Installing: /home/student/lidar-ws/install/lidar_cpp/include/lidar_cpp/msg/rosidl_generator_c__visibility_control.h
[23.668s] -- Installing: /home/student/lidar-ws/install/lidar_cpp/share/lidar_cpp/environment/library_path.sh
[23.668s] -- Installing: /home/student/lidar-ws/install/lidar_cpp/share/lidar_cpp/environment/library_path.dsv
[23.668s] -- Installing: /home/student/lidar-ws/install/lidar_cpp/lib/liblidar_cpp__rosidl_generator_c.so
[23.668s] -- Set runtime path of "/home/student/lidar-ws/install/lidar_cpp/lib/liblidar_cpp__rosidl_generator_c.so" to ""
[23.668s] -- Up-to-date: /home/student/lidar-ws/install/lidar_cpp/include/lidar_cpp
[23.668s] -- Up-to-date: /home/student/lidar-ws/install/lidar_cpp/include/lidar_cpp/srv
[23.668s] -- Up-to-date: /home/student/lidar-ws/install/lidar_cpp/include/lidar_cpp/srv/detail
[23.668s] -- Installing: /home/student/lidar-ws/install/lidar_cpp/include/lidar_cpp/srv/detail/lidar_service__rosidl_typesupport_fastrtps_c.h
[23.668s] -- Up-to-date: /home/student/lidar-ws/install/lidar_cpp/include/lidar_cpp/msg
[23.668s] -- Installing: /home/student/lidar-ws/install/lidar_cpp/include/lidar_cpp/msg/rosidl_typesupport_fastrtps_c__visibility_control.h
[23.669s] -- Installing: /home/student/lidar-ws/install/lidar_cpp/lib/liblidar_cpp__rosidl_typesupport_fastrtps_c.so
[23.669s] -- Set runtime path of "/home/student/lidar-ws/install/lidar_cpp/lib/liblidar_cpp__rosidl_typesupport_fastrtps_c.so" to ""
[23.669s] -- Up-to-date: /home/student/lidar-ws/install/lidar_cpp/include/lidar_cpp
[23.669s] -- Up-to-date: /home/student/lidar-ws/install/lidar_cpp/include/lidar_cpp/srv
[23.669s] -- Up-to-date: /home/student/lidar-ws/install/lidar_cpp/include/lidar_cpp/srv/detail
[23.669s] -- Installing: /home/student/lidar-ws/install/lidar_cpp/include/lidar_cpp/srv/detail/lidar_service__rosidl_typesupport_fastrtps_cpp.hpp
[23.669s] -- Installing: /home/student/lidar-ws/install/lidar_cpp/include/lidar_cpp/srv/detail/dds_fastrtps
[23.670s] -- Up-to-date: /home/student/lidar-ws/install/lidar_cpp/include/lidar_cpp/msg
[23.670s] -- Installing: /home/student/lidar-ws/install/lidar_cpp/include/lidar_cpp/msg/rosidl_typesupport_fastrtps_cpp__visibility_control.h
[23.670s] -- Installing: /home/student/lidar-ws/install/lidar_cpp/lib/liblidar_cpp__rosidl_typesupport_fastrtps_cpp.so
[23.670s] -- Set runtime path of "/home/student/lidar-ws/install/lidar_cpp/lib/liblidar_cpp__rosidl_typesupport_fastrtps_cpp.so" to ""
[23.670s] -- Up-to-date: /home/student/lidar-ws/install/lidar_cpp/include/lidar_cpp
[23.670s] -- Up-to-date: /home/student/lidar-ws/install/lidar_cpp/include/lidar_cpp/srv
[23.670s] -- Up-to-date: /home/student/lidar-ws/install/lidar_cpp/include/lidar_cpp/srv/detail
[23.670s] -- Installing: /home/student/lidar-ws/install/lidar_cpp/include/lidar_cpp/srv/detail/lidar_service__rosidl_typesupport_introspection_c.h
[23.670s] -- Installing: /home/student/lidar-ws/install/lidar_cpp/include/lidar_cpp/srv/detail/lidar_service__type_support.c
[23.671s] -- Up-to-date: /home/student/lidar-ws/install/lidar_cpp/include/lidar_cpp/msg
[23.671s] -- Installing: /home/student/lidar-ws/install/lidar_cpp/include/lidar_cpp/msg/rosidl_typesupport_introspection_c__visibility_control.h
[23.671s] -- Installing: /home/student/lidar-ws/install/lidar_cpp/lib/liblidar_cpp__rosidl_typesupport_introspection_c.so
[23.671s] -- Set runtime path of "/home/student/lidar-ws/install/lidar_cpp/lib/liblidar_cpp__rosidl_typesupport_introspection_c.so" to ""
[23.671s] -- Installing: /home/student/lidar-ws/install/lidar_cpp/lib/liblidar_cpp__rosidl_typesupport_c.so
[23.671s] -- Set runtime path of "/home/student/lidar-ws/install/lidar_cpp/lib/liblidar_cpp__rosidl_typesupport_c.so" to ""
[23.671s] -- Up-to-date: /home/student/lidar-ws/install/lidar_cpp/include/lidar_cpp
[23.672s] -- Up-to-date: /home/student/lidar-ws/install/lidar_cpp/include/lidar_cpp/srv
[23.672s] -- Up-to-date: /home/student/lidar-ws/install/lidar_cpp/include/lidar_cpp/srv/detail
[23.672s] -- Installing: /home/student/lidar-ws/install/lidar_cpp/include/lidar_cpp/srv/detail/lidar_service__traits.hpp
[23.672s] -- Installing: /home/student/lidar-ws/install/lidar_cpp/include/lidar_cpp/srv/detail/lidar_service__struct.hpp
[23.672s] -- Installing: /home/student/lidar-ws/install/lidar_cpp/include/lidar_cpp/srv/detail/lidar_service__builder.hpp
[23.672s] -- Installing: /home/student/lidar-ws/install/lidar_cpp/include/lidar_cpp/srv/lidar_service.hpp
[23.672s] -- Up-to-date: /home/student/lidar-ws/install/lidar_cpp/include/lidar_cpp
[23.672s] -- Up-to-date: /home/student/lidar-ws/install/lidar_cpp/include/lidar_cpp/srv
[23.673s] -- Up-to-date: /home/student/lidar-ws/install/lidar_cpp/include/lidar_cpp/srv/detail
[23.673s] -- Installing: /home/student/lidar-ws/install/lidar_cpp/include/lidar_cpp/srv/detail/lidar_service__rosidl_typesupport_introspection_cpp.hpp
[23.673s] -- Installing: /home/student/lidar-ws/install/lidar_cpp/include/lidar_cpp/srv/detail/lidar_service__type_support.cpp
[23.673s] -- Installing: /home/student/lidar-ws/install/lidar_cpp/lib/liblidar_cpp__rosidl_typesupport_introspection_cpp.so
[23.673s] -- Set runtime path of "/home/student/lidar-ws/install/lidar_cpp/lib/liblidar_cpp__rosidl_typesupport_introspection_cpp.so" to ""
[23.673s] -- Installing: /home/student/lidar-ws/install/lidar_cpp/lib/liblidar_cpp__rosidl_typesupport_cpp.so
[23.673s] -- Set runtime path of "/home/student/lidar-ws/install/lidar_cpp/lib/liblidar_cpp__rosidl_typesupport_cpp.so" to ""
[23.674s] -- Installing: /home/student/lidar-ws/install/lidar_cpp/share/lidar_cpp/environment/pythonpath.sh
[23.674s] -- Installing: /home/student/lidar-ws/install/lidar_cpp/share/lidar_cpp/environment/pythonpath.dsv
[23.674s] -- Installing: /home/student/lidar-ws/install/lidar_cpp/lib/python3.8/site-packages/lidar_cpp/__init__.py
[23.741s] Compiling '/home/student/lidar-ws/install/lidar_cpp/lib/python3.8/site-packages/lidar_cpp/__init__.py'...
[23.746s] -- Installing: /home/student/lidar-ws/install/lidar_cpp/lib/python3.8/site-packages/lidar_cpp/srv
[23.746s] -- Installing: /home/student/lidar-ws/install/lidar_cpp/lib/python3.8/site-packages/lidar_cpp/srv/_lidar_service.py
[23.746s] -- Installing: /home/student/lidar-ws/install/lidar_cpp/lib/python3.8/site-packages/lidar_cpp/srv/_lidar_service_s.c
[23.746s] -- Installing: /home/student/lidar-ws/install/lidar_cpp/lib/python3.8/site-packages/lidar_cpp/srv/__init__.py
[23.746s] -- Installing: /home/student/lidar-ws/install/lidar_cpp/lib/python3.8/site-packages/lidar_cpp/lidar_cpp_s__rosidl_typesupport_fastrtps_c.cpython-38-x86_64-linux-gnu.so
[23.747s] -- Set runtime path of "/home/student/lidar-ws/install/lidar_cpp/lib/python3.8/site-packages/lidar_cpp/lidar_cpp_s__rosidl_typesupport_fastrtps_c.cpython-38-x86_64-linux-gnu.so" to ""
[23.747s] -- Installing: /home/student/lidar-ws/install/lidar_cpp/lib/python3.8/site-packages/lidar_cpp/lidar_cpp_s__rosidl_typesupport_introspection_c.cpython-38-x86_64-linux-gnu.so
[23.748s] -- Set runtime path of "/home/student/lidar-ws/install/lidar_cpp/lib/python3.8/site-packages/lidar_cpp/lidar_cpp_s__rosidl_typesupport_introspection_c.cpython-38-x86_64-linux-gnu.so" to ""
[23.748s] -- Installing: /home/student/lidar-ws/install/lidar_cpp/lib/python3.8/site-packages/lidar_cpp/lidar_cpp_s__rosidl_typesupport_c.cpython-38-x86_64-linux-gnu.so
[23.748s] -- Set runtime path of "/home/student/lidar-ws/install/lidar_cpp/lib/python3.8/site-packages/lidar_cpp/lidar_cpp_s__rosidl_typesupport_c.cpython-38-x86_64-linux-gnu.so" to ""
[23.748s] -- Installing: /home/student/lidar-ws/install/lidar_cpp/lib/liblidar_cpp__python.so
[23.749s] -- Set runtime path of "/home/student/lidar-ws/install/lidar_cpp/lib/liblidar_cpp__python.so" to ""
[23.749s] -- Installing: /home/student/lidar-ws/install/lidar_cpp/share/lidar_cpp/srv/LidarService.idl
[23.749s] -- Installing: /home/student/lidar-ws/install/lidar_cpp/share/lidar_cpp/srv/LidarService.srv
[23.749s] -- Installing: /home/student/lidar-ws/install/lidar_cpp/share/lidar_cpp/srv/LidarService_Request.msg
[23.749s] -- Installing: /home/student/lidar-ws/install/lidar_cpp/share/lidar_cpp/srv/LidarService_Response.msg
[23.750s] -- Installing: /home/student/lidar-ws/install/lidar_cpp/lib/lidar_cpp/lidar
[23.752s] -- Set runtime path of "/home/student/lidar-ws/install/lidar_cpp/lib/lidar_cpp/lidar" to ""
[23.752s] -- Installing: /home/student/lidar-ws/install/lidar_cpp/share/ament_index/resource_index/package_run_dependencies/lidar_cpp
[23.752s] -- Installing: /home/student/lidar-ws/install/lidar_cpp/share/ament_index/resource_index/parent_prefix_path/lidar_cpp
[23.752s] -- Installing: /home/student/lidar-ws/install/lidar_cpp/share/lidar_cpp/environment/ament_prefix_path.sh
[23.753s] -- Installing: /home/student/lidar-ws/install/lidar_cpp/share/lidar_cpp/environment/ament_prefix_path.dsv
[23.753s] -- Installing: /home/student/lidar-ws/install/lidar_cpp/share/lidar_cpp/environment/path.sh
[23.753s] -- Installing: /home/student/lidar-ws/install/lidar_cpp/share/lidar_cpp/environment/path.dsv
[23.753s] -- Installing: /home/student/lidar-ws/install/lidar_cpp/share/lidar_cpp/local_setup.bash
[23.753s] -- Installing: /home/student/lidar-ws/install/lidar_cpp/share/lidar_cpp/local_setup.sh
[23.753s] -- Installing: /home/student/lidar-ws/install/lidar_cpp/share/lidar_cpp/local_setup.zsh
[23.754s] -- Installing: /home/student/lidar-ws/install/lidar_cpp/share/lidar_cpp/local_setup.dsv
[23.754s] -- Installing: /home/student/lidar-ws/install/lidar_cpp/share/lidar_cpp/package.dsv
[23.754s] -- Installing: /home/student/lidar-ws/install/lidar_cpp/share/ament_index/resource_index/packages/lidar_cpp
[23.754s] -- Installing: /home/student/lidar-ws/install/lidar_cpp/share/lidar_cpp/cmake/lidar_cpp__rosidl_generator_cExport.cmake
[23.755s] -- Installing: /home/student/lidar-ws/install/lidar_cpp/share/lidar_cpp/cmake/lidar_cpp__rosidl_generator_cExport-noconfig.cmake
[23.755s] -- Installing: /home/student/lidar-ws/install/lidar_cpp/share/lidar_cpp/cmake/lidar_cpp__rosidl_typesupport_introspection_cExport.cmake
[23.755s] -- Installing: /home/student/lidar-ws/install/lidar_cpp/share/lidar_cpp/cmake/lidar_cpp__rosidl_typesupport_introspection_cExport-noconfig.cmake
[23.755s] -- Installing: /home/student/lidar-ws/install/lidar_cpp/share/lidar_cpp/cmake/lidar_cpp__rosidl_typesupport_cExport.cmake
[23.756s] -- Installing: /home/student/lidar-ws/install/lidar_cpp/share/lidar_cpp/cmake/lidar_cpp__rosidl_typesupport_cExport-noconfig.cmake
[23.756s] -- Installing: /home/student/lidar-ws/install/lidar_cpp/share/lidar_cpp/cmake/lidar_cpp__rosidl_generator_cppExport.cmake
[23.756s] -- Installing: /home/student/lidar-ws/install/lidar_cpp/share/lidar_cpp/cmake/lidar_cpp__rosidl_typesupport_introspection_cppExport.cmake
[23.756s] -- Installing: /home/student/lidar-ws/install/lidar_cpp/share/lidar_cpp/cmake/lidar_cpp__rosidl_typesupport_introspection_cppExport-noconfig.cmake
[23.757s] -- Installing: /home/student/lidar-ws/install/lidar_cpp/share/lidar_cpp/cmake/lidar_cpp__rosidl_typesupport_cppExport.cmake
[23.757s] -- Installing: /home/student/lidar-ws/install/lidar_cpp/share/lidar_cpp/cmake/lidar_cpp__rosidl_typesupport_cppExport-noconfig.cmake
[23.757s] -- Installing: /home/student/lidar-ws/install/lidar_cpp/share/lidar_cpp/cmake/rosidl_cmake-extras.cmake
[23.757s] -- Installing: /home/student/lidar-ws/install/lidar_cpp/share/lidar_cpp/cmake/ament_cmake_export_dependencies-extras.cmake
[23.757s] -- Installing: /home/student/lidar-ws/install/lidar_cpp/share/lidar_cpp/cmake/ament_cmake_export_libraries-extras.cmake
[23.757s] -- Installing: /home/student/lidar-ws/install/lidar_cpp/share/lidar_cpp/cmake/ament_cmake_export_targets-extras.cmake
[23.757s] -- Installing: /home/student/lidar-ws/install/lidar_cpp/share/lidar_cpp/cmake/ament_cmake_export_include_directories-extras.cmake
[23.758s] -- Installing: /home/student/lidar-ws/install/lidar_cpp/share/lidar_cpp/cmake/rosidl_cmake_export_typesupport_libraries-extras.cmake
[23.758s] -- Installing: /home/student/lidar-ws/install/lidar_cpp/share/lidar_cpp/cmake/rosidl_cmake_export_typesupport_targets-extras.cmake
[23.758s] -- Installing: /home/student/lidar-ws/install/lidar_cpp/share/lidar_cpp/cmake/lidar_cppConfig.cmake
[23.758s] -- Installing: /home/student/lidar-ws/install/lidar_cpp/share/lidar_cpp/cmake/lidar_cppConfig-version.cmake
[23.758s] -- Installing: /home/student/lidar-ws/install/lidar_cpp/share/lidar_cpp/package.xml
[23.762s] Invoked command in '/home/student/lidar-ws/build/lidar_cpp' returned '0': CMAKE_PREFIX_PATH=${CMAKE_PREFIX_PATH}:/home/student/ws/install/py_ctrl:/home/student/ws/install/case_scenes:/home/student/ia_ws/install/viz_static:/home/student/ia_ws/install/viz_interactive:/home/student/ia_ws/install/ur_setup:/home/student/ia_ws/install/tf_lookup:/home/student/ia_ws/install/tf_broadcast:/home/student/ia_ws/install/tf_scene:/home/student/ia_ws/install/gui_tools:/home/student/ia_ws/install/aruco_handler:/opt/ros/galactic /usr/bin/cmake --install /home/student/lidar-ws/build/lidar_cpp
