[0.016s] Invoking command in '/home/student/lidar-ws/build/lidar_cpp': CMAKE_PREFIX_PATH=${CMAKE_PREFIX_PATH}:/home/student/ws/install/py_ctrl:/home/student/ws/install/case_scenes:/home/student/ia_ws/install/viz_static:/home/student/ia_ws/install/viz_interactive:/home/student/ia_ws/install/ur_setup:/home/student/ia_ws/install/tf_lookup:/home/student/ia_ws/install/tf_broadcast:/home/student/ia_ws/install/tf_scene:/home/student/ia_ws/install/gui_tools:/home/student/ia_ws/install/aruco_handler:/opt/ros/galactic /usr/bin/cmake /home/student/lidar-ws/src/lidar_cpp -DCMAKE_INSTALL_PREFIX=/home/student/lidar-ws/install/lidar_cpp
[0.081s] -- The C compiler identification is GNU 9.4.0
[0.148s] -- The CXX compiler identification is GNU 9.4.0
[0.155s] -- Check for working C compiler: /usr/bin/cc
[0.240s] -- Check for working C compiler: /usr/bin/cc -- works
[0.241s] -- Detecting C compiler ABI info
[0.319s] -- Detecting C compiler ABI info - done
[0.334s] -- Detecting C compile features
[0.335s] -- Detecting C compile features - done
[0.338s] -- Check for working CXX compiler: /usr/bin/c++
[0.435s] -- Check for working CXX compiler: /usr/bin/c++ -- works
[0.436s] -- Detecting CXX compiler ABI info
[0.524s] -- Detecting CXX compiler ABI info - done
[0.541s] -- Detecting CXX compile features
[0.541s] -- Detecting CXX compile features - done
[0.545s] -- Found ament_cmake: 1.1.4 (/opt/ros/galactic/share/ament_cmake/cmake)
[0.576s] -- Found PythonInterp: /usr/bin/python3 (found suitable version "3.8.10", minimum required is "3") 
[0.576s] -- Using PYTHON_EXECUTABLE: /usr/bin/python3
[0.688s] -- Found rclcpp: 9.2.0 (/opt/ros/galactic/share/rclcpp/cmake)
[0.761s] -- Using all available rosidl_typesupport_c: rosidl_typesupport_fastrtps_c;rosidl_typesupport_introspection_c
[0.772s] -- Found rosidl_adapter: 2.2.1 (/opt/ros/galactic/share/rosidl_adapter/cmake)
[0.881s] -- Found OpenSSL: /usr/lib/x86_64-linux-gnu/libcrypto.so (found version "1.1.1f")  
[0.913s] -- Found FastRTPS: /opt/ros/galactic/include  
[1.015s] -- Using all available rosidl_typesupport_cpp: rosidl_typesupport_fastrtps_cpp;rosidl_typesupport_introspection_cpp
[1.101s] -- Found rmw_implementation_cmake: 3.3.1 (/opt/ros/galactic/share/rmw_implementation_cmake/cmake)
[1.107s] -- Found rmw_cyclonedds_cpp: 0.22.3 (/opt/ros/galactic/share/rmw_cyclonedds_cpp/cmake)
[1.137s] -- Using RMW implementation 'rmw_cyclonedds_cpp' as default
[1.138s] -- Looking for pthread.h
[1.218s] -- Looking for pthread.h - found
[1.218s] -- Performing Test CMAKE_HAVE_LIBC_PTHREAD
[1.297s] -- Performing Test CMAKE_HAVE_LIBC_PTHREAD - Failed
[1.298s] -- Looking for pthread_create in pthreads
[1.367s] -- Looking for pthread_create in pthreads - not found
[1.367s] -- Looking for pthread_create in pthread
[1.450s] -- Looking for pthread_create in pthread - found
[1.451s] -- Found Threads: TRUE  
[1.614s] -- Found sensor_msgs: 2.2.3 (/opt/ros/galactic/share/sensor_msgs/cmake)
[1.755s] -- Checking for module 'eigen3'
[1.777s] --   Found eigen3, version 3.3.7
[1.832s] -- Found Eigen: /usr/include/eigen3 (Required is at least version "3.1") 
[1.832s] -- Eigen found (include: /usr/include/eigen3, version: 3.3.7)
[1.924s] -- Found Boost: /usr/include (found suitable version "1.71.0", minimum required is "1.55.0") found components: system filesystem date_time iostreams regex 
[1.944s] -- Checking for module 'flann'
[1.965s] --   Found flann, version 1.9.1
[2.029s] -- Found FLANN: /usr/lib/x86_64-linux-gnu/libflann_cpp.so  
[2.088s] -- The imported target "vtkParseOGLExt" references the file
[2.088s]    "/usr/bin/vtkParseOGLExt-7.1"
[2.088s] but this file does not exist.  Possible reasons include:
[2.088s] * The file was deleted, renamed, or moved to another location.
[2.088s] * An install or uninstall procedure did not complete successfully.
[2.088s] * The installation package was faulty and contained
[2.088s]    "/usr/lib/cmake/vtk-7.1/VTKTargets.cmake"
[2.088s] but not all the files it references.
[2.088s] 
[2.089s] -- The imported target "vtkRenderingPythonTkWidgets" references the file
[2.089s]    "/usr/lib/x86_64-linux-gnu/libvtkRenderingPythonTkWidgets.so"
[2.089s] but this file does not exist.  Possible reasons include:
[2.089s] * The file was deleted, renamed, or moved to another location.
[2.089s] * An install or uninstall procedure did not complete successfully.
[2.089s] * The installation package was faulty and contained
[2.089s]    "/usr/lib/cmake/vtk-7.1/VTKTargets.cmake"
[2.089s] but not all the files it references.
[2.089s] 
[2.089s] -- The imported target "vtk" references the file
[2.089s]    "/usr/bin/vtk"
[2.090s] but this file does not exist.  Possible reasons include:
[2.090s] * The file was deleted, renamed, or moved to another location.
[2.090s] * An install or uninstall procedure did not complete successfully.
[2.090s] * The installation package was faulty and contained
[2.090s]    "/usr/lib/cmake/vtk-7.1/VTKTargets.cmake"
[2.090s] but not all the files it references.
[2.090s] 
[2.090s] -- The imported target "pvtk" references the file
[2.090s]    "/usr/bin/pvtk"
[2.090s] but this file does not exist.  Possible reasons include:
[2.090s] * The file was deleted, renamed, or moved to another location.
[2.090s] * An install or uninstall procedure did not complete successfully.
[2.090s] * The installation package was faulty and contained
[2.091s]    "/usr/lib/cmake/vtk-7.1/VTKTargets.cmake"
[2.091s] but not all the files it references.
[2.091s] 
[2.110s] -- Checking for module 'libusb-1.0'
[2.115s] --   No package 'libusb-1.0' found
[2.121s] -- Could NOT find USB_10 (missing: USB_10_LIBRARY USB_10_INCLUDE_DIR) 
[2.122s] -- OpenNI disabled because libusb-1.0 not found.
[2.122s] ** WARNING ** io features related to openni will be disabled
[2.127s] -- Checking for module 'libusb-1.0'
[2.132s] --   No package 'libusb-1.0' found
[2.138s] -- Could NOT find USB_10 (missing: USB_10_LIBRARY USB_10_INCLUDE_DIR) 
[2.138s] -- OpenNI 2 disabled because libusb-1.0 not found.
[2.138s] ** WARNING ** io features related to openni2 will be disabled
[2.138s] ** WARNING ** io features related to pcap will be disabled
[2.138s] ** WARNING ** io features related to png will be disabled
[2.156s] -- LIBUSB_1_LIBRARY (missing: LIBUSB_1_INCLUDE_DIR) 
[2.156s] ** WARNING ** io features related to libusb-1.0 will be disabled
[2.161s] -- Checking for module 'libusb-1.0'
[2.165s] --   No package 'libusb-1.0' found
[2.169s] -- Could NOT find USB_10 (missing: USB_10_LIBRARY USB_10_INCLUDE_DIR) 
[2.169s] -- OpenNI disabled because libusb-1.0 not found.
[2.169s] ** WARNING ** visualization features related to openni will be disabled
[2.175s] -- Checking for module 'libusb-1.0'
[2.178s] --   No package 'libusb-1.0' found
[2.183s] -- Could NOT find USB_10 (missing: USB_10_LIBRARY USB_10_INCLUDE_DIR) 
[2.183s] -- OpenNI 2 disabled because libusb-1.0 not found.
[2.183s] ** WARNING ** visualization features related to openni2 will be disabled
[2.226s] -- Found Qhull: optimized;/usr/lib/x86_64-linux-gnu/libqhull.so;debug;/usr/lib/x86_64-linux-gnu/libqhull.so  
[2.226s] -- QHULL found (include: /usr/include, lib: optimized;/usr/lib/x86_64-linux-gnu/libqhull.so;debug;/usr/lib/x86_64-linux-gnu/libqhull.so)
[2.232s] -- Checking for module 'libusb-1.0'
[2.237s] --   No package 'libusb-1.0' found
[2.242s] -- Could NOT find USB_10 (missing: USB_10_LIBRARY USB_10_INCLUDE_DIR) 
[2.243s] -- OpenNI disabled because libusb-1.0 not found.
[2.243s] ** WARNING ** apps features related to openni will be disabled
[2.255s] -- looking for PCL_COMMON
[2.257s] -- Found PCL_COMMON: /usr/lib/x86_64-linux-gnu/libpcl_common.so  
[2.257s] -- looking for PCL_KDTREE
[2.259s] -- Found PCL_KDTREE: /usr/lib/x86_64-linux-gnu/libpcl_kdtree.so  
[2.259s] -- looking for PCL_OCTREE
[2.260s] -- Found PCL_OCTREE: /usr/lib/x86_64-linux-gnu/libpcl_octree.so  
[2.260s] -- looking for PCL_SEARCH
[2.261s] -- Found PCL_SEARCH: /usr/lib/x86_64-linux-gnu/libpcl_search.so  
[2.262s] -- looking for PCL_SAMPLE_CONSENSUS
[2.263s] -- Found PCL_SAMPLE_CONSENSUS: /usr/lib/x86_64-linux-gnu/libpcl_sample_consensus.so  
[2.263s] -- looking for PCL_FILTERS
[2.264s] -- Found PCL_FILTERS: /usr/lib/x86_64-linux-gnu/libpcl_filters.so  
[2.265s] -- looking for PCL_2D
[2.265s] -- Found PCL_2D: /usr/include/pcl-1.10  
[2.265s] -- looking for PCL_GEOMETRY
[2.265s] -- Found PCL_GEOMETRY: /usr/include/pcl-1.10  
[2.266s] -- looking for PCL_IO
[2.266s] -- Found PCL_IO: /usr/lib/x86_64-linux-gnu/libpcl_io.so  
[2.267s] -- looking for PCL_FEATURES
[2.268s] -- Found PCL_FEATURES: /usr/lib/x86_64-linux-gnu/libpcl_features.so  
[2.269s] -- looking for PCL_ML
[2.270s] -- Found PCL_ML: /usr/lib/x86_64-linux-gnu/libpcl_ml.so  
[2.270s] -- looking for PCL_SEGMENTATION
[2.271s] -- Found PCL_SEGMENTATION: /usr/lib/x86_64-linux-gnu/libpcl_segmentation.so  
[2.271s] -- looking for PCL_VISUALIZATION
[2.272s] -- Found PCL_VISUALIZATION: /usr/lib/x86_64-linux-gnu/libpcl_visualization.so  
[2.273s] -- looking for PCL_SURFACE
[2.274s] -- Found PCL_SURFACE: /usr/lib/x86_64-linux-gnu/libpcl_surface.so  
[2.274s] -- looking for PCL_REGISTRATION
[2.275s] -- Found PCL_REGISTRATION: /usr/lib/x86_64-linux-gnu/libpcl_registration.so  
[2.276s] -- looking for PCL_KEYPOINTS
[2.277s] -- Found PCL_KEYPOINTS: /usr/lib/x86_64-linux-gnu/libpcl_keypoints.so  
[2.277s] -- looking for PCL_TRACKING
[2.278s] -- Found PCL_TRACKING: /usr/lib/x86_64-linux-gnu/libpcl_tracking.so  
[2.278s] -- looking for PCL_RECOGNITION
[2.279s] -- Found PCL_RECOGNITION: /usr/lib/x86_64-linux-gnu/libpcl_recognition.so  
[2.280s] -- looking for PCL_STEREO
[2.281s] -- Found PCL_STEREO: /usr/lib/x86_64-linux-gnu/libpcl_stereo.so  
[2.281s] -- looking for PCL_APPS
[2.282s] -- Found PCL_APPS: /usr/lib/x86_64-linux-gnu/libpcl_apps.so  
[2.283s] -- looking for PCL_IN_HAND_SCANNER
[2.283s] -- Found PCL_IN_HAND_SCANNER: /usr/include/pcl-1.10  
[2.284s] -- looking for PCL_POINT_CLOUD_EDITOR
[2.284s] -- Found PCL_POINT_CLOUD_EDITOR: /usr/include/pcl-1.10  
[2.284s] -- looking for PCL_OUTOFCORE
[2.285s] -- Found PCL_OUTOFCORE: /usr/lib/x86_64-linux-gnu/libpcl_outofcore.so  
[2.286s] -- looking for PCL_PEOPLE
[2.287s] -- Found PCL_PEOPLE: /usr/lib/x86_64-linux-gnu/libpcl_people.so  
[2.288s] -- Found PCL: pcl_common;pcl_kdtree;pcl_octree;pcl_search;pcl_sample_consensus;pcl_filters;pcl_io;pcl_features;pcl_ml;pcl_segmentation;pcl_visualization;pcl_surface;pcl_registration;pcl_keypoints;pcl_tracking;pcl_recognition;pcl_stereo;pcl_apps;pcl_outofcore;pcl_people;/usr/lib/x86_64-linux-gnu/libboost_system.so;/usr/lib/x86_64-linux-gnu/libboost_filesystem.so;/usr/lib/x86_64-linux-gnu/libboost_date_time.so;/usr/lib/x86_64-linux-gnu/libboost_iostreams.so;/usr/lib/x86_64-linux-gnu/libboost_regex.so;optimized;/usr/lib/x86_64-linux-gnu/libqhull.so;debug;/usr/lib/x86_64-linux-gnu/libqhull.so;vtkChartsCore;vtkCommonColor;vtkCommonCore;vtksys;vtkCommonDataModel;vtkCommonMath;vtkCommonMisc;vtkCommonSystem;vtkCommonTransforms;vtkCommonExecutionModel;vtkFiltersGeneral;vtkCommonComputationalGeometry;vtkFiltersCore;vtkInfovisCore;vtkFiltersExtraction;vtkFiltersStatistics;vtkImagingFourier;vtkImagingCore;vtkalglib;vtkRenderingContext2D;vtkRenderingCore;vtkFiltersGeometry;vtkFiltersSources;vtkRenderingFreeType;/usr/lib/x86_64-linux-gnu/libfreetype.so;/usr/lib/x86_64-linux-gnu/libz.so;vtkFiltersModeling;vtkImagingSources;vtkInteractionStyle;vtkInteractionWidgets;vtkFiltersHybrid;vtkImagingColor;vtkImagingGeneral;vtkImagingHybrid;vtkIOImage;vtkDICOMParser;vtkmetaio;/usr/lib/x86_64-linux-gnu/libjpeg.so;/usr/lib/x86_64-linux-gnu/libpng.so;/usr/lib/x86_64-linux-gnu/libtiff.so;vtkRenderingAnnotation;vtkRenderingVolume;vtkIOXML;vtkIOCore;vtkIOXMLParser;/usr/lib/x86_64-linux-gnu/libexpat.so;vtkIOGeometry;vtkIOLegacy;vtkIOPLY;vtkRenderingLOD;vtkViewsContext2D;vtkViewsCore;vtkRenderingContextOpenGL2;vtkRenderingOpenGL2;FLANN::FLANN  
[2.291s] -- Found rosidl_default_generators: 1.1.1 (/opt/ros/galactic/share/rosidl_default_generators/cmake)
[2.337s] -- Found PythonInterp: /usr/bin/python3 (found version "3.8.10") 
[2.480s] -- Found ament_cmake_ros: 0.9.2 (/opt/ros/galactic/share/ament_cmake_ros/cmake)
[2.603s] -- Using all available rosidl_typesupport_c: rosidl_typesupport_fastrtps_c;rosidl_typesupport_introspection_c
[2.614s] -- Using all available rosidl_typesupport_cpp: rosidl_typesupport_fastrtps_cpp;rosidl_typesupport_introspection_cpp
[2.647s] -- Found PythonInterp: /usr/bin/python3 (found suitable version "3.8.10", minimum required is "3.5") 
[2.650s] -- Found python_cmake_module: 0.8.1 (/opt/ros/galactic/share/python_cmake_module/cmake)
[2.685s] -- Found PythonLibs: /usr/lib/x86_64-linux-gnu/libpython3.8.so (found suitable version "3.8.10", minimum required is "3.5") 
[2.685s] -- Using PYTHON_EXECUTABLE: /usr/bin/python3
[2.685s] -- Using PYTHON_INCLUDE_DIRS: /usr/include/python3.8
[2.685s] -- Using PYTHON_LIBRARIES: /usr/lib/x86_64-linux-gnu/libpython3.8.so
[2.714s] -- Found PythonExtra: .so  
[2.799s] -- Found ament_lint_auto: 0.10.6 (/opt/ros/galactic/share/ament_lint_auto/cmake)
[2.842s] -- Added test 'copyright' to check source files copyright and LICENSE
[2.843s] -- Added test 'cppcheck' to perform static code analysis on C / C++ code
[2.845s] -- Configured cppcheck include dirs: 
[2.845s] -- Configured cppcheck exclude dirs and/or files: 
[2.846s] -- Added test 'cpplint' to check C / C++ code against the Google style
[2.846s] -- Configured cpplint exclude dirs and/or files: 
[2.847s] -- Added test 'lint_cmake' to check CMake code style
[2.849s] -- Added test 'uncrustify' to check C / C++ code style
[2.849s] -- Configured uncrustify additional arguments: 
[2.849s] -- Added test 'xmllint' to check XML markup files
[2.856s] -- Configuring done
[2.952s] -- Generating done
[2.956s] -- Build files have been written to: /home/student/lidar-ws/build/lidar_cpp
[2.969s] Invoked command in '/home/student/lidar-ws/build/lidar_cpp' returned '0': CMAKE_PREFIX_PATH=${CMAKE_PREFIX_PATH}:/home/student/ws/install/py_ctrl:/home/student/ws/install/case_scenes:/home/student/ia_ws/install/viz_static:/home/student/ia_ws/install/viz_interactive:/home/student/ia_ws/install/ur_setup:/home/student/ia_ws/install/tf_lookup:/home/student/ia_ws/install/tf_broadcast:/home/student/ia_ws/install/tf_scene:/home/student/ia_ws/install/gui_tools:/home/student/ia_ws/install/aruco_handler:/opt/ros/galactic /usr/bin/cmake /home/student/lidar-ws/src/lidar_cpp -DCMAKE_INSTALL_PREFIX=/home/student/lidar-ws/install/lidar_cpp
[2.973s] Invoking command in '/home/student/lidar-ws/build/lidar_cpp': CMAKE_PREFIX_PATH=${CMAKE_PREFIX_PATH}:/home/student/ws/install/py_ctrl:/home/student/ws/install/case_scenes:/home/student/ia_ws/install/viz_static:/home/student/ia_ws/install/viz_interactive:/home/student/ia_ws/install/ur_setup:/home/student/ia_ws/install/tf_lookup:/home/student/ia_ws/install/tf_broadcast:/home/student/ia_ws/install/tf_scene:/home/student/ia_ws/install/gui_tools:/home/student/ia_ws/install/aruco_handler:/opt/ros/galactic /usr/bin/cmake --build /home/student/lidar-ws/build/lidar_cpp -- -j8 -l8
[3.024s] [35m[1mScanning dependencies of target lidar[0m
[3.024s] [  2%] [34m[1mGenerating C code for ROS interfaces[0m
[3.024s] [35m[1mScanning dependencies of target lidar_server[0m
[3.024s] [35m[1mScanning dependencies of target lidar_cpp__cpp[0m
[3.040s] [  5%] [34m[1mGenerating C++ code for ROS interfaces[0m
[3.105s] [  8%] [32mBuilding CXX object CMakeFiles/lidar_server.dir/src/lidar_server.cpp.o[0m
[3.115s] [ 11%] [32mBuilding CXX object CMakeFiles/lidar.dir/src/lidar_publisher.cpp.o[0m
[3.305s] [35m[1mScanning dependencies of target lidar_cpp__rosidl_generator_c[0m
[3.323s] [ 14%] [32mBuilding C object CMakeFiles/lidar_cpp__rosidl_generator_c.dir/rosidl_generator_c/lidar_cpp/srv/detail/lidar_service__functions.c.o[0m
[3.375s] [ 17%] [32m[1mLinking C shared library liblidar_cpp__rosidl_generator_c.so[0m
[3.411s] [ 17%] Built target lidar_cpp__rosidl_generator_c
[3.424s] [ 20%] [34m[1mGenerating C type support dispatch for ROS interfaces[0m
[3.424s] [ 22%] [34m[1mGenerating C introspection for ROS interfaces[0m
[3.445s] [ 22%] Built target lidar_cpp__cpp
[3.461s] [ 28%] [34m[1mGenerating C++ introspection for ROS interfaces[0m
[3.461s] [ 28%] [34m[1mGenerating C++ type support dispatch for ROS interfaces[0m
[3.463s] [ 31%] [34m[1mGenerating C++ type support for eProsima Fast-RTPS[0m
[3.778s] [35m[1mScanning dependencies of target lidar_cpp__rosidl_typesupport_c[0m
[3.799s] [35m[1mScanning dependencies of target lidar_cpp__rosidl_typesupport_cpp[0m
[3.803s] [ 34%] [32mBuilding CXX object CMakeFiles/lidar_cpp__rosidl_typesupport_c.dir/rosidl_typesupport_c/lidar_cpp/srv/lidar_service__type_support.cpp.o[0m
[3.814s] [35m[1mScanning dependencies of target lidar_cpp__rosidl_typesupport_introspection_c[0m
[3.825s] [ 37%] [32mBuilding CXX object CMakeFiles/lidar_cpp__rosidl_typesupport_cpp.dir/rosidl_typesupport_cpp/lidar_cpp/srv/lidar_service__type_support.cpp.o[0m
[3.837s] [ 40%] [32mBuilding C object CMakeFiles/lidar_cpp__rosidl_typesupport_introspection_c.dir/rosidl_typesupport_introspection_c/lidar_cpp/srv/detail/lidar_service__type_support.c.o[0m
[3.838s] [35m[1mScanning dependencies of target lidar_cpp__rosidl_typesupport_fastrtps_cpp[0m
[3.859s] [ 42%] [32m[1mLinking CXX shared library liblidar_cpp__rosidl_typesupport_c.so[0m
[3.894s] [35m[1mScanning dependencies of target lidar_cpp__rosidl_typesupport_introspection_cpp[0m
[3.898s] [ 45%] [32m[1mLinking C shared library liblidar_cpp__rosidl_typesupport_introspection_c.so[0m
[3.905s] [ 48%] [32mBuilding CXX object CMakeFiles/lidar_cpp__rosidl_typesupport_fastrtps_cpp.dir/rosidl_typesupport_fastrtps_cpp/lidar_cpp/srv/detail/dds_fastrtps/lidar_service__type_support.cpp.o[0m
[3.919s] [ 51%] [32mBuilding CXX object CMakeFiles/lidar_cpp__rosidl_typesupport_introspection_cpp.dir/rosidl_typesupport_introspection_cpp/lidar_cpp/srv/detail/lidar_service__type_support.cpp.o[0m
[3.936s] [ 51%] Built target lidar_cpp__rosidl_typesupport_c
[3.992s] [ 51%] Built target lidar_cpp__rosidl_typesupport_introspection_c
[4.284s] [ 54%] [32m[1mLinking CXX shared library liblidar_cpp__rosidl_typesupport_cpp.so[0m
[4.321s] [ 57%] [32m[1mLinking CXX shared library liblidar_cpp__rosidl_typesupport_introspection_cpp.so[0m
[4.347s] [ 57%] Built target lidar_cpp__rosidl_typesupport_cpp
[4.400s] [ 57%] Built target lidar_cpp__rosidl_typesupport_introspection_cpp
[4.454s] [ 60%] [32m[1mLinking CXX shared library liblidar_cpp__rosidl_typesupport_fastrtps_cpp.so[0m
[4.561s] [ 60%] Built target lidar_cpp__rosidl_typesupport_fastrtps_cpp
[4.573s] [ 62%] [34m[1mGenerating C type support for eProsima Fast-RTPS[0m
[4.832s] [35m[1mScanning dependencies of target lidar_cpp__rosidl_typesupport_fastrtps_c[0m
[4.858s] [ 65%] [32mBuilding CXX object CMakeFiles/lidar_cpp__rosidl_typesupport_fastrtps_c.dir/rosidl_typesupport_fastrtps_c/lidar_cpp/srv/detail/lidar_service__type_support_c.cpp.o[0m
[5.246s] [ 68%] [32m[1mLinking CXX shared library liblidar_cpp__rosidl_typesupport_fastrtps_c.so[0m
[5.342s] [01m[K/home/student/lidar-ws/src/lidar_cpp/src/lidar_server.cpp:12:10:[m[K [01;31m[Kfatal error: [m[Klidar_cpp/srv/lidar_service.hpp: No such file or directory
[5.342s]    12 | #include [01;31m[K"lidar_cpp/srv/lidar_service.hpp"[m[K
[5.342s]       |          [01;31m[K^~~~~~~~~~~~~~~~~~~~~~~~~~~~~~~~~[m[K
[5.342s] compilation terminated.
[5.357s] [ 68%] Built target lidar_cpp__rosidl_typesupport_fastrtps_c
[5.358s] make[2]: *** [CMakeFiles/lidar_server.dir/build.make:63: CMakeFiles/lidar_server.dir/src/lidar_server.cpp.o] Error 1
[5.358s] make[1]: *** [CMakeFiles/Makefile2:125: CMakeFiles/lidar_server.dir/all] Error 2
[5.358s] make[1]: *** Waiting for unfinished jobs....
[5.368s] [35m[1mScanning dependencies of target lidar_cpp[0m
[5.379s] [ 68%] Built target lidar_cpp
[12.640s] [ 71%] [32m[1mLinking CXX executable lidar[0m
[13.555s] [ 71%] Built target lidar
[13.556s] make: *** [Makefile:141: all] Error 2
[13.561s] Invoked command in '/home/student/lidar-ws/build/lidar_cpp' returned '2': CMAKE_PREFIX_PATH=${CMAKE_PREFIX_PATH}:/home/student/ws/install/py_ctrl:/home/student/ws/install/case_scenes:/home/student/ia_ws/install/viz_static:/home/student/ia_ws/install/viz_interactive:/home/student/ia_ws/install/ur_setup:/home/student/ia_ws/install/tf_lookup:/home/student/ia_ws/install/tf_broadcast:/home/student/ia_ws/install/tf_scene:/home/student/ia_ws/install/gui_tools:/home/student/ia_ws/install/aruco_handler:/opt/ros/galactic /usr/bin/cmake --build /home/student/lidar-ws/build/lidar_cpp -- -j8 -l8
