[0.014s] Invoking command in '/home/student/lidar-ws/build/lidar_cpp': CMAKE_PREFIX_PATH=/home/student/lidar-ws/install/custom:/home/student/lidar-ws/install/lidar_cpp:/home/student/ws/install/case_bringup:/home/student/ia_ws/install/viz_dynamic:/home/student/ia_ws/install/viz_tools_msgs:/home/student/ia_ws/install/viz_bringup:/home/student/ia_ws/install/ur_script_generator:/home/student/ia_ws/install/ur_script_controller:/home/student/ia_ws/install/ur_tools_msgs:/home/student/ia_ws/install/ur_script_driver:/home/student/ia_ws/install/ur_script_msgs:/home/student/ia_ws/install/ur_description:/home/student/ia_ws/install/ur_bringup:/home/student/ia_ws/install/tf_sms:/home/student/ia_ws/install/tf_bringup:/home/student/ia_ws/install/tf_tools_msgs:/home/student/ia_ws/install/opcua_ros2_bridge:/home/student/ia_ws/install/mp_msgs:/home/student/ws/install/py_ctrl:/home/student/ws/install/case_scenes:/home/student/ia_ws/install/viz_static:/home/student/ia_ws/install/viz_interactive:/home/student/ia_ws/install/ur_setup:/home/student/ia_ws/install/tf_lookup:/home/student/ia_ws/install/tf_broadcast:/home/student/ia_ws/install/tf_scene:/home/student/ia_ws/install/gui_tools:/home/student/ia_ws/install/aruco_handler:/opt/ros/galactic /usr/bin/cmake /home/student/lidar-ws/src/lidar_cpp -DCMAKE_INSTALL_PREFIX=/home/student/lidar-ws/install/lidar_cpp
[0.082s] -- The C compiler identification is GNU 9.4.0
[0.151s] -- The CXX compiler identification is GNU 9.4.0
[0.159s] -- Check for working C compiler: /usr/bin/cc
[0.236s] -- Check for working C compiler: /usr/bin/cc -- works
[0.237s] -- Detecting C compiler ABI info
[0.317s] -- Detecting C compiler ABI info - done
[0.330s] -- Detecting C compile features
[0.330s] -- Detecting C compile features - done
[0.333s] -- Check for working CXX compiler: /usr/bin/c++
[0.416s] -- Check for working CXX compiler: /usr/bin/c++ -- works
[0.417s] -- Detecting CXX compiler ABI info
[0.504s] -- Detecting CXX compiler ABI info - done
[0.518s] -- Detecting CXX compile features
[0.518s] -- Detecting CXX compile features - done
[0.522s] -- Found ament_cmake: 1.1.4 (/opt/ros/galactic/share/ament_cmake/cmake)
[0.558s] -- Found PythonInterp: /usr/bin/python3 (found suitable version "3.8.10", minimum required is "3") 
[0.558s] -- Using PYTHON_EXECUTABLE: /usr/bin/python3
[0.672s] -- Found rclcpp: 9.2.0 (/opt/ros/galactic/share/rclcpp/cmake)
[0.737s] -- Using all available rosidl_typesupport_c: rosidl_typesupport_fastrtps_c;rosidl_typesupport_introspection_c
[0.753s] -- Found rosidl_adapter: 2.2.1 (/opt/ros/galactic/share/rosidl_adapter/cmake)
[0.869s] -- Found OpenSSL: /usr/lib/x86_64-linux-gnu/libcrypto.so (found version "1.1.1f")  
[0.901s] -- Found FastRTPS: /opt/ros/galactic/include  
[0.997s] -- Using all available rosidl_typesupport_cpp: rosidl_typesupport_fastrtps_cpp;rosidl_typesupport_introspection_cpp
[1.076s] -- Found rmw_implementation_cmake: 3.3.1 (/opt/ros/galactic/share/rmw_implementation_cmake/cmake)
[1.082s] -- Found rmw_cyclonedds_cpp: 0.22.3 (/opt/ros/galactic/share/rmw_cyclonedds_cpp/cmake)
[1.103s] -- Using RMW implementation 'rmw_cyclonedds_cpp' as default
[1.104s] -- Looking for pthread.h
[1.191s] -- Looking for pthread.h - found
[1.191s] -- Performing Test CMAKE_HAVE_LIBC_PTHREAD
[1.280s] -- Performing Test CMAKE_HAVE_LIBC_PTHREAD - Failed
[1.280s] -- Looking for pthread_create in pthreads
[1.347s] -- Looking for pthread_create in pthreads - not found
[1.348s] -- Looking for pthread_create in pthread
[1.433s] -- Looking for pthread_create in pthread - found
[1.435s] -- Found Threads: TRUE  
[1.599s] -- Found sensor_msgs: 2.2.3 (/opt/ros/galactic/share/sensor_msgs/cmake)
[1.734s] -- Checking for module 'eigen3'
[1.758s] --   Found eigen3, version 3.3.7
[1.809s] -- Found Eigen: /usr/include/eigen3 (Required is at least version "3.1") 
[1.809s] -- Eigen found (include: /usr/include/eigen3, version: 3.3.7)
[1.905s] -- Found Boost: /usr/include (found suitable version "1.71.0", minimum required is "1.55.0") found components: system filesystem date_time iostreams regex 
[1.921s] -- Checking for module 'flann'
[1.947s] --   Found flann, version 1.9.1
[2.010s] -- Found FLANN: /usr/lib/x86_64-linux-gnu/libflann_cpp.so  
[2.076s] -- The imported target "vtkParseOGLExt" references the file
[2.076s]    "/usr/bin/vtkParseOGLExt-7.1"
[2.076s] but this file does not exist.  Possible reasons include:
[2.076s] * The file was deleted, renamed, or moved to another location.
[2.077s] * An install or uninstall procedure did not complete successfully.
[2.077s] * The installation package was faulty and contained
[2.077s]    "/usr/lib/cmake/vtk-7.1/VTKTargets.cmake"
[2.077s] but not all the files it references.
[2.077s] 
[2.077s] -- The imported target "vtkRenderingPythonTkWidgets" references the file
[2.077s]    "/usr/lib/x86_64-linux-gnu/libvtkRenderingPythonTkWidgets.so"
[2.077s] but this file does not exist.  Possible reasons include:
[2.077s] * The file was deleted, renamed, or moved to another location.
[2.078s] * An install or uninstall procedure did not complete successfully.
[2.078s] * The installation package was faulty and contained
[2.078s]    "/usr/lib/cmake/vtk-7.1/VTKTargets.cmake"
[2.078s] but not all the files it references.
[2.078s] 
[2.078s] -- The imported target "vtk" references the file
[2.078s]    "/usr/bin/vtk"
[2.078s] but this file does not exist.  Possible reasons include:
[2.078s] * The file was deleted, renamed, or moved to another location.
[2.078s] * An install or uninstall procedure did not complete successfully.
[2.078s] * The installation package was faulty and contained
[2.078s]    "/usr/lib/cmake/vtk-7.1/VTKTargets.cmake"
[2.078s] but not all the files it references.
[2.079s] 
[2.079s] -- The imported target "pvtk" references the file
[2.079s]    "/usr/bin/pvtk"
[2.079s] but this file does not exist.  Possible reasons include:
[2.079s] * The file was deleted, renamed, or moved to another location.
[2.079s] * An install or uninstall procedure did not complete successfully.
[2.079s] * The installation package was faulty and contained
[2.079s]    "/usr/lib/cmake/vtk-7.1/VTKTargets.cmake"
[2.079s] but not all the files it references.
[2.079s] 
[2.097s] -- Checking for module 'libusb-1.0'
[2.102s] --   No package 'libusb-1.0' found
[2.106s] -- Could NOT find USB_10 (missing: USB_10_LIBRARY USB_10_INCLUDE_DIR) 
[2.106s] -- OpenNI disabled because libusb-1.0 not found.
[2.106s] ** WARNING ** io features related to openni will be disabled
[2.110s] -- Checking for module 'libusb-1.0'
[2.114s] --   No package 'libusb-1.0' found
[2.119s] -- Could NOT find USB_10 (missing: USB_10_LIBRARY USB_10_INCLUDE_DIR) 
[2.119s] -- OpenNI 2 disabled because libusb-1.0 not found.
[2.119s] ** WARNING ** io features related to openni2 will be disabled
[2.119s] ** WARNING ** io features related to pcap will be disabled
[2.119s] ** WARNING ** io features related to png will be disabled
[2.140s] -- LIBUSB_1_LIBRARY (missing: LIBUSB_1_INCLUDE_DIR) 
[2.140s] ** WARNING ** io features related to libusb-1.0 will be disabled
[2.147s] -- Checking for module 'libusb-1.0'
[2.152s] --   No package 'libusb-1.0' found
[2.158s] -- Could NOT find USB_10 (missing: USB_10_LIBRARY USB_10_INCLUDE_DIR) 
[2.158s] -- OpenNI disabled because libusb-1.0 not found.
[2.158s] ** WARNING ** visualization features related to openni will be disabled
[2.163s] -- Checking for module 'libusb-1.0'
[2.167s] --   No package 'libusb-1.0' found
[2.173s] -- Could NOT find USB_10 (missing: USB_10_LIBRARY USB_10_INCLUDE_DIR) 
[2.173s] -- OpenNI 2 disabled because libusb-1.0 not found.
[2.174s] ** WARNING ** visualization features related to openni2 will be disabled
[2.210s] -- Found Qhull: optimized;/usr/lib/x86_64-linux-gnu/libqhull.so;debug;/usr/lib/x86_64-linux-gnu/libqhull.so  
[2.210s] -- QHULL found (include: /usr/include, lib: optimized;/usr/lib/x86_64-linux-gnu/libqhull.so;debug;/usr/lib/x86_64-linux-gnu/libqhull.so)
[2.215s] -- Checking for module 'libusb-1.0'
[2.219s] --   No package 'libusb-1.0' found
[2.223s] -- Could NOT find USB_10 (missing: USB_10_LIBRARY USB_10_INCLUDE_DIR) 
[2.223s] -- OpenNI disabled because libusb-1.0 not found.
[2.223s] ** WARNING ** apps features related to openni will be disabled
[2.240s] -- looking for PCL_COMMON
[2.242s] -- Found PCL_COMMON: /usr/lib/x86_64-linux-gnu/libpcl_common.so  
[2.243s] -- looking for PCL_KDTREE
[2.244s] -- Found PCL_KDTREE: /usr/lib/x86_64-linux-gnu/libpcl_kdtree.so  
[2.244s] -- looking for PCL_OCTREE
[2.245s] -- Found PCL_OCTREE: /usr/lib/x86_64-linux-gnu/libpcl_octree.so  
[2.246s] -- looking for PCL_SEARCH
[2.247s] -- Found PCL_SEARCH: /usr/lib/x86_64-linux-gnu/libpcl_search.so  
[2.247s] -- looking for PCL_SAMPLE_CONSENSUS
[2.248s] -- Found PCL_SAMPLE_CONSENSUS: /usr/lib/x86_64-linux-gnu/libpcl_sample_consensus.so  
[2.249s] -- looking for PCL_FILTERS
[2.250s] -- Found PCL_FILTERS: /usr/lib/x86_64-linux-gnu/libpcl_filters.so  
[2.250s] -- looking for PCL_2D
[2.251s] -- Found PCL_2D: /usr/include/pcl-1.10  
[2.251s] -- looking for PCL_GEOMETRY
[2.251s] -- Found PCL_GEOMETRY: /usr/include/pcl-1.10  
[2.252s] -- looking for PCL_IO
[2.253s] -- Found PCL_IO: /usr/lib/x86_64-linux-gnu/libpcl_io.so  
[2.253s] -- looking for PCL_FEATURES
[2.254s] -- Found PCL_FEATURES: /usr/lib/x86_64-linux-gnu/libpcl_features.so  
[2.255s] -- looking for PCL_ML
[2.256s] -- Found PCL_ML: /usr/lib/x86_64-linux-gnu/libpcl_ml.so  
[2.256s] -- looking for PCL_SEGMENTATION
[2.258s] -- Found PCL_SEGMENTATION: /usr/lib/x86_64-linux-gnu/libpcl_segmentation.so  
[2.258s] -- looking for PCL_VISUALIZATION
[2.259s] -- Found PCL_VISUALIZATION: /usr/lib/x86_64-linux-gnu/libpcl_visualization.so  
[2.260s] -- looking for PCL_SURFACE
[2.261s] -- Found PCL_SURFACE: /usr/lib/x86_64-linux-gnu/libpcl_surface.so  
[2.261s] -- looking for PCL_REGISTRATION
[2.262s] -- Found PCL_REGISTRATION: /usr/lib/x86_64-linux-gnu/libpcl_registration.so  
[2.263s] -- looking for PCL_KEYPOINTS
[2.264s] -- Found PCL_KEYPOINTS: /usr/lib/x86_64-linux-gnu/libpcl_keypoints.so  
[2.264s] -- looking for PCL_TRACKING
[2.265s] -- Found PCL_TRACKING: /usr/lib/x86_64-linux-gnu/libpcl_tracking.so  
[2.265s] -- looking for PCL_RECOGNITION
[2.266s] -- Found PCL_RECOGNITION: /usr/lib/x86_64-linux-gnu/libpcl_recognition.so  
[2.267s] -- looking for PCL_STEREO
[2.268s] -- Found PCL_STEREO: /usr/lib/x86_64-linux-gnu/libpcl_stereo.so  
[2.268s] -- looking for PCL_APPS
[2.269s] -- Found PCL_APPS: /usr/lib/x86_64-linux-gnu/libpcl_apps.so  
[2.271s] -- looking for PCL_IN_HAND_SCANNER
[2.271s] -- Found PCL_IN_HAND_SCANNER: /usr/include/pcl-1.10  
[2.271s] -- looking for PCL_POINT_CLOUD_EDITOR
[2.272s] -- Found PCL_POINT_CLOUD_EDITOR: /usr/include/pcl-1.10  
[2.272s] -- looking for PCL_OUTOFCORE
[2.273s] -- Found PCL_OUTOFCORE: /usr/lib/x86_64-linux-gnu/libpcl_outofcore.so  
[2.274s] -- looking for PCL_PEOPLE
[2.275s] -- Found PCL_PEOPLE: /usr/lib/x86_64-linux-gnu/libpcl_people.so  
[2.276s] -- Found PCL: pcl_common;pcl_kdtree;pcl_octree;pcl_search;pcl_sample_consensus;pcl_filters;pcl_io;pcl_features;pcl_ml;pcl_segmentation;pcl_visualization;pcl_surface;pcl_registration;pcl_keypoints;pcl_tracking;pcl_recognition;pcl_stereo;pcl_apps;pcl_outofcore;pcl_people;/usr/lib/x86_64-linux-gnu/libboost_system.so;/usr/lib/x86_64-linux-gnu/libboost_filesystem.so;/usr/lib/x86_64-linux-gnu/libboost_date_time.so;/usr/lib/x86_64-linux-gnu/libboost_iostreams.so;/usr/lib/x86_64-linux-gnu/libboost_regex.so;optimized;/usr/lib/x86_64-linux-gnu/libqhull.so;debug;/usr/lib/x86_64-linux-gnu/libqhull.so;vtkChartsCore;vtkCommonColor;vtkCommonCore;vtksys;vtkCommonDataModel;vtkCommonMath;vtkCommonMisc;vtkCommonSystem;vtkCommonTransforms;vtkCommonExecutionModel;vtkFiltersGeneral;vtkCommonComputationalGeometry;vtkFiltersCore;vtkInfovisCore;vtkFiltersExtraction;vtkFiltersStatistics;vtkImagingFourier;vtkImagingCore;vtkalglib;vtkRenderingContext2D;vtkRenderingCore;vtkFiltersGeometry;vtkFiltersSources;vtkRenderingFreeType;/usr/lib/x86_64-linux-gnu/libfreetype.so;/usr/lib/x86_64-linux-gnu/libz.so;vtkFiltersModeling;vtkImagingSources;vtkInteractionStyle;vtkInteractionWidgets;vtkFiltersHybrid;vtkImagingColor;vtkImagingGeneral;vtkImagingHybrid;vtkIOImage;vtkDICOMParser;vtkmetaio;/usr/lib/x86_64-linux-gnu/libjpeg.so;/usr/lib/x86_64-linux-gnu/libpng.so;/usr/lib/x86_64-linux-gnu/libtiff.so;vtkRenderingAnnotation;vtkRenderingVolume;vtkIOXML;vtkIOCore;vtkIOXMLParser;/usr/lib/x86_64-linux-gnu/libexpat.so;vtkIOGeometry;vtkIOLegacy;vtkIOPLY;vtkRenderingLOD;vtkViewsContext2D;vtkViewsCore;vtkRenderingContextOpenGL2;vtkRenderingOpenGL2;FLANN::FLANN  
[2.277s] -- Found custom: 0.0.0 (/home/student/lidar-ws/install/custom/share/custom/cmake)
[2.306s] -- Found ament_lint_auto: 0.10.6 (/opt/ros/galactic/share/ament_lint_auto/cmake)
[2.407s] -- Added test 'copyright' to check source files copyright and LICENSE
[2.408s] -- Added test 'cppcheck' to perform static code analysis on C / C++ code
[2.409s] -- Configured cppcheck include dirs: /home/student/lidar-ws/src/lidar_cpp/include
[2.409s] -- Configured cppcheck exclude dirs and/or files: 
[2.410s] -- Added test 'cpplint' to check C / C++ code against the Google style
[2.410s] -- Configured cpplint exclude dirs and/or files: 
[2.411s] -- Added test 'lint_cmake' to check CMake code style
[2.412s] -- Added test 'uncrustify' to check C / C++ code style
[2.412s] -- Configured uncrustify additional arguments: 
[2.413s] -- Added test 'xmllint' to check XML markup files
[2.417s] -- Configuring done
[2.470s] -- Generating done
[2.472s] -- Build files have been written to: /home/student/lidar-ws/build/lidar_cpp
[2.484s] Invoked command in '/home/student/lidar-ws/build/lidar_cpp' returned '0': CMAKE_PREFIX_PATH=/home/student/lidar-ws/install/custom:/home/student/lidar-ws/install/lidar_cpp:/home/student/ws/install/case_bringup:/home/student/ia_ws/install/viz_dynamic:/home/student/ia_ws/install/viz_tools_msgs:/home/student/ia_ws/install/viz_bringup:/home/student/ia_ws/install/ur_script_generator:/home/student/ia_ws/install/ur_script_controller:/home/student/ia_ws/install/ur_tools_msgs:/home/student/ia_ws/install/ur_script_driver:/home/student/ia_ws/install/ur_script_msgs:/home/student/ia_ws/install/ur_description:/home/student/ia_ws/install/ur_bringup:/home/student/ia_ws/install/tf_sms:/home/student/ia_ws/install/tf_bringup:/home/student/ia_ws/install/tf_tools_msgs:/home/student/ia_ws/install/opcua_ros2_bridge:/home/student/ia_ws/install/mp_msgs:/home/student/ws/install/py_ctrl:/home/student/ws/install/case_scenes:/home/student/ia_ws/install/viz_static:/home/student/ia_ws/install/viz_interactive:/home/student/ia_ws/install/ur_setup:/home/student/ia_ws/install/tf_lookup:/home/student/ia_ws/install/tf_broadcast:/home/student/ia_ws/install/tf_scene:/home/student/ia_ws/install/gui_tools:/home/student/ia_ws/install/aruco_handler:/opt/ros/galactic /usr/bin/cmake /home/student/lidar-ws/src/lidar_cpp -DCMAKE_INSTALL_PREFIX=/home/student/lidar-ws/install/lidar_cpp
[2.487s] Invoking command in '/home/student/lidar-ws/build/lidar_cpp': CMAKE_PREFIX_PATH=/home/student/lidar-ws/install/custom:/home/student/lidar-ws/install/lidar_cpp:/home/student/ws/install/case_bringup:/home/student/ia_ws/install/viz_dynamic:/home/student/ia_ws/install/viz_tools_msgs:/home/student/ia_ws/install/viz_bringup:/home/student/ia_ws/install/ur_script_generator:/home/student/ia_ws/install/ur_script_controller:/home/student/ia_ws/install/ur_tools_msgs:/home/student/ia_ws/install/ur_script_driver:/home/student/ia_ws/install/ur_script_msgs:/home/student/ia_ws/install/ur_description:/home/student/ia_ws/install/ur_bringup:/home/student/ia_ws/install/tf_sms:/home/student/ia_ws/install/tf_bringup:/home/student/ia_ws/install/tf_tools_msgs:/home/student/ia_ws/install/opcua_ros2_bridge:/home/student/ia_ws/install/mp_msgs:/home/student/ws/install/py_ctrl:/home/student/ws/install/case_scenes:/home/student/ia_ws/install/viz_static:/home/student/ia_ws/install/viz_interactive:/home/student/ia_ws/install/ur_setup:/home/student/ia_ws/install/tf_lookup:/home/student/ia_ws/install/tf_broadcast:/home/student/ia_ws/install/tf_scene:/home/student/ia_ws/install/gui_tools:/home/student/ia_ws/install/aruco_handler:/opt/ros/galactic /usr/bin/cmake --build /home/student/lidar-ws/build/lidar_cpp -- -j8 -l8
[2.533s] [35m[1mScanning dependencies of target lidar_server[0m
[2.533s] [35m[1mScanning dependencies of target lidar[0m
[2.613s] [ 25%] [32mBuilding CXX object CMakeFiles/lidar.dir/src/lidar_publisher.cpp.o[0m
[2.615s] [ 50%] [32mBuilding CXX object CMakeFiles/lidar_server.dir/src/lidar_server.cpp.o[0m
[8.312s] [01m[K/home/student/lidar-ws/src/lidar_cpp/src/lidar_server.cpp:[m[K In function ‘[01m[Kvoid take_picture(std::shared_ptr<custom::srv::LidarService_Request_<std::allocator<void> > >, std::shared_ptr<custom::srv::LidarService_Response_<std::allocator<void> > >)[m[K’:
[8.312s] [01m[K/home/student/lidar-ws/src/lidar_cpp/src/lidar_server.cpp:37:77:[m[K [01;35m[Kwarning: [m[Kunused parameter ‘[01m[Krequest[m[K’ [[01;35m[K-Wunused-parameter[m[K]
[8.312s]    37 | void take_picture([01;35m[Kconst std::shared_ptr<custom::srv::LidarService::Request> request[m[K, const std::shared_ptr<custom::srv::LidarService::Response> response)
[8.312s]       |                   [01;35m[K~~~~~~~~~~~~~~~~~~~~~~~~~~~~~~~~~~~~~~~~~~~~~~~~~~~~~~~~~~^~~~~~~[m[K
[10.439s] [ 75%] [32m[1mLinking CXX executable lidar_server[0m
[11.252s] [ 75%] Built target lidar_server
[11.525s] [100%] [32m[1mLinking CXX executable lidar[0m
[11.895s] [100%] Built target lidar
[11.909s] Invoked command in '/home/student/lidar-ws/build/lidar_cpp' returned '0': CMAKE_PREFIX_PATH=/home/student/lidar-ws/install/custom:/home/student/lidar-ws/install/lidar_cpp:/home/student/ws/install/case_bringup:/home/student/ia_ws/install/viz_dynamic:/home/student/ia_ws/install/viz_tools_msgs:/home/student/ia_ws/install/viz_bringup:/home/student/ia_ws/install/ur_script_generator:/home/student/ia_ws/install/ur_script_controller:/home/student/ia_ws/install/ur_tools_msgs:/home/student/ia_ws/install/ur_script_driver:/home/student/ia_ws/install/ur_script_msgs:/home/student/ia_ws/install/ur_description:/home/student/ia_ws/install/ur_bringup:/home/student/ia_ws/install/tf_sms:/home/student/ia_ws/install/tf_bringup:/home/student/ia_ws/install/tf_tools_msgs:/home/student/ia_ws/install/opcua_ros2_bridge:/home/student/ia_ws/install/mp_msgs:/home/student/ws/install/py_ctrl:/home/student/ws/install/case_scenes:/home/student/ia_ws/install/viz_static:/home/student/ia_ws/install/viz_interactive:/home/student/ia_ws/install/ur_setup:/home/student/ia_ws/install/tf_lookup:/home/student/ia_ws/install/tf_broadcast:/home/student/ia_ws/install/tf_scene:/home/student/ia_ws/install/gui_tools:/home/student/ia_ws/install/aruco_handler:/opt/ros/galactic /usr/bin/cmake --build /home/student/lidar-ws/build/lidar_cpp -- -j8 -l8
[11.949s] Invoking command in '/home/student/lidar-ws/build/lidar_cpp': CMAKE_PREFIX_PATH=/home/student/lidar-ws/install/custom:/home/student/lidar-ws/install/lidar_cpp:/home/student/ws/install/case_bringup:/home/student/ia_ws/install/viz_dynamic:/home/student/ia_ws/install/viz_tools_msgs:/home/student/ia_ws/install/viz_bringup:/home/student/ia_ws/install/ur_script_generator:/home/student/ia_ws/install/ur_script_controller:/home/student/ia_ws/install/ur_tools_msgs:/home/student/ia_ws/install/ur_script_driver:/home/student/ia_ws/install/ur_script_msgs:/home/student/ia_ws/install/ur_description:/home/student/ia_ws/install/ur_bringup:/home/student/ia_ws/install/tf_sms:/home/student/ia_ws/install/tf_bringup:/home/student/ia_ws/install/tf_tools_msgs:/home/student/ia_ws/install/opcua_ros2_bridge:/home/student/ia_ws/install/mp_msgs:/home/student/ws/install/py_ctrl:/home/student/ws/install/case_scenes:/home/student/ia_ws/install/viz_static:/home/student/ia_ws/install/viz_interactive:/home/student/ia_ws/install/ur_setup:/home/student/ia_ws/install/tf_lookup:/home/student/ia_ws/install/tf_broadcast:/home/student/ia_ws/install/tf_scene:/home/student/ia_ws/install/gui_tools:/home/student/ia_ws/install/aruco_handler:/opt/ros/galactic /usr/bin/cmake --install /home/student/lidar-ws/build/lidar_cpp
[11.963s] -- Install configuration: ""
[11.964s] -- Installing: /home/student/lidar-ws/install/lidar_cpp/lib/lidar_cpp/lidar
[11.966s] -- Set runtime path of "/home/student/lidar-ws/install/lidar_cpp/lib/lidar_cpp/lidar" to ""
[11.966s] -- Installing: /home/student/lidar-ws/install/lidar_cpp/lib/lidar_cpp/lidar_server
[11.967s] -- Set runtime path of "/home/student/lidar-ws/install/lidar_cpp/lib/lidar_cpp/lidar_server" to ""
[11.967s] -- Installing: /home/student/lidar-ws/install/lidar_cpp/share/ament_index/resource_index/package_run_dependencies/lidar_cpp
[11.967s] -- Installing: /home/student/lidar-ws/install/lidar_cpp/share/ament_index/resource_index/parent_prefix_path/lidar_cpp
[11.968s] -- Installing: /home/student/lidar-ws/install/lidar_cpp/share/lidar_cpp/environment/ament_prefix_path.sh
[11.968s] -- Installing: /home/student/lidar-ws/install/lidar_cpp/share/lidar_cpp/environment/ament_prefix_path.dsv
[11.968s] -- Installing: /home/student/lidar-ws/install/lidar_cpp/share/lidar_cpp/environment/path.sh
[11.968s] -- Installing: /home/student/lidar-ws/install/lidar_cpp/share/lidar_cpp/environment/path.dsv
[11.968s] -- Installing: /home/student/lidar-ws/install/lidar_cpp/share/lidar_cpp/local_setup.bash
[11.969s] -- Installing: /home/student/lidar-ws/install/lidar_cpp/share/lidar_cpp/local_setup.sh
[11.969s] -- Installing: /home/student/lidar-ws/install/lidar_cpp/share/lidar_cpp/local_setup.zsh
[11.969s] -- Installing: /home/student/lidar-ws/install/lidar_cpp/share/lidar_cpp/local_setup.dsv
[11.969s] -- Installing: /home/student/lidar-ws/install/lidar_cpp/share/lidar_cpp/package.dsv
[11.969s] -- Installing: /home/student/lidar-ws/install/lidar_cpp/share/ament_index/resource_index/packages/lidar_cpp
[11.970s] -- Installing: /home/student/lidar-ws/install/lidar_cpp/share/lidar_cpp/cmake/lidar_cppConfig.cmake
[11.970s] -- Installing: /home/student/lidar-ws/install/lidar_cpp/share/lidar_cpp/cmake/lidar_cppConfig-version.cmake
[11.970s] -- Installing: /home/student/lidar-ws/install/lidar_cpp/share/lidar_cpp/package.xml
[11.974s] Invoked command in '/home/student/lidar-ws/build/lidar_cpp' returned '0': CMAKE_PREFIX_PATH=/home/student/lidar-ws/install/custom:/home/student/lidar-ws/install/lidar_cpp:/home/student/ws/install/case_bringup:/home/student/ia_ws/install/viz_dynamic:/home/student/ia_ws/install/viz_tools_msgs:/home/student/ia_ws/install/viz_bringup:/home/student/ia_ws/install/ur_script_generator:/home/student/ia_ws/install/ur_script_controller:/home/student/ia_ws/install/ur_tools_msgs:/home/student/ia_ws/install/ur_script_driver:/home/student/ia_ws/install/ur_script_msgs:/home/student/ia_ws/install/ur_description:/home/student/ia_ws/install/ur_bringup:/home/student/ia_ws/install/tf_sms:/home/student/ia_ws/install/tf_bringup:/home/student/ia_ws/install/tf_tools_msgs:/home/student/ia_ws/install/opcua_ros2_bridge:/home/student/ia_ws/install/mp_msgs:/home/student/ws/install/py_ctrl:/home/student/ws/install/case_scenes:/home/student/ia_ws/install/viz_static:/home/student/ia_ws/install/viz_interactive:/home/student/ia_ws/install/ur_setup:/home/student/ia_ws/install/tf_lookup:/home/student/ia_ws/install/tf_broadcast:/home/student/ia_ws/install/tf_scene:/home/student/ia_ws/install/gui_tools:/home/student/ia_ws/install/aruco_handler:/opt/ros/galactic /usr/bin/cmake --install /home/student/lidar-ws/build/lidar_cpp
