[35m[1mScanning dependencies of target lidar_server[0m
[35m[1mScanning dependencies of target lidar[0m
[  8%] Built target lidar_cpp__rosidl_generator_c
[ 11%] Built target lidar_cpp__cpp
[ 20%] Built target lidar_cpp__rosidl_typesupport_c
[ 28%] Built target lidar_cpp__rosidl_typesupport_cpp
[ 37%] Built target lidar_cpp__rosidl_typesupport_introspection_c
[ 40%] [32mBuilding CXX object CMakeFiles/lidar.dir/src/lidar_publisher.cpp.o[0m
[ 48%] Built target lidar_cpp__rosidl_typesupport_introspection_cpp
[ 51%] [32mBuilding CXX object CMakeFiles/lidar_server.dir/src/lidar_publisher.cpp.o[0m
[ 60%] Built target lidar_cpp__rosidl_typesupport_fastrtps_cpp
[ 68%] Built target lidar_cpp__rosidl_typesupport_fastrtps_c
[ 68%] Built target lidar_cpp
[ 71%] Built target lidar_cpp__py
[ 77%] Built target lidar_cpp__python
[ 88%] Built target lidar_cpp__rosidl_typesupport_c__pyext
[ 88%] Built target lidar_cpp__rosidl_typesupport_introspection_c__pyext
[ 94%] Built target lidar_cpp__rosidl_typesupport_fastrtps_c__pyext
[ 97%] [32m[1mLinking CXX executable lidar[0m
[100%] [32m[1mLinking CXX executable lidar_server[0m
[100%] Built target lidar
[100%] Built target lidar_server
-- Install configuration: ""
-- Up-to-date: /home/student/lidar-ws/install/lidar_cpp/share/ament_index/resource_index/rosidl_interfaces/lidar_cpp
-- Up-to-date: /home/student/lidar-ws/install/lidar_cpp/include/lidar_cpp
-- Up-to-date: /home/student/lidar-ws/install/lidar_cpp/include/lidar_cpp/srv
-- Up-to-date: /home/student/lidar-ws/install/lidar_cpp/include/lidar_cpp/srv/lidar_service.h
-- Up-to-date: /home/student/lidar-ws/install/lidar_cpp/include/lidar_cpp/srv/detail
-- Up-to-date: /home/student/lidar-ws/install/lidar_cpp/include/lidar_cpp/srv/detail/lidar_service__functions.h
-- Up-to-date: /home/student/lidar-ws/install/lidar_cpp/include/lidar_cpp/srv/detail/lidar_service__functions.c
-- Up-to-date: /home/student/lidar-ws/install/lidar_cpp/include/lidar_cpp/srv/detail/lidar_service__struct.h
-- Up-to-date: /home/student/lidar-ws/install/lidar_cpp/include/lidar_cpp/srv/detail/lidar_service__type_support.h
-- Up-to-date: /home/student/lidar-ws/install/lidar_cpp/include/lidar_cpp/msg
-- Up-to-date: /home/student/lidar-ws/install/lidar_cpp/include/lidar_cpp/msg/rosidl_generator_c__visibility_control.h
-- Up-to-date: /home/student/lidar-ws/install/lidar_cpp/share/lidar_cpp/environment/library_path.sh
-- Installing: /home/student/lidar-ws/install/lidar_cpp/share/lidar_cpp/environment/library_path.dsv
-- Up-to-date: /home/student/lidar-ws/install/lidar_cpp/lib/liblidar_cpp__rosidl_generator_c.so
-- Up-to-date: /home/student/lidar-ws/install/lidar_cpp/include/lidar_cpp
-- Up-to-date: /home/student/lidar-ws/install/lidar_cpp/include/lidar_cpp/srv
-- Up-to-date: /home/student/lidar-ws/install/lidar_cpp/include/lidar_cpp/srv/detail
-- Up-to-date: /home/student/lidar-ws/install/lidar_cpp/include/lidar_cpp/srv/detail/lidar_service__rosidl_typesupport_fastrtps_c.h
-- Up-to-date: /home/student/lidar-ws/install/lidar_cpp/include/lidar_cpp/msg
-- Up-to-date: /home/student/lidar-ws/install/lidar_cpp/include/lidar_cpp/msg/rosidl_typesupport_fastrtps_c__visibility_control.h
-- Up-to-date: /home/student/lidar-ws/install/lidar_cpp/lib/liblidar_cpp__rosidl_typesupport_fastrtps_c.so
-- Up-to-date: /home/student/lidar-ws/install/lidar_cpp/include/lidar_cpp
-- Up-to-date: /home/student/lidar-ws/install/lidar_cpp/include/lidar_cpp/srv
-- Up-to-date: /home/student/lidar-ws/install/lidar_cpp/include/lidar_cpp/srv/detail
-- Up-to-date: /home/student/lidar-ws/install/lidar_cpp/include/lidar_cpp/srv/detail/lidar_service__rosidl_typesupport_fastrtps_cpp.hpp
-- Up-to-date: /home/student/lidar-ws/install/lidar_cpp/include/lidar_cpp/srv/detail/dds_fastrtps
-- Up-to-date: /home/student/lidar-ws/install/lidar_cpp/include/lidar_cpp/msg
-- Up-to-date: /home/student/lidar-ws/install/lidar_cpp/include/lidar_cpp/msg/rosidl_typesupport_fastrtps_cpp__visibility_control.h
-- Up-to-date: /home/student/lidar-ws/install/lidar_cpp/lib/liblidar_cpp__rosidl_typesupport_fastrtps_cpp.so
-- Up-to-date: /home/student/lidar-ws/install/lidar_cpp/include/lidar_cpp
-- Up-to-date: /home/student/lidar-ws/install/lidar_cpp/include/lidar_cpp/srv
-- Up-to-date: /home/student/lidar-ws/install/lidar_cpp/include/lidar_cpp/srv/detail
-- Up-to-date: /home/student/lidar-ws/install/lidar_cpp/include/lidar_cpp/srv/detail/lidar_service__rosidl_typesupport_introspection_c.h
-- Up-to-date: /home/student/lidar-ws/install/lidar_cpp/include/lidar_cpp/srv/detail/lidar_service__type_support.c
-- Up-to-date: /home/student/lidar-ws/install/lidar_cpp/include/lidar_cpp/msg
-- Up-to-date: /home/student/lidar-ws/install/lidar_cpp/include/lidar_cpp/msg/rosidl_typesupport_introspection_c__visibility_control.h
-- Up-to-date: /home/student/lidar-ws/install/lidar_cpp/lib/liblidar_cpp__rosidl_typesupport_introspection_c.so
-- Up-to-date: /home/student/lidar-ws/install/lidar_cpp/lib/liblidar_cpp__rosidl_typesupport_c.so
-- Up-to-date: /home/student/lidar-ws/install/lidar_cpp/include/lidar_cpp
-- Up-to-date: /home/student/lidar-ws/install/lidar_cpp/include/lidar_cpp/srv
-- Up-to-date: /home/student/lidar-ws/install/lidar_cpp/include/lidar_cpp/srv/detail
-- Up-to-date: /home/student/lidar-ws/install/lidar_cpp/include/lidar_cpp/srv/detail/lidar_service__traits.hpp
-- Up-to-date: /home/student/lidar-ws/install/lidar_cpp/include/lidar_cpp/srv/detail/lidar_service__struct.hpp
-- Up-to-date: /home/student/lidar-ws/install/lidar_cpp/include/lidar_cpp/srv/detail/lidar_service__builder.hpp
-- Up-to-date: /home/student/lidar-ws/install/lidar_cpp/include/lidar_cpp/srv/lidar_service.hpp
-- Up-to-date: /home/student/lidar-ws/install/lidar_cpp/include/lidar_cpp
-- Up-to-date: /home/student/lidar-ws/install/lidar_cpp/include/lidar_cpp/srv
-- Up-to-date: /home/student/lidar-ws/install/lidar_cpp/include/lidar_cpp/srv/detail
-- Up-to-date: /home/student/lidar-ws/install/lidar_cpp/include/lidar_cpp/srv/detail/lidar_service__rosidl_typesupport_introspection_cpp.hpp
-- Up-to-date: /home/student/lidar-ws/install/lidar_cpp/include/lidar_cpp/srv/detail/lidar_service__type_support.cpp
-- Up-to-date: /home/student/lidar-ws/install/lidar_cpp/lib/liblidar_cpp__rosidl_typesupport_introspection_cpp.so
-- Up-to-date: /home/student/lidar-ws/install/lidar_cpp/lib/liblidar_cpp__rosidl_typesupport_cpp.so
-- Up-to-date: /home/student/lidar-ws/install/lidar_cpp/share/lidar_cpp/environment/pythonpath.sh
-- Installing: /home/student/lidar-ws/install/lidar_cpp/share/lidar_cpp/environment/pythonpath.dsv
-- Installing: /home/student/lidar-ws/install/lidar_cpp/lib/python3.8/site-packages/lidar_cpp/__init__.py
Compiling '/home/student/lidar-ws/install/lidar_cpp/lib/python3.8/site-packages/lidar_cpp/__init__.py'...
-- Up-to-date: /home/student/lidar-ws/install/lidar_cpp/lib/python3.8/site-packages/lidar_cpp/srv
-- Up-to-date: /home/student/lidar-ws/install/lidar_cpp/lib/python3.8/site-packages/lidar_cpp/srv/_lidar_service.py
-- Up-to-date: /home/student/lidar-ws/install/lidar_cpp/lib/python3.8/site-packages/lidar_cpp/srv/_lidar_service_s.c
-- Up-to-date: /home/student/lidar-ws/install/lidar_cpp/lib/python3.8/site-packages/lidar_cpp/srv/__init__.py
-- Up-to-date: /home/student/lidar-ws/install/lidar_cpp/lib/python3.8/site-packages/lidar_cpp/lidar_cpp_s__rosidl_typesupport_fastrtps_c.cpython-38-x86_64-linux-gnu.so
-- Up-to-date: /home/student/lidar-ws/install/lidar_cpp/lib/python3.8/site-packages/lidar_cpp/lidar_cpp_s__rosidl_typesupport_introspection_c.cpython-38-x86_64-linux-gnu.so
-- Up-to-date: /home/student/lidar-ws/install/lidar_cpp/lib/python3.8/site-packages/lidar_cpp/lidar_cpp_s__rosidl_typesupport_c.cpython-38-x86_64-linux-gnu.so
-- Up-to-date: /home/student/lidar-ws/install/lidar_cpp/lib/liblidar_cpp__python.so
-- Up-to-date: /home/student/lidar-ws/install/lidar_cpp/share/lidar_cpp/srv/LidarService.idl
-- Up-to-date: /home/student/lidar-ws/install/lidar_cpp/share/lidar_cpp/srv/LidarService.srv
-- Up-to-date: /home/student/lidar-ws/install/lidar_cpp/share/lidar_cpp/srv/LidarService_Request.msg
-- Up-to-date: /home/student/lidar-ws/install/lidar_cpp/share/lidar_cpp/srv/LidarService_Response.msg
-- Installing: /home/student/lidar-ws/install/lidar_cpp/lib/lidar_cpp/lidar
-- Set runtime path of "/home/student/lidar-ws/install/lidar_cpp/lib/lidar_cpp/lidar" to ""
-- Installing: /home/student/lidar-ws/install/lidar_cpp/lib/lidar_cpp/lidar_server
-- Set runtime path of "/home/student/lidar-ws/install/lidar_cpp/lib/lidar_cpp/lidar_server" to ""
-- Up-to-date: /home/student/lidar-ws/install/lidar_cpp/share/ament_index/resource_index/package_run_dependencies/lidar_cpp
-- Installing: /home/student/lidar-ws/install/lidar_cpp/share/ament_index/resource_index/parent_prefix_path/lidar_cpp
-- Up-to-date: /home/student/lidar-ws/install/lidar_cpp/share/lidar_cpp/environment/ament_prefix_path.sh
-- Installing: /home/student/lidar-ws/install/lidar_cpp/share/lidar_cpp/environment/ament_prefix_path.dsv
-- Up-to-date: /home/student/lidar-ws/install/lidar_cpp/share/lidar_cpp/environment/path.sh
-- Installing: /home/student/lidar-ws/install/lidar_cpp/share/lidar_cpp/environment/path.dsv
-- Up-to-date: /home/student/lidar-ws/install/lidar_cpp/share/lidar_cpp/local_setup.bash
-- Up-to-date: /home/student/lidar-ws/install/lidar_cpp/share/lidar_cpp/local_setup.sh
-- Up-to-date: /home/student/lidar-ws/install/lidar_cpp/share/lidar_cpp/local_setup.zsh
-- Installing: /home/student/lidar-ws/install/lidar_cpp/share/lidar_cpp/local_setup.dsv
-- Installing: /home/student/lidar-ws/install/lidar_cpp/share/lidar_cpp/package.dsv
-- Up-to-date: /home/student/lidar-ws/install/lidar_cpp/share/ament_index/resource_index/packages/lidar_cpp
-- Up-to-date: /home/student/lidar-ws/install/lidar_cpp/share/lidar_cpp/cmake/lidar_cpp__rosidl_generator_cExport.cmake
-- Installing: /home/student/lidar-ws/install/lidar_cpp/share/lidar_cpp/cmake/lidar_cpp__rosidl_generator_cExport-noconfig.cmake
-- Up-to-date: /home/student/lidar-ws/install/lidar_cpp/share/lidar_cpp/cmake/lidar_cpp__rosidl_typesupport_introspection_cExport.cmake
-- Installing: /home/student/lidar-ws/install/lidar_cpp/share/lidar_cpp/cmake/lidar_cpp__rosidl_typesupport_introspection_cExport-noconfig.cmake
-- Up-to-date: /home/student/lidar-ws/install/lidar_cpp/share/lidar_cpp/cmake/lidar_cpp__rosidl_typesupport_cExport.cmake
-- Installing: /home/student/lidar-ws/install/lidar_cpp/share/lidar_cpp/cmake/lidar_cpp__rosidl_typesupport_cExport-noconfig.cmake
-- Up-to-date: /home/student/lidar-ws/install/lidar_cpp/share/lidar_cpp/cmake/lidar_cpp__rosidl_generator_cppExport.cmake
-- Up-to-date: /home/student/lidar-ws/install/lidar_cpp/share/lidar_cpp/cmake/lidar_cpp__rosidl_typesupport_introspection_cppExport.cmake
-- Installing: /home/student/lidar-ws/install/lidar_cpp/share/lidar_cpp/cmake/lidar_cpp__rosidl_typesupport_introspection_cppExport-noconfig.cmake
-- Up-to-date: /home/student/lidar-ws/install/lidar_cpp/share/lidar_cpp/cmake/lidar_cpp__rosidl_typesupport_cppExport.cmake
-- Installing: /home/student/lidar-ws/install/lidar_cpp/share/lidar_cpp/cmake/lidar_cpp__rosidl_typesupport_cppExport-noconfig.cmake
-- Up-to-date: /home/student/lidar-ws/install/lidar_cpp/share/lidar_cpp/cmake/rosidl_cmake-extras.cmake
-- Up-to-date: /home/student/lidar-ws/install/lidar_cpp/share/lidar_cpp/cmake/ament_cmake_export_dependencies-extras.cmake
-- Up-to-date: /home/student/lidar-ws/install/lidar_cpp/share/lidar_cpp/cmake/ament_cmake_export_libraries-extras.cmake
-- Up-to-date: /home/student/lidar-ws/install/lidar_cpp/share/lidar_cpp/cmake/ament_cmake_export_targets-extras.cmake
-- Up-to-date: /home/student/lidar-ws/install/lidar_cpp/share/lidar_cpp/cmake/ament_cmake_export_include_directories-extras.cmake
-- Up-to-date: /home/student/lidar-ws/install/lidar_cpp/share/lidar_cpp/cmake/rosidl_cmake_export_typesupport_libraries-extras.cmake
-- Up-to-date: /home/student/lidar-ws/install/lidar_cpp/share/lidar_cpp/cmake/rosidl_cmake_export_typesupport_targets-extras.cmake
-- Up-to-date: /home/student/lidar-ws/install/lidar_cpp/share/lidar_cpp/cmake/lidar_cppConfig.cmake
-- Up-to-date: /home/student/lidar-ws/install/lidar_cpp/share/lidar_cpp/cmake/lidar_cppConfig-version.cmake
-- Up-to-date: /home/student/lidar-ws/install/lidar_cpp/share/lidar_cpp/package.xml
