[0.019s] Invoking command in '/home/student/lidar-ws/build/lidar_cpp': CMAKE_PREFIX_PATH=${CMAKE_PREFIX_PATH}:/home/student/ws/install/py_ctrl:/home/student/ws/install/case_scenes:/home/student/ia_ws/install/viz_static:/home/student/ia_ws/install/viz_interactive:/home/student/ia_ws/install/ur_setup:/home/student/ia_ws/install/tf_lookup:/home/student/ia_ws/install/tf_broadcast:/home/student/ia_ws/install/tf_scene:/home/student/ia_ws/install/gui_tools:/home/student/ia_ws/install/aruco_handler:/opt/ros/galactic /usr/bin/cmake --build /home/student/lidar-ws/build/lidar_cpp -- -j8 -l8
[0.085s] [35m[1mScanning dependencies of target lidar_server[0m
[0.087s] [35m[1mScanning dependencies of target lidar[0m
[0.103s] [  8%] Built target lidar_cpp__rosidl_generator_c
[0.112s] [ 11%] Built target lidar_cpp__cpp
[0.146s] [ 20%] Built target lidar_cpp__rosidl_typesupport_c
[0.155s] [ 28%] Built target lidar_cpp__rosidl_typesupport_cpp
[0.160s] [ 37%] Built target lidar_cpp__rosidl_typesupport_introspection_c
[0.161s] [ 40%] [32mBuilding CXX object CMakeFiles/lidar.dir/src/lidar_publisher.cpp.o[0m
[0.163s] [ 48%] Built target lidar_cpp__rosidl_typesupport_introspection_cpp
[0.166s] [ 51%] [32mBuilding CXX object CMakeFiles/lidar_server.dir/src/lidar_publisher.cpp.o[0m
[0.167s] [ 60%] Built target lidar_cpp__rosidl_typesupport_fastrtps_cpp
[0.197s] [ 68%] Built target lidar_cpp__rosidl_typesupport_fastrtps_c
[0.223s] [ 68%] Built target lidar_cpp
[0.249s] [ 71%] Built target lidar_cpp__py
[0.276s] [ 77%] Built target lidar_cpp__python
[0.307s] [ 88%] Built target lidar_cpp__rosidl_typesupport_c__pyext
[0.307s] [ 88%] Built target lidar_cpp__rosidl_typesupport_introspection_c__pyext
[0.310s] [ 94%] Built target lidar_cpp__rosidl_typesupport_fastrtps_c__pyext
[9.232s] [ 97%] [32m[1mLinking CXX executable lidar[0m
[9.294s] [100%] [32m[1mLinking CXX executable lidar_server[0m
[10.452s] [100%] Built target lidar
[10.468s] [100%] Built target lidar_server
[10.482s] Invoked command in '/home/student/lidar-ws/build/lidar_cpp' returned '0': CMAKE_PREFIX_PATH=${CMAKE_PREFIX_PATH}:/home/student/ws/install/py_ctrl:/home/student/ws/install/case_scenes:/home/student/ia_ws/install/viz_static:/home/student/ia_ws/install/viz_interactive:/home/student/ia_ws/install/ur_setup:/home/student/ia_ws/install/tf_lookup:/home/student/ia_ws/install/tf_broadcast:/home/student/ia_ws/install/tf_scene:/home/student/ia_ws/install/gui_tools:/home/student/ia_ws/install/aruco_handler:/opt/ros/galactic /usr/bin/cmake --build /home/student/lidar-ws/build/lidar_cpp -- -j8 -l8
[10.557s] Invoking command in '/home/student/lidar-ws/build/lidar_cpp': CMAKE_PREFIX_PATH=${CMAKE_PREFIX_PATH}:/home/student/ws/install/py_ctrl:/home/student/ws/install/case_scenes:/home/student/ia_ws/install/viz_static:/home/student/ia_ws/install/viz_interactive:/home/student/ia_ws/install/ur_setup:/home/student/ia_ws/install/tf_lookup:/home/student/ia_ws/install/tf_broadcast:/home/student/ia_ws/install/tf_scene:/home/student/ia_ws/install/gui_tools:/home/student/ia_ws/install/aruco_handler:/opt/ros/galactic /usr/bin/cmake --install /home/student/lidar-ws/build/lidar_cpp
[10.570s] -- Install configuration: ""
[10.570s] -- Up-to-date: /home/student/lidar-ws/install/lidar_cpp/share/ament_index/resource_index/rosidl_interfaces/lidar_cpp
[10.570s] -- Up-to-date: /home/student/lidar-ws/install/lidar_cpp/include/lidar_cpp
[10.570s] -- Up-to-date: /home/student/lidar-ws/install/lidar_cpp/include/lidar_cpp/srv
[10.570s] -- Up-to-date: /home/student/lidar-ws/install/lidar_cpp/include/lidar_cpp/srv/lidar_service.h
[10.571s] -- Up-to-date: /home/student/lidar-ws/install/lidar_cpp/include/lidar_cpp/srv/detail
[10.571s] -- Up-to-date: /home/student/lidar-ws/install/lidar_cpp/include/lidar_cpp/srv/detail/lidar_service__functions.h
[10.571s] -- Up-to-date: /home/student/lidar-ws/install/lidar_cpp/include/lidar_cpp/srv/detail/lidar_service__functions.c
[10.571s] -- Up-to-date: /home/student/lidar-ws/install/lidar_cpp/include/lidar_cpp/srv/detail/lidar_service__struct.h
[10.571s] -- Up-to-date: /home/student/lidar-ws/install/lidar_cpp/include/lidar_cpp/srv/detail/lidar_service__type_support.h
[10.572s] -- Up-to-date: /home/student/lidar-ws/install/lidar_cpp/include/lidar_cpp/msg
[10.572s] -- Up-to-date: /home/student/lidar-ws/install/lidar_cpp/include/lidar_cpp/msg/rosidl_generator_c__visibility_control.h
[10.572s] -- Up-to-date: /home/student/lidar-ws/install/lidar_cpp/share/lidar_cpp/environment/library_path.sh
[10.572s] -- Installing: /home/student/lidar-ws/install/lidar_cpp/share/lidar_cpp/environment/library_path.dsv
[10.572s] -- Up-to-date: /home/student/lidar-ws/install/lidar_cpp/lib/liblidar_cpp__rosidl_generator_c.so
[10.572s] -- Up-to-date: /home/student/lidar-ws/install/lidar_cpp/include/lidar_cpp
[10.572s] -- Up-to-date: /home/student/lidar-ws/install/lidar_cpp/include/lidar_cpp/srv
[10.572s] -- Up-to-date: /home/student/lidar-ws/install/lidar_cpp/include/lidar_cpp/srv/detail
[10.573s] -- Up-to-date: /home/student/lidar-ws/install/lidar_cpp/include/lidar_cpp/srv/detail/lidar_service__rosidl_typesupport_fastrtps_c.h
[10.573s] -- Up-to-date: /home/student/lidar-ws/install/lidar_cpp/include/lidar_cpp/msg
[10.573s] -- Up-to-date: /home/student/lidar-ws/install/lidar_cpp/include/lidar_cpp/msg/rosidl_typesupport_fastrtps_c__visibility_control.h
[10.573s] -- Up-to-date: /home/student/lidar-ws/install/lidar_cpp/lib/liblidar_cpp__rosidl_typesupport_fastrtps_c.so
[10.573s] -- Up-to-date: /home/student/lidar-ws/install/lidar_cpp/include/lidar_cpp
[10.573s] -- Up-to-date: /home/student/lidar-ws/install/lidar_cpp/include/lidar_cpp/srv
[10.573s] -- Up-to-date: /home/student/lidar-ws/install/lidar_cpp/include/lidar_cpp/srv/detail
[10.573s] -- Up-to-date: /home/student/lidar-ws/install/lidar_cpp/include/lidar_cpp/srv/detail/lidar_service__rosidl_typesupport_fastrtps_cpp.hpp
[10.573s] -- Up-to-date: /home/student/lidar-ws/install/lidar_cpp/include/lidar_cpp/srv/detail/dds_fastrtps
[10.573s] -- Up-to-date: /home/student/lidar-ws/install/lidar_cpp/include/lidar_cpp/msg
[10.573s] -- Up-to-date: /home/student/lidar-ws/install/lidar_cpp/include/lidar_cpp/msg/rosidl_typesupport_fastrtps_cpp__visibility_control.h
[10.573s] -- Up-to-date: /home/student/lidar-ws/install/lidar_cpp/lib/liblidar_cpp__rosidl_typesupport_fastrtps_cpp.so
[10.574s] -- Up-to-date: /home/student/lidar-ws/install/lidar_cpp/include/lidar_cpp
[10.574s] -- Up-to-date: /home/student/lidar-ws/install/lidar_cpp/include/lidar_cpp/srv
[10.574s] -- Up-to-date: /home/student/lidar-ws/install/lidar_cpp/include/lidar_cpp/srv/detail
[10.574s] -- Up-to-date: /home/student/lidar-ws/install/lidar_cpp/include/lidar_cpp/srv/detail/lidar_service__rosidl_typesupport_introspection_c.h
[10.574s] -- Up-to-date: /home/student/lidar-ws/install/lidar_cpp/include/lidar_cpp/srv/detail/lidar_service__type_support.c
[10.574s] -- Up-to-date: /home/student/lidar-ws/install/lidar_cpp/include/lidar_cpp/msg
[10.574s] -- Up-to-date: /home/student/lidar-ws/install/lidar_cpp/include/lidar_cpp/msg/rosidl_typesupport_introspection_c__visibility_control.h
[10.574s] -- Up-to-date: /home/student/lidar-ws/install/lidar_cpp/lib/liblidar_cpp__rosidl_typesupport_introspection_c.so
[10.574s] -- Up-to-date: /home/student/lidar-ws/install/lidar_cpp/lib/liblidar_cpp__rosidl_typesupport_c.so
[10.574s] -- Up-to-date: /home/student/lidar-ws/install/lidar_cpp/include/lidar_cpp
[10.574s] -- Up-to-date: /home/student/lidar-ws/install/lidar_cpp/include/lidar_cpp/srv
[10.575s] -- Up-to-date: /home/student/lidar-ws/install/lidar_cpp/include/lidar_cpp/srv/detail
[10.575s] -- Up-to-date: /home/student/lidar-ws/install/lidar_cpp/include/lidar_cpp/srv/detail/lidar_service__traits.hpp
[10.575s] -- Up-to-date: /home/student/lidar-ws/install/lidar_cpp/include/lidar_cpp/srv/detail/lidar_service__struct.hpp
[10.575s] -- Up-to-date: /home/student/lidar-ws/install/lidar_cpp/include/lidar_cpp/srv/detail/lidar_service__builder.hpp
[10.575s] -- Up-to-date: /home/student/lidar-ws/install/lidar_cpp/include/lidar_cpp/srv/lidar_service.hpp
[10.575s] -- Up-to-date: /home/student/lidar-ws/install/lidar_cpp/include/lidar_cpp
[10.575s] -- Up-to-date: /home/student/lidar-ws/install/lidar_cpp/include/lidar_cpp/srv
[10.575s] -- Up-to-date: /home/student/lidar-ws/install/lidar_cpp/include/lidar_cpp/srv/detail
[10.575s] -- Up-to-date: /home/student/lidar-ws/install/lidar_cpp/include/lidar_cpp/srv/detail/lidar_service__rosidl_typesupport_introspection_cpp.hpp
[10.575s] -- Up-to-date: /home/student/lidar-ws/install/lidar_cpp/include/lidar_cpp/srv/detail/lidar_service__type_support.cpp
[10.575s] -- Up-to-date: /home/student/lidar-ws/install/lidar_cpp/lib/liblidar_cpp__rosidl_typesupport_introspection_cpp.so
[10.575s] -- Up-to-date: /home/student/lidar-ws/install/lidar_cpp/lib/liblidar_cpp__rosidl_typesupport_cpp.so
[10.576s] -- Up-to-date: /home/student/lidar-ws/install/lidar_cpp/share/lidar_cpp/environment/pythonpath.sh
[10.576s] -- Installing: /home/student/lidar-ws/install/lidar_cpp/share/lidar_cpp/environment/pythonpath.dsv
[10.576s] -- Installing: /home/student/lidar-ws/install/lidar_cpp/lib/python3.8/site-packages/lidar_cpp/__init__.py
[10.612s] Compiling '/home/student/lidar-ws/install/lidar_cpp/lib/python3.8/site-packages/lidar_cpp/__init__.py'...
[10.616s] -- Up-to-date: /home/student/lidar-ws/install/lidar_cpp/lib/python3.8/site-packages/lidar_cpp/srv
[10.616s] -- Up-to-date: /home/student/lidar-ws/install/lidar_cpp/lib/python3.8/site-packages/lidar_cpp/srv/_lidar_service.py
[10.616s] -- Up-to-date: /home/student/lidar-ws/install/lidar_cpp/lib/python3.8/site-packages/lidar_cpp/srv/_lidar_service_s.c
[10.617s] -- Up-to-date: /home/student/lidar-ws/install/lidar_cpp/lib/python3.8/site-packages/lidar_cpp/srv/__init__.py
[10.617s] -- Up-to-date: /home/student/lidar-ws/install/lidar_cpp/lib/python3.8/site-packages/lidar_cpp/lidar_cpp_s__rosidl_typesupport_fastrtps_c.cpython-38-x86_64-linux-gnu.so
[10.617s] -- Up-to-date: /home/student/lidar-ws/install/lidar_cpp/lib/python3.8/site-packages/lidar_cpp/lidar_cpp_s__rosidl_typesupport_introspection_c.cpython-38-x86_64-linux-gnu.so
[10.618s] -- Up-to-date: /home/student/lidar-ws/install/lidar_cpp/lib/python3.8/site-packages/lidar_cpp/lidar_cpp_s__rosidl_typesupport_c.cpython-38-x86_64-linux-gnu.so
[10.618s] -- Up-to-date: /home/student/lidar-ws/install/lidar_cpp/lib/liblidar_cpp__python.so
[10.619s] -- Up-to-date: /home/student/lidar-ws/install/lidar_cpp/share/lidar_cpp/srv/LidarService.idl
[10.619s] -- Up-to-date: /home/student/lidar-ws/install/lidar_cpp/share/lidar_cpp/srv/LidarService.srv
[10.619s] -- Up-to-date: /home/student/lidar-ws/install/lidar_cpp/share/lidar_cpp/srv/LidarService_Request.msg
[10.619s] -- Up-to-date: /home/student/lidar-ws/install/lidar_cpp/share/lidar_cpp/srv/LidarService_Response.msg
[10.619s] -- Installing: /home/student/lidar-ws/install/lidar_cpp/lib/lidar_cpp/lidar
[10.622s] -- Set runtime path of "/home/student/lidar-ws/install/lidar_cpp/lib/lidar_cpp/lidar" to ""
[10.622s] -- Installing: /home/student/lidar-ws/install/lidar_cpp/lib/lidar_cpp/lidar_server
[10.624s] -- Set runtime path of "/home/student/lidar-ws/install/lidar_cpp/lib/lidar_cpp/lidar_server" to ""
[10.624s] -- Up-to-date: /home/student/lidar-ws/install/lidar_cpp/share/ament_index/resource_index/package_run_dependencies/lidar_cpp
[10.625s] -- Installing: /home/student/lidar-ws/install/lidar_cpp/share/ament_index/resource_index/parent_prefix_path/lidar_cpp
[10.625s] -- Up-to-date: /home/student/lidar-ws/install/lidar_cpp/share/lidar_cpp/environment/ament_prefix_path.sh
[10.625s] -- Installing: /home/student/lidar-ws/install/lidar_cpp/share/lidar_cpp/environment/ament_prefix_path.dsv
[10.625s] -- Up-to-date: /home/student/lidar-ws/install/lidar_cpp/share/lidar_cpp/environment/path.sh
[10.626s] -- Installing: /home/student/lidar-ws/install/lidar_cpp/share/lidar_cpp/environment/path.dsv
[10.626s] -- Up-to-date: /home/student/lidar-ws/install/lidar_cpp/share/lidar_cpp/local_setup.bash
[10.626s] -- Up-to-date: /home/student/lidar-ws/install/lidar_cpp/share/lidar_cpp/local_setup.sh
[10.626s] -- Up-to-date: /home/student/lidar-ws/install/lidar_cpp/share/lidar_cpp/local_setup.zsh
[10.627s] -- Installing: /home/student/lidar-ws/install/lidar_cpp/share/lidar_cpp/local_setup.dsv
[10.627s] -- Installing: /home/student/lidar-ws/install/lidar_cpp/share/lidar_cpp/package.dsv
[10.627s] -- Up-to-date: /home/student/lidar-ws/install/lidar_cpp/share/ament_index/resource_index/packages/lidar_cpp
[10.628s] -- Up-to-date: /home/student/lidar-ws/install/lidar_cpp/share/lidar_cpp/cmake/lidar_cpp__rosidl_generator_cExport.cmake
[10.628s] -- Installing: /home/student/lidar-ws/install/lidar_cpp/share/lidar_cpp/cmake/lidar_cpp__rosidl_generator_cExport-noconfig.cmake
[10.628s] -- Up-to-date: /home/student/lidar-ws/install/lidar_cpp/share/lidar_cpp/cmake/lidar_cpp__rosidl_typesupport_introspection_cExport.cmake
[10.628s] -- Installing: /home/student/lidar-ws/install/lidar_cpp/share/lidar_cpp/cmake/lidar_cpp__rosidl_typesupport_introspection_cExport-noconfig.cmake
[10.628s] -- Up-to-date: /home/student/lidar-ws/install/lidar_cpp/share/lidar_cpp/cmake/lidar_cpp__rosidl_typesupport_cExport.cmake
[10.629s] -- Installing: /home/student/lidar-ws/install/lidar_cpp/share/lidar_cpp/cmake/lidar_cpp__rosidl_typesupport_cExport-noconfig.cmake
[10.629s] -- Up-to-date: /home/student/lidar-ws/install/lidar_cpp/share/lidar_cpp/cmake/lidar_cpp__rosidl_generator_cppExport.cmake
[10.629s] -- Up-to-date: /home/student/lidar-ws/install/lidar_cpp/share/lidar_cpp/cmake/lidar_cpp__rosidl_typesupport_introspection_cppExport.cmake
[10.629s] -- Installing: /home/student/lidar-ws/install/lidar_cpp/share/lidar_cpp/cmake/lidar_cpp__rosidl_typesupport_introspection_cppExport-noconfig.cmake
[10.630s] -- Up-to-date: /home/student/lidar-ws/install/lidar_cpp/share/lidar_cpp/cmake/lidar_cpp__rosidl_typesupport_cppExport.cmake
[10.630s] -- Installing: /home/student/lidar-ws/install/lidar_cpp/share/lidar_cpp/cmake/lidar_cpp__rosidl_typesupport_cppExport-noconfig.cmake
[10.630s] -- Up-to-date: /home/student/lidar-ws/install/lidar_cpp/share/lidar_cpp/cmake/rosidl_cmake-extras.cmake
[10.630s] -- Up-to-date: /home/student/lidar-ws/install/lidar_cpp/share/lidar_cpp/cmake/ament_cmake_export_dependencies-extras.cmake
[10.630s] -- Up-to-date: /home/student/lidar-ws/install/lidar_cpp/share/lidar_cpp/cmake/ament_cmake_export_libraries-extras.cmake
[10.630s] -- Up-to-date: /home/student/lidar-ws/install/lidar_cpp/share/lidar_cpp/cmake/ament_cmake_export_targets-extras.cmake
[10.631s] -- Up-to-date: /home/student/lidar-ws/install/lidar_cpp/share/lidar_cpp/cmake/ament_cmake_export_include_directories-extras.cmake
[10.631s] -- Up-to-date: /home/student/lidar-ws/install/lidar_cpp/share/lidar_cpp/cmake/rosidl_cmake_export_typesupport_libraries-extras.cmake
[10.631s] -- Up-to-date: /home/student/lidar-ws/install/lidar_cpp/share/lidar_cpp/cmake/rosidl_cmake_export_typesupport_targets-extras.cmake
[10.631s] -- Up-to-date: /home/student/lidar-ws/install/lidar_cpp/share/lidar_cpp/cmake/lidar_cppConfig.cmake
[10.631s] -- Up-to-date: /home/student/lidar-ws/install/lidar_cpp/share/lidar_cpp/cmake/lidar_cppConfig-version.cmake
[10.631s] -- Up-to-date: /home/student/lidar-ws/install/lidar_cpp/share/lidar_cpp/package.xml
[10.634s] Invoked command in '/home/student/lidar-ws/build/lidar_cpp' returned '0': CMAKE_PREFIX_PATH=${CMAKE_PREFIX_PATH}:/home/student/ws/install/py_ctrl:/home/student/ws/install/case_scenes:/home/student/ia_ws/install/viz_static:/home/student/ia_ws/install/viz_interactive:/home/student/ia_ws/install/ur_setup:/home/student/ia_ws/install/tf_lookup:/home/student/ia_ws/install/tf_broadcast:/home/student/ia_ws/install/tf_scene:/home/student/ia_ws/install/gui_tools:/home/student/ia_ws/install/aruco_handler:/opt/ros/galactic /usr/bin/cmake --install /home/student/lidar-ws/build/lidar_cpp
