[  3%] Built target custom__cpp
[ 12%] Built target custom__rosidl_generator_c
[ 22%] Built target custom__rosidl_typesupport_introspection_c
[ 32%] Built target custom__rosidl_typesupport_cpp
[ 51%] Built target custom__rosidl_typesupport_c
[ 58%] Built target custom__rosidl_typesupport_fastrtps_cpp
[ 61%] Built target custom__rosidl_typesupport_introspection_cpp
[ 70%] Built target custom__rosidl_typesupport_fastrtps_c
[ 70%] Built target custom
[ 74%] Built target custom__py
[ 80%] Built target custom__python
[100%] Built target custom__rosidl_typesupport_fastrtps_c__pyext
[100%] Built target custom__rosidl_typesupport_introspection_c__pyext
[100%] Built target custom__rosidl_typesupport_c__pyext
-- Install configuration: ""
-- Up-to-date: /home/student/lidar-ws/install/custom/share/ament_index/resource_index/rosidl_interfaces/custom
-- Up-to-date: /home/student/lidar-ws/install/custom/include/custom
-- Up-to-date: /home/student/lidar-ws/install/custom/include/custom/srv
-- Up-to-date: /home/student/lidar-ws/install/custom/include/custom/srv/lidar_service.h
-- Up-to-date: /home/student/lidar-ws/install/custom/include/custom/srv/detail
-- Up-to-date: /home/student/lidar-ws/install/custom/include/custom/srv/detail/lidar_service__functions.h
-- Up-to-date: /home/student/lidar-ws/install/custom/include/custom/srv/detail/lidar_service__functions.c
-- Up-to-date: /home/student/lidar-ws/install/custom/include/custom/srv/detail/lidar_service__struct.h
-- Up-to-date: /home/student/lidar-ws/install/custom/include/custom/srv/detail/lidar_service__type_support.h
-- Up-to-date: /home/student/lidar-ws/install/custom/include/custom/msg
-- Up-to-date: /home/student/lidar-ws/install/custom/include/custom/msg/rosidl_generator_c__visibility_control.h
-- Up-to-date: /home/student/lidar-ws/install/custom/share/custom/environment/library_path.sh
-- Up-to-date: /home/student/lidar-ws/install/custom/share/custom/environment/library_path.dsv
-- Up-to-date: /home/student/lidar-ws/install/custom/lib/libcustom__rosidl_generator_c.so
-- Up-to-date: /home/student/lidar-ws/install/custom/include/custom
-- Up-to-date: /home/student/lidar-ws/install/custom/include/custom/srv
-- Up-to-date: /home/student/lidar-ws/install/custom/include/custom/srv/detail
-- Up-to-date: /home/student/lidar-ws/install/custom/include/custom/srv/detail/lidar_service__rosidl_typesupport_fastrtps_c.h
-- Up-to-date: /home/student/lidar-ws/install/custom/include/custom/msg
-- Up-to-date: /home/student/lidar-ws/install/custom/include/custom/msg/rosidl_typesupport_fastrtps_c__visibility_control.h
-- Up-to-date: /home/student/lidar-ws/install/custom/lib/libcustom__rosidl_typesupport_fastrtps_c.so
-- Up-to-date: /home/student/lidar-ws/install/custom/include/custom
-- Up-to-date: /home/student/lidar-ws/install/custom/include/custom/srv
-- Up-to-date: /home/student/lidar-ws/install/custom/include/custom/srv/detail
-- Up-to-date: /home/student/lidar-ws/install/custom/include/custom/srv/detail/lidar_service__rosidl_typesupport_fastrtps_cpp.hpp
-- Up-to-date: /home/student/lidar-ws/install/custom/include/custom/srv/detail/dds_fastrtps
-- Up-to-date: /home/student/lidar-ws/install/custom/include/custom/msg
-- Up-to-date: /home/student/lidar-ws/install/custom/include/custom/msg/rosidl_typesupport_fastrtps_cpp__visibility_control.h
-- Up-to-date: /home/student/lidar-ws/install/custom/lib/libcustom__rosidl_typesupport_fastrtps_cpp.so
-- Up-to-date: /home/student/lidar-ws/install/custom/include/custom
-- Up-to-date: /home/student/lidar-ws/install/custom/include/custom/srv
-- Up-to-date: /home/student/lidar-ws/install/custom/include/custom/srv/detail
-- Up-to-date: /home/student/lidar-ws/install/custom/include/custom/srv/detail/lidar_service__rosidl_typesupport_introspection_c.h
-- Up-to-date: /home/student/lidar-ws/install/custom/include/custom/srv/detail/lidar_service__type_support.c
-- Up-to-date: /home/student/lidar-ws/install/custom/include/custom/msg
-- Up-to-date: /home/student/lidar-ws/install/custom/include/custom/msg/rosidl_typesupport_introspection_c__visibility_control.h
-- Up-to-date: /home/student/lidar-ws/install/custom/lib/libcustom__rosidl_typesupport_introspection_c.so
-- Up-to-date: /home/student/lidar-ws/install/custom/lib/libcustom__rosidl_typesupport_c.so
-- Up-to-date: /home/student/lidar-ws/install/custom/include/custom
-- Up-to-date: /home/student/lidar-ws/install/custom/include/custom/srv
-- Up-to-date: /home/student/lidar-ws/install/custom/include/custom/srv/detail
-- Up-to-date: /home/student/lidar-ws/install/custom/include/custom/srv/detail/lidar_service__traits.hpp
-- Up-to-date: /home/student/lidar-ws/install/custom/include/custom/srv/detail/lidar_service__struct.hpp
-- Up-to-date: /home/student/lidar-ws/install/custom/include/custom/srv/detail/lidar_service__builder.hpp
-- Up-to-date: /home/student/lidar-ws/install/custom/include/custom/srv/lidar_service.hpp
-- Up-to-date: /home/student/lidar-ws/install/custom/include/custom
-- Up-to-date: /home/student/lidar-ws/install/custom/include/custom/srv
-- Up-to-date: /home/student/lidar-ws/install/custom/include/custom/srv/detail
-- Up-to-date: /home/student/lidar-ws/install/custom/include/custom/srv/detail/lidar_service__rosidl_typesupport_introspection_cpp.hpp
-- Up-to-date: /home/student/lidar-ws/install/custom/include/custom/srv/detail/lidar_service__type_support.cpp
-- Up-to-date: /home/student/lidar-ws/install/custom/lib/libcustom__rosidl_typesupport_introspection_cpp.so
-- Up-to-date: /home/student/lidar-ws/install/custom/lib/libcustom__rosidl_typesupport_cpp.so
-- Up-to-date: /home/student/lidar-ws/install/custom/share/custom/environment/pythonpath.sh
-- Up-to-date: /home/student/lidar-ws/install/custom/share/custom/environment/pythonpath.dsv
-- Up-to-date: /home/student/lidar-ws/install/custom/lib/python3.8/site-packages/custom/__init__.py
-- Up-to-date: /home/student/lidar-ws/install/custom/lib/python3.8/site-packages/custom/srv
-- Up-to-date: /home/student/lidar-ws/install/custom/lib/python3.8/site-packages/custom/srv/_lidar_service.py
-- Up-to-date: /home/student/lidar-ws/install/custom/lib/python3.8/site-packages/custom/srv/_lidar_service_s.c
-- Up-to-date: /home/student/lidar-ws/install/custom/lib/python3.8/site-packages/custom/srv/__init__.py
-- Up-to-date: /home/student/lidar-ws/install/custom/lib/python3.8/site-packages/custom/custom_s__rosidl_typesupport_fastrtps_c.cpython-38-x86_64-linux-gnu.so
-- Up-to-date: /home/student/lidar-ws/install/custom/lib/python3.8/site-packages/custom/custom_s__rosidl_typesupport_introspection_c.cpython-38-x86_64-linux-gnu.so
-- Up-to-date: /home/student/lidar-ws/install/custom/lib/python3.8/site-packages/custom/custom_s__rosidl_typesupport_c.cpython-38-x86_64-linux-gnu.so
-- Up-to-date: /home/student/lidar-ws/install/custom/lib/libcustom__python.so
-- Up-to-date: /home/student/lidar-ws/install/custom/share/custom/srv/LidarService.idl
-- Up-to-date: /home/student/lidar-ws/install/custom/share/custom/srv/LidarService.srv
-- Up-to-date: /home/student/lidar-ws/install/custom/share/custom/srv/LidarService_Request.msg
-- Up-to-date: /home/student/lidar-ws/install/custom/share/custom/srv/LidarService_Response.msg
-- Up-to-date: /home/student/lidar-ws/install/custom/share/ament_index/resource_index/package_run_dependencies/custom
-- Up-to-date: /home/student/lidar-ws/install/custom/share/ament_index/resource_index/parent_prefix_path/custom
-- Up-to-date: /home/student/lidar-ws/install/custom/share/custom/environment/ament_prefix_path.sh
-- Up-to-date: /home/student/lidar-ws/install/custom/share/custom/environment/ament_prefix_path.dsv
-- Up-to-date: /home/student/lidar-ws/install/custom/share/custom/environment/path.sh
-- Up-to-date: /home/student/lidar-ws/install/custom/share/custom/environment/path.dsv
-- Up-to-date: /home/student/lidar-ws/install/custom/share/custom/local_setup.bash
-- Up-to-date: /home/student/lidar-ws/install/custom/share/custom/local_setup.sh
-- Up-to-date: /home/student/lidar-ws/install/custom/share/custom/local_setup.zsh
-- Up-to-date: /home/student/lidar-ws/install/custom/share/custom/local_setup.dsv
-- Installing: /home/student/lidar-ws/install/custom/share/custom/package.dsv
-- Up-to-date: /home/student/lidar-ws/install/custom/share/ament_index/resource_index/packages/custom
-- Up-to-date: /home/student/lidar-ws/install/custom/share/custom/cmake/custom__rosidl_generator_cExport.cmake
-- Up-to-date: /home/student/lidar-ws/install/custom/share/custom/cmake/custom__rosidl_generator_cExport-noconfig.cmake
-- Up-to-date: /home/student/lidar-ws/install/custom/share/custom/cmake/custom__rosidl_typesupport_introspection_cExport.cmake
-- Up-to-date: /home/student/lidar-ws/install/custom/share/custom/cmake/custom__rosidl_typesupport_introspection_cExport-noconfig.cmake
-- Up-to-date: /home/student/lidar-ws/install/custom/share/custom/cmake/custom__rosidl_typesupport_cExport.cmake
-- Up-to-date: /home/student/lidar-ws/install/custom/share/custom/cmake/custom__rosidl_typesupport_cExport-noconfig.cmake
-- Up-to-date: /home/student/lidar-ws/install/custom/share/custom/cmake/custom__rosidl_generator_cppExport.cmake
-- Up-to-date: /home/student/lidar-ws/install/custom/share/custom/cmake/custom__rosidl_typesupport_introspection_cppExport.cmake
-- Up-to-date: /home/student/lidar-ws/install/custom/share/custom/cmake/custom__rosidl_typesupport_introspection_cppExport-noconfig.cmake
-- Up-to-date: /home/student/lidar-ws/install/custom/share/custom/cmake/custom__rosidl_typesupport_cppExport.cmake
-- Up-to-date: /home/student/lidar-ws/install/custom/share/custom/cmake/custom__rosidl_typesupport_cppExport-noconfig.cmake
-- Up-to-date: /home/student/lidar-ws/install/custom/share/custom/cmake/rosidl_cmake-extras.cmake
-- Up-to-date: /home/student/lidar-ws/install/custom/share/custom/cmake/ament_cmake_export_dependencies-extras.cmake
-- Up-to-date: /home/student/lidar-ws/install/custom/share/custom/cmake/ament_cmake_export_libraries-extras.cmake
-- Up-to-date: /home/student/lidar-ws/install/custom/share/custom/cmake/ament_cmake_export_targets-extras.cmake
-- Up-to-date: /home/student/lidar-ws/install/custom/share/custom/cmake/ament_cmake_export_include_directories-extras.cmake
-- Up-to-date: /home/student/lidar-ws/install/custom/share/custom/cmake/rosidl_cmake_export_typesupport_libraries-extras.cmake
-- Up-to-date: /home/student/lidar-ws/install/custom/share/custom/cmake/rosidl_cmake_export_typesupport_targets-extras.cmake
-- Up-to-date: /home/student/lidar-ws/install/custom/share/custom/cmake/customConfig.cmake
-- Up-to-date: /home/student/lidar-ws/install/custom/share/custom/cmake/customConfig-version.cmake
-- Up-to-date: /home/student/lidar-ws/install/custom/share/custom/package.xml
