[35m[1mScanning dependencies of target lidar_server[0m
[  2%] Built target lidar_cpp__cpp
[ 11%] Built target lidar_cpp__rosidl_generator_c
[ 17%] Built target lidar
[ 28%] Built target lidar_cpp__rosidl_typesupport_cpp
[ 34%] Built target lidar_cpp__rosidl_typesupport_introspection_cpp
[ 42%] Built target lidar_cpp__rosidl_typesupport_fastrtps_cpp
[ 45%] [32mBuilding CXX object CMakeFiles/lidar_server.dir/src/lidar_server.cpp.o[0m
[ 62%] Built target lidar_cpp__rosidl_typesupport_introspection_c
[ 62%] Built target lidar_cpp__rosidl_typesupport_c
[ 71%] Built target lidar_cpp__rosidl_typesupport_fastrtps_c
[ 71%] Built target lidar_cpp
[ 74%] Built target lidar_cpp__py
[ 80%] Built target lidar_cpp__python
[ 91%] Built target lidar_cpp__rosidl_typesupport_c__pyext
[ 91%] Built target lidar_cpp__rosidl_typesupport_fastrtps_c__pyext
[ 97%] Built target lidar_cpp__rosidl_typesupport_introspection_c__pyext
In file included from [01m[K/opt/ros/galactic/include/rclcpp/node_impl.hpp:42[m[K,
                 from [01m[K/opt/ros/galactic/include/rclcpp/node.hpp:1329[m[K,
                 from [01m[K/opt/ros/galactic/include/rclcpp/executors/single_threaded_executor.hpp:28[m[K,
                 from [01m[K/opt/ros/galactic/include/rclcpp/executors.hpp:22[m[K,
                 from [01m[K/opt/ros/galactic/include/rclcpp/rclcpp.hpp:156[m[K,
                 from [01m[K/home/student/lidar-ws/src/lidar_cpp/src/lidar_server.cpp:6[m[K:
/opt/ros/galactic/include/rclcpp/create_service.hpp: In instantiation of ‘[01m[Ktypename rclcpp::Service<ServiceT>::SharedPtr rclcpp::create_service(std::shared_ptr<rclcpp::node_interfaces::NodeBaseInterface>, std::shared_ptr<rclcpp::node_interfaces::NodeServicesInterface>, const string&, CallbackT&&, const rmw_qos_profile_t&, rclcpp::CallbackGroup::SharedPtr) [with ServiceT = lidar_cpp::srv::LidarService; CallbackT = void (*)(std::shared_ptr<lidar_cpp::srv::LidarService_Response_<std::allocator<void> > >); typename rclcpp::Service<ServiceT>::SharedPtr = std::shared_ptr<rclcpp::Service<lidar_cpp::srv::LidarService> >; std::string = std::__cxx11::basic_string<char>; rmw_qos_profile_t = rmw_qos_profile_t; rclcpp::CallbackGroup::SharedPtr = std::shared_ptr<rclcpp::CallbackGroup>][m[K’:
[01m[K/opt/ros/galactic/include/rclcpp/node_impl.hpp:148:53:[m[K   required from ‘[01m[Ktypename rclcpp::Service<ServiceT>::SharedPtr rclcpp::Node::create_service(const string&, CallbackT&&, const rmw_qos_profile_t&, rclcpp::CallbackGroup::SharedPtr) [with ServiceT = lidar_cpp::srv::LidarService; CallbackT = void (*)(std::shared_ptr<lidar_cpp::srv::LidarService_Response_<std::allocator<void> > >); typename rclcpp::Service<ServiceT>::SharedPtr = std::shared_ptr<rclcpp::Service<lidar_cpp::srv::LidarService> >; std::string = std::__cxx11::basic_string<char>; rmw_qos_profile_t = rmw_qos_profile_t; rclcpp::CallbackGroup::SharedPtr = std::shared_ptr<rclcpp::CallbackGroup>][m[K’
[01m[K/home/student/lidar-ws/src/lidar_cpp/src/lidar_server.cpp:79:90:[m[K   required from here
[01m[K/opt/ros/galactic/include/rclcpp/create_service.hpp:43:3:[m[K [01;31m[Kerror: [m[Kno matching function for call to ‘[01m[Krclcpp::AnyServiceCallback<lidar_cpp::srv::LidarService>::set(void (*)(std::shared_ptr<lidar_cpp::srv::LidarService_Response_<std::allocator<void> > >))[m[K’
   43 |   [01;31m[Kany_service_callback[m[K.set(std::forward<CallbackT>(callback));
      |   [01;31m[K^~~~~~~~~~~~~~~~~~~~[m[K
In file included from [01m[K/opt/ros/galactic/include/rclcpp/service.hpp:28[m[K,
                 from [01m[K/opt/ros/galactic/include/rclcpp/callback_group.hpp:25[m[K,
                 from [01m[K/opt/ros/galactic/include/rclcpp/any_executable.hpp:20[m[K,
                 from [01m[K/opt/ros/galactic/include/rclcpp/memory_strategy.hpp:25[m[K,
                 from [01m[K/opt/ros/galactic/include/rclcpp/memory_strategies.hpp:18[m[K,
                 from [01m[K/opt/ros/galactic/include/rclcpp/executor_options.hpp:20[m[K,
                 from [01m[K/opt/ros/galactic/include/rclcpp/executor.hpp:36[m[K,
                 from [01m[K/opt/ros/galactic/include/rclcpp/executors/multi_threaded_executor.hpp:26[m[K,
                 from [01m[K/opt/ros/galactic/include/rclcpp/executors.hpp:21[m[K,
                 from [01m[K/opt/ros/galactic/include/rclcpp/rclcpp.hpp:156[m[K,
                 from [01m[K/home/student/lidar-ws/src/lidar_cpp/src/lidar_server.cpp:6[m[K:
[01m[K/opt/ros/galactic/include/rclcpp/any_service_callback.hpp:67:8:[m[K [01;36m[Knote: [m[Kcandidate: ‘[01m[Ktemplate<class CallbackT, typename std::enable_if<rclcpp::function_traits::same_arguments<CallbackT, std::function<void(std::shared_ptr<lidar_cpp::srv::LidarService_Request_<std::allocator<void> > >, std::shared_ptr<lidar_cpp::srv::LidarService_Response_<std::allocator<void> > >)> >::value, void>::type* <anonymous> > void rclcpp::AnyServiceCallback<ServiceT>::set(CallbackT) [with CallbackT = CallbackT; typename std::enable_if<rclcpp::function_traits::same_arguments<CallbackT, std::function<void(std::shared_ptr<typename ServiceT::Request>, std::shared_ptr<typename ServiceT::Response>)> >::value>::type* <anonymous> = <enumerator>; ServiceT = lidar_cpp::srv::LidarService][m[K’
   67 |   void [01;36m[Kset[m[K(CallbackT callback)
      |        [01;36m[K^~~[m[K
[01m[K/opt/ros/galactic/include/rclcpp/any_service_callback.hpp:67:8:[m[K [01;36m[Knote: [m[K  template argument deduction/substitution failed:
[01m[K/opt/ros/galactic/include/rclcpp/any_service_callback.hpp:65:17:[m[K [01;31m[Kerror: [m[Kno type named ‘[01m[Ktype[m[K’ in ‘[01m[Kstruct std::enable_if<false, void>[m[K’
   65 |     >::type * = [01;31m[Knullptr[m[K
      |                 [01;31m[K^~~~~~~[m[K
[01m[K/opt/ros/galactic/include/rclcpp/any_service_callback.hpp:81:8:[m[K [01;36m[Knote: [m[Kcandidate: ‘[01m[Ktemplate<class CallbackT, typename std::enable_if<rclcpp::function_traits::same_arguments<CallbackT, std::function<void(std::shared_ptr<rmw_request_id_t>, std::shared_ptr<lidar_cpp::srv::LidarService_Request_<std::allocator<void> > >, std::shared_ptr<lidar_cpp::srv::LidarService_Response_<std::allocator<void> > >)> >::value, void>::type* <anonymous> > void rclcpp::AnyServiceCallback<ServiceT>::set(CallbackT) [with CallbackT = CallbackT; typename std::enable_if<rclcpp::function_traits::same_arguments<CallbackT, std::function<void(std::shared_ptr<rmw_request_id_t>, std::shared_ptr<typename ServiceT::Request>, std::shared_ptr<typename ServiceT::Response>)> >::value>::type* <anonymous> = <enumerator>; ServiceT = lidar_cpp::srv::LidarService][m[K’
   81 |   void [01;36m[Kset[m[K(CallbackT callback)
      |        [01;36m[K^~~[m[K
[01m[K/opt/ros/galactic/include/rclcpp/any_service_callback.hpp:81:8:[m[K [01;36m[Knote: [m[K  template argument deduction/substitution failed:
[01m[K/opt/ros/galactic/include/rclcpp/any_service_callback.hpp:79:17:[m[K [01;31m[Kerror: [m[Kno type named ‘[01m[Ktype[m[K’ in ‘[01m[Kstruct std::enable_if<false, void>[m[K’
   79 |     >::type * = [01;31m[Knullptr[m[K
      |                 [01;31m[K^~~~~~~[m[K
make[2]: *** [CMakeFiles/lidar_server.dir/build.make:63: CMakeFiles/lidar_server.dir/src/lidar_server.cpp.o] Error 1
make[1]: *** [CMakeFiles/Makefile2:125: CMakeFiles/lidar_server.dir/all] Error 2
make: *** [Makefile:141: all] Error 2
