[0.016s] Invoking command in '/home/student/lidar-ws/build/lidar_cpp': CMAKE_PREFIX_PATH=/home/student/lidar-ws/install/custom:/home/student/lidar-ws/install/lidar_cpp:/home/student/ws/install/case_bringup:/home/student/ia_ws/install/viz_dynamic:/home/student/ia_ws/install/viz_tools_msgs:/home/student/ia_ws/install/viz_bringup:/home/student/ia_ws/install/ur_script_generator:/home/student/ia_ws/install/ur_script_controller:/home/student/ia_ws/install/ur_tools_msgs:/home/student/ia_ws/install/ur_script_driver:/home/student/ia_ws/install/ur_script_msgs:/home/student/ia_ws/install/ur_description:/home/student/ia_ws/install/ur_bringup:/home/student/ia_ws/install/tf_sms:/home/student/ia_ws/install/tf_bringup:/home/student/ia_ws/install/tf_tools_msgs:/home/student/ia_ws/install/opcua_ros2_bridge:/home/student/ia_ws/install/mp_msgs:/home/student/ws/install/py_ctrl:/home/student/ws/install/case_scenes:/home/student/ia_ws/install/viz_static:/home/student/ia_ws/install/viz_interactive:/home/student/ia_ws/install/ur_setup:/home/student/ia_ws/install/tf_lookup:/home/student/ia_ws/install/tf_broadcast:/home/student/ia_ws/install/tf_scene:/home/student/ia_ws/install/gui_tools:/home/student/ia_ws/install/aruco_handler:/opt/ros/galactic /usr/bin/cmake --build /home/student/lidar-ws/build/lidar_cpp -- -j8 -l8
[0.045s] -- Found ament_cmake: 1.1.4 (/opt/ros/galactic/share/ament_cmake/cmake)
[0.078s] -- Using PYTHON_EXECUTABLE: /usr/bin/python3
[0.154s] -- Found rclcpp: 9.2.0 (/opt/ros/galactic/share/rclcpp/cmake)
[0.193s] -- Using all available rosidl_typesupport_c: rosidl_typesupport_fastrtps_c;rosidl_typesupport_introspection_c
[0.198s] -- Found rosidl_adapter: 2.2.1 (/opt/ros/galactic/share/rosidl_adapter/cmake)
[0.330s] -- Using all available rosidl_typesupport_cpp: rosidl_typesupport_fastrtps_cpp;rosidl_typesupport_introspection_cpp
[0.378s] -- Found rmw_implementation_cmake: 3.3.1 (/opt/ros/galactic/share/rmw_implementation_cmake/cmake)
[0.380s] -- Found rmw_cyclonedds_cpp: 0.22.3 (/opt/ros/galactic/share/rmw_cyclonedds_cpp/cmake)
[0.404s] -- Using RMW implementation 'rmw_cyclonedds_cpp' as default
[0.544s] -- Found sensor_msgs: 2.2.3 (/opt/ros/galactic/share/sensor_msgs/cmake)
[0.668s] -- Eigen found (include: /usr/include/eigen3, version: 3.3.7)
[0.758s] -- The imported target "vtkParseOGLExt" references the file
[0.759s]    "/usr/bin/vtkParseOGLExt-7.1"
[0.759s] but this file does not exist.  Possible reasons include:
[0.759s] * The file was deleted, renamed, or moved to another location.
[0.759s] * An install or uninstall procedure did not complete successfully.
[0.760s] * The installation package was faulty and contained
[0.760s]    "/usr/lib/cmake/vtk-7.1/VTKTargets.cmake"
[0.760s] but not all the files it references.
[0.760s] 
[0.760s] -- The imported target "vtkRenderingPythonTkWidgets" references the file
[0.760s]    "/usr/lib/x86_64-linux-gnu/libvtkRenderingPythonTkWidgets.so"
[0.760s] but this file does not exist.  Possible reasons include:
[0.760s] * The file was deleted, renamed, or moved to another location.
[0.760s] * An install or uninstall procedure did not complete successfully.
[0.760s] * The installation package was faulty and contained
[0.760s]    "/usr/lib/cmake/vtk-7.1/VTKTargets.cmake"
[0.760s] but not all the files it references.
[0.760s] 
[0.760s] -- The imported target "vtk" references the file
[0.761s]    "/usr/bin/vtk"
[0.761s] but this file does not exist.  Possible reasons include:
[0.761s] * The file was deleted, renamed, or moved to another location.
[0.761s] * An install or uninstall procedure did not complete successfully.
[0.761s] * The installation package was faulty and contained
[0.761s]    "/usr/lib/cmake/vtk-7.1/VTKTargets.cmake"
[0.761s] but not all the files it references.
[0.761s] 
[0.761s] -- The imported target "pvtk" references the file
[0.761s]    "/usr/bin/pvtk"
[0.761s] but this file does not exist.  Possible reasons include:
[0.761s] * The file was deleted, renamed, or moved to another location.
[0.761s] * An install or uninstall procedure did not complete successfully.
[0.761s] * The installation package was faulty and contained
[0.761s]    "/usr/lib/cmake/vtk-7.1/VTKTargets.cmake"
[0.761s] but not all the files it references.
[0.762s] 
[0.777s] -- Checking for module 'libusb-1.0'
[0.780s] --   No package 'libusb-1.0' found
[0.784s] -- Could NOT find USB_10 (missing: USB_10_LIBRARY USB_10_INCLUDE_DIR) 
[0.785s] -- OpenNI disabled because libusb-1.0 not found.
[0.785s] ** WARNING ** io features related to openni will be disabled
[0.790s] -- Checking for module 'libusb-1.0'
[0.795s] --   No package 'libusb-1.0' found
[0.799s] -- Could NOT find USB_10 (missing: USB_10_LIBRARY USB_10_INCLUDE_DIR) 
[0.799s] -- OpenNI 2 disabled because libusb-1.0 not found.
[0.799s] ** WARNING ** io features related to openni2 will be disabled
[0.799s] ** WARNING ** io features related to pcap will be disabled
[0.800s] ** WARNING ** io features related to png will be disabled
[0.821s] -- LIBUSB_1_LIBRARY (missing: LIBUSB_1_INCLUDE_DIR) 
[0.821s] ** WARNING ** io features related to libusb-1.0 will be disabled
[0.826s] -- Checking for module 'libusb-1.0'
[0.830s] --   No package 'libusb-1.0' found
[0.835s] -- Could NOT find USB_10 (missing: USB_10_LIBRARY USB_10_INCLUDE_DIR) 
[0.836s] -- OpenNI disabled because libusb-1.0 not found.
[0.836s] ** WARNING ** visualization features related to openni will be disabled
[0.841s] -- Checking for module 'libusb-1.0'
[0.844s] --   No package 'libusb-1.0' found
[0.849s] -- Could NOT find USB_10 (missing: USB_10_LIBRARY USB_10_INCLUDE_DIR) 
[0.849s] -- OpenNI 2 disabled because libusb-1.0 not found.
[0.849s] ** WARNING ** visualization features related to openni2 will be disabled
[0.863s] -- QHULL found (include: /usr/include, lib: optimized;/usr/lib/x86_64-linux-gnu/libqhull.so;debug;/usr/lib/x86_64-linux-gnu/libqhull.so)
[0.867s] -- Checking for module 'libusb-1.0'
[0.870s] --   No package 'libusb-1.0' found
[0.874s] -- Could NOT find USB_10 (missing: USB_10_LIBRARY USB_10_INCLUDE_DIR) 
[0.874s] -- OpenNI disabled because libusb-1.0 not found.
[0.874s] ** WARNING ** apps features related to openni will be disabled
[0.887s] -- looking for PCL_COMMON
[0.888s] -- looking for PCL_KDTREE
[0.889s] -- looking for PCL_OCTREE
[0.889s] -- looking for PCL_SEARCH
[0.890s] -- looking for PCL_SAMPLE_CONSENSUS
[0.891s] -- looking for PCL_FILTERS
[0.891s] -- looking for PCL_2D
[0.892s] -- looking for PCL_GEOMETRY
[0.892s] -- looking for PCL_IO
[0.893s] -- looking for PCL_FEATURES
[0.894s] -- looking for PCL_ML
[0.895s] -- looking for PCL_SEGMENTATION
[0.895s] -- looking for PCL_VISUALIZATION
[0.896s] -- looking for PCL_SURFACE
[0.897s] -- looking for PCL_REGISTRATION
[0.898s] -- looking for PCL_KEYPOINTS
[0.899s] -- looking for PCL_TRACKING
[0.900s] -- looking for PCL_RECOGNITION
[0.901s] -- looking for PCL_STEREO
[0.901s] -- looking for PCL_APPS
[0.903s] -- looking for PCL_IN_HAND_SCANNER
[0.903s] -- looking for PCL_POINT_CLOUD_EDITOR
[0.904s] -- looking for PCL_OUTOFCORE
[0.905s] -- looking for PCL_PEOPLE
[0.907s] -- Found custom: 0.0.0 (/home/student/lidar-ws/install/custom/share/custom/cmake)
[0.934s] -- Found ament_lint_auto: 0.10.6 (/opt/ros/galactic/share/ament_lint_auto/cmake)
[1.007s] -- Added test 'copyright' to check source files copyright and LICENSE
[1.008s] -- Added test 'cppcheck' to perform static code analysis on C / C++ code
[1.009s] -- Configured cppcheck include dirs: /home/student/lidar-ws/src/lidar_cpp/include
[1.009s] -- Configured cppcheck exclude dirs and/or files: 
[1.009s] -- Added test 'cpplint' to check C / C++ code against the Google style
[1.009s] -- Configured cpplint exclude dirs and/or files: 
[1.010s] -- Added test 'lint_cmake' to check CMake code style
[1.011s] -- Added test 'uncrustify' to check C / C++ code style
[1.011s] -- Configured uncrustify additional arguments: 
[1.011s] -- Added test 'xmllint' to check XML markup files
[1.014s] -- Configuring done
[1.058s] -- Generating done
[1.060s] -- Build files have been written to: /home/student/lidar-ws/build/lidar_cpp
[1.097s] [35m[1mScanning dependencies of target lidar_server[0m
[1.124s] [ 50%] Built target lidar
[1.125s] [ 75%] [32mBuilding CXX object CMakeFiles/lidar_server.dir/src/lidar_server.cpp.o[0m
[6.634s] [01m[K/home/student/lidar-ws/src/lidar_cpp/src/lidar_server.cpp:[m[K In function ‘[01m[Kvoid take_picture(std::shared_ptr<custom::srv::LidarService_Request_<std::allocator<void> > >, std::shared_ptr<custom::srv::LidarService_Response_<std::allocator<void> > >)[m[K’:
[6.634s] [01m[K/home/student/lidar-ws/src/lidar_cpp/src/lidar_server.cpp:37:77:[m[K [01;35m[Kwarning: [m[Kunused parameter ‘[01m[Krequest[m[K’ [[01;35m[K-Wunused-parameter[m[K]
[6.634s]    37 | void take_picture([01;35m[Kconst std::shared_ptr<custom::srv::LidarService::Request> request[m[K, const std::shared_ptr<custom::srv::LidarService::Response> response)
[6.634s]       |                   [01;35m[K~~~~~~~~~~~~~~~~~~~~~~~~~~~~~~~~~~~~~~~~~~~~~~~~~~~~~~~~~~^~~~~~~[m[K
[8.686s] [100%] [32m[1mLinking CXX executable lidar_server[0m
[9.884s] [100%] Built target lidar_server
[9.897s] Invoked command in '/home/student/lidar-ws/build/lidar_cpp' returned '0': CMAKE_PREFIX_PATH=/home/student/lidar-ws/install/custom:/home/student/lidar-ws/install/lidar_cpp:/home/student/ws/install/case_bringup:/home/student/ia_ws/install/viz_dynamic:/home/student/ia_ws/install/viz_tools_msgs:/home/student/ia_ws/install/viz_bringup:/home/student/ia_ws/install/ur_script_generator:/home/student/ia_ws/install/ur_script_controller:/home/student/ia_ws/install/ur_tools_msgs:/home/student/ia_ws/install/ur_script_driver:/home/student/ia_ws/install/ur_script_msgs:/home/student/ia_ws/install/ur_description:/home/student/ia_ws/install/ur_bringup:/home/student/ia_ws/install/tf_sms:/home/student/ia_ws/install/tf_bringup:/home/student/ia_ws/install/tf_tools_msgs:/home/student/ia_ws/install/opcua_ros2_bridge:/home/student/ia_ws/install/mp_msgs:/home/student/ws/install/py_ctrl:/home/student/ws/install/case_scenes:/home/student/ia_ws/install/viz_static:/home/student/ia_ws/install/viz_interactive:/home/student/ia_ws/install/ur_setup:/home/student/ia_ws/install/tf_lookup:/home/student/ia_ws/install/tf_broadcast:/home/student/ia_ws/install/tf_scene:/home/student/ia_ws/install/gui_tools:/home/student/ia_ws/install/aruco_handler:/opt/ros/galactic /usr/bin/cmake --build /home/student/lidar-ws/build/lidar_cpp -- -j8 -l8
[9.931s] Invoking command in '/home/student/lidar-ws/build/lidar_cpp': CMAKE_PREFIX_PATH=/home/student/lidar-ws/install/custom:/home/student/lidar-ws/install/lidar_cpp:/home/student/ws/install/case_bringup:/home/student/ia_ws/install/viz_dynamic:/home/student/ia_ws/install/viz_tools_msgs:/home/student/ia_ws/install/viz_bringup:/home/student/ia_ws/install/ur_script_generator:/home/student/ia_ws/install/ur_script_controller:/home/student/ia_ws/install/ur_tools_msgs:/home/student/ia_ws/install/ur_script_driver:/home/student/ia_ws/install/ur_script_msgs:/home/student/ia_ws/install/ur_description:/home/student/ia_ws/install/ur_bringup:/home/student/ia_ws/install/tf_sms:/home/student/ia_ws/install/tf_bringup:/home/student/ia_ws/install/tf_tools_msgs:/home/student/ia_ws/install/opcua_ros2_bridge:/home/student/ia_ws/install/mp_msgs:/home/student/ws/install/py_ctrl:/home/student/ws/install/case_scenes:/home/student/ia_ws/install/viz_static:/home/student/ia_ws/install/viz_interactive:/home/student/ia_ws/install/ur_setup:/home/student/ia_ws/install/tf_lookup:/home/student/ia_ws/install/tf_broadcast:/home/student/ia_ws/install/tf_scene:/home/student/ia_ws/install/gui_tools:/home/student/ia_ws/install/aruco_handler:/opt/ros/galactic /usr/bin/cmake --install /home/student/lidar-ws/build/lidar_cpp
[9.944s] -- Install configuration: ""
[9.945s] -- Up-to-date: /home/student/lidar-ws/install/lidar_cpp/lib/lidar_cpp/lidar
[9.945s] -- Installing: /home/student/lidar-ws/install/lidar_cpp/lib/lidar_cpp/lidar_server
[9.947s] -- Set runtime path of "/home/student/lidar-ws/install/lidar_cpp/lib/lidar_cpp/lidar_server" to ""
[9.947s] -- Up-to-date: /home/student/lidar-ws/install/lidar_cpp/share/ament_index/resource_index/package_run_dependencies/lidar_cpp
[9.947s] -- Up-to-date: /home/student/lidar-ws/install/lidar_cpp/share/ament_index/resource_index/parent_prefix_path/lidar_cpp
[9.947s] -- Up-to-date: /home/student/lidar-ws/install/lidar_cpp/share/lidar_cpp/environment/ament_prefix_path.sh
[9.947s] -- Installing: /home/student/lidar-ws/install/lidar_cpp/share/lidar_cpp/environment/ament_prefix_path.dsv
[9.947s] -- Up-to-date: /home/student/lidar-ws/install/lidar_cpp/share/lidar_cpp/environment/path.sh
[9.948s] -- Installing: /home/student/lidar-ws/install/lidar_cpp/share/lidar_cpp/environment/path.dsv
[9.948s] -- Up-to-date: /home/student/lidar-ws/install/lidar_cpp/share/lidar_cpp/local_setup.bash
[9.948s] -- Up-to-date: /home/student/lidar-ws/install/lidar_cpp/share/lidar_cpp/local_setup.sh
[9.948s] -- Up-to-date: /home/student/lidar-ws/install/lidar_cpp/share/lidar_cpp/local_setup.zsh
[9.948s] -- Installing: /home/student/lidar-ws/install/lidar_cpp/share/lidar_cpp/local_setup.dsv
[9.948s] -- Installing: /home/student/lidar-ws/install/lidar_cpp/share/lidar_cpp/package.dsv
[9.949s] -- Up-to-date: /home/student/lidar-ws/install/lidar_cpp/share/ament_index/resource_index/packages/lidar_cpp
[9.949s] -- Up-to-date: /home/student/lidar-ws/install/lidar_cpp/share/lidar_cpp/cmake/lidar_cppConfig.cmake
[9.949s] -- Up-to-date: /home/student/lidar-ws/install/lidar_cpp/share/lidar_cpp/cmake/lidar_cppConfig-version.cmake
[9.949s] -- Up-to-date: /home/student/lidar-ws/install/lidar_cpp/share/lidar_cpp/package.xml
[9.952s] Invoked command in '/home/student/lidar-ws/build/lidar_cpp' returned '0': CMAKE_PREFIX_PATH=/home/student/lidar-ws/install/custom:/home/student/lidar-ws/install/lidar_cpp:/home/student/ws/install/case_bringup:/home/student/ia_ws/install/viz_dynamic:/home/student/ia_ws/install/viz_tools_msgs:/home/student/ia_ws/install/viz_bringup:/home/student/ia_ws/install/ur_script_generator:/home/student/ia_ws/install/ur_script_controller:/home/student/ia_ws/install/ur_tools_msgs:/home/student/ia_ws/install/ur_script_driver:/home/student/ia_ws/install/ur_script_msgs:/home/student/ia_ws/install/ur_description:/home/student/ia_ws/install/ur_bringup:/home/student/ia_ws/install/tf_sms:/home/student/ia_ws/install/tf_bringup:/home/student/ia_ws/install/tf_tools_msgs:/home/student/ia_ws/install/opcua_ros2_bridge:/home/student/ia_ws/install/mp_msgs:/home/student/ws/install/py_ctrl:/home/student/ws/install/case_scenes:/home/student/ia_ws/install/viz_static:/home/student/ia_ws/install/viz_interactive:/home/student/ia_ws/install/ur_setup:/home/student/ia_ws/install/tf_lookup:/home/student/ia_ws/install/tf_broadcast:/home/student/ia_ws/install/tf_scene:/home/student/ia_ws/install/gui_tools:/home/student/ia_ws/install/aruco_handler:/opt/ros/galactic /usr/bin/cmake --install /home/student/lidar-ws/build/lidar_cpp
