[35m[1mScanning dependencies of target lidar_server[0m
[  8%] Built target lidar_cpp__cpp
[ 11%] Built target lidar_cpp__rosidl_generator_c
[ 17%] Built target lidar
[ 25%] Built target lidar_cpp__rosidl_typesupport_c
[ 45%] Built target lidar_cpp__rosidl_typesupport_cpp
[ 48%] Built target lidar_cpp__rosidl_typesupport_introspection_c
[ 60%] Built target lidar_cpp__rosidl_typesupport_introspection_cpp
[ 60%] Built target lidar_cpp__rosidl_typesupport_fastrtps_cpp
[ 62%] [32mBuilding CXX object CMakeFiles/lidar_server.dir/src/lidar_server.cpp.o[0m
[ 71%] Built target lidar_cpp__rosidl_typesupport_fastrtps_c
[ 71%] Built target lidar_cpp
[ 74%] Built target lidar_cpp__py
[ 80%] Built target lidar_cpp__python
[ 97%] Built target lidar_cpp__rosidl_typesupport_fastrtps_c__pyext
[ 97%] Built target lidar_cpp__rosidl_typesupport_introspection_c__pyext
[ 97%] Built target lidar_cpp__rosidl_typesupport_c__pyext
[01m[K/home/student/lidar-ws/src/lidar_cpp/src/lidar_server.cpp:[m[K In function ‘[01m[Kvoid take_picture(std::shared_ptr<lidar_cpp::srv::LidarService_Request_<std::allocator<void> > >, std::shared_ptr<lidar_cpp::srv::LidarService_Response_<std::allocator<void> > >)[m[K’:
[01m[K/home/student/lidar-ws/src/lidar_cpp/src/lidar_server.cpp:37:80:[m[K [01;35m[Kwarning: [m[Kunused parameter ‘[01m[Krequest[m[K’ [[01;35m[K-Wunused-parameter[m[K]
   37 | void take_picture([01;35m[Kconst std::shared_ptr<lidar_cpp::srv::LidarService::Request> request[m[K, const std::shared_ptr<lidar_cpp::srv::LidarService::Response> response)
      |                   [01;35m[K~~~~~~~~~~~~~~~~~~~~~~~~~~~~~~~~~~~~~~~~~~~~~~~~~~~~~~~~~~~~~^~~~~~~[m[K
[100%] [32m[1mLinking CXX executable lidar_server[0m
/usr/bin/ld: CMakeFiles/lidar_server.dir/src/lidar_server.cpp.o: in function `rclcpp::Service<lidar_cpp::srv::LidarService>::Service(std::shared_ptr<rcl_node_t>, std::__cxx11::basic_string<char, std::char_traits<char>, std::allocator<char> > const&, rclcpp::AnyServiceCallback<lidar_cpp::srv::LidarService>, rcl_service_options_t&)':
lidar_server.cpp:(.text._ZN6rclcpp7ServiceIN9lidar_cpp3srv12LidarServiceEEC2ESt10shared_ptrI10rcl_node_tERKNSt7__cxx1112basic_stringIcSt11char_traitsIcESaIcEEENS_18AnyServiceCallbackIS3_EER21rcl_service_options_t[_ZN6rclcpp7ServiceIN9lidar_cpp3srv12LidarServiceEEC5ESt10shared_ptrI10rcl_node_tERKNSt7__cxx1112basic_stringIcSt11char_traitsIcESaIcEEENS_18AnyServiceCallbackIS3_EER21rcl_service_options_t]+0xb4): undefined reference to `rosidl_service_type_support_t const* rosidl_typesupport_cpp::get_service_type_support_handle<lidar_cpp::srv::LidarService>()'
collect2: error: ld returned 1 exit status
make[2]: *** [CMakeFiles/lidar_server.dir/build.make:231: lidar_server] Error 1
make[1]: *** [CMakeFiles/Makefile2:125: CMakeFiles/lidar_server.dir/all] Error 2
make: *** [Makefile:141: all] Error 2
