[0.019s] Invoking command in '/home/student/lidar-ws/build/lidar_cpp': CMAKE_PREFIX_PATH=${CMAKE_PREFIX_PATH}:/home/student/ws/install/py_ctrl:/home/student/ws/install/case_scenes:/home/student/ia_ws/install/viz_static:/home/student/ia_ws/install/viz_interactive:/home/student/ia_ws/install/ur_setup:/home/student/ia_ws/install/tf_lookup:/home/student/ia_ws/install/tf_broadcast:/home/student/ia_ws/install/tf_scene:/home/student/ia_ws/install/gui_tools:/home/student/ia_ws/install/aruco_handler:/opt/ros/galactic /usr/bin/cmake --build /home/student/lidar-ws/build/lidar_cpp -- -j8 -l8
[0.084s] [35m[1mScanning dependencies of target lidar_server[0m
[0.098s] [  8%] Built target lidar_cpp__cpp
[0.099s] [ 11%] Built target lidar_cpp__rosidl_generator_c
[0.114s] [ 17%] Built target lidar
[0.141s] [ 25%] Built target lidar_cpp__rosidl_typesupport_c
[0.142s] [ 45%] Built target lidar_cpp__rosidl_typesupport_cpp
[0.142s] [ 48%] Built target lidar_cpp__rosidl_typesupport_introspection_c
[0.142s] [ 60%] Built target lidar_cpp__rosidl_typesupport_introspection_cpp
[0.142s] [ 60%] Built target lidar_cpp__rosidl_typesupport_fastrtps_cpp
[0.150s] [ 62%] [32mBuilding CXX object CMakeFiles/lidar_server.dir/src/lidar_server.cpp.o[0m
[0.173s] [ 71%] Built target lidar_cpp__rosidl_typesupport_fastrtps_c
[0.199s] [ 71%] Built target lidar_cpp
[0.225s] [ 74%] Built target lidar_cpp__py
[0.259s] [ 80%] Built target lidar_cpp__python
[0.287s] [ 97%] Built target lidar_cpp__rosidl_typesupport_fastrtps_c__pyext
[0.288s] [ 97%] Built target lidar_cpp__rosidl_typesupport_introspection_c__pyext
[0.288s] [ 97%] Built target lidar_cpp__rosidl_typesupport_c__pyext
[5.970s] [01m[K/home/student/lidar-ws/src/lidar_cpp/src/lidar_server.cpp:[m[K In function ‘[01m[Kvoid take_picture(std::shared_ptr<lidar_cpp::srv::LidarService_Request_<std::allocator<void> > >, std::shared_ptr<lidar_cpp::srv::LidarService_Response_<std::allocator<void> > >)[m[K’:
[5.970s] [01m[K/home/student/lidar-ws/src/lidar_cpp/src/lidar_server.cpp:37:80:[m[K [01;35m[Kwarning: [m[Kunused parameter ‘[01m[Krequest[m[K’ [[01;35m[K-Wunused-parameter[m[K]
[5.970s]    37 | void take_picture([01;35m[Kconst std::shared_ptr<lidar_cpp::srv::LidarService::Request> request[m[K, const std::shared_ptr<lidar_cpp::srv::LidarService::Response> response)
[5.971s]       |                   [01;35m[K~~~~~~~~~~~~~~~~~~~~~~~~~~~~~~~~~~~~~~~~~~~~~~~~~~~~~~~~~~~~~^~~~~~~[m[K
[8.106s] [100%] [32m[1mLinking CXX executable lidar_server[0m
[8.810s] /usr/bin/ld: CMakeFiles/lidar_server.dir/src/lidar_server.cpp.o: in function `rclcpp::Service<lidar_cpp::srv::LidarService>::Service(std::shared_ptr<rcl_node_t>, std::__cxx11::basic_string<char, std::char_traits<char>, std::allocator<char> > const&, rclcpp::AnyServiceCallback<lidar_cpp::srv::LidarService>, rcl_service_options_t&)':
[8.810s] lidar_server.cpp:(.text._ZN6rclcpp7ServiceIN9lidar_cpp3srv12LidarServiceEEC2ESt10shared_ptrI10rcl_node_tERKNSt7__cxx1112basic_stringIcSt11char_traitsIcESaIcEEENS_18AnyServiceCallbackIS3_EER21rcl_service_options_t[_ZN6rclcpp7ServiceIN9lidar_cpp3srv12LidarServiceEEC5ESt10shared_ptrI10rcl_node_tERKNSt7__cxx1112basic_stringIcSt11char_traitsIcESaIcEEENS_18AnyServiceCallbackIS3_EER21rcl_service_options_t]+0xb4): undefined reference to `rosidl_service_type_support_t const* rosidl_typesupport_cpp::get_service_type_support_handle<lidar_cpp::srv::LidarService>()'
[8.810s] collect2: error: ld returned 1 exit status
[8.811s] make[2]: *** [CMakeFiles/lidar_server.dir/build.make:231: lidar_server] Error 1
[8.811s] make[1]: *** [CMakeFiles/Makefile2:125: CMakeFiles/lidar_server.dir/all] Error 2
[8.812s] make: *** [Makefile:141: all] Error 2
[8.815s] Invoked command in '/home/student/lidar-ws/build/lidar_cpp' returned '2': CMAKE_PREFIX_PATH=${CMAKE_PREFIX_PATH}:/home/student/ws/install/py_ctrl:/home/student/ws/install/case_scenes:/home/student/ia_ws/install/viz_static:/home/student/ia_ws/install/viz_interactive:/home/student/ia_ws/install/ur_setup:/home/student/ia_ws/install/tf_lookup:/home/student/ia_ws/install/tf_broadcast:/home/student/ia_ws/install/tf_scene:/home/student/ia_ws/install/gui_tools:/home/student/ia_ws/install/aruco_handler:/opt/ros/galactic /usr/bin/cmake --build /home/student/lidar-ws/build/lidar_cpp -- -j8 -l8
