** WARNING ** io features related to openni will be disabled
** WARNING ** io features related to openni2 will be disabled
** WARNING ** io features related to pcap will be disabled
** WARNING ** io features related to png will be disabled
** WARNING ** io features related to libusb-1.0 will be disabled
** WARNING ** visualization features related to openni will be disabled
** WARNING ** visualization features related to openni2 will be disabled
** WARNING ** apps features related to openni will be disabled
CMake Error at CMakeLists.txt:16 (find_package):
  By not providing "Findrosidl.cmake" in CMAKE_MODULE_PATH this project has
  asked CMake to find a package configuration file provided by "rosidl", but
  CMake did not find one.

  Could not find a package configuration file provided by "rosidl" with any
  of the following names:

    rosidlConfig.cmake
    rosidl-config.cmake

  Add the installation prefix of "rosidl" to CMAKE_PREFIX_PATH or set
  "rosidl_DIR" to a directory containing one of the above files.  If "rosidl"
  provides a separate development package or SDK, be sure it has been
  installed.


make: *** [Makefile:836: cmake_check_build_system] Error 1
