[0.018s] Invoking command in '/home/student/lidar-ws/build/lidar_cpp': CMAKE_PREFIX_PATH=${CMAKE_PREFIX_PATH}:/home/student/ws/install/py_ctrl:/home/student/ws/install/case_scenes:/home/student/ia_ws/install/viz_static:/home/student/ia_ws/install/viz_interactive:/home/student/ia_ws/install/ur_setup:/home/student/ia_ws/install/tf_lookup:/home/student/ia_ws/install/tf_broadcast:/home/student/ia_ws/install/tf_scene:/home/student/ia_ws/install/gui_tools:/home/student/ia_ws/install/aruco_handler:/opt/ros/galactic /usr/bin/cmake --build /home/student/lidar-ws/build/lidar_cpp -- -j8 -l8
[0.061s] -- Found ament_cmake: 1.1.4 (/opt/ros/galactic/share/ament_cmake/cmake)
[0.091s] -- Found PythonInterp: /usr/bin/python3 (found suitable version "3.8.10", minimum required is "3") 
[0.091s] -- Using PYTHON_EXECUTABLE: /usr/bin/python3
[0.174s] -- Found rclcpp: 9.2.0 (/opt/ros/galactic/share/rclcpp/cmake)
[0.218s] -- Using all available rosidl_typesupport_c: rosidl_typesupport_fastrtps_c;rosidl_typesupport_introspection_c
[0.223s] -- Found rosidl_adapter: 2.2.1 (/opt/ros/galactic/share/rosidl_adapter/cmake)
[0.358s] -- Using all available rosidl_typesupport_cpp: rosidl_typesupport_fastrtps_cpp;rosidl_typesupport_introspection_cpp
[0.408s] -- Found rmw_implementation_cmake: 3.3.1 (/opt/ros/galactic/share/rmw_implementation_cmake/cmake)
[0.412s] -- Found rmw_cyclonedds_cpp: 0.22.3 (/opt/ros/galactic/share/rmw_cyclonedds_cpp/cmake)
[0.434s] -- Using RMW implementation 'rmw_cyclonedds_cpp' as default
[0.569s] -- Found sensor_msgs: 2.2.3 (/opt/ros/galactic/share/sensor_msgs/cmake)
[0.711s] -- Eigen found (include: /usr/include/eigen3, version: 3.3.7)
[0.802s] -- The imported target "vtkParseOGLExt" references the file
[0.802s]    "/usr/bin/vtkParseOGLExt-7.1"
[0.802s] but this file does not exist.  Possible reasons include:
[0.802s] * The file was deleted, renamed, or moved to another location.
[0.803s] * An install or uninstall procedure did not complete successfully.
[0.803s] * The installation package was faulty and contained
[0.803s]    "/usr/lib/cmake/vtk-7.1/VTKTargets.cmake"
[0.803s] but not all the files it references.
[0.803s] 
[0.803s] -- The imported target "vtkRenderingPythonTkWidgets" references the file
[0.803s]    "/usr/lib/x86_64-linux-gnu/libvtkRenderingPythonTkWidgets.so"
[0.803s] but this file does not exist.  Possible reasons include:
[0.803s] * The file was deleted, renamed, or moved to another location.
[0.803s] * An install or uninstall procedure did not complete successfully.
[0.804s] * The installation package was faulty and contained
[0.804s]    "/usr/lib/cmake/vtk-7.1/VTKTargets.cmake"
[0.804s] but not all the files it references.
[0.804s] 
[0.804s] -- The imported target "vtk" references the file
[0.804s]    "/usr/bin/vtk"
[0.804s] but this file does not exist.  Possible reasons include:
[0.804s] * The file was deleted, renamed, or moved to another location.
[0.804s] * An install or uninstall procedure did not complete successfully.
[0.804s] * The installation package was faulty and contained
[0.804s]    "/usr/lib/cmake/vtk-7.1/VTKTargets.cmake"
[0.804s] but not all the files it references.
[0.805s] 
[0.805s] -- The imported target "pvtk" references the file
[0.805s]    "/usr/bin/pvtk"
[0.805s] but this file does not exist.  Possible reasons include:
[0.805s] * The file was deleted, renamed, or moved to another location.
[0.805s] * An install or uninstall procedure did not complete successfully.
[0.805s] * The installation package was faulty and contained
[0.805s]    "/usr/lib/cmake/vtk-7.1/VTKTargets.cmake"
[0.805s] but not all the files it references.
[0.805s] 
[0.830s] -- Checking for module 'libusb-1.0'
[0.834s] --   No package 'libusb-1.0' found
[0.879s] -- Could NOT find USB_10 (missing: USB_10_LIBRARY USB_10_INCLUDE_DIR) 
[0.880s] -- OpenNI disabled because libusb-1.0 not found.
[0.880s] ** WARNING ** io features related to openni will be disabled
[0.884s] -- Checking for module 'libusb-1.0'
[0.888s] --   No package 'libusb-1.0' found
[0.892s] -- Could NOT find USB_10 (missing: USB_10_LIBRARY USB_10_INCLUDE_DIR) 
[0.893s] -- OpenNI 2 disabled because libusb-1.0 not found.
[0.893s] ** WARNING ** io features related to openni2 will be disabled
[0.893s] ** WARNING ** io features related to pcap will be disabled
[0.893s] ** WARNING ** io features related to png will be disabled
[0.914s] -- LIBUSB_1_LIBRARY (missing: LIBUSB_1_INCLUDE_DIR) 
[0.914s] ** WARNING ** io features related to libusb-1.0 will be disabled
[0.920s] -- Checking for module 'libusb-1.0'
[0.924s] --   No package 'libusb-1.0' found
[0.930s] -- Could NOT find USB_10 (missing: USB_10_LIBRARY USB_10_INCLUDE_DIR) 
[0.930s] -- OpenNI disabled because libusb-1.0 not found.
[0.930s] ** WARNING ** visualization features related to openni will be disabled
[0.935s] -- Checking for module 'libusb-1.0'
[0.939s] --   No package 'libusb-1.0' found
[0.943s] -- Could NOT find USB_10 (missing: USB_10_LIBRARY USB_10_INCLUDE_DIR) 
[0.944s] -- OpenNI 2 disabled because libusb-1.0 not found.
[0.944s] ** WARNING ** visualization features related to openni2 will be disabled
[0.957s] -- QHULL found (include: /usr/include, lib: optimized;/usr/lib/x86_64-linux-gnu/libqhull.so;debug;/usr/lib/x86_64-linux-gnu/libqhull.so)
[0.964s] -- Checking for module 'libusb-1.0'
[0.968s] --   No package 'libusb-1.0' found
[0.972s] -- Could NOT find USB_10 (missing: USB_10_LIBRARY USB_10_INCLUDE_DIR) 
[0.972s] -- OpenNI disabled because libusb-1.0 not found.
[0.972s] ** WARNING ** apps features related to openni will be disabled
[0.984s] -- looking for PCL_COMMON
[0.984s] -- looking for PCL_KDTREE
[0.985s] -- looking for PCL_OCTREE
[0.985s] -- looking for PCL_SEARCH
[0.986s] -- looking for PCL_SAMPLE_CONSENSUS
[0.986s] -- looking for PCL_FILTERS
[0.987s] -- looking for PCL_2D
[0.987s] -- looking for PCL_GEOMETRY
[0.988s] -- looking for PCL_IO
[0.988s] -- looking for PCL_FEATURES
[0.989s] -- looking for PCL_ML
[0.990s] -- looking for PCL_SEGMENTATION
[0.990s] -- looking for PCL_VISUALIZATION
[0.991s] -- looking for PCL_SURFACE
[0.992s] -- looking for PCL_REGISTRATION
[0.992s] -- looking for PCL_KEYPOINTS
[0.993s] -- looking for PCL_TRACKING
[0.994s] -- looking for PCL_RECOGNITION
[0.994s] -- looking for PCL_STEREO
[0.995s] -- looking for PCL_APPS
[0.996s] -- looking for PCL_IN_HAND_SCANNER
[0.997s] -- looking for PCL_POINT_CLOUD_EDITOR
[0.997s] -- looking for PCL_OUTOFCORE
[0.998s] -- looking for PCL_PEOPLE
[0.999s] -- Found rosidl_default_generators: 1.1.1 (/opt/ros/galactic/share/rosidl_default_generators/cmake)
[1.044s] -- Found PythonInterp: /usr/bin/python3 (found version "3.8.10") 
[1.177s] -- Found ament_cmake_ros: 0.9.2 (/opt/ros/galactic/share/ament_cmake_ros/cmake)
[1.286s] -- Using all available rosidl_typesupport_c: rosidl_typesupport_fastrtps_c;rosidl_typesupport_introspection_c
[1.294s] -- Using all available rosidl_typesupport_cpp: rosidl_typesupport_fastrtps_cpp;rosidl_typesupport_introspection_cpp
[1.327s] -- Found PythonInterp: /usr/bin/python3 (found suitable version "3.8.10", minimum required is "3.5") 
[1.327s] -- Found python_cmake_module: 0.8.1 (/opt/ros/galactic/share/python_cmake_module/cmake)
[1.355s] -- Using PYTHON_EXECUTABLE: /usr/bin/python3
[1.355s] -- Using PYTHON_INCLUDE_DIRS: /usr/include/python3.8
[1.355s] -- Using PYTHON_LIBRARIES: /usr/lib/x86_64-linux-gnu/libpython3.8.so
[1.403s] -- Found ament_lint_auto: 0.10.6 (/opt/ros/galactic/share/ament_lint_auto/cmake)
[1.417s] -- Added test 'copyright' to check source files copyright and LICENSE
[1.418s] -- Added test 'cppcheck' to perform static code analysis on C / C++ code
[1.421s] -- Configured cppcheck include dirs: /home/student/lidar-ws/src/lidar_cpp/lidar_cpp/include
[1.421s] -- Configured cppcheck exclude dirs and/or files: 
[1.422s] -- Added test 'cpplint' to check C / C++ code against the Google style
[1.422s] -- Configured cpplint exclude dirs and/or files: 
[1.423s] -- Added test 'lint_cmake' to check CMake code style
[1.424s] -- Added test 'uncrustify' to check C / C++ code style
[1.424s] -- Configured uncrustify additional arguments: 
[1.424s] -- Added test 'xmllint' to check XML markup files
[1.430s] -- Configuring done
[1.525s] -- Generating done
[1.550s] -- Build files have been written to: /home/student/lidar-ws/build/lidar_cpp
[1.585s] [35m[1mScanning dependencies of target lidar_cpp__rosidl_generator_c[0m
[1.586s] [35m[1mScanning dependencies of target lidar_server[0m
[1.587s] [35m[1mScanning dependencies of target lidar[0m
[1.596s] [  2%] [32mBuilding C object CMakeFiles/lidar_cpp__rosidl_generator_c.dir/rosidl_generator_c/lidar_cpp/srv/detail/lidar_service__functions.c.o[0m
[1.597s] [  5%] Built target lidar_cpp__cpp
[1.611s] [35m[1mScanning dependencies of target lidar_cpp__rosidl_typesupport_introspection_cpp[0m
[1.611s] [35m[1mScanning dependencies of target lidar_cpp__rosidl_typesupport_fastrtps_cpp[0m
[1.612s] [35m[1mScanning dependencies of target lidar_cpp__rosidl_typesupport_cpp[0m
[1.618s] [  8%] [32mBuilding CXX object CMakeFiles/lidar.dir/src/lidar_publisher.cpp.o[0m
[1.625s] [ 11%] [32mBuilding CXX object CMakeFiles/lidar_server.dir/src/lidar_server.cpp.o[0m
[1.629s] [ 20%] [32mBuilding CXX object CMakeFiles/lidar_cpp__rosidl_typesupport_fastrtps_cpp.dir/rosidl_typesupport_fastrtps_cpp/lidar_cpp/srv/detail/dds_fastrtps/lidar_service__type_support.cpp.o[0m
[1.629s] [ 20%] [32mBuilding CXX object CMakeFiles/lidar_cpp__rosidl_typesupport_cpp.dir/rosidl_typesupport_cpp/lidar_cpp/srv/lidar_service__type_support.cpp.o[0m
[1.630s] [ 20%] [32mBuilding CXX object CMakeFiles/lidar_cpp__rosidl_typesupport_introspection_cpp.dir/rosidl_typesupport_introspection_cpp/lidar_cpp/srv/detail/lidar_service__type_support.cpp.o[0m
[1.674s] [ 22%] [32m[1mLinking C shared library liblidar_cpp__rosidl_generator_c.so[0m
[1.711s] [ 25%] Built target lidar_cpp__rosidl_generator_c
[1.730s] [35m[1mScanning dependencies of target lidar_cpp__rosidl_typesupport_c[0m
[1.737s] [35m[1mScanning dependencies of target lidar_cpp__rosidl_typesupport_introspection_c[0m
[1.753s] [ 28%] [32mBuilding CXX object CMakeFiles/lidar_cpp__rosidl_typesupport_c.dir/rosidl_typesupport_c/lidar_cpp/srv/lidar_service__type_support.cpp.o[0m
[1.754s] [ 31%] [32mBuilding C object CMakeFiles/lidar_cpp__rosidl_typesupport_introspection_c.dir/rosidl_typesupport_introspection_c/lidar_cpp/srv/detail/lidar_service__type_support.c.o[0m
[1.787s] [ 34%] [32m[1mLinking CXX shared library liblidar_cpp__rosidl_typesupport_c.so[0m
[1.809s] [ 37%] [32m[1mLinking C shared library liblidar_cpp__rosidl_typesupport_introspection_c.so[0m
[1.847s] [ 40%] Built target lidar_cpp__rosidl_typesupport_c
[1.858s] [ 42%] Built target lidar_cpp__rosidl_typesupport_introspection_c
[2.068s] [ 45%] [32m[1mLinking CXX shared library liblidar_cpp__rosidl_typesupport_cpp.so[0m
[2.111s] [ 48%] Built target lidar_cpp__rosidl_typesupport_cpp
[2.133s] [ 51%] [32m[1mLinking CXX shared library liblidar_cpp__rosidl_typesupport_introspection_cpp.so[0m
[2.203s] [ 54%] Built target lidar_cpp__rosidl_typesupport_introspection_cpp
[2.265s] [ 57%] [32m[1mLinking CXX shared library liblidar_cpp__rosidl_typesupport_fastrtps_cpp.so[0m
[2.364s] [ 60%] Built target lidar_cpp__rosidl_typesupport_fastrtps_cpp
[2.376s] [35m[1mScanning dependencies of target lidar_cpp__rosidl_typesupport_fastrtps_c[0m
[2.389s] [ 62%] [32mBuilding CXX object CMakeFiles/lidar_cpp__rosidl_typesupport_fastrtps_c.dir/rosidl_typesupport_fastrtps_c/lidar_cpp/srv/detail/lidar_service__type_support_c.cpp.o[0m
[2.762s] [ 65%] [32m[1mLinking CXX shared library liblidar_cpp__rosidl_typesupport_fastrtps_c.so[0m
[2.866s] [ 68%] Built target lidar_cpp__rosidl_typesupport_fastrtps_c
[2.876s] [35m[1mScanning dependencies of target lidar_cpp[0m
[2.886s] [ 68%] Built target lidar_cpp
[2.897s] [35m[1mScanning dependencies of target lidar_cpp__py[0m
[2.909s] [ 71%] [34m[1mGenerating Python code for ROS interfaces[0m
[3.378s] [ 71%] Built target lidar_cpp__py
[3.388s] [35m[1mScanning dependencies of target lidar_cpp__python[0m
[3.408s] [ 74%] [32mBuilding C object CMakeFiles/lidar_cpp__python.dir/rosidl_generator_py/lidar_cpp/srv/_lidar_service_s.c.o[0m
[3.412s] [01m[K/home/student/lidar-ws/src/lidar_cpp/src/lidar_server.cpp:12:10:[m[K [01;31m[Kfatal error: [m[Klidar_cpp/srv/lidar_service.hpp: No such file or directory
[3.412s]    12 | #include [01;31m[K"lidar_cpp/srv/lidar_service.hpp"[m[K
[3.412s]       |          [01;31m[K^~~~~~~~~~~~~~~~~~~~~~~~~~~~~~~~~[m[K
[3.412s] compilation terminated.
[3.430s] make[2]: *** [CMakeFiles/lidar_server.dir/build.make:63: CMakeFiles/lidar_server.dir/src/lidar_server.cpp.o] Error 1
[3.430s] make[1]: *** [CMakeFiles/Makefile2:125: CMakeFiles/lidar_server.dir/all] Error 2
[3.430s] make[1]: *** Waiting for unfinished jobs....
[3.510s] [ 77%] [32m[1mLinking C shared library rosidl_generator_py/lidar_cpp/liblidar_cpp__python.so[0m
[3.566s] [ 77%] Built target lidar_cpp__python
[10.717s] [ 80%] [32m[1mLinking CXX executable lidar[0m
[12.191s] [ 80%] Built target lidar
[12.192s] make: *** [Makefile:141: all] Error 2
[12.194s] Invoked command in '/home/student/lidar-ws/build/lidar_cpp' returned '2': CMAKE_PREFIX_PATH=${CMAKE_PREFIX_PATH}:/home/student/ws/install/py_ctrl:/home/student/ws/install/case_scenes:/home/student/ia_ws/install/viz_static:/home/student/ia_ws/install/viz_interactive:/home/student/ia_ws/install/ur_setup:/home/student/ia_ws/install/tf_lookup:/home/student/ia_ws/install/tf_broadcast:/home/student/ia_ws/install/tf_scene:/home/student/ia_ws/install/gui_tools:/home/student/ia_ws/install/aruco_handler:/opt/ros/galactic /usr/bin/cmake --build /home/student/lidar-ws/build/lidar_cpp -- -j8 -l8
