[0.015s] Invoking command in '/home/arvid/Documents/ros2/lidar-ws/build/lidar_cpp': CMAKE_PREFIX_PATH=/opt/ros/galactic /usr/bin/cmake /home/arvid/Documents/ros2/lidar-ws/src/lidar_cpp -DCMAKE_INSTALL_PREFIX=/home/arvid/Documents/ros2/lidar-ws/install/lidar_cpp
[0.114s] -- The C compiler identification is GNU 9.3.0
[0.205s] -- The CXX compiler identification is GNU 9.3.0
[0.212s] -- Check for working C compiler: /usr/bin/cc
[0.309s] -- Check for working C compiler: /usr/bin/cc -- works
[0.312s] -- Detecting C compiler ABI info
[0.401s] -- Detecting C compiler ABI info - done
[0.423s] -- Detecting C compile features
[0.423s] -- Detecting C compile features - done
[0.426s] -- Check for working CXX compiler: /usr/bin/c++
[0.537s] -- Check for working CXX compiler: /usr/bin/c++ -- works
[0.540s] -- Detecting CXX compiler ABI info
[0.637s] -- Detecting CXX compiler ABI info - done
[0.655s] -- Detecting CXX compile features
[0.655s] -- Detecting CXX compile features - done
[0.660s] -- Found ament_cmake: 1.1.5 (/opt/ros/galactic/share/ament_cmake/cmake)
[0.688s] -- Found PythonInterp: /usr/bin/python3 (found suitable version "3.8.10", minimum required is "3") 
[0.688s] -- Using PYTHON_EXECUTABLE: /usr/bin/python3
[0.779s] -- Found rclcpp: 9.2.0 (/opt/ros/galactic/share/rclcpp/cmake)
[0.828s] -- Using all available rosidl_typesupport_c: rosidl_typesupport_fastrtps_c;rosidl_typesupport_introspection_c
[0.835s] -- Found rosidl_adapter: 2.2.1 (/opt/ros/galactic/share/rosidl_adapter/cmake)
[0.962s] -- Found OpenSSL: /usr/lib/x86_64-linux-gnu/libcrypto.so (found version "1.1.1f")  
[1.001s] -- Found FastRTPS: /opt/ros/galactic/include  
[1.109s] -- Using all available rosidl_typesupport_cpp: rosidl_typesupport_fastrtps_cpp;rosidl_typesupport_introspection_cpp
[1.172s] -- Found rmw_implementation_cmake: 3.3.1 (/opt/ros/galactic/share/rmw_implementation_cmake/cmake)
[1.174s] -- Found rmw_cyclonedds_cpp: 0.22.4 (/opt/ros/galactic/share/rmw_cyclonedds_cpp/cmake)
[1.195s] -- Using RMW implementation 'rmw_cyclonedds_cpp' as default
[1.198s] -- Looking for pthread.h
[1.301s] -- Looking for pthread.h - found
[1.301s] -- Performing Test CMAKE_HAVE_LIBC_PTHREAD
[1.407s] -- Performing Test CMAKE_HAVE_LIBC_PTHREAD - Failed
[1.407s] -- Looking for pthread_create in pthreads
[1.496s] -- Looking for pthread_create in pthreads - not found
[1.497s] -- Looking for pthread_create in pthread
[1.597s] -- Looking for pthread_create in pthread - found
[1.600s] -- Found Threads: TRUE  
[1.772s] -- Found sensor_msgs: 2.2.4 (/opt/ros/galactic/share/sensor_msgs/cmake)
[1.926s] -- Checking for module 'eigen3'
[1.954s] --   Found eigen3, version 3.3.7
[2.024s] -- Found Eigen: /usr/include/eigen3 (Required is at least version "3.1") 
[2.024s] -- Eigen found (include: /usr/include/eigen3, version: 3.3.7)
[2.078s] -- Found Boost: /usr/include (found suitable version "1.71.0", minimum required is "1.55.0") found components: system filesystem date_time iostreams regex 
[2.097s] -- Checking for module 'flann'
[2.128s] --   Found flann, version 1.9.1
[2.199s] -- Found FLANN: /usr/lib/x86_64-linux-gnu/libflann_cpp.so  
[2.267s] -- The imported target "vtkParseOGLExt" references the file
[2.267s]    "/usr/bin/vtkParseOGLExt-7.1"
[2.268s] but this file does not exist.  Possible reasons include:
[2.268s] * The file was deleted, renamed, or moved to another location.
[2.268s] * An install or uninstall procedure did not complete successfully.
[2.268s] * The installation package was faulty and contained
[2.269s]    "/usr/lib/cmake/vtk-7.1/VTKTargets.cmake"
[2.269s] but not all the files it references.
[2.269s] 
[2.269s] -- The imported target "vtkRenderingPythonTkWidgets" references the file
[2.269s]    "/usr/lib/x86_64-linux-gnu/libvtkRenderingPythonTkWidgets.so"
[2.270s] but this file does not exist.  Possible reasons include:
[2.270s] * The file was deleted, renamed, or moved to another location.
[2.270s] * An install or uninstall procedure did not complete successfully.
[2.270s] * The installation package was faulty and contained
[2.270s]    "/usr/lib/cmake/vtk-7.1/VTKTargets.cmake"
[2.271s] but not all the files it references.
[2.271s] 
[2.271s] -- The imported target "vtk" references the file
[2.271s]    "/usr/bin/vtk"
[2.271s] but this file does not exist.  Possible reasons include:
[2.271s] * The file was deleted, renamed, or moved to another location.
[2.272s] * An install or uninstall procedure did not complete successfully.
[2.272s] * The installation package was faulty and contained
[2.272s]    "/usr/lib/cmake/vtk-7.1/VTKTargets.cmake"
[2.272s] but not all the files it references.
[2.272s] 
[2.272s] -- The imported target "pvtk" references the file
[2.273s]    "/usr/bin/pvtk"
[2.273s] but this file does not exist.  Possible reasons include:
[2.273s] * The file was deleted, renamed, or moved to another location.
[2.273s] * An install or uninstall procedure did not complete successfully.
[2.273s] * The installation package was faulty and contained
[2.274s]    "/usr/lib/cmake/vtk-7.1/VTKTargets.cmake"
[2.274s] but not all the files it references.
[2.274s] 
[2.292s] -- Checking for module 'libusb-1.0'
[2.298s] --   No package 'libusb-1.0' found
[2.301s] -- Could NOT find USB_10 (missing: USB_10_LIBRARY USB_10_INCLUDE_DIR) 
[2.301s] -- OpenNI disabled because libusb-1.0 not found.
[2.301s] ** WARNING ** io features related to openni will be disabled
[2.306s] -- Checking for module 'libusb-1.0'
[2.310s] --   No package 'libusb-1.0' found
[2.317s] -- Could NOT find USB_10 (missing: USB_10_LIBRARY USB_10_INCLUDE_DIR) 
[2.317s] -- OpenNI 2 disabled because libusb-1.0 not found.
[2.317s] ** WARNING ** io features related to openni2 will be disabled
[2.318s] ** WARNING ** io features related to pcap will be disabled
[2.318s] ** WARNING ** io features related to png will be disabled
[2.337s] -- LIBUSB_1_LIBRARY (missing: LIBUSB_1_INCLUDE_DIR) 
[2.337s] ** WARNING ** io features related to libusb-1.0 will be disabled
[2.346s] -- Checking for module 'libusb-1.0'
[2.351s] --   No package 'libusb-1.0' found
[2.357s] -- Could NOT find USB_10 (missing: USB_10_LIBRARY USB_10_INCLUDE_DIR) 
[2.357s] -- OpenNI disabled because libusb-1.0 not found.
[2.357s] ** WARNING ** visualization features related to openni will be disabled
[2.365s] -- Checking for module 'libusb-1.0'
[2.370s] --   No package 'libusb-1.0' found
[2.376s] -- Could NOT find USB_10 (missing: USB_10_LIBRARY USB_10_INCLUDE_DIR) 
[2.376s] -- OpenNI 2 disabled because libusb-1.0 not found.
[2.377s] ** WARNING ** visualization features related to openni2 will be disabled
[2.410s] -- Found Qhull: optimized;/usr/lib/x86_64-linux-gnu/libqhull.so;debug;/usr/lib/x86_64-linux-gnu/libqhull.so  
[2.410s] -- QHULL found (include: /usr/include, lib: optimized;/usr/lib/x86_64-linux-gnu/libqhull.so;debug;/usr/lib/x86_64-linux-gnu/libqhull.so)
[2.415s] -- Checking for module 'libusb-1.0'
[2.418s] --   No package 'libusb-1.0' found
[2.425s] -- Could NOT find USB_10 (missing: USB_10_LIBRARY USB_10_INCLUDE_DIR) 
[2.425s] -- OpenNI disabled because libusb-1.0 not found.
[2.426s] ** WARNING ** apps features related to openni will be disabled
[2.446s] -- looking for PCL_COMMON
[2.447s] -- Found PCL_COMMON: /usr/lib/x86_64-linux-gnu/libpcl_common.so  
[2.447s] -- looking for PCL_KDTREE
[2.448s] -- Found PCL_KDTREE: /usr/lib/x86_64-linux-gnu/libpcl_kdtree.so  
[2.448s] -- looking for PCL_OCTREE
[2.449s] -- Found PCL_OCTREE: /usr/lib/x86_64-linux-gnu/libpcl_octree.so  
[2.450s] -- looking for PCL_SEARCH
[2.450s] -- Found PCL_SEARCH: /usr/lib/x86_64-linux-gnu/libpcl_search.so  
[2.451s] -- looking for PCL_SAMPLE_CONSENSUS
[2.452s] -- Found PCL_SAMPLE_CONSENSUS: /usr/lib/x86_64-linux-gnu/libpcl_sample_consensus.so  
[2.452s] -- looking for PCL_FILTERS
[2.453s] -- Found PCL_FILTERS: /usr/lib/x86_64-linux-gnu/libpcl_filters.so  
[2.453s] -- looking for PCL_2D
[2.454s] -- Found PCL_2D: /usr/include/pcl-1.10  
[2.454s] -- looking for PCL_GEOMETRY
[2.454s] -- Found PCL_GEOMETRY: /usr/include/pcl-1.10  
[2.454s] -- looking for PCL_IO
[2.455s] -- Found PCL_IO: /usr/lib/x86_64-linux-gnu/libpcl_io.so  
[2.456s] -- looking for PCL_FEATURES
[2.457s] -- Found PCL_FEATURES: /usr/lib/x86_64-linux-gnu/libpcl_features.so  
[2.457s] -- looking for PCL_ML
[2.458s] -- Found PCL_ML: /usr/lib/x86_64-linux-gnu/libpcl_ml.so  
[2.458s] -- looking for PCL_SEGMENTATION
[2.459s] -- Found PCL_SEGMENTATION: /usr/lib/x86_64-linux-gnu/libpcl_segmentation.so  
[2.460s] -- looking for PCL_VISUALIZATION
[2.461s] -- Found PCL_VISUALIZATION: /usr/lib/x86_64-linux-gnu/libpcl_visualization.so  
[2.461s] -- looking for PCL_SURFACE
[2.463s] -- Found PCL_SURFACE: /usr/lib/x86_64-linux-gnu/libpcl_surface.so  
[2.463s] -- looking for PCL_REGISTRATION
[2.464s] -- Found PCL_REGISTRATION: /usr/lib/x86_64-linux-gnu/libpcl_registration.so  
[2.464s] -- looking for PCL_KEYPOINTS
[2.466s] -- Found PCL_KEYPOINTS: /usr/lib/x86_64-linux-gnu/libpcl_keypoints.so  
[2.466s] -- looking for PCL_TRACKING
[2.467s] -- Found PCL_TRACKING: /usr/lib/x86_64-linux-gnu/libpcl_tracking.so  
[2.467s] -- looking for PCL_RECOGNITION
[2.469s] -- Found PCL_RECOGNITION: /usr/lib/x86_64-linux-gnu/libpcl_recognition.so  
[2.469s] -- looking for PCL_STEREO
[2.470s] -- Found PCL_STEREO: /usr/lib/x86_64-linux-gnu/libpcl_stereo.so  
[2.471s] -- looking for PCL_APPS
[2.471s] -- Found PCL_APPS: /usr/lib/x86_64-linux-gnu/libpcl_apps.so  
[2.472s] -- looking for PCL_IN_HAND_SCANNER
[2.473s] -- Found PCL_IN_HAND_SCANNER: /usr/include/pcl-1.10  
[2.473s] -- looking for PCL_POINT_CLOUD_EDITOR
[2.473s] -- Found PCL_POINT_CLOUD_EDITOR: /usr/include/pcl-1.10  
[2.474s] -- looking for PCL_OUTOFCORE
[2.475s] -- Found PCL_OUTOFCORE: /usr/lib/x86_64-linux-gnu/libpcl_outofcore.so  
[2.475s] -- looking for PCL_PEOPLE
[2.476s] -- Found PCL_PEOPLE: /usr/lib/x86_64-linux-gnu/libpcl_people.so  
[2.478s] -- Found PCL: pcl_common;pcl_kdtree;pcl_octree;pcl_search;pcl_sample_consensus;pcl_filters;pcl_io;pcl_features;pcl_ml;pcl_segmentation;pcl_visualization;pcl_surface;pcl_registration;pcl_keypoints;pcl_tracking;pcl_recognition;pcl_stereo;pcl_apps;pcl_outofcore;pcl_people;/usr/lib/x86_64-linux-gnu/libboost_system.so;/usr/lib/x86_64-linux-gnu/libboost_filesystem.so;/usr/lib/x86_64-linux-gnu/libboost_date_time.so;/usr/lib/x86_64-linux-gnu/libboost_iostreams.so;/usr/lib/x86_64-linux-gnu/libboost_regex.so;optimized;/usr/lib/x86_64-linux-gnu/libqhull.so;debug;/usr/lib/x86_64-linux-gnu/libqhull.so;vtkChartsCore;vtkCommonColor;vtkCommonCore;vtksys;vtkCommonDataModel;vtkCommonMath;vtkCommonMisc;vtkCommonSystem;vtkCommonTransforms;vtkCommonExecutionModel;vtkFiltersGeneral;vtkCommonComputationalGeometry;vtkFiltersCore;vtkInfovisCore;vtkFiltersExtraction;vtkFiltersStatistics;vtkImagingFourier;vtkImagingCore;vtkalglib;vtkRenderingContext2D;vtkRenderingCore;vtkFiltersGeometry;vtkFiltersSources;vtkRenderingFreeType;/usr/lib/x86_64-linux-gnu/libfreetype.so;/usr/lib/x86_64-linux-gnu/libz.so;vtkFiltersModeling;vtkImagingSources;vtkInteractionStyle;vtkInteractionWidgets;vtkFiltersHybrid;vtkImagingColor;vtkImagingGeneral;vtkImagingHybrid;vtkIOImage;vtkDICOMParser;vtkmetaio;/usr/lib/x86_64-linux-gnu/libjpeg.so;/usr/lib/x86_64-linux-gnu/libpng.so;/usr/lib/x86_64-linux-gnu/libtiff.so;vtkRenderingAnnotation;vtkRenderingVolume;vtkIOXML;vtkIOCore;vtkIOXMLParser;/usr/lib/x86_64-linux-gnu/libexpat.so;vtkIOGeometry;vtkIOLegacy;vtkIOPLY;vtkRenderingLOD;vtkViewsContext2D;vtkViewsCore;vtkRenderingContextOpenGL2;vtkRenderingOpenGL2;FLANN::FLANN  
[2.481s] -- Found rosidl_default_generators: 1.1.1 (/opt/ros/galactic/share/rosidl_default_generators/cmake)
[2.526s] -- Found PythonInterp: /usr/bin/python3 (found version "3.8.10") 
[2.652s] CMake Error at /opt/ros/galactic/share/rosidl_cmake/cmake/rosidl_generate_interfaces.cmake:229 (message):
[2.652s]   Packages installing interfaces must include
[2.652s]   '<member_of_group>rosidl_interface_packages</member_of_group>' in their
[2.652s]   package.xml
[2.652s] Call Stack (most recent call first):
[2.653s]   CMakeLists.txt:17 (rosidl_generate_interfaces)
[2.653s] 
[2.653s] 
[2.656s] -- Configuring incomplete, errors occurred!
[2.656s] See also "/home/arvid/Documents/ros2/lidar-ws/build/lidar_cpp/CMakeFiles/CMakeOutput.log".
[2.657s] See also "/home/arvid/Documents/ros2/lidar-ws/build/lidar_cpp/CMakeFiles/CMakeError.log".
[2.668s] Invoked command in '/home/arvid/Documents/ros2/lidar-ws/build/lidar_cpp' returned '1': CMAKE_PREFIX_PATH=/opt/ros/galactic /usr/bin/cmake /home/arvid/Documents/ros2/lidar-ws/src/lidar_cpp -DCMAKE_INSTALL_PREFIX=/home/arvid/Documents/ros2/lidar-ws/install/lidar_cpp
