[0.019s] Invoking command in '/home/student/lidar-ws/build/custom': CMAKE_PREFIX_PATH=${CMAKE_PREFIX_PATH}:/home/student/ws/install/py_ctrl:/home/student/ws/install/case_scenes:/home/student/ia_ws/install/viz_static:/home/student/ia_ws/install/viz_interactive:/home/student/ia_ws/install/ur_setup:/home/student/ia_ws/install/tf_lookup:/home/student/ia_ws/install/tf_broadcast:/home/student/ia_ws/install/tf_scene:/home/student/ia_ws/install/gui_tools:/home/student/ia_ws/install/aruco_handler:/opt/ros/galactic /usr/bin/cmake /home/student/lidar-ws/src/custom -DCMAKE_INSTALL_PREFIX=/home/student/lidar-ws/install/custom
[0.089s] -- The C compiler identification is GNU 9.4.0
[0.154s] -- The CXX compiler identification is GNU 9.4.0
[0.161s] -- Check for working C compiler: /usr/bin/cc
[0.240s] -- Check for working C compiler: /usr/bin/cc -- works
[0.241s] -- Detecting C compiler ABI info
[0.321s] -- Detecting C compiler ABI info - done
[0.337s] -- Detecting C compile features
[0.338s] -- Detecting C compile features - done
[0.340s] -- Check for working CXX compiler: /usr/bin/c++
[0.434s] -- Check for working CXX compiler: /usr/bin/c++ -- works
[0.435s] -- Detecting CXX compiler ABI info
[0.524s] -- Detecting CXX compiler ABI info - done
[0.540s] -- Detecting CXX compile features
[0.540s] -- Detecting CXX compile features - done
[0.544s] -- Found ament_cmake: 1.1.4 (/opt/ros/galactic/share/ament_cmake/cmake)
[0.572s] -- Found PythonInterp: /usr/bin/python3 (found suitable version "3.8.10", minimum required is "3") 
[0.572s] -- Using PYTHON_EXECUTABLE: /usr/bin/python3
[0.682s] -- Found rosidl_default_generators: 1.1.1 (/opt/ros/galactic/share/rosidl_default_generators/cmake)
[0.691s] -- Using all available rosidl_typesupport_c: rosidl_typesupport_fastrtps_c;rosidl_typesupport_introspection_c
[0.703s] -- Found rosidl_adapter: 2.2.1 (/opt/ros/galactic/share/rosidl_adapter/cmake)
[0.839s] -- Found OpenSSL: /usr/lib/x86_64-linux-gnu/libcrypto.so (found version "1.1.1f")  
[0.868s] -- Found FastRTPS: /opt/ros/galactic/include  
[0.968s] -- Using all available rosidl_typesupport_cpp: rosidl_typesupport_fastrtps_cpp;rosidl_typesupport_introspection_cpp
[1.002s] -- Found sensor_msgs: 2.2.3 (/opt/ros/galactic/share/sensor_msgs/cmake)
[1.188s] -- Found PythonInterp: /usr/bin/python3 (found version "3.8.10") 
[1.408s] -- Found ament_cmake_ros: 0.9.2 (/opt/ros/galactic/share/ament_cmake_ros/cmake)
[1.778s] -- Using all available rosidl_typesupport_c: rosidl_typesupport_fastrtps_c;rosidl_typesupport_introspection_c
[1.952s] -- Using all available rosidl_typesupport_cpp: rosidl_typesupport_fastrtps_cpp;rosidl_typesupport_introspection_cpp
[1.984s] -- Found PythonInterp: /usr/bin/python3 (found suitable version "3.8.10", minimum required is "3.5") 
[1.988s] -- Found python_cmake_module: 0.8.1 (/opt/ros/galactic/share/python_cmake_module/cmake)
[2.027s] -- Found PythonLibs: /usr/lib/x86_64-linux-gnu/libpython3.8.so (found suitable version "3.8.10", minimum required is "3.5") 
[2.028s] -- Using PYTHON_EXECUTABLE: /usr/bin/python3
[2.028s] -- Using PYTHON_INCLUDE_DIRS: /usr/include/python3.8
[2.028s] -- Using PYTHON_LIBRARIES: /usr/lib/x86_64-linux-gnu/libpython3.8.so
[2.053s] -- Found PythonExtra: .so  
[2.172s] -- Found ament_lint_auto: 0.10.6 (/opt/ros/galactic/share/ament_lint_auto/cmake)
[2.204s] -- Added test 'copyright' to check source files copyright and LICENSE
[2.206s] -- Added test 'lint_cmake' to check CMake code style
[2.208s] -- Added test 'xmllint' to check XML markup files
[2.215s] -- Configuring done
[2.278s] -- Generating done
[2.280s] -- Build files have been written to: /home/student/lidar-ws/build/custom
[2.289s] Invoked command in '/home/student/lidar-ws/build/custom' returned '0': CMAKE_PREFIX_PATH=${CMAKE_PREFIX_PATH}:/home/student/ws/install/py_ctrl:/home/student/ws/install/case_scenes:/home/student/ia_ws/install/viz_static:/home/student/ia_ws/install/viz_interactive:/home/student/ia_ws/install/ur_setup:/home/student/ia_ws/install/tf_lookup:/home/student/ia_ws/install/tf_broadcast:/home/student/ia_ws/install/tf_scene:/home/student/ia_ws/install/gui_tools:/home/student/ia_ws/install/aruco_handler:/opt/ros/galactic /usr/bin/cmake /home/student/lidar-ws/src/custom -DCMAKE_INSTALL_PREFIX=/home/student/lidar-ws/install/custom
[2.292s] Invoking command in '/home/student/lidar-ws/build/custom': CMAKE_PREFIX_PATH=${CMAKE_PREFIX_PATH}:/home/student/ws/install/py_ctrl:/home/student/ws/install/case_scenes:/home/student/ia_ws/install/viz_static:/home/student/ia_ws/install/viz_interactive:/home/student/ia_ws/install/ur_setup:/home/student/ia_ws/install/tf_lookup:/home/student/ia_ws/install/tf_broadcast:/home/student/ia_ws/install/tf_scene:/home/student/ia_ws/install/gui_tools:/home/student/ia_ws/install/aruco_handler:/opt/ros/galactic /usr/bin/cmake --build /home/student/lidar-ws/build/custom -- -j8 -l8
[2.342s] [  3%] [34m[1mGenerating C code for ROS interfaces[0m
[2.343s] [35m[1mScanning dependencies of target custom__cpp[0m
[2.354s] [  6%] [34m[1mGenerating C++ code for ROS interfaces[0m
[2.600s] [35m[1mScanning dependencies of target custom__rosidl_generator_c[0m
[2.609s] [  6%] Built target custom__cpp
[2.616s] [  9%] [32mBuilding C object CMakeFiles/custom__rosidl_generator_c.dir/rosidl_generator_c/custom/srv/detail/lidar_service__functions.c.o[0m
[2.625s] [ 12%] [34m[1mGenerating C++ type support dispatch for ROS interfaces[0m
[2.625s] [ 16%] [34m[1mGenerating C++ type support for eProsima Fast-RTPS[0m
[2.626s] [ 19%] [34m[1mGenerating C++ introspection for ROS interfaces[0m
[2.665s] [ 22%] [32m[1mLinking C shared library libcustom__rosidl_generator_c.so[0m
[2.707s] [ 22%] Built target custom__rosidl_generator_c
[2.721s] [ 25%] [34m[1mGenerating C type support dispatch for ROS interfaces[0m
[2.723s] [ 29%] [34m[1mGenerating C introspection for ROS interfaces[0m
[2.885s] [35m[1mScanning dependencies of target custom__rosidl_typesupport_fastrtps_cpp[0m
[2.905s] [ 32%] [32mBuilding CXX object CMakeFiles/custom__rosidl_typesupport_fastrtps_cpp.dir/rosidl_typesupport_fastrtps_cpp/custom/srv/detail/dds_fastrtps/lidar_service__type_support.cpp.o[0m
[2.963s] [35m[1mScanning dependencies of target custom__rosidl_typesupport_cpp[0m
[2.979s] [ 35%] [32mBuilding CXX object CMakeFiles/custom__rosidl_typesupport_cpp.dir/rosidl_typesupport_cpp/custom/srv/lidar_service__type_support.cpp.o[0m
[2.995s] [35m[1mScanning dependencies of target custom__rosidl_typesupport_introspection_cpp[0m
[3.018s] [ 38%] [32mBuilding CXX object CMakeFiles/custom__rosidl_typesupport_introspection_cpp.dir/rosidl_typesupport_introspection_cpp/custom/srv/detail/lidar_service__type_support.cpp.o[0m
[3.037s] [35m[1mScanning dependencies of target custom__rosidl_typesupport_c[0m
[3.055s] [ 41%] [32mBuilding CXX object CMakeFiles/custom__rosidl_typesupport_c.dir/rosidl_typesupport_c/custom/srv/lidar_service__type_support.cpp.o[0m
[3.072s] [35m[1mScanning dependencies of target custom__rosidl_typesupport_introspection_c[0m
[3.087s] [ 48%] [32mBuilding C object CMakeFiles/custom__rosidl_typesupport_introspection_c.dir/rosidl_typesupport_introspection_c/custom/srv/detail/lidar_service__type_support.c.o[0m
[3.087s] [ 48%] [32m[1mLinking CXX shared library libcustom__rosidl_typesupport_c.so[0m
[3.129s] [ 51%] [32m[1mLinking C shared library libcustom__rosidl_typesupport_introspection_c.so[0m
[3.140s] [ 51%] Built target custom__rosidl_typesupport_c
[3.167s] [ 51%] Built target custom__rosidl_typesupport_introspection_c
[3.349s] [ 54%] [32m[1mLinking CXX shared library libcustom__rosidl_typesupport_cpp.so[0m
[3.361s] [ 58%] [32m[1mLinking CXX shared library libcustom__rosidl_typesupport_fastrtps_cpp.so[0m
[3.396s] [ 58%] Built target custom__rosidl_typesupport_cpp
[3.414s] [ 61%] [32m[1mLinking CXX shared library libcustom__rosidl_typesupport_introspection_cpp.so[0m
[3.468s] [ 61%] Built target custom__rosidl_typesupport_fastrtps_cpp
[3.479s] [ 64%] [34m[1mGenerating C type support for eProsima Fast-RTPS[0m
[3.489s] [ 64%] Built target custom__rosidl_typesupport_introspection_cpp
[3.716s] [35m[1mScanning dependencies of target custom__rosidl_typesupport_fastrtps_c[0m
[3.742s] [ 67%] [32mBuilding CXX object CMakeFiles/custom__rosidl_typesupport_fastrtps_c.dir/rosidl_typesupport_fastrtps_c/custom/srv/detail/lidar_service__type_support_c.cpp.o[0m
[4.077s] [ 70%] [32m[1mLinking CXX shared library libcustom__rosidl_typesupport_fastrtps_c.so[0m
[4.182s] [ 70%] Built target custom__rosidl_typesupport_fastrtps_c
[4.194s] [35m[1mScanning dependencies of target custom[0m
[4.208s] [ 70%] Built target custom
[4.224s] [35m[1mScanning dependencies of target custom__py[0m
[4.239s] [ 74%] [34m[1mGenerating Python code for ROS interfaces[0m
[4.680s] [ 74%] Built target custom__py
[4.690s] [35m[1mScanning dependencies of target custom__python[0m
[4.709s] [ 77%] [32mBuilding C object CMakeFiles/custom__python.dir/rosidl_generator_py/custom/srv/_lidar_service_s.c.o[0m
[4.805s] [ 80%] [32m[1mLinking C shared library rosidl_generator_py/custom/libcustom__python.so[0m
[4.864s] [ 80%] Built target custom__python
[4.878s] [35m[1mScanning dependencies of target custom__rosidl_typesupport_introspection_c__pyext[0m
[4.878s] [35m[1mScanning dependencies of target custom__rosidl_typesupport_c__pyext[0m
[4.878s] [35m[1mScanning dependencies of target custom__rosidl_typesupport_fastrtps_c__pyext[0m
[4.895s] [ 83%] [32mBuilding C object CMakeFiles/custom__rosidl_typesupport_c__pyext.dir/rosidl_generator_py/custom/_custom_s.ep.rosidl_typesupport_c.c.o[0m
[4.897s] [ 90%] [32mBuilding C object CMakeFiles/custom__rosidl_typesupport_fastrtps_c__pyext.dir/rosidl_generator_py/custom/_custom_s.ep.rosidl_typesupport_fastrtps_c.c.o[0m
[4.897s] [ 90%] [32mBuilding C object CMakeFiles/custom__rosidl_typesupport_introspection_c__pyext.dir/rosidl_generator_py/custom/_custom_s.ep.rosidl_typesupport_introspection_c.c.o[0m
[4.983s] [ 96%] [32m[1mLinking C shared library rosidl_generator_py/custom/custom_s__rosidl_typesupport_introspection_c.cpython-38-x86_64-linux-gnu.so[0m
[4.983s] [ 96%] [32m[1mLinking C shared library rosidl_generator_py/custom/custom_s__rosidl_typesupport_c.cpython-38-x86_64-linux-gnu.so[0m
[4.986s] [100%] [32m[1mLinking CXX shared library rosidl_generator_py/custom/custom_s__rosidl_typesupport_fastrtps_c.cpython-38-x86_64-linux-gnu.so[0m
[5.028s] [100%] Built target custom__rosidl_typesupport_introspection_c__pyext
[5.028s] [100%] Built target custom__rosidl_typesupport_c__pyext
[5.062s] [100%] Built target custom__rosidl_typesupport_fastrtps_c__pyext
[5.073s] Invoked command in '/home/student/lidar-ws/build/custom' returned '0': CMAKE_PREFIX_PATH=${CMAKE_PREFIX_PATH}:/home/student/ws/install/py_ctrl:/home/student/ws/install/case_scenes:/home/student/ia_ws/install/viz_static:/home/student/ia_ws/install/viz_interactive:/home/student/ia_ws/install/ur_setup:/home/student/ia_ws/install/tf_lookup:/home/student/ia_ws/install/tf_broadcast:/home/student/ia_ws/install/tf_scene:/home/student/ia_ws/install/gui_tools:/home/student/ia_ws/install/aruco_handler:/opt/ros/galactic /usr/bin/cmake --build /home/student/lidar-ws/build/custom -- -j8 -l8
[5.158s] Invoking command in '/home/student/lidar-ws/build/custom': CMAKE_PREFIX_PATH=${CMAKE_PREFIX_PATH}:/home/student/ws/install/py_ctrl:/home/student/ws/install/case_scenes:/home/student/ia_ws/install/viz_static:/home/student/ia_ws/install/viz_interactive:/home/student/ia_ws/install/ur_setup:/home/student/ia_ws/install/tf_lookup:/home/student/ia_ws/install/tf_broadcast:/home/student/ia_ws/install/tf_scene:/home/student/ia_ws/install/gui_tools:/home/student/ia_ws/install/aruco_handler:/opt/ros/galactic /usr/bin/cmake --install /home/student/lidar-ws/build/custom
[5.171s] -- Install configuration: ""
[5.171s] -- Installing: /home/student/lidar-ws/install/custom/share/ament_index/resource_index/rosidl_interfaces/custom
[5.171s] -- Installing: /home/student/lidar-ws/install/custom/include/custom
[5.172s] -- Installing: /home/student/lidar-ws/install/custom/include/custom/srv
[5.172s] -- Installing: /home/student/lidar-ws/install/custom/include/custom/srv/lidar_service.h
[5.172s] -- Installing: /home/student/lidar-ws/install/custom/include/custom/srv/detail
[5.172s] -- Installing: /home/student/lidar-ws/install/custom/include/custom/srv/detail/lidar_service__functions.h
[5.172s] -- Installing: /home/student/lidar-ws/install/custom/include/custom/srv/detail/lidar_service__functions.c
[5.172s] -- Installing: /home/student/lidar-ws/install/custom/include/custom/srv/detail/lidar_service__struct.h
[5.172s] -- Installing: /home/student/lidar-ws/install/custom/include/custom/srv/detail/lidar_service__type_support.h
[5.172s] -- Installing: /home/student/lidar-ws/install/custom/include/custom/msg
[5.173s] -- Installing: /home/student/lidar-ws/install/custom/include/custom/msg/rosidl_generator_c__visibility_control.h
[5.173s] -- Installing: /home/student/lidar-ws/install/custom/share/custom/environment/library_path.sh
[5.173s] -- Installing: /home/student/lidar-ws/install/custom/share/custom/environment/library_path.dsv
[5.173s] -- Installing: /home/student/lidar-ws/install/custom/lib/libcustom__rosidl_generator_c.so
[5.173s] -- Set runtime path of "/home/student/lidar-ws/install/custom/lib/libcustom__rosidl_generator_c.so" to ""
[5.173s] -- Up-to-date: /home/student/lidar-ws/install/custom/include/custom
[5.173s] -- Up-to-date: /home/student/lidar-ws/install/custom/include/custom/srv
[5.174s] -- Up-to-date: /home/student/lidar-ws/install/custom/include/custom/srv/detail
[5.174s] -- Installing: /home/student/lidar-ws/install/custom/include/custom/srv/detail/lidar_service__rosidl_typesupport_fastrtps_c.h
[5.174s] -- Up-to-date: /home/student/lidar-ws/install/custom/include/custom/msg
[5.174s] -- Installing: /home/student/lidar-ws/install/custom/include/custom/msg/rosidl_typesupport_fastrtps_c__visibility_control.h
[5.174s] -- Installing: /home/student/lidar-ws/install/custom/lib/libcustom__rosidl_typesupport_fastrtps_c.so
[5.175s] -- Set runtime path of "/home/student/lidar-ws/install/custom/lib/libcustom__rosidl_typesupport_fastrtps_c.so" to ""
[5.175s] -- Up-to-date: /home/student/lidar-ws/install/custom/include/custom
[5.175s] -- Up-to-date: /home/student/lidar-ws/install/custom/include/custom/srv
[5.175s] -- Up-to-date: /home/student/lidar-ws/install/custom/include/custom/srv/detail
[5.175s] -- Installing: /home/student/lidar-ws/install/custom/include/custom/srv/detail/lidar_service__rosidl_typesupport_fastrtps_cpp.hpp
[5.175s] -- Installing: /home/student/lidar-ws/install/custom/include/custom/srv/detail/dds_fastrtps
[5.175s] -- Up-to-date: /home/student/lidar-ws/install/custom/include/custom/msg
[5.175s] -- Installing: /home/student/lidar-ws/install/custom/include/custom/msg/rosidl_typesupport_fastrtps_cpp__visibility_control.h
[5.175s] -- Installing: /home/student/lidar-ws/install/custom/lib/libcustom__rosidl_typesupport_fastrtps_cpp.so
[5.176s] -- Set runtime path of "/home/student/lidar-ws/install/custom/lib/libcustom__rosidl_typesupport_fastrtps_cpp.so" to ""
[5.176s] -- Up-to-date: /home/student/lidar-ws/install/custom/include/custom
[5.176s] -- Up-to-date: /home/student/lidar-ws/install/custom/include/custom/srv
[5.176s] -- Up-to-date: /home/student/lidar-ws/install/custom/include/custom/srv/detail
[5.176s] -- Installing: /home/student/lidar-ws/install/custom/include/custom/srv/detail/lidar_service__rosidl_typesupport_introspection_c.h
[5.177s] -- Installing: /home/student/lidar-ws/install/custom/include/custom/srv/detail/lidar_service__type_support.c
[5.177s] -- Up-to-date: /home/student/lidar-ws/install/custom/include/custom/msg
[5.177s] -- Installing: /home/student/lidar-ws/install/custom/include/custom/msg/rosidl_typesupport_introspection_c__visibility_control.h
[5.177s] -- Installing: /home/student/lidar-ws/install/custom/lib/libcustom__rosidl_typesupport_introspection_c.so
[5.178s] -- Set runtime path of "/home/student/lidar-ws/install/custom/lib/libcustom__rosidl_typesupport_introspection_c.so" to ""
[5.178s] -- Installing: /home/student/lidar-ws/install/custom/lib/libcustom__rosidl_typesupport_c.so
[5.178s] -- Set runtime path of "/home/student/lidar-ws/install/custom/lib/libcustom__rosidl_typesupport_c.so" to ""
[5.178s] -- Up-to-date: /home/student/lidar-ws/install/custom/include/custom
[5.178s] -- Up-to-date: /home/student/lidar-ws/install/custom/include/custom/srv
[5.178s] -- Up-to-date: /home/student/lidar-ws/install/custom/include/custom/srv/detail
[5.178s] -- Installing: /home/student/lidar-ws/install/custom/include/custom/srv/detail/lidar_service__traits.hpp
[5.179s] -- Installing: /home/student/lidar-ws/install/custom/include/custom/srv/detail/lidar_service__struct.hpp
[5.179s] -- Installing: /home/student/lidar-ws/install/custom/include/custom/srv/detail/lidar_service__builder.hpp
[5.179s] -- Installing: /home/student/lidar-ws/install/custom/include/custom/srv/lidar_service.hpp
[5.179s] -- Up-to-date: /home/student/lidar-ws/install/custom/include/custom
[5.179s] -- Up-to-date: /home/student/lidar-ws/install/custom/include/custom/srv
[5.179s] -- Up-to-date: /home/student/lidar-ws/install/custom/include/custom/srv/detail
[5.179s] -- Installing: /home/student/lidar-ws/install/custom/include/custom/srv/detail/lidar_service__rosidl_typesupport_introspection_cpp.hpp
[5.180s] -- Installing: /home/student/lidar-ws/install/custom/include/custom/srv/detail/lidar_service__type_support.cpp
[5.180s] -- Installing: /home/student/lidar-ws/install/custom/lib/libcustom__rosidl_typesupport_introspection_cpp.so
[5.180s] -- Set runtime path of "/home/student/lidar-ws/install/custom/lib/libcustom__rosidl_typesupport_introspection_cpp.so" to ""
[5.180s] -- Installing: /home/student/lidar-ws/install/custom/lib/libcustom__rosidl_typesupport_cpp.so
[5.181s] -- Set runtime path of "/home/student/lidar-ws/install/custom/lib/libcustom__rosidl_typesupport_cpp.so" to ""
[5.181s] -- Installing: /home/student/lidar-ws/install/custom/share/custom/environment/pythonpath.sh
[5.181s] -- Installing: /home/student/lidar-ws/install/custom/share/custom/environment/pythonpath.dsv
[5.181s] -- Installing: /home/student/lidar-ws/install/custom/lib/python3.8/site-packages/custom/__init__.py
[5.222s] Compiling '/home/student/lidar-ws/install/custom/lib/python3.8/site-packages/custom/__init__.py'...
[5.226s] -- Installing: /home/student/lidar-ws/install/custom/lib/python3.8/site-packages/custom/srv
[5.226s] -- Installing: /home/student/lidar-ws/install/custom/lib/python3.8/site-packages/custom/srv/_lidar_service.py
[5.226s] -- Installing: /home/student/lidar-ws/install/custom/lib/python3.8/site-packages/custom/srv/_lidar_service_s.c
[5.226s] -- Installing: /home/student/lidar-ws/install/custom/lib/python3.8/site-packages/custom/srv/__init__.py
[5.227s] -- Installing: /home/student/lidar-ws/install/custom/lib/python3.8/site-packages/custom/custom_s__rosidl_typesupport_fastrtps_c.cpython-38-x86_64-linux-gnu.so
[5.227s] -- Set runtime path of "/home/student/lidar-ws/install/custom/lib/python3.8/site-packages/custom/custom_s__rosidl_typesupport_fastrtps_c.cpython-38-x86_64-linux-gnu.so" to ""
[5.228s] -- Installing: /home/student/lidar-ws/install/custom/lib/python3.8/site-packages/custom/custom_s__rosidl_typesupport_introspection_c.cpython-38-x86_64-linux-gnu.so
[5.228s] -- Set runtime path of "/home/student/lidar-ws/install/custom/lib/python3.8/site-packages/custom/custom_s__rosidl_typesupport_introspection_c.cpython-38-x86_64-linux-gnu.so" to ""
[5.228s] -- Installing: /home/student/lidar-ws/install/custom/lib/python3.8/site-packages/custom/custom_s__rosidl_typesupport_c.cpython-38-x86_64-linux-gnu.so
[5.229s] -- Set runtime path of "/home/student/lidar-ws/install/custom/lib/python3.8/site-packages/custom/custom_s__rosidl_typesupport_c.cpython-38-x86_64-linux-gnu.so" to ""
[5.229s] -- Installing: /home/student/lidar-ws/install/custom/lib/libcustom__python.so
[5.230s] -- Set runtime path of "/home/student/lidar-ws/install/custom/lib/libcustom__python.so" to ""
[5.230s] -- Installing: /home/student/lidar-ws/install/custom/share/custom/srv/LidarService.idl
[5.230s] -- Installing: /home/student/lidar-ws/install/custom/share/custom/srv/LidarService.srv
[5.230s] -- Installing: /home/student/lidar-ws/install/custom/share/custom/srv/LidarService_Request.msg
[5.230s] -- Installing: /home/student/lidar-ws/install/custom/share/custom/srv/LidarService_Response.msg
[5.230s] -- Installing: /home/student/lidar-ws/install/custom/share/ament_index/resource_index/package_run_dependencies/custom
[5.231s] -- Installing: /home/student/lidar-ws/install/custom/share/ament_index/resource_index/parent_prefix_path/custom
[5.231s] -- Installing: /home/student/lidar-ws/install/custom/share/custom/environment/ament_prefix_path.sh
[5.231s] -- Installing: /home/student/lidar-ws/install/custom/share/custom/environment/ament_prefix_path.dsv
[5.231s] -- Installing: /home/student/lidar-ws/install/custom/share/custom/environment/path.sh
[5.231s] -- Installing: /home/student/lidar-ws/install/custom/share/custom/environment/path.dsv
[5.232s] -- Installing: /home/student/lidar-ws/install/custom/share/custom/local_setup.bash
[5.232s] -- Installing: /home/student/lidar-ws/install/custom/share/custom/local_setup.sh
[5.232s] -- Installing: /home/student/lidar-ws/install/custom/share/custom/local_setup.zsh
[5.232s] -- Installing: /home/student/lidar-ws/install/custom/share/custom/local_setup.dsv
[5.232s] -- Installing: /home/student/lidar-ws/install/custom/share/custom/package.dsv
[5.232s] -- Installing: /home/student/lidar-ws/install/custom/share/ament_index/resource_index/packages/custom
[5.233s] -- Installing: /home/student/lidar-ws/install/custom/share/custom/cmake/custom__rosidl_generator_cExport.cmake
[5.233s] -- Installing: /home/student/lidar-ws/install/custom/share/custom/cmake/custom__rosidl_generator_cExport-noconfig.cmake
[5.233s] -- Installing: /home/student/lidar-ws/install/custom/share/custom/cmake/custom__rosidl_typesupport_introspection_cExport.cmake
[5.233s] -- Installing: /home/student/lidar-ws/install/custom/share/custom/cmake/custom__rosidl_typesupport_introspection_cExport-noconfig.cmake
[5.233s] -- Installing: /home/student/lidar-ws/install/custom/share/custom/cmake/custom__rosidl_typesupport_cExport.cmake
[5.233s] -- Installing: /home/student/lidar-ws/install/custom/share/custom/cmake/custom__rosidl_typesupport_cExport-noconfig.cmake
[5.234s] -- Installing: /home/student/lidar-ws/install/custom/share/custom/cmake/custom__rosidl_generator_cppExport.cmake
[5.234s] -- Installing: /home/student/lidar-ws/install/custom/share/custom/cmake/custom__rosidl_typesupport_introspection_cppExport.cmake
[5.234s] -- Installing: /home/student/lidar-ws/install/custom/share/custom/cmake/custom__rosidl_typesupport_introspection_cppExport-noconfig.cmake
[5.234s] -- Installing: /home/student/lidar-ws/install/custom/share/custom/cmake/custom__rosidl_typesupport_cppExport.cmake
[5.234s] -- Installing: /home/student/lidar-ws/install/custom/share/custom/cmake/custom__rosidl_typesupport_cppExport-noconfig.cmake
[5.234s] -- Installing: /home/student/lidar-ws/install/custom/share/custom/cmake/rosidl_cmake-extras.cmake
[5.235s] -- Installing: /home/student/lidar-ws/install/custom/share/custom/cmake/ament_cmake_export_dependencies-extras.cmake
[5.235s] -- Installing: /home/student/lidar-ws/install/custom/share/custom/cmake/ament_cmake_export_libraries-extras.cmake
[5.235s] -- Installing: /home/student/lidar-ws/install/custom/share/custom/cmake/ament_cmake_export_targets-extras.cmake
[5.235s] -- Installing: /home/student/lidar-ws/install/custom/share/custom/cmake/ament_cmake_export_include_directories-extras.cmake
[5.235s] -- Installing: /home/student/lidar-ws/install/custom/share/custom/cmake/rosidl_cmake_export_typesupport_libraries-extras.cmake
[5.235s] -- Installing: /home/student/lidar-ws/install/custom/share/custom/cmake/rosidl_cmake_export_typesupport_targets-extras.cmake
[5.235s] -- Installing: /home/student/lidar-ws/install/custom/share/custom/cmake/customConfig.cmake
[5.236s] -- Installing: /home/student/lidar-ws/install/custom/share/custom/cmake/customConfig-version.cmake
[5.236s] -- Installing: /home/student/lidar-ws/install/custom/share/custom/package.xml
[5.239s] Invoked command in '/home/student/lidar-ws/build/custom' returned '0': CMAKE_PREFIX_PATH=${CMAKE_PREFIX_PATH}:/home/student/ws/install/py_ctrl:/home/student/ws/install/case_scenes:/home/student/ia_ws/install/viz_static:/home/student/ia_ws/install/viz_interactive:/home/student/ia_ws/install/ur_setup:/home/student/ia_ws/install/tf_lookup:/home/student/ia_ws/install/tf_broadcast:/home/student/ia_ws/install/tf_scene:/home/student/ia_ws/install/gui_tools:/home/student/ia_ws/install/aruco_handler:/opt/ros/galactic /usr/bin/cmake --install /home/student/lidar-ws/build/custom
