[0.019s] Invoking command in '/home/student/lidar-ws/build/lidar_cpp': CMAKE_PREFIX_PATH=${CMAKE_PREFIX_PATH}:/home/student/ws/install/py_ctrl:/home/student/ws/install/case_scenes:/home/student/ia_ws/install/viz_static:/home/student/ia_ws/install/viz_interactive:/home/student/ia_ws/install/ur_setup:/home/student/ia_ws/install/tf_lookup:/home/student/ia_ws/install/tf_broadcast:/home/student/ia_ws/install/tf_scene:/home/student/ia_ws/install/gui_tools:/home/student/ia_ws/install/aruco_handler:/opt/ros/galactic /usr/bin/cmake --build /home/student/lidar-ws/build/lidar_cpp -- -j8 -l8
[0.092s] [  2%] Built target lidar_cpp__cpp
[0.092s] [ 11%] Built target lidar_cpp__rosidl_generator_c
[0.105s] [ 14%] [32mBuilding CXX object CMakeFiles/lidar_server.dir/src/lidar_server.cpp.o[0m
[0.111s] [ 20%] Built target lidar
[0.122s] [ 28%] Built target lidar_cpp__rosidl_typesupport_cpp
[0.124s] [ 37%] Built target lidar_cpp__rosidl_typesupport_introspection_cpp
[0.130s] [ 45%] Built target lidar_cpp__rosidl_typesupport_fastrtps_cpp
[0.140s] [ 62%] Built target lidar_cpp__rosidl_typesupport_c
[0.140s] [ 62%] Built target lidar_cpp__rosidl_typesupport_introspection_c
[0.159s] [ 71%] Built target lidar_cpp__rosidl_typesupport_fastrtps_c
[0.181s] [ 71%] Built target lidar_cpp
[0.201s] [ 74%] Built target lidar_cpp__py
[0.234s] [ 80%] Built target lidar_cpp__python
[0.260s] [ 91%] Built target lidar_cpp__rosidl_typesupport_fastrtps_c__pyext
[0.261s] [ 91%] Built target lidar_cpp__rosidl_typesupport_introspection_c__pyext
[0.261s] [ 97%] Built target lidar_cpp__rosidl_typesupport_c__pyext
[1.716s] [01m[K/home/student/lidar-ws/src/lidar_cpp/src/lidar_server.cpp:12:10:[m[K [01;31m[Kfatal error: [m[Klidar_cpp/srv/lidar_service.hpp: No such file or directory
[1.716s]    12 | #include [01;31m[K"lidar_cpp/srv/lidar_service.hpp"[m[K
[1.716s]       |          [01;31m[K^~~~~~~~~~~~~~~~~~~~~~~~~~~~~~~~~[m[K
[1.716s] compilation terminated.
[1.733s] make[2]: *** [CMakeFiles/lidar_server.dir/build.make:63: CMakeFiles/lidar_server.dir/src/lidar_server.cpp.o] Error 1
[1.733s] make[1]: *** [CMakeFiles/Makefile2:125: CMakeFiles/lidar_server.dir/all] Error 2
[1.733s] make: *** [Makefile:141: all] Error 2
[1.736s] Invoked command in '/home/student/lidar-ws/build/lidar_cpp' returned '2': CMAKE_PREFIX_PATH=${CMAKE_PREFIX_PATH}:/home/student/ws/install/py_ctrl:/home/student/ws/install/case_scenes:/home/student/ia_ws/install/viz_static:/home/student/ia_ws/install/viz_interactive:/home/student/ia_ws/install/ur_setup:/home/student/ia_ws/install/tf_lookup:/home/student/ia_ws/install/tf_broadcast:/home/student/ia_ws/install/tf_scene:/home/student/ia_ws/install/gui_tools:/home/student/ia_ws/install/aruco_handler:/opt/ros/galactic /usr/bin/cmake --build /home/student/lidar-ws/build/lidar_cpp -- -j8 -l8
