[0.014s] Invoking command in '/home/student/lidar-ws/build/lidar_cpp': CMAKE_PREFIX_PATH=/home/student/lidar-ws/install/custom:/home/student/lidar-ws/install/lidar_cpp:/home/student/ws/install/case_bringup:/home/student/ia_ws/install/viz_dynamic:/home/student/ia_ws/install/viz_tools_msgs:/home/student/ia_ws/install/viz_bringup:/home/student/ia_ws/install/ur_script_generator:/home/student/ia_ws/install/ur_script_controller:/home/student/ia_ws/install/ur_tools_msgs:/home/student/ia_ws/install/ur_script_driver:/home/student/ia_ws/install/ur_script_msgs:/home/student/ia_ws/install/ur_description:/home/student/ia_ws/install/ur_bringup:/home/student/ia_ws/install/tf_sms:/home/student/ia_ws/install/tf_bringup:/home/student/ia_ws/install/tf_tools_msgs:/home/student/ia_ws/install/opcua_ros2_bridge:/home/student/ia_ws/install/mp_msgs:/home/student/ws/install/py_ctrl:/home/student/ws/install/case_scenes:/home/student/ia_ws/install/viz_static:/home/student/ia_ws/install/viz_interactive:/home/student/ia_ws/install/ur_setup:/home/student/ia_ws/install/tf_lookup:/home/student/ia_ws/install/tf_broadcast:/home/student/ia_ws/install/tf_scene:/home/student/ia_ws/install/gui_tools:/home/student/ia_ws/install/aruco_handler:/opt/ros/galactic /usr/bin/cmake /home/student/lidar-ws/src/lidar_cpp -DCMAKE_INSTALL_PREFIX=/home/student/lidar-ws/install/lidar_cpp
[0.080s] -- The C compiler identification is GNU 9.4.0
[0.149s] -- The CXX compiler identification is GNU 9.4.0
[0.158s] -- Check for working C compiler: /usr/bin/cc
[0.234s] -- Check for working C compiler: /usr/bin/cc -- works
[0.235s] -- Detecting C compiler ABI info
[0.316s] -- Detecting C compiler ABI info - done
[0.329s] -- Detecting C compile features
[0.329s] -- Detecting C compile features - done
[0.331s] -- Check for working CXX compiler: /usr/bin/c++
[0.420s] -- Check for working CXX compiler: /usr/bin/c++ -- works
[0.422s] -- Detecting CXX compiler ABI info
[0.511s] -- Detecting CXX compiler ABI info - done
[0.525s] -- Detecting CXX compile features
[0.525s] -- Detecting CXX compile features - done
[0.529s] -- Found ament_cmake: 1.1.4 (/opt/ros/galactic/share/ament_cmake/cmake)
[0.564s] -- Found PythonInterp: /usr/bin/python3 (found suitable version "3.8.10", minimum required is "3") 
[0.564s] -- Using PYTHON_EXECUTABLE: /usr/bin/python3
[0.678s] -- Found rclcpp: 9.2.0 (/opt/ros/galactic/share/rclcpp/cmake)
[0.752s] -- Using all available rosidl_typesupport_c: rosidl_typesupport_fastrtps_c;rosidl_typesupport_introspection_c
[0.763s] -- Found rosidl_adapter: 2.2.1 (/opt/ros/galactic/share/rosidl_adapter/cmake)
[0.880s] -- Found OpenSSL: /usr/lib/x86_64-linux-gnu/libcrypto.so (found version "1.1.1f")  
[0.922s] -- Found FastRTPS: /opt/ros/galactic/include  
[1.016s] -- Using all available rosidl_typesupport_cpp: rosidl_typesupport_fastrtps_cpp;rosidl_typesupport_introspection_cpp
[1.087s] -- Found rmw_implementation_cmake: 3.3.1 (/opt/ros/galactic/share/rmw_implementation_cmake/cmake)
[1.093s] -- Found rmw_cyclonedds_cpp: 0.22.3 (/opt/ros/galactic/share/rmw_cyclonedds_cpp/cmake)
[1.121s] -- Using RMW implementation 'rmw_cyclonedds_cpp' as default
[1.122s] -- Looking for pthread.h
[1.204s] -- Looking for pthread.h - found
[1.204s] -- Performing Test CMAKE_HAVE_LIBC_PTHREAD
[1.283s] -- Performing Test CMAKE_HAVE_LIBC_PTHREAD - Failed
[1.283s] -- Looking for pthread_create in pthreads
[1.354s] -- Looking for pthread_create in pthreads - not found
[1.355s] -- Looking for pthread_create in pthread
[1.435s] -- Looking for pthread_create in pthread - found
[1.436s] -- Found Threads: TRUE  
[1.584s] -- Found sensor_msgs: 2.2.3 (/opt/ros/galactic/share/sensor_msgs/cmake)
[1.721s] -- Checking for module 'eigen3'
[1.741s] --   Found eigen3, version 3.3.7
[1.791s] -- Found Eigen: /usr/include/eigen3 (Required is at least version "3.1") 
[1.791s] -- Eigen found (include: /usr/include/eigen3, version: 3.3.7)
[1.882s] -- Found Boost: /usr/include (found suitable version "1.71.0", minimum required is "1.55.0") found components: system filesystem date_time iostreams regex 
[1.900s] -- Checking for module 'flann'
[1.923s] --   Found flann, version 1.9.1
[1.984s] -- Found FLANN: /usr/lib/x86_64-linux-gnu/libflann_cpp.so  
[2.048s] -- The imported target "vtkParseOGLExt" references the file
[2.048s]    "/usr/bin/vtkParseOGLExt-7.1"
[2.048s] but this file does not exist.  Possible reasons include:
[2.048s] * The file was deleted, renamed, or moved to another location.
[2.048s] * An install or uninstall procedure did not complete successfully.
[2.048s] * The installation package was faulty and contained
[2.048s]    "/usr/lib/cmake/vtk-7.1/VTKTargets.cmake"
[2.048s] but not all the files it references.
[2.048s] 
[2.049s] -- The imported target "vtkRenderingPythonTkWidgets" references the file
[2.049s]    "/usr/lib/x86_64-linux-gnu/libvtkRenderingPythonTkWidgets.so"
[2.049s] but this file does not exist.  Possible reasons include:
[2.049s] * The file was deleted, renamed, or moved to another location.
[2.049s] * An install or uninstall procedure did not complete successfully.
[2.049s] * The installation package was faulty and contained
[2.049s]    "/usr/lib/cmake/vtk-7.1/VTKTargets.cmake"
[2.049s] but not all the files it references.
[2.049s] 
[2.049s] -- The imported target "vtk" references the file
[2.049s]    "/usr/bin/vtk"
[2.050s] but this file does not exist.  Possible reasons include:
[2.050s] * The file was deleted, renamed, or moved to another location.
[2.050s] * An install or uninstall procedure did not complete successfully.
[2.050s] * The installation package was faulty and contained
[2.050s]    "/usr/lib/cmake/vtk-7.1/VTKTargets.cmake"
[2.050s] but not all the files it references.
[2.050s] 
[2.050s] -- The imported target "pvtk" references the file
[2.050s]    "/usr/bin/pvtk"
[2.050s] but this file does not exist.  Possible reasons include:
[2.050s] * The file was deleted, renamed, or moved to another location.
[2.050s] * An install or uninstall procedure did not complete successfully.
[2.050s] * The installation package was faulty and contained
[2.050s]    "/usr/lib/cmake/vtk-7.1/VTKTargets.cmake"
[2.050s] but not all the files it references.
[2.051s] 
[2.069s] -- Checking for module 'libusb-1.0'
[2.072s] --   No package 'libusb-1.0' found
[2.078s] -- Could NOT find USB_10 (missing: USB_10_LIBRARY USB_10_INCLUDE_DIR) 
[2.078s] -- OpenNI disabled because libusb-1.0 not found.
[2.078s] ** WARNING ** io features related to openni will be disabled
[2.083s] -- Checking for module 'libusb-1.0'
[2.087s] --   No package 'libusb-1.0' found
[2.092s] -- Could NOT find USB_10 (missing: USB_10_LIBRARY USB_10_INCLUDE_DIR) 
[2.092s] -- OpenNI 2 disabled because libusb-1.0 not found.
[2.093s] ** WARNING ** io features related to openni2 will be disabled
[2.093s] ** WARNING ** io features related to pcap will be disabled
[2.093s] ** WARNING ** io features related to png will be disabled
[2.114s] -- LIBUSB_1_LIBRARY (missing: LIBUSB_1_INCLUDE_DIR) 
[2.114s] ** WARNING ** io features related to libusb-1.0 will be disabled
[2.120s] -- Checking for module 'libusb-1.0'
[2.124s] --   No package 'libusb-1.0' found
[2.129s] -- Could NOT find USB_10 (missing: USB_10_LIBRARY USB_10_INCLUDE_DIR) 
[2.129s] -- OpenNI disabled because libusb-1.0 not found.
[2.129s] ** WARNING ** visualization features related to openni will be disabled
[2.135s] -- Checking for module 'libusb-1.0'
[2.139s] --   No package 'libusb-1.0' found
[2.144s] -- Could NOT find USB_10 (missing: USB_10_LIBRARY USB_10_INCLUDE_DIR) 
[2.144s] -- OpenNI 2 disabled because libusb-1.0 not found.
[2.144s] ** WARNING ** visualization features related to openni2 will be disabled
[2.179s] -- Found Qhull: optimized;/usr/lib/x86_64-linux-gnu/libqhull.so;debug;/usr/lib/x86_64-linux-gnu/libqhull.so  
[2.179s] -- QHULL found (include: /usr/include, lib: optimized;/usr/lib/x86_64-linux-gnu/libqhull.so;debug;/usr/lib/x86_64-linux-gnu/libqhull.so)
[2.184s] -- Checking for module 'libusb-1.0'
[2.188s] --   No package 'libusb-1.0' found
[2.194s] -- Could NOT find USB_10 (missing: USB_10_LIBRARY USB_10_INCLUDE_DIR) 
[2.194s] -- OpenNI disabled because libusb-1.0 not found.
[2.194s] ** WARNING ** apps features related to openni will be disabled
[2.213s] -- looking for PCL_COMMON
[2.214s] -- Found PCL_COMMON: /usr/lib/x86_64-linux-gnu/libpcl_common.so  
[2.214s] -- looking for PCL_KDTREE
[2.215s] -- Found PCL_KDTREE: /usr/lib/x86_64-linux-gnu/libpcl_kdtree.so  
[2.216s] -- looking for PCL_OCTREE
[2.216s] -- Found PCL_OCTREE: /usr/lib/x86_64-linux-gnu/libpcl_octree.so  
[2.217s] -- looking for PCL_SEARCH
[2.218s] -- Found PCL_SEARCH: /usr/lib/x86_64-linux-gnu/libpcl_search.so  
[2.218s] -- looking for PCL_SAMPLE_CONSENSUS
[2.219s] -- Found PCL_SAMPLE_CONSENSUS: /usr/lib/x86_64-linux-gnu/libpcl_sample_consensus.so  
[2.219s] -- looking for PCL_FILTERS
[2.220s] -- Found PCL_FILTERS: /usr/lib/x86_64-linux-gnu/libpcl_filters.so  
[2.220s] -- looking for PCL_2D
[2.220s] -- Found PCL_2D: /usr/include/pcl-1.10  
[2.221s] -- looking for PCL_GEOMETRY
[2.221s] -- Found PCL_GEOMETRY: /usr/include/pcl-1.10  
[2.221s] -- looking for PCL_IO
[2.222s] -- Found PCL_IO: /usr/lib/x86_64-linux-gnu/libpcl_io.so  
[2.222s] -- looking for PCL_FEATURES
[2.223s] -- Found PCL_FEATURES: /usr/lib/x86_64-linux-gnu/libpcl_features.so  
[2.224s] -- looking for PCL_ML
[2.225s] -- Found PCL_ML: /usr/lib/x86_64-linux-gnu/libpcl_ml.so  
[2.225s] -- looking for PCL_SEGMENTATION
[2.226s] -- Found PCL_SEGMENTATION: /usr/lib/x86_64-linux-gnu/libpcl_segmentation.so  
[2.226s] -- looking for PCL_VISUALIZATION
[2.227s] -- Found PCL_VISUALIZATION: /usr/lib/x86_64-linux-gnu/libpcl_visualization.so  
[2.228s] -- looking for PCL_SURFACE
[2.229s] -- Found PCL_SURFACE: /usr/lib/x86_64-linux-gnu/libpcl_surface.so  
[2.229s] -- looking for PCL_REGISTRATION
[2.230s] -- Found PCL_REGISTRATION: /usr/lib/x86_64-linux-gnu/libpcl_registration.so  
[2.230s] -- looking for PCL_KEYPOINTS
[2.231s] -- Found PCL_KEYPOINTS: /usr/lib/x86_64-linux-gnu/libpcl_keypoints.so  
[2.232s] -- looking for PCL_TRACKING
[2.233s] -- Found PCL_TRACKING: /usr/lib/x86_64-linux-gnu/libpcl_tracking.so  
[2.233s] -- looking for PCL_RECOGNITION
[2.234s] -- Found PCL_RECOGNITION: /usr/lib/x86_64-linux-gnu/libpcl_recognition.so  
[2.234s] -- looking for PCL_STEREO
[2.235s] -- Found PCL_STEREO: /usr/lib/x86_64-linux-gnu/libpcl_stereo.so  
[2.236s] -- looking for PCL_APPS
[2.236s] -- Found PCL_APPS: /usr/lib/x86_64-linux-gnu/libpcl_apps.so  
[2.237s] -- looking for PCL_IN_HAND_SCANNER
[2.238s] -- Found PCL_IN_HAND_SCANNER: /usr/include/pcl-1.10  
[2.238s] -- looking for PCL_POINT_CLOUD_EDITOR
[2.238s] -- Found PCL_POINT_CLOUD_EDITOR: /usr/include/pcl-1.10  
[2.239s] -- looking for PCL_OUTOFCORE
[2.240s] -- Found PCL_OUTOFCORE: /usr/lib/x86_64-linux-gnu/libpcl_outofcore.so  
[2.240s] -- looking for PCL_PEOPLE
[2.241s] -- Found PCL_PEOPLE: /usr/lib/x86_64-linux-gnu/libpcl_people.so  
[2.242s] -- Found PCL: pcl_common;pcl_kdtree;pcl_octree;pcl_search;pcl_sample_consensus;pcl_filters;pcl_io;pcl_features;pcl_ml;pcl_segmentation;pcl_visualization;pcl_surface;pcl_registration;pcl_keypoints;pcl_tracking;pcl_recognition;pcl_stereo;pcl_apps;pcl_outofcore;pcl_people;/usr/lib/x86_64-linux-gnu/libboost_system.so;/usr/lib/x86_64-linux-gnu/libboost_filesystem.so;/usr/lib/x86_64-linux-gnu/libboost_date_time.so;/usr/lib/x86_64-linux-gnu/libboost_iostreams.so;/usr/lib/x86_64-linux-gnu/libboost_regex.so;optimized;/usr/lib/x86_64-linux-gnu/libqhull.so;debug;/usr/lib/x86_64-linux-gnu/libqhull.so;vtkChartsCore;vtkCommonColor;vtkCommonCore;vtksys;vtkCommonDataModel;vtkCommonMath;vtkCommonMisc;vtkCommonSystem;vtkCommonTransforms;vtkCommonExecutionModel;vtkFiltersGeneral;vtkCommonComputationalGeometry;vtkFiltersCore;vtkInfovisCore;vtkFiltersExtraction;vtkFiltersStatistics;vtkImagingFourier;vtkImagingCore;vtkalglib;vtkRenderingContext2D;vtkRenderingCore;vtkFiltersGeometry;vtkFiltersSources;vtkRenderingFreeType;/usr/lib/x86_64-linux-gnu/libfreetype.so;/usr/lib/x86_64-linux-gnu/libz.so;vtkFiltersModeling;vtkImagingSources;vtkInteractionStyle;vtkInteractionWidgets;vtkFiltersHybrid;vtkImagingColor;vtkImagingGeneral;vtkImagingHybrid;vtkIOImage;vtkDICOMParser;vtkmetaio;/usr/lib/x86_64-linux-gnu/libjpeg.so;/usr/lib/x86_64-linux-gnu/libpng.so;/usr/lib/x86_64-linux-gnu/libtiff.so;vtkRenderingAnnotation;vtkRenderingVolume;vtkIOXML;vtkIOCore;vtkIOXMLParser;/usr/lib/x86_64-linux-gnu/libexpat.so;vtkIOGeometry;vtkIOLegacy;vtkIOPLY;vtkRenderingLOD;vtkViewsContext2D;vtkViewsCore;vtkRenderingContextOpenGL2;vtkRenderingOpenGL2;FLANN::FLANN  
[2.243s] -- Found custom: 0.0.0 (/home/student/lidar-ws/install/custom/share/custom/cmake)
[2.272s] -- Found ament_lint_auto: 0.10.6 (/opt/ros/galactic/share/ament_lint_auto/cmake)
[2.372s] -- Added test 'copyright' to check source files copyright and LICENSE
[2.373s] -- Added test 'cppcheck' to perform static code analysis on C / C++ code
[2.374s] -- Configured cppcheck include dirs: /home/student/lidar-ws/src/lidar_cpp/include
[2.374s] -- Configured cppcheck exclude dirs and/or files: 
[2.375s] -- Added test 'cpplint' to check C / C++ code against the Google style
[2.375s] -- Configured cpplint exclude dirs and/or files: 
[2.376s] -- Added test 'lint_cmake' to check CMake code style
[2.377s] -- Added test 'uncrustify' to check C / C++ code style
[2.377s] -- Configured uncrustify additional arguments: 
[2.378s] -- Added test 'xmllint' to check XML markup files
[2.382s] -- Configuring done
[2.434s] -- Generating done
[2.436s] -- Build files have been written to: /home/student/lidar-ws/build/lidar_cpp
[2.448s] Invoked command in '/home/student/lidar-ws/build/lidar_cpp' returned '0': CMAKE_PREFIX_PATH=/home/student/lidar-ws/install/custom:/home/student/lidar-ws/install/lidar_cpp:/home/student/ws/install/case_bringup:/home/student/ia_ws/install/viz_dynamic:/home/student/ia_ws/install/viz_tools_msgs:/home/student/ia_ws/install/viz_bringup:/home/student/ia_ws/install/ur_script_generator:/home/student/ia_ws/install/ur_script_controller:/home/student/ia_ws/install/ur_tools_msgs:/home/student/ia_ws/install/ur_script_driver:/home/student/ia_ws/install/ur_script_msgs:/home/student/ia_ws/install/ur_description:/home/student/ia_ws/install/ur_bringup:/home/student/ia_ws/install/tf_sms:/home/student/ia_ws/install/tf_bringup:/home/student/ia_ws/install/tf_tools_msgs:/home/student/ia_ws/install/opcua_ros2_bridge:/home/student/ia_ws/install/mp_msgs:/home/student/ws/install/py_ctrl:/home/student/ws/install/case_scenes:/home/student/ia_ws/install/viz_static:/home/student/ia_ws/install/viz_interactive:/home/student/ia_ws/install/ur_setup:/home/student/ia_ws/install/tf_lookup:/home/student/ia_ws/install/tf_broadcast:/home/student/ia_ws/install/tf_scene:/home/student/ia_ws/install/gui_tools:/home/student/ia_ws/install/aruco_handler:/opt/ros/galactic /usr/bin/cmake /home/student/lidar-ws/src/lidar_cpp -DCMAKE_INSTALL_PREFIX=/home/student/lidar-ws/install/lidar_cpp
[2.451s] Invoking command in '/home/student/lidar-ws/build/lidar_cpp': CMAKE_PREFIX_PATH=/home/student/lidar-ws/install/custom:/home/student/lidar-ws/install/lidar_cpp:/home/student/ws/install/case_bringup:/home/student/ia_ws/install/viz_dynamic:/home/student/ia_ws/install/viz_tools_msgs:/home/student/ia_ws/install/viz_bringup:/home/student/ia_ws/install/ur_script_generator:/home/student/ia_ws/install/ur_script_controller:/home/student/ia_ws/install/ur_tools_msgs:/home/student/ia_ws/install/ur_script_driver:/home/student/ia_ws/install/ur_script_msgs:/home/student/ia_ws/install/ur_description:/home/student/ia_ws/install/ur_bringup:/home/student/ia_ws/install/tf_sms:/home/student/ia_ws/install/tf_bringup:/home/student/ia_ws/install/tf_tools_msgs:/home/student/ia_ws/install/opcua_ros2_bridge:/home/student/ia_ws/install/mp_msgs:/home/student/ws/install/py_ctrl:/home/student/ws/install/case_scenes:/home/student/ia_ws/install/viz_static:/home/student/ia_ws/install/viz_interactive:/home/student/ia_ws/install/ur_setup:/home/student/ia_ws/install/tf_lookup:/home/student/ia_ws/install/tf_broadcast:/home/student/ia_ws/install/tf_scene:/home/student/ia_ws/install/gui_tools:/home/student/ia_ws/install/aruco_handler:/opt/ros/galactic /usr/bin/cmake --build /home/student/lidar-ws/build/lidar_cpp -- -j8 -l8
[2.501s] [35m[1mScanning dependencies of target lidar_server[0m
[2.501s] [35m[1mScanning dependencies of target lidar[0m
[2.576s] [ 25%] [32mBuilding CXX object CMakeFiles/lidar_server.dir/src/lidar_server.cpp.o[0m
[2.585s] [ 50%] [32mBuilding CXX object CMakeFiles/lidar.dir/src/lidar_publisher.cpp.o[0m
[8.128s] [01m[K/home/student/lidar-ws/src/lidar_cpp/src/lidar_server.cpp:[m[K In function ‘[01m[Kvoid take_picture(std::shared_ptr<custom::srv::LidarService_Request_<std::allocator<void> > >, std::shared_ptr<custom::srv::LidarService_Response_<std::allocator<void> > >)[m[K’:
[8.128s] [01m[K/home/student/lidar-ws/src/lidar_cpp/src/lidar_server.cpp:37:77:[m[K [01;35m[Kwarning: [m[Kunused parameter ‘[01m[Krequest[m[K’ [[01;35m[K-Wunused-parameter[m[K]
[8.129s]    37 | void take_picture([01;35m[Kconst std::shared_ptr<custom::srv::LidarService::Request> request[m[K, const std::shared_ptr<custom::srv::LidarService::Response> response)
[8.129s]       |                   [01;35m[K~~~~~~~~~~~~~~~~~~~~~~~~~~~~~~~~~~~~~~~~~~~~~~~~~~~~~~~~~~^~~~~~~[m[K
[10.182s] [ 75%] [32m[1mLinking CXX executable lidar_server[0m
[11.007s] [ 75%] Built target lidar_server
[11.296s] [100%] [32m[1mLinking CXX executable lidar[0m
[11.661s] [100%] Built target lidar
[11.673s] Invoked command in '/home/student/lidar-ws/build/lidar_cpp' returned '0': CMAKE_PREFIX_PATH=/home/student/lidar-ws/install/custom:/home/student/lidar-ws/install/lidar_cpp:/home/student/ws/install/case_bringup:/home/student/ia_ws/install/viz_dynamic:/home/student/ia_ws/install/viz_tools_msgs:/home/student/ia_ws/install/viz_bringup:/home/student/ia_ws/install/ur_script_generator:/home/student/ia_ws/install/ur_script_controller:/home/student/ia_ws/install/ur_tools_msgs:/home/student/ia_ws/install/ur_script_driver:/home/student/ia_ws/install/ur_script_msgs:/home/student/ia_ws/install/ur_description:/home/student/ia_ws/install/ur_bringup:/home/student/ia_ws/install/tf_sms:/home/student/ia_ws/install/tf_bringup:/home/student/ia_ws/install/tf_tools_msgs:/home/student/ia_ws/install/opcua_ros2_bridge:/home/student/ia_ws/install/mp_msgs:/home/student/ws/install/py_ctrl:/home/student/ws/install/case_scenes:/home/student/ia_ws/install/viz_static:/home/student/ia_ws/install/viz_interactive:/home/student/ia_ws/install/ur_setup:/home/student/ia_ws/install/tf_lookup:/home/student/ia_ws/install/tf_broadcast:/home/student/ia_ws/install/tf_scene:/home/student/ia_ws/install/gui_tools:/home/student/ia_ws/install/aruco_handler:/opt/ros/galactic /usr/bin/cmake --build /home/student/lidar-ws/build/lidar_cpp -- -j8 -l8
[11.709s] Invoking command in '/home/student/lidar-ws/build/lidar_cpp': CMAKE_PREFIX_PATH=/home/student/lidar-ws/install/custom:/home/student/lidar-ws/install/lidar_cpp:/home/student/ws/install/case_bringup:/home/student/ia_ws/install/viz_dynamic:/home/student/ia_ws/install/viz_tools_msgs:/home/student/ia_ws/install/viz_bringup:/home/student/ia_ws/install/ur_script_generator:/home/student/ia_ws/install/ur_script_controller:/home/student/ia_ws/install/ur_tools_msgs:/home/student/ia_ws/install/ur_script_driver:/home/student/ia_ws/install/ur_script_msgs:/home/student/ia_ws/install/ur_description:/home/student/ia_ws/install/ur_bringup:/home/student/ia_ws/install/tf_sms:/home/student/ia_ws/install/tf_bringup:/home/student/ia_ws/install/tf_tools_msgs:/home/student/ia_ws/install/opcua_ros2_bridge:/home/student/ia_ws/install/mp_msgs:/home/student/ws/install/py_ctrl:/home/student/ws/install/case_scenes:/home/student/ia_ws/install/viz_static:/home/student/ia_ws/install/viz_interactive:/home/student/ia_ws/install/ur_setup:/home/student/ia_ws/install/tf_lookup:/home/student/ia_ws/install/tf_broadcast:/home/student/ia_ws/install/tf_scene:/home/student/ia_ws/install/gui_tools:/home/student/ia_ws/install/aruco_handler:/opt/ros/galactic /usr/bin/cmake --install /home/student/lidar-ws/build/lidar_cpp
[11.721s] -- Install configuration: ""
[11.722s] -- Installing: /home/student/lidar-ws/install/lidar_cpp/lib/lidar_cpp/lidar
[11.723s] -- Set runtime path of "/home/student/lidar-ws/install/lidar_cpp/lib/lidar_cpp/lidar" to ""
[11.724s] -- Installing: /home/student/lidar-ws/install/lidar_cpp/lib/lidar_cpp/lidar_server
[11.725s] -- Set runtime path of "/home/student/lidar-ws/install/lidar_cpp/lib/lidar_cpp/lidar_server" to ""
[11.725s] -- Installing: /home/student/lidar-ws/install/lidar_cpp/share/ament_index/resource_index/package_run_dependencies/lidar_cpp
[11.725s] -- Installing: /home/student/lidar-ws/install/lidar_cpp/share/ament_index/resource_index/parent_prefix_path/lidar_cpp
[11.726s] -- Installing: /home/student/lidar-ws/install/lidar_cpp/share/lidar_cpp/environment/ament_prefix_path.sh
[11.726s] -- Installing: /home/student/lidar-ws/install/lidar_cpp/share/lidar_cpp/environment/ament_prefix_path.dsv
[11.726s] -- Installing: /home/student/lidar-ws/install/lidar_cpp/share/lidar_cpp/environment/path.sh
[11.726s] -- Installing: /home/student/lidar-ws/install/lidar_cpp/share/lidar_cpp/environment/path.dsv
[11.727s] -- Installing: /home/student/lidar-ws/install/lidar_cpp/share/lidar_cpp/local_setup.bash
[11.727s] -- Installing: /home/student/lidar-ws/install/lidar_cpp/share/lidar_cpp/local_setup.sh
[11.727s] -- Installing: /home/student/lidar-ws/install/lidar_cpp/share/lidar_cpp/local_setup.zsh
[11.727s] -- Installing: /home/student/lidar-ws/install/lidar_cpp/share/lidar_cpp/local_setup.dsv
[11.727s] -- Installing: /home/student/lidar-ws/install/lidar_cpp/share/lidar_cpp/package.dsv
[11.728s] -- Installing: /home/student/lidar-ws/install/lidar_cpp/share/ament_index/resource_index/packages/lidar_cpp
[11.728s] -- Installing: /home/student/lidar-ws/install/lidar_cpp/share/lidar_cpp/cmake/lidar_cppConfig.cmake
[11.728s] -- Installing: /home/student/lidar-ws/install/lidar_cpp/share/lidar_cpp/cmake/lidar_cppConfig-version.cmake
[11.728s] -- Installing: /home/student/lidar-ws/install/lidar_cpp/share/lidar_cpp/package.xml
[11.732s] Invoked command in '/home/student/lidar-ws/build/lidar_cpp' returned '0': CMAKE_PREFIX_PATH=/home/student/lidar-ws/install/custom:/home/student/lidar-ws/install/lidar_cpp:/home/student/ws/install/case_bringup:/home/student/ia_ws/install/viz_dynamic:/home/student/ia_ws/install/viz_tools_msgs:/home/student/ia_ws/install/viz_bringup:/home/student/ia_ws/install/ur_script_generator:/home/student/ia_ws/install/ur_script_controller:/home/student/ia_ws/install/ur_tools_msgs:/home/student/ia_ws/install/ur_script_driver:/home/student/ia_ws/install/ur_script_msgs:/home/student/ia_ws/install/ur_description:/home/student/ia_ws/install/ur_bringup:/home/student/ia_ws/install/tf_sms:/home/student/ia_ws/install/tf_bringup:/home/student/ia_ws/install/tf_tools_msgs:/home/student/ia_ws/install/opcua_ros2_bridge:/home/student/ia_ws/install/mp_msgs:/home/student/ws/install/py_ctrl:/home/student/ws/install/case_scenes:/home/student/ia_ws/install/viz_static:/home/student/ia_ws/install/viz_interactive:/home/student/ia_ws/install/ur_setup:/home/student/ia_ws/install/tf_lookup:/home/student/ia_ws/install/tf_broadcast:/home/student/ia_ws/install/tf_scene:/home/student/ia_ws/install/gui_tools:/home/student/ia_ws/install/aruco_handler:/opt/ros/galactic /usr/bin/cmake --install /home/student/lidar-ws/build/lidar_cpp
