[0.020s] Invoking command in '/home/student/lidar-ws/build/custom': CMAKE_PREFIX_PATH=${CMAKE_PREFIX_PATH}:/home/student/ws/install/py_ctrl:/home/student/ws/install/case_scenes:/home/student/ia_ws/install/viz_static:/home/student/ia_ws/install/viz_interactive:/home/student/ia_ws/install/ur_setup:/home/student/ia_ws/install/tf_lookup:/home/student/ia_ws/install/tf_broadcast:/home/student/ia_ws/install/tf_scene:/home/student/ia_ws/install/gui_tools:/home/student/ia_ws/install/aruco_handler:/opt/ros/galactic /usr/bin/cmake --build /home/student/lidar-ws/build/custom -- -j8 -l8
[0.057s] -- Found ament_cmake: 1.1.4 (/opt/ros/galactic/share/ament_cmake/cmake)
[0.089s] -- Found PythonInterp: /usr/bin/python3 (found suitable version "3.8.10", minimum required is "3") 
[0.090s] -- Using PYTHON_EXECUTABLE: /usr/bin/python3
[0.168s] -- Found rosidl_default_generators: 1.1.1 (/opt/ros/galactic/share/rosidl_default_generators/cmake)
[0.175s] -- Using all available rosidl_typesupport_c: rosidl_typesupport_fastrtps_c;rosidl_typesupport_introspection_c
[0.178s] -- Found rosidl_adapter: 2.2.1 (/opt/ros/galactic/share/rosidl_adapter/cmake)
[0.330s] -- Using all available rosidl_typesupport_cpp: rosidl_typesupport_fastrtps_cpp;rosidl_typesupport_introspection_cpp
[0.353s] -- Found sensor_msgs: 2.2.3 (/opt/ros/galactic/share/sensor_msgs/cmake)
[0.522s] -- Found PythonInterp: /usr/bin/python3 (found version "3.8.10") 
[0.744s] -- Found ament_cmake_ros: 0.9.2 (/opt/ros/galactic/share/ament_cmake_ros/cmake)
[1.082s] -- Using all available rosidl_typesupport_c: rosidl_typesupport_fastrtps_c;rosidl_typesupport_introspection_c
[1.258s] -- Using all available rosidl_typesupport_cpp: rosidl_typesupport_fastrtps_cpp;rosidl_typesupport_introspection_cpp
[1.293s] -- Found PythonInterp: /usr/bin/python3 (found suitable version "3.8.10", minimum required is "3.5") 
[1.294s] -- Found python_cmake_module: 0.8.1 (/opt/ros/galactic/share/python_cmake_module/cmake)
[1.327s] -- Using PYTHON_EXECUTABLE: /usr/bin/python3
[1.327s] -- Using PYTHON_INCLUDE_DIRS: /usr/include/python3.8
[1.327s] -- Using PYTHON_LIBRARIES: /usr/lib/x86_64-linux-gnu/libpython3.8.so
[1.415s] -- Found ament_lint_auto: 0.10.6 (/opt/ros/galactic/share/ament_lint_auto/cmake)
[1.429s] -- Added test 'copyright' to check source files copyright and LICENSE
[1.431s] -- Added test 'lint_cmake' to check CMake code style
[1.432s] -- Added test 'xmllint' to check XML markup files
[1.436s] -- Configuring done
[1.497s] -- Generating done
[1.501s] -- Build files have been written to: /home/student/lidar-ws/build/custom
[1.552s] [  3%] Built target custom__cpp
[1.552s] [  6%] [32m[1mLinking C shared library libcustom__rosidl_generator_c.so[0m
[1.575s] [  9%] [32m[1mLinking CXX shared library libcustom__rosidl_typesupport_cpp.so[0m
[1.576s] [ 12%] [32m[1mLinking CXX shared library libcustom__rosidl_typesupport_introspection_cpp.so[0m
[1.582s] [ 16%] [32m[1mLinking CXX shared library libcustom__rosidl_typesupport_fastrtps_cpp.so[0m
[1.592s] [ 22%] Built target custom__rosidl_generator_c
[1.624s] [ 25%] [32m[1mLinking C shared library libcustom__rosidl_typesupport_introspection_c.so[0m
[1.626s] [ 32%] Built target custom__rosidl_typesupport_cpp
[1.627s] [ 35%] [32m[1mLinking CXX shared library libcustom__rosidl_typesupport_c.so[0m
[1.668s] [ 48%] Built target custom__rosidl_typesupport_introspection_c
[1.669s] [ 48%] Built target custom__rosidl_typesupport_introspection_cpp
[1.683s] [ 54%] Built target custom__rosidl_typesupport_c
[1.698s] [ 61%] Built target custom__rosidl_typesupport_fastrtps_cpp
[1.714s] [35m[1mScanning dependencies of target custom__rosidl_typesupport_fastrtps_c[0m
[1.733s] [ 64%] [32mBuilding CXX object CMakeFiles/custom__rosidl_typesupport_fastrtps_c.dir/rosidl_typesupport_fastrtps_c/custom/srv/detail/lidar_service__type_support_c.cpp.o[0m
[2.076s] [ 67%] [32m[1mLinking CXX shared library libcustom__rosidl_typesupport_fastrtps_c.so[0m
[2.199s] [ 70%] Built target custom__rosidl_typesupport_fastrtps_c
[2.225s] [ 70%] Built target custom
[2.250s] [ 74%] Built target custom__py
[2.277s] [ 77%] [32m[1mLinking C shared library rosidl_generator_py/custom/libcustom__python.so[0m
[2.330s] [ 80%] Built target custom__python
[2.343s] [35m[1mScanning dependencies of target custom__rosidl_typesupport_fastrtps_c__pyext[0m
[2.358s] [ 90%] [32m[1mLinking C shared library rosidl_generator_py/custom/custom_s__rosidl_typesupport_introspection_c.cpython-38-x86_64-linux-gnu.so[0m
[2.358s] [ 90%] [32m[1mLinking C shared library rosidl_generator_py/custom/custom_s__rosidl_typesupport_c.cpython-38-x86_64-linux-gnu.so[0m
[2.358s] [ 90%] [32mBuilding C object CMakeFiles/custom__rosidl_typesupport_fastrtps_c__pyext.dir/rosidl_generator_py/custom/_custom_s.ep.rosidl_typesupport_fastrtps_c.c.o[0m
[2.399s] [ 96%] Built target custom__rosidl_typesupport_c__pyext
[2.399s] [ 96%] Built target custom__rosidl_typesupport_introspection_c__pyext
[2.453s] [100%] [32m[1mLinking CXX shared library rosidl_generator_py/custom/custom_s__rosidl_typesupport_fastrtps_c.cpython-38-x86_64-linux-gnu.so[0m
[2.531s] [100%] Built target custom__rosidl_typesupport_fastrtps_c__pyext
[2.545s] Invoked command in '/home/student/lidar-ws/build/custom' returned '0': CMAKE_PREFIX_PATH=${CMAKE_PREFIX_PATH}:/home/student/ws/install/py_ctrl:/home/student/ws/install/case_scenes:/home/student/ia_ws/install/viz_static:/home/student/ia_ws/install/viz_interactive:/home/student/ia_ws/install/ur_setup:/home/student/ia_ws/install/tf_lookup:/home/student/ia_ws/install/tf_broadcast:/home/student/ia_ws/install/tf_scene:/home/student/ia_ws/install/gui_tools:/home/student/ia_ws/install/aruco_handler:/opt/ros/galactic /usr/bin/cmake --build /home/student/lidar-ws/build/custom -- -j8 -l8
[2.632s] Invoking command in '/home/student/lidar-ws/build/custom': CMAKE_PREFIX_PATH=${CMAKE_PREFIX_PATH}:/home/student/ws/install/py_ctrl:/home/student/ws/install/case_scenes:/home/student/ia_ws/install/viz_static:/home/student/ia_ws/install/viz_interactive:/home/student/ia_ws/install/ur_setup:/home/student/ia_ws/install/tf_lookup:/home/student/ia_ws/install/tf_broadcast:/home/student/ia_ws/install/tf_scene:/home/student/ia_ws/install/gui_tools:/home/student/ia_ws/install/aruco_handler:/opt/ros/galactic /usr/bin/cmake --install /home/student/lidar-ws/build/custom
[2.646s] -- Install configuration: ""
[2.647s] -- Up-to-date: /home/student/lidar-ws/install/custom/share/ament_index/resource_index/rosidl_interfaces/custom
[2.647s] -- Up-to-date: /home/student/lidar-ws/install/custom/include/custom
[2.648s] -- Up-to-date: /home/student/lidar-ws/install/custom/include/custom/srv
[2.648s] -- Up-to-date: /home/student/lidar-ws/install/custom/include/custom/srv/lidar_service.h
[2.648s] -- Up-to-date: /home/student/lidar-ws/install/custom/include/custom/srv/detail
[2.648s] -- Up-to-date: /home/student/lidar-ws/install/custom/include/custom/srv/detail/lidar_service__functions.h
[2.648s] -- Up-to-date: /home/student/lidar-ws/install/custom/include/custom/srv/detail/lidar_service__functions.c
[2.648s] -- Up-to-date: /home/student/lidar-ws/install/custom/include/custom/srv/detail/lidar_service__struct.h
[2.648s] -- Up-to-date: /home/student/lidar-ws/install/custom/include/custom/srv/detail/lidar_service__type_support.h
[2.649s] -- Up-to-date: /home/student/lidar-ws/install/custom/include/custom/msg
[2.649s] -- Up-to-date: /home/student/lidar-ws/install/custom/include/custom/msg/rosidl_generator_c__visibility_control.h
[2.649s] -- Up-to-date: /home/student/lidar-ws/install/custom/share/custom/environment/library_path.sh
[2.649s] -- Installing: /home/student/lidar-ws/install/custom/share/custom/environment/library_path.dsv
[2.649s] -- Installing: /home/student/lidar-ws/install/custom/lib/libcustom__rosidl_generator_c.so
[2.649s] -- Set runtime path of "/home/student/lidar-ws/install/custom/lib/libcustom__rosidl_generator_c.so" to ""
[2.649s] -- Up-to-date: /home/student/lidar-ws/install/custom/include/custom
[2.649s] -- Up-to-date: /home/student/lidar-ws/install/custom/include/custom/srv
[2.649s] -- Up-to-date: /home/student/lidar-ws/install/custom/include/custom/srv/detail
[2.649s] -- Up-to-date: /home/student/lidar-ws/install/custom/include/custom/srv/detail/lidar_service__rosidl_typesupport_fastrtps_c.h
[2.650s] -- Up-to-date: /home/student/lidar-ws/install/custom/include/custom/msg
[2.650s] -- Up-to-date: /home/student/lidar-ws/install/custom/include/custom/msg/rosidl_typesupport_fastrtps_c__visibility_control.h
[2.650s] -- Installing: /home/student/lidar-ws/install/custom/lib/libcustom__rosidl_typesupport_fastrtps_c.so
[2.650s] -- Set runtime path of "/home/student/lidar-ws/install/custom/lib/libcustom__rosidl_typesupport_fastrtps_c.so" to ""
[2.650s] -- Up-to-date: /home/student/lidar-ws/install/custom/include/custom
[2.650s] -- Up-to-date: /home/student/lidar-ws/install/custom/include/custom/srv
[2.650s] -- Up-to-date: /home/student/lidar-ws/install/custom/include/custom/srv/detail
[2.650s] -- Up-to-date: /home/student/lidar-ws/install/custom/include/custom/srv/detail/lidar_service__rosidl_typesupport_fastrtps_cpp.hpp
[2.650s] -- Up-to-date: /home/student/lidar-ws/install/custom/include/custom/srv/detail/dds_fastrtps
[2.650s] -- Up-to-date: /home/student/lidar-ws/install/custom/include/custom/msg
[2.650s] -- Up-to-date: /home/student/lidar-ws/install/custom/include/custom/msg/rosidl_typesupport_fastrtps_cpp__visibility_control.h
[2.650s] -- Installing: /home/student/lidar-ws/install/custom/lib/libcustom__rosidl_typesupport_fastrtps_cpp.so
[2.650s] -- Set runtime path of "/home/student/lidar-ws/install/custom/lib/libcustom__rosidl_typesupport_fastrtps_cpp.so" to ""
[2.651s] -- Up-to-date: /home/student/lidar-ws/install/custom/include/custom
[2.651s] -- Up-to-date: /home/student/lidar-ws/install/custom/include/custom/srv
[2.651s] -- Up-to-date: /home/student/lidar-ws/install/custom/include/custom/srv/detail
[2.651s] -- Up-to-date: /home/student/lidar-ws/install/custom/include/custom/srv/detail/lidar_service__rosidl_typesupport_introspection_c.h
[2.651s] -- Up-to-date: /home/student/lidar-ws/install/custom/include/custom/srv/detail/lidar_service__type_support.c
[2.651s] -- Up-to-date: /home/student/lidar-ws/install/custom/include/custom/msg
[2.651s] -- Up-to-date: /home/student/lidar-ws/install/custom/include/custom/msg/rosidl_typesupport_introspection_c__visibility_control.h
[2.651s] -- Installing: /home/student/lidar-ws/install/custom/lib/libcustom__rosidl_typesupport_introspection_c.so
[2.651s] -- Set runtime path of "/home/student/lidar-ws/install/custom/lib/libcustom__rosidl_typesupport_introspection_c.so" to ""
[2.651s] -- Installing: /home/student/lidar-ws/install/custom/lib/libcustom__rosidl_typesupport_c.so
[2.652s] -- Set runtime path of "/home/student/lidar-ws/install/custom/lib/libcustom__rosidl_typesupport_c.so" to ""
[2.652s] -- Up-to-date: /home/student/lidar-ws/install/custom/include/custom
[2.652s] -- Up-to-date: /home/student/lidar-ws/install/custom/include/custom/srv
[2.652s] -- Up-to-date: /home/student/lidar-ws/install/custom/include/custom/srv/detail
[2.652s] -- Up-to-date: /home/student/lidar-ws/install/custom/include/custom/srv/detail/lidar_service__traits.hpp
[2.652s] -- Up-to-date: /home/student/lidar-ws/install/custom/include/custom/srv/detail/lidar_service__struct.hpp
[2.652s] -- Up-to-date: /home/student/lidar-ws/install/custom/include/custom/srv/detail/lidar_service__builder.hpp
[2.652s] -- Up-to-date: /home/student/lidar-ws/install/custom/include/custom/srv/lidar_service.hpp
[2.652s] -- Up-to-date: /home/student/lidar-ws/install/custom/include/custom
[2.652s] -- Up-to-date: /home/student/lidar-ws/install/custom/include/custom/srv
[2.652s] -- Up-to-date: /home/student/lidar-ws/install/custom/include/custom/srv/detail
[2.653s] -- Up-to-date: /home/student/lidar-ws/install/custom/include/custom/srv/detail/lidar_service__rosidl_typesupport_introspection_cpp.hpp
[2.653s] -- Up-to-date: /home/student/lidar-ws/install/custom/include/custom/srv/detail/lidar_service__type_support.cpp
[2.653s] -- Installing: /home/student/lidar-ws/install/custom/lib/libcustom__rosidl_typesupport_introspection_cpp.so
[2.653s] -- Set runtime path of "/home/student/lidar-ws/install/custom/lib/libcustom__rosidl_typesupport_introspection_cpp.so" to ""
[2.653s] -- Installing: /home/student/lidar-ws/install/custom/lib/libcustom__rosidl_typesupport_cpp.so
[2.653s] -- Set runtime path of "/home/student/lidar-ws/install/custom/lib/libcustom__rosidl_typesupport_cpp.so" to ""
[2.653s] -- Up-to-date: /home/student/lidar-ws/install/custom/share/custom/environment/pythonpath.sh
[2.653s] -- Installing: /home/student/lidar-ws/install/custom/share/custom/environment/pythonpath.dsv
[2.653s] -- Installing: /home/student/lidar-ws/install/custom/lib/python3.8/site-packages/custom/__init__.py
[2.690s] Compiling '/home/student/lidar-ws/install/custom/lib/python3.8/site-packages/custom/__init__.py'...
[2.693s] -- Up-to-date: /home/student/lidar-ws/install/custom/lib/python3.8/site-packages/custom/srv
[2.694s] -- Up-to-date: /home/student/lidar-ws/install/custom/lib/python3.8/site-packages/custom/srv/_lidar_service.py
[2.694s] -- Up-to-date: /home/student/lidar-ws/install/custom/lib/python3.8/site-packages/custom/srv/_lidar_service_s.c
[2.694s] -- Up-to-date: /home/student/lidar-ws/install/custom/lib/python3.8/site-packages/custom/srv/__init__.py
[2.694s] -- Installing: /home/student/lidar-ws/install/custom/lib/python3.8/site-packages/custom/custom_s__rosidl_typesupport_fastrtps_c.cpython-38-x86_64-linux-gnu.so
[2.694s] -- Set runtime path of "/home/student/lidar-ws/install/custom/lib/python3.8/site-packages/custom/custom_s__rosidl_typesupport_fastrtps_c.cpython-38-x86_64-linux-gnu.so" to ""
[2.695s] -- Installing: /home/student/lidar-ws/install/custom/lib/python3.8/site-packages/custom/custom_s__rosidl_typesupport_introspection_c.cpython-38-x86_64-linux-gnu.so
[2.695s] -- Set runtime path of "/home/student/lidar-ws/install/custom/lib/python3.8/site-packages/custom/custom_s__rosidl_typesupport_introspection_c.cpython-38-x86_64-linux-gnu.so" to ""
[2.695s] -- Installing: /home/student/lidar-ws/install/custom/lib/python3.8/site-packages/custom/custom_s__rosidl_typesupport_c.cpython-38-x86_64-linux-gnu.so
[2.696s] -- Set runtime path of "/home/student/lidar-ws/install/custom/lib/python3.8/site-packages/custom/custom_s__rosidl_typesupport_c.cpython-38-x86_64-linux-gnu.so" to ""
[2.696s] -- Installing: /home/student/lidar-ws/install/custom/lib/libcustom__python.so
[2.697s] -- Set runtime path of "/home/student/lidar-ws/install/custom/lib/libcustom__python.so" to ""
[2.697s] -- Up-to-date: /home/student/lidar-ws/install/custom/share/custom/srv/LidarService.idl
[2.697s] -- Up-to-date: /home/student/lidar-ws/install/custom/share/custom/srv/LidarService.srv
[2.697s] -- Up-to-date: /home/student/lidar-ws/install/custom/share/custom/srv/LidarService_Request.msg
[2.697s] -- Up-to-date: /home/student/lidar-ws/install/custom/share/custom/srv/LidarService_Response.msg
[2.697s] -- Up-to-date: /home/student/lidar-ws/install/custom/share/ament_index/resource_index/package_run_dependencies/custom
[2.697s] -- Up-to-date: /home/student/lidar-ws/install/custom/share/ament_index/resource_index/parent_prefix_path/custom
[2.697s] -- Up-to-date: /home/student/lidar-ws/install/custom/share/custom/environment/ament_prefix_path.sh
[2.697s] -- Installing: /home/student/lidar-ws/install/custom/share/custom/environment/ament_prefix_path.dsv
[2.697s] -- Up-to-date: /home/student/lidar-ws/install/custom/share/custom/environment/path.sh
[2.697s] -- Installing: /home/student/lidar-ws/install/custom/share/custom/environment/path.dsv
[2.697s] -- Up-to-date: /home/student/lidar-ws/install/custom/share/custom/local_setup.bash
[2.698s] -- Up-to-date: /home/student/lidar-ws/install/custom/share/custom/local_setup.sh
[2.698s] -- Up-to-date: /home/student/lidar-ws/install/custom/share/custom/local_setup.zsh
[2.698s] -- Installing: /home/student/lidar-ws/install/custom/share/custom/local_setup.dsv
[2.698s] -- Installing: /home/student/lidar-ws/install/custom/share/custom/package.dsv
[2.698s] -- Up-to-date: /home/student/lidar-ws/install/custom/share/ament_index/resource_index/packages/custom
[2.698s] -- Old export file "/home/student/lidar-ws/install/custom/share/custom/cmake/custom__rosidl_generator_cExport.cmake" will be replaced.  Removing files [/home/student/lidar-ws/install/custom/share/custom/cmake/custom__rosidl_generator_cExport-noconfig.cmake].
[2.698s] -- Installing: /home/student/lidar-ws/install/custom/share/custom/cmake/custom__rosidl_generator_cExport.cmake
[2.698s] -- Installing: /home/student/lidar-ws/install/custom/share/custom/cmake/custom__rosidl_generator_cExport-noconfig.cmake
[2.698s] -- Old export file "/home/student/lidar-ws/install/custom/share/custom/cmake/custom__rosidl_typesupport_introspection_cExport.cmake" will be replaced.  Removing files [/home/student/lidar-ws/install/custom/share/custom/cmake/custom__rosidl_typesupport_introspection_cExport-noconfig.cmake].
[2.698s] -- Installing: /home/student/lidar-ws/install/custom/share/custom/cmake/custom__rosidl_typesupport_introspection_cExport.cmake
[2.699s] -- Installing: /home/student/lidar-ws/install/custom/share/custom/cmake/custom__rosidl_typesupport_introspection_cExport-noconfig.cmake
[2.699s] -- Old export file "/home/student/lidar-ws/install/custom/share/custom/cmake/custom__rosidl_typesupport_cExport.cmake" will be replaced.  Removing files [/home/student/lidar-ws/install/custom/share/custom/cmake/custom__rosidl_typesupport_cExport-noconfig.cmake].
[2.699s] -- Installing: /home/student/lidar-ws/install/custom/share/custom/cmake/custom__rosidl_typesupport_cExport.cmake
[2.699s] -- Installing: /home/student/lidar-ws/install/custom/share/custom/cmake/custom__rosidl_typesupport_cExport-noconfig.cmake
[2.700s] -- Installing: /home/student/lidar-ws/install/custom/share/custom/cmake/custom__rosidl_generator_cppExport.cmake
[2.700s] -- Old export file "/home/student/lidar-ws/install/custom/share/custom/cmake/custom__rosidl_typesupport_introspection_cppExport.cmake" will be replaced.  Removing files [/home/student/lidar-ws/install/custom/share/custom/cmake/custom__rosidl_typesupport_introspection_cppExport-noconfig.cmake].
[2.701s] -- Installing: /home/student/lidar-ws/install/custom/share/custom/cmake/custom__rosidl_typesupport_introspection_cppExport.cmake
[2.701s] -- Installing: /home/student/lidar-ws/install/custom/share/custom/cmake/custom__rosidl_typesupport_introspection_cppExport-noconfig.cmake
[2.702s] -- Old export file "/home/student/lidar-ws/install/custom/share/custom/cmake/custom__rosidl_typesupport_cppExport.cmake" will be replaced.  Removing files [/home/student/lidar-ws/install/custom/share/custom/cmake/custom__rosidl_typesupport_cppExport-noconfig.cmake].
[2.702s] -- Installing: /home/student/lidar-ws/install/custom/share/custom/cmake/custom__rosidl_typesupport_cppExport.cmake
[2.702s] -- Installing: /home/student/lidar-ws/install/custom/share/custom/cmake/custom__rosidl_typesupport_cppExport-noconfig.cmake
[2.702s] -- Up-to-date: /home/student/lidar-ws/install/custom/share/custom/cmake/rosidl_cmake-extras.cmake
[2.702s] -- Installing: /home/student/lidar-ws/install/custom/share/custom/cmake/ament_cmake_export_dependencies-extras.cmake
[2.703s] -- Up-to-date: /home/student/lidar-ws/install/custom/share/custom/cmake/ament_cmake_export_libraries-extras.cmake
[2.703s] -- Up-to-date: /home/student/lidar-ws/install/custom/share/custom/cmake/ament_cmake_export_targets-extras.cmake
[2.703s] -- Up-to-date: /home/student/lidar-ws/install/custom/share/custom/cmake/ament_cmake_export_include_directories-extras.cmake
[2.703s] -- Up-to-date: /home/student/lidar-ws/install/custom/share/custom/cmake/rosidl_cmake_export_typesupport_libraries-extras.cmake
[2.703s] -- Up-to-date: /home/student/lidar-ws/install/custom/share/custom/cmake/rosidl_cmake_export_typesupport_targets-extras.cmake
[2.704s] -- Up-to-date: /home/student/lidar-ws/install/custom/share/custom/cmake/customConfig.cmake
[2.704s] -- Up-to-date: /home/student/lidar-ws/install/custom/share/custom/cmake/customConfig-version.cmake
[2.704s] -- Up-to-date: /home/student/lidar-ws/install/custom/share/custom/package.xml
[2.706s] Invoked command in '/home/student/lidar-ws/build/custom' returned '0': CMAKE_PREFIX_PATH=${CMAKE_PREFIX_PATH}:/home/student/ws/install/py_ctrl:/home/student/ws/install/case_scenes:/home/student/ia_ws/install/viz_static:/home/student/ia_ws/install/viz_interactive:/home/student/ia_ws/install/ur_setup:/home/student/ia_ws/install/tf_lookup:/home/student/ia_ws/install/tf_broadcast:/home/student/ia_ws/install/tf_scene:/home/student/ia_ws/install/gui_tools:/home/student/ia_ws/install/aruco_handler:/opt/ros/galactic /usr/bin/cmake --install /home/student/lidar-ws/build/custom
