[0.330s] DEBUG:colcon:Command line arguments: ['/usr/bin/colcon', 'build']
[0.330s] DEBUG:colcon:Parsed command line arguments: Namespace(ament_cmake_args=None, base_paths=['.'], build_base='build', catkin_cmake_args=None, catkin_skip_building_tests=False, cmake_args=None, cmake_clean_cache=False, cmake_clean_first=False, cmake_force_configure=False, cmake_target=None, cmake_target_skip_unavailable=False, continue_on_error=False, event_handlers=None, executor='parallel', ignore_user_meta=False, install_base='install', log_base=None, log_level=None, main=<bound method BuildVerb.main of <colcon_core.verb.build.BuildVerb object at 0x7f867db83c10>>, merge_install=False, metas=['./colcon.meta'], packages_above=None, packages_above_and_dependencies=None, packages_above_depth=None, packages_end=None, packages_ignore=None, packages_ignore_regex=None, packages_select=None, packages_select_build_failed=False, packages_select_by_dep=None, packages_select_regex=None, packages_select_test_failures=False, packages_skip=None, packages_skip_build_finished=False, packages_skip_by_dep=None, packages_skip_regex=None, packages_skip_test_passed=False, packages_skip_up_to=None, packages_start=None, packages_up_to=None, packages_up_to_regex=None, parallel_workers=8, paths=None, symlink_install=False, test_result_base=None, verb_extension=<colcon_core.verb.build.BuildVerb object at 0x7f867db83c10>, verb_name='build', verb_parser=<colcon_defaults.argument_parser.defaults.DefaultArgumentsDecorator object at 0x7f867d32ceb0>)
[0.335s] Level 1:colcon.colcon_core.package_discovery:discover_packages(colcon_meta) check parameters
[0.335s] Level 1:colcon.colcon_core.package_discovery:discover_packages(recursive) check parameters
[0.335s] Level 1:colcon.colcon_core.package_discovery:discover_packages(ignore) check parameters
[0.335s] Level 1:colcon.colcon_core.package_discovery:discover_packages(path) check parameters
[0.335s] Level 1:colcon.colcon_core.package_discovery:discover_packages(colcon_meta) discover
[0.335s] Level 1:colcon.colcon_core.package_discovery:discover_packages(recursive) discover
[0.335s] INFO:colcon.colcon_core.package_discovery:Crawling recursively for packages in '/home/student/lidar-ws'
[0.335s] Level 1:colcon.colcon_core.package_identification:_identify(.) by extensions ['ignore', 'ignore_ament_install']
[0.335s] Level 1:colcon.colcon_core.package_identification:_identify(.) by extension 'ignore'
[0.336s] Level 1:colcon.colcon_core.package_identification:_identify(.) by extension 'ignore_ament_install'
[0.336s] Level 1:colcon.colcon_core.package_identification:_identify(.) by extensions ['colcon_pkg']
[0.336s] Level 1:colcon.colcon_core.package_identification:_identify(.) by extension 'colcon_pkg'
[0.336s] Level 1:colcon.colcon_core.package_identification:_identify(.) by extensions ['colcon_meta']
[0.336s] Level 1:colcon.colcon_core.package_identification:_identify(.) by extension 'colcon_meta'
[0.336s] Level 1:colcon.colcon_core.package_identification:_identify(.) by extensions ['ros']
[0.336s] Level 1:colcon.colcon_core.package_identification:_identify(.) by extension 'ros'
[0.346s] Level 1:colcon.colcon_core.package_identification:_identify(.) by extensions ['cmake', 'python']
[0.346s] Level 1:colcon.colcon_core.package_identification:_identify(.) by extension 'cmake'
[0.346s] Level 1:colcon.colcon_core.package_identification:_identify(.) by extension 'python'
[0.346s] Level 1:colcon.colcon_core.package_identification:_identify(.) by extensions ['python_setup_py']
[0.346s] Level 1:colcon.colcon_core.package_identification:_identify(.) by extension 'python_setup_py'
[0.346s] Level 1:colcon.colcon_core.package_identification:_identify(build) by extensions ['ignore', 'ignore_ament_install']
[0.346s] Level 1:colcon.colcon_core.package_identification:_identify(build) by extension 'ignore'
[0.346s] Level 1:colcon.colcon_core.package_identification:_identify(build) ignored
[0.346s] Level 1:colcon.colcon_core.package_identification:_identify(install) by extensions ['ignore', 'ignore_ament_install']
[0.347s] Level 1:colcon.colcon_core.package_identification:_identify(install) by extension 'ignore'
[0.347s] Level 1:colcon.colcon_core.package_identification:_identify(install) ignored
[0.347s] Level 1:colcon.colcon_core.package_identification:_identify(log) by extensions ['ignore', 'ignore_ament_install']
[0.347s] Level 1:colcon.colcon_core.package_identification:_identify(log) by extension 'ignore'
[0.347s] Level 1:colcon.colcon_core.package_identification:_identify(log) ignored
[0.347s] Level 1:colcon.colcon_core.package_identification:_identify(src) by extensions ['ignore', 'ignore_ament_install']
[0.347s] Level 1:colcon.colcon_core.package_identification:_identify(src) by extension 'ignore'
[0.347s] Level 1:colcon.colcon_core.package_identification:_identify(src) by extension 'ignore_ament_install'
[0.347s] Level 1:colcon.colcon_core.package_identification:_identify(src) by extensions ['colcon_pkg']
[0.347s] Level 1:colcon.colcon_core.package_identification:_identify(src) by extension 'colcon_pkg'
[0.347s] Level 1:colcon.colcon_core.package_identification:_identify(src) by extensions ['colcon_meta']
[0.347s] Level 1:colcon.colcon_core.package_identification:_identify(src) by extension 'colcon_meta'
[0.347s] Level 1:colcon.colcon_core.package_identification:_identify(src) by extensions ['ros']
[0.347s] Level 1:colcon.colcon_core.package_identification:_identify(src) by extension 'ros'
[0.347s] Level 1:colcon.colcon_core.package_identification:_identify(src) by extensions ['cmake', 'python']
[0.347s] Level 1:colcon.colcon_core.package_identification:_identify(src) by extension 'cmake'
[0.348s] Level 1:colcon.colcon_core.package_identification:_identify(src) by extension 'python'
[0.348s] Level 1:colcon.colcon_core.package_identification:_identify(src) by extensions ['python_setup_py']
[0.348s] Level 1:colcon.colcon_core.package_identification:_identify(src) by extension 'python_setup_py'
[0.348s] Level 1:colcon.colcon_core.package_identification:_identify(src/custom) by extensions ['ignore', 'ignore_ament_install']
[0.348s] Level 1:colcon.colcon_core.package_identification:_identify(src/custom) by extension 'ignore'
[0.348s] Level 1:colcon.colcon_core.package_identification:_identify(src/custom) by extension 'ignore_ament_install'
[0.348s] Level 1:colcon.colcon_core.package_identification:_identify(src/custom) by extensions ['colcon_pkg']
[0.348s] Level 1:colcon.colcon_core.package_identification:_identify(src/custom) by extension 'colcon_pkg'
[0.348s] Level 1:colcon.colcon_core.package_identification:_identify(src/custom) by extensions ['colcon_meta']
[0.348s] Level 1:colcon.colcon_core.package_identification:_identify(src/custom) by extension 'colcon_meta'
[0.348s] Level 1:colcon.colcon_core.package_identification:_identify(src/custom) by extensions ['ros']
[0.348s] Level 1:colcon.colcon_core.package_identification:_identify(src/custom) by extension 'ros'
[0.350s] DEBUG:colcon.colcon_core.package_identification:Package 'src/custom' with type 'ros.ament_cmake' and name 'custom'
[0.350s] Level 1:colcon.colcon_core.package_identification:_identify(src/lidar_cpp) by extensions ['ignore', 'ignore_ament_install']
[0.350s] Level 1:colcon.colcon_core.package_identification:_identify(src/lidar_cpp) by extension 'ignore'
[0.350s] Level 1:colcon.colcon_core.package_identification:_identify(src/lidar_cpp) by extension 'ignore_ament_install'
[0.350s] Level 1:colcon.colcon_core.package_identification:_identify(src/lidar_cpp) by extensions ['colcon_pkg']
[0.350s] Level 1:colcon.colcon_core.package_identification:_identify(src/lidar_cpp) by extension 'colcon_pkg'
[0.350s] Level 1:colcon.colcon_core.package_identification:_identify(src/lidar_cpp) by extensions ['colcon_meta']
[0.350s] Level 1:colcon.colcon_core.package_identification:_identify(src/lidar_cpp) by extension 'colcon_meta'
[0.350s] Level 1:colcon.colcon_core.package_identification:_identify(src/lidar_cpp) by extensions ['ros']
[0.350s] Level 1:colcon.colcon_core.package_identification:_identify(src/lidar_cpp) by extension 'ros'
[0.351s] DEBUG:colcon.colcon_core.package_identification:Package 'src/lidar_cpp' with type 'ros.ament_cmake' and name 'lidar_cpp'
[0.351s] Level 1:colcon.colcon_core.package_discovery:discover_packages(recursive) using defaults
[0.351s] Level 1:colcon.colcon_core.package_discovery:discover_packages(ignore) discover
[0.351s] Level 1:colcon.colcon_core.package_discovery:discover_packages(ignore) using defaults
[0.351s] Level 1:colcon.colcon_core.package_discovery:discover_packages(path) discover
[0.351s] Level 1:colcon.colcon_core.package_discovery:discover_packages(path) using defaults
[0.373s] Level 5:colcon.colcon_core.verb:set package 'custom' build argument 'cmake_args' from command line to 'None'
[0.373s] Level 5:colcon.colcon_core.verb:set package 'custom' build argument 'cmake_target' from command line to 'None'
[0.373s] Level 5:colcon.colcon_core.verb:set package 'custom' build argument 'cmake_target_skip_unavailable' from command line to 'False'
[0.373s] Level 5:colcon.colcon_core.verb:set package 'custom' build argument 'cmake_clean_cache' from command line to 'False'
[0.373s] Level 5:colcon.colcon_core.verb:set package 'custom' build argument 'cmake_clean_first' from command line to 'False'
[0.373s] Level 5:colcon.colcon_core.verb:set package 'custom' build argument 'cmake_force_configure' from command line to 'False'
[0.373s] Level 5:colcon.colcon_core.verb:set package 'custom' build argument 'ament_cmake_args' from command line to 'None'
[0.373s] Level 5:colcon.colcon_core.verb:set package 'custom' build argument 'catkin_cmake_args' from command line to 'None'
[0.373s] Level 5:colcon.colcon_core.verb:set package 'custom' build argument 'catkin_skip_building_tests' from command line to 'False'
[0.373s] DEBUG:colcon.colcon_core.verb:Building package 'custom' with the following arguments: {'ament_cmake_args': None, 'build_base': '/home/student/lidar-ws/build/custom', 'catkin_cmake_args': None, 'catkin_skip_building_tests': False, 'cmake_args': None, 'cmake_clean_cache': False, 'cmake_clean_first': False, 'cmake_force_configure': False, 'cmake_target': None, 'cmake_target_skip_unavailable': False, 'install_base': '/home/student/lidar-ws/install/custom', 'merge_install': False, 'path': '/home/student/lidar-ws/src/custom', 'symlink_install': False, 'test_result_base': None}
[0.375s] Level 5:colcon.colcon_core.verb:set package 'lidar_cpp' build argument 'cmake_args' from command line to 'None'
[0.376s] Level 5:colcon.colcon_core.verb:set package 'lidar_cpp' build argument 'cmake_target' from command line to 'None'
[0.376s] Level 5:colcon.colcon_core.verb:set package 'lidar_cpp' build argument 'cmake_target_skip_unavailable' from command line to 'False'
[0.376s] Level 5:colcon.colcon_core.verb:set package 'lidar_cpp' build argument 'cmake_clean_cache' from command line to 'False'
[0.376s] Level 5:colcon.colcon_core.verb:set package 'lidar_cpp' build argument 'cmake_clean_first' from command line to 'False'
[0.376s] Level 5:colcon.colcon_core.verb:set package 'lidar_cpp' build argument 'cmake_force_configure' from command line to 'False'
[0.376s] Level 5:colcon.colcon_core.verb:set package 'lidar_cpp' build argument 'ament_cmake_args' from command line to 'None'
[0.376s] Level 5:colcon.colcon_core.verb:set package 'lidar_cpp' build argument 'catkin_cmake_args' from command line to 'None'
[0.376s] Level 5:colcon.colcon_core.verb:set package 'lidar_cpp' build argument 'catkin_skip_building_tests' from command line to 'False'
[0.376s] DEBUG:colcon.colcon_core.verb:Building package 'lidar_cpp' with the following arguments: {'ament_cmake_args': None, 'build_base': '/home/student/lidar-ws/build/lidar_cpp', 'catkin_cmake_args': None, 'catkin_skip_building_tests': False, 'cmake_args': None, 'cmake_clean_cache': False, 'cmake_clean_first': False, 'cmake_force_configure': False, 'cmake_target': None, 'cmake_target_skip_unavailable': False, 'install_base': '/home/student/lidar-ws/install/lidar_cpp', 'merge_install': False, 'path': '/home/student/lidar-ws/src/lidar_cpp', 'symlink_install': False, 'test_result_base': None}
[0.376s] INFO:colcon.colcon_core.executor:Executing jobs using 'parallel' executor
[0.378s] DEBUG:colcon.colcon_parallel_executor.executor.parallel:run_until_complete
[0.378s] INFO:colcon.colcon_ros.task.ament_cmake.build:Building ROS package in '/home/student/lidar-ws/src/custom' with build type 'ament_cmake'
[0.378s] INFO:colcon.colcon_cmake.task.cmake.build:Building CMake package in '/home/student/lidar-ws/src/custom'
[0.382s] INFO:colcon.colcon_core.plugin_system:Skipping extension 'colcon_core.shell.bat': Not used on non-Windows systems
[0.382s] INFO:colcon.colcon_core.shell:Skip shell extension 'powershell' for command environment: Not usable outside of PowerShell
[0.382s] DEBUG:colcon.colcon_core.shell:Skip shell extension 'dsv' for command environment
[0.387s] DEBUG:colcon.colcon_core.shell:Ignoring prefix path '/opt/ros/galactic'
[0.395s] DEBUG:colcon.colcon_core.event_handler.log_command:Invoking command in '/home/student/lidar-ws/build/custom': CMAKE_PREFIX_PATH=${CMAKE_PREFIX_PATH}:/home/student/ws/install/py_ctrl:/home/student/ws/install/case_scenes:/home/student/ia_ws/install/viz_static:/home/student/ia_ws/install/viz_interactive:/home/student/ia_ws/install/ur_setup:/home/student/ia_ws/install/tf_lookup:/home/student/ia_ws/install/tf_broadcast:/home/student/ia_ws/install/tf_scene:/home/student/ia_ws/install/gui_tools:/home/student/ia_ws/install/aruco_handler:/opt/ros/galactic /usr/bin/cmake --build /home/student/lidar-ws/build/custom -- -j8 -l8
[0.646s] DEBUG:colcon.colcon_core.event_handler.log_command:Invoked command in '/home/student/lidar-ws/build/custom' returned '0': CMAKE_PREFIX_PATH=${CMAKE_PREFIX_PATH}:/home/student/ws/install/py_ctrl:/home/student/ws/install/case_scenes:/home/student/ia_ws/install/viz_static:/home/student/ia_ws/install/viz_interactive:/home/student/ia_ws/install/ur_setup:/home/student/ia_ws/install/tf_lookup:/home/student/ia_ws/install/tf_broadcast:/home/student/ia_ws/install/tf_scene:/home/student/ia_ws/install/gui_tools:/home/student/ia_ws/install/aruco_handler:/opt/ros/galactic /usr/bin/cmake --build /home/student/lidar-ws/build/custom -- -j8 -l8
[0.723s] DEBUG:colcon.colcon_core.event_handler.log_command:Invoking command in '/home/student/lidar-ws/build/custom': CMAKE_PREFIX_PATH=${CMAKE_PREFIX_PATH}:/home/student/ws/install/py_ctrl:/home/student/ws/install/case_scenes:/home/student/ia_ws/install/viz_static:/home/student/ia_ws/install/viz_interactive:/home/student/ia_ws/install/ur_setup:/home/student/ia_ws/install/tf_lookup:/home/student/ia_ws/install/tf_broadcast:/home/student/ia_ws/install/tf_scene:/home/student/ia_ws/install/gui_tools:/home/student/ia_ws/install/aruco_handler:/opt/ros/galactic /usr/bin/cmake --install /home/student/lidar-ws/build/custom
[0.784s] Level 1:colcon.colcon_core.environment:create_environment_scripts_only(custom)
[0.786s] DEBUG:colcon.colcon_core.event_handler.log_command:Invoked command in '/home/student/lidar-ws/build/custom' returned '0': CMAKE_PREFIX_PATH=${CMAKE_PREFIX_PATH}:/home/student/ws/install/py_ctrl:/home/student/ws/install/case_scenes:/home/student/ia_ws/install/viz_static:/home/student/ia_ws/install/viz_interactive:/home/student/ia_ws/install/ur_setup:/home/student/ia_ws/install/tf_lookup:/home/student/ia_ws/install/tf_broadcast:/home/student/ia_ws/install/tf_scene:/home/student/ia_ws/install/gui_tools:/home/student/ia_ws/install/aruco_handler:/opt/ros/galactic /usr/bin/cmake --install /home/student/lidar-ws/build/custom
[0.791s] Level 1:colcon.colcon_core.environment:checking '/home/student/lidar-ws/install/custom' for CMake module files
[0.792s] Level 1:colcon.colcon_core.environment:checking '/home/student/lidar-ws/install/custom' for CMake config files
[0.792s] Level 1:colcon.colcon_core.shell:create_environment_hook('custom', 'cmake_prefix_path')
[0.793s] INFO:colcon.colcon_core.shell:Creating environment hook '/home/student/lidar-ws/install/custom/share/custom/hook/cmake_prefix_path.ps1'
[0.794s] INFO:colcon.colcon_core.shell:Creating environment descriptor '/home/student/lidar-ws/install/custom/share/custom/hook/cmake_prefix_path.dsv'
[0.795s] INFO:colcon.colcon_core.shell:Creating environment hook '/home/student/lidar-ws/install/custom/share/custom/hook/cmake_prefix_path.sh'
[0.796s] Level 1:colcon.colcon_core.environment:checking '/home/student/lidar-ws/install/custom/lib'
[0.797s] Level 1:colcon.colcon_core.shell:create_environment_hook('custom', 'ld_library_path_lib')
[0.798s] INFO:colcon.colcon_core.shell:Creating environment hook '/home/student/lidar-ws/install/custom/share/custom/hook/ld_library_path_lib.ps1'
[0.798s] INFO:colcon.colcon_core.shell:Creating environment descriptor '/home/student/lidar-ws/install/custom/share/custom/hook/ld_library_path_lib.dsv'
[0.799s] INFO:colcon.colcon_core.shell:Creating environment hook '/home/student/lidar-ws/install/custom/share/custom/hook/ld_library_path_lib.sh'
[0.799s] Level 1:colcon.colcon_core.environment:checking '/home/student/lidar-ws/install/custom/bin'
[0.799s] Level 1:colcon.colcon_core.environment:checking '/home/student/lidar-ws/install/custom/lib/pkgconfig/custom.pc'
[0.799s] Level 1:colcon.colcon_core.environment:checking '/home/student/lidar-ws/install/custom/lib/python3.8/site-packages'
[0.799s] Level 1:colcon.colcon_core.shell:create_environment_hook('custom', 'pythonpath')
[0.800s] INFO:colcon.colcon_core.shell:Creating environment hook '/home/student/lidar-ws/install/custom/share/custom/hook/pythonpath.ps1'
[0.800s] INFO:colcon.colcon_core.shell:Creating environment descriptor '/home/student/lidar-ws/install/custom/share/custom/hook/pythonpath.dsv'
[0.801s] INFO:colcon.colcon_core.shell:Creating environment hook '/home/student/lidar-ws/install/custom/share/custom/hook/pythonpath.sh'
[0.802s] INFO:colcon.colcon_core.shell:Creating package script '/home/student/lidar-ws/install/custom/share/custom/package.ps1'
[0.803s] INFO:colcon.colcon_core.shell:Creating package descriptor '/home/student/lidar-ws/install/custom/share/custom/package.dsv'
[0.804s] INFO:colcon.colcon_core.shell:Creating package script '/home/student/lidar-ws/install/custom/share/custom/package.sh'
[0.805s] INFO:colcon.colcon_core.shell:Creating package script '/home/student/lidar-ws/install/custom/share/custom/package.bash'
[0.805s] INFO:colcon.colcon_core.shell:Creating package script '/home/student/lidar-ws/install/custom/share/custom/package.zsh'
[0.806s] Level 1:colcon.colcon_core.environment:create_file_with_runtime_dependencies(/home/student/lidar-ws/install/custom/share/colcon-core/packages/custom)
[0.880s] Level 1:colcon.colcon_core.environment:create_environment_scripts_only(custom)
[0.882s] Level 1:colcon.colcon_core.environment:checking '/home/student/lidar-ws/install/custom' for CMake module files
[0.883s] Level 1:colcon.colcon_core.environment:checking '/home/student/lidar-ws/install/custom' for CMake config files
[0.884s] Level 1:colcon.colcon_core.shell:create_environment_hook('custom', 'cmake_prefix_path')
[0.885s] INFO:colcon.colcon_core.shell:Creating environment hook '/home/student/lidar-ws/install/custom/share/custom/hook/cmake_prefix_path.ps1'
[0.886s] INFO:colcon.colcon_core.shell:Creating environment descriptor '/home/student/lidar-ws/install/custom/share/custom/hook/cmake_prefix_path.dsv'
[0.886s] INFO:colcon.colcon_core.shell:Creating environment hook '/home/student/lidar-ws/install/custom/share/custom/hook/cmake_prefix_path.sh'
[0.887s] Level 1:colcon.colcon_core.environment:checking '/home/student/lidar-ws/install/custom/lib'
[0.887s] Level 1:colcon.colcon_core.shell:create_environment_hook('custom', 'ld_library_path_lib')
[0.888s] INFO:colcon.colcon_core.shell:Creating environment hook '/home/student/lidar-ws/install/custom/share/custom/hook/ld_library_path_lib.ps1'
[0.888s] INFO:colcon.colcon_core.shell:Creating environment descriptor '/home/student/lidar-ws/install/custom/share/custom/hook/ld_library_path_lib.dsv'
[0.889s] INFO:colcon.colcon_core.shell:Creating environment hook '/home/student/lidar-ws/install/custom/share/custom/hook/ld_library_path_lib.sh'
[0.889s] Level 1:colcon.colcon_core.environment:checking '/home/student/lidar-ws/install/custom/bin'
[0.889s] Level 1:colcon.colcon_core.environment:checking '/home/student/lidar-ws/install/custom/lib/pkgconfig/custom.pc'
[0.889s] Level 1:colcon.colcon_core.environment:checking '/home/student/lidar-ws/install/custom/lib/python3.8/site-packages'
[0.889s] Level 1:colcon.colcon_core.shell:create_environment_hook('custom', 'pythonpath')
[0.890s] INFO:colcon.colcon_core.shell:Creating environment hook '/home/student/lidar-ws/install/custom/share/custom/hook/pythonpath.ps1'
[0.891s] INFO:colcon.colcon_core.shell:Creating environment descriptor '/home/student/lidar-ws/install/custom/share/custom/hook/pythonpath.dsv'
[0.891s] INFO:colcon.colcon_core.shell:Creating environment hook '/home/student/lidar-ws/install/custom/share/custom/hook/pythonpath.sh'
[0.893s] INFO:colcon.colcon_core.shell:Creating package script '/home/student/lidar-ws/install/custom/share/custom/package.ps1'
[0.893s] INFO:colcon.colcon_core.shell:Creating package descriptor '/home/student/lidar-ws/install/custom/share/custom/package.dsv'
[0.894s] INFO:colcon.colcon_core.shell:Creating package script '/home/student/lidar-ws/install/custom/share/custom/package.sh'
[0.895s] INFO:colcon.colcon_core.shell:Creating package script '/home/student/lidar-ws/install/custom/share/custom/package.bash'
[0.895s] INFO:colcon.colcon_core.shell:Creating package script '/home/student/lidar-ws/install/custom/share/custom/package.zsh'
[0.896s] Level 1:colcon.colcon_core.environment:create_file_with_runtime_dependencies(/home/student/lidar-ws/install/custom/share/colcon-core/packages/custom)
[0.896s] INFO:colcon.colcon_ros.task.ament_cmake.build:Building ROS package in '/home/student/lidar-ws/src/lidar_cpp' with build type 'ament_cmake'
[0.897s] INFO:colcon.colcon_cmake.task.cmake.build:Building CMake package in '/home/student/lidar-ws/src/lidar_cpp'
[0.897s] INFO:colcon.colcon_core.shell:Skip shell extension 'powershell' for command environment: Not usable outside of PowerShell
[0.898s] DEBUG:colcon.colcon_core.shell:Skip shell extension 'dsv' for command environment
[0.903s] DEBUG:colcon.colcon_core.shell:Ignoring prefix path '/opt/ros/galactic'
[0.917s] DEBUG:colcon.colcon_core.event_handler.log_command:Invoking command in '/home/student/lidar-ws/build/lidar_cpp': CMAKE_PREFIX_PATH=/home/student/lidar-ws/install/custom:/home/student/lidar-ws/install/lidar_cpp:/home/student/ws/install/case_bringup:/home/student/ia_ws/install/viz_dynamic:/home/student/ia_ws/install/viz_tools_msgs:/home/student/ia_ws/install/viz_bringup:/home/student/ia_ws/install/ur_script_generator:/home/student/ia_ws/install/ur_script_controller:/home/student/ia_ws/install/ur_tools_msgs:/home/student/ia_ws/install/ur_script_driver:/home/student/ia_ws/install/ur_script_msgs:/home/student/ia_ws/install/ur_description:/home/student/ia_ws/install/ur_bringup:/home/student/ia_ws/install/tf_sms:/home/student/ia_ws/install/tf_bringup:/home/student/ia_ws/install/tf_tools_msgs:/home/student/ia_ws/install/opcua_ros2_bridge:/home/student/ia_ws/install/mp_msgs:/home/student/ws/install/py_ctrl:/home/student/ws/install/case_scenes:/home/student/ia_ws/install/viz_static:/home/student/ia_ws/install/viz_interactive:/home/student/ia_ws/install/ur_setup:/home/student/ia_ws/install/tf_lookup:/home/student/ia_ws/install/tf_broadcast:/home/student/ia_ws/install/tf_scene:/home/student/ia_ws/install/gui_tools:/home/student/ia_ws/install/aruco_handler:/opt/ros/galactic /usr/bin/cmake --build /home/student/lidar-ws/build/lidar_cpp -- -j8 -l8
[10.797s] DEBUG:colcon.colcon_core.event_handler.log_command:Invoked command in '/home/student/lidar-ws/build/lidar_cpp' returned '0': CMAKE_PREFIX_PATH=/home/student/lidar-ws/install/custom:/home/student/lidar-ws/install/lidar_cpp:/home/student/ws/install/case_bringup:/home/student/ia_ws/install/viz_dynamic:/home/student/ia_ws/install/viz_tools_msgs:/home/student/ia_ws/install/viz_bringup:/home/student/ia_ws/install/ur_script_generator:/home/student/ia_ws/install/ur_script_controller:/home/student/ia_ws/install/ur_tools_msgs:/home/student/ia_ws/install/ur_script_driver:/home/student/ia_ws/install/ur_script_msgs:/home/student/ia_ws/install/ur_description:/home/student/ia_ws/install/ur_bringup:/home/student/ia_ws/install/tf_sms:/home/student/ia_ws/install/tf_bringup:/home/student/ia_ws/install/tf_tools_msgs:/home/student/ia_ws/install/opcua_ros2_bridge:/home/student/ia_ws/install/mp_msgs:/home/student/ws/install/py_ctrl:/home/student/ws/install/case_scenes:/home/student/ia_ws/install/viz_static:/home/student/ia_ws/install/viz_interactive:/home/student/ia_ws/install/ur_setup:/home/student/ia_ws/install/tf_lookup:/home/student/ia_ws/install/tf_broadcast:/home/student/ia_ws/install/tf_scene:/home/student/ia_ws/install/gui_tools:/home/student/ia_ws/install/aruco_handler:/opt/ros/galactic /usr/bin/cmake --build /home/student/lidar-ws/build/lidar_cpp -- -j8 -l8
[10.832s] DEBUG:colcon.colcon_core.event_handler.log_command:Invoking command in '/home/student/lidar-ws/build/lidar_cpp': CMAKE_PREFIX_PATH=/home/student/lidar-ws/install/custom:/home/student/lidar-ws/install/lidar_cpp:/home/student/ws/install/case_bringup:/home/student/ia_ws/install/viz_dynamic:/home/student/ia_ws/install/viz_tools_msgs:/home/student/ia_ws/install/viz_bringup:/home/student/ia_ws/install/ur_script_generator:/home/student/ia_ws/install/ur_script_controller:/home/student/ia_ws/install/ur_tools_msgs:/home/student/ia_ws/install/ur_script_driver:/home/student/ia_ws/install/ur_script_msgs:/home/student/ia_ws/install/ur_description:/home/student/ia_ws/install/ur_bringup:/home/student/ia_ws/install/tf_sms:/home/student/ia_ws/install/tf_bringup:/home/student/ia_ws/install/tf_tools_msgs:/home/student/ia_ws/install/opcua_ros2_bridge:/home/student/ia_ws/install/mp_msgs:/home/student/ws/install/py_ctrl:/home/student/ws/install/case_scenes:/home/student/ia_ws/install/viz_static:/home/student/ia_ws/install/viz_interactive:/home/student/ia_ws/install/ur_setup:/home/student/ia_ws/install/tf_lookup:/home/student/ia_ws/install/tf_broadcast:/home/student/ia_ws/install/tf_scene:/home/student/ia_ws/install/gui_tools:/home/student/ia_ws/install/aruco_handler:/opt/ros/galactic /usr/bin/cmake --install /home/student/lidar-ws/build/lidar_cpp
[10.851s] Level 1:colcon.colcon_core.environment:create_environment_scripts_only(lidar_cpp)
[10.852s] Level 1:colcon.colcon_core.environment:checking '/home/student/lidar-ws/install/lidar_cpp' for CMake module files
[10.852s] DEBUG:colcon.colcon_core.event_handler.log_command:Invoked command in '/home/student/lidar-ws/build/lidar_cpp' returned '0': CMAKE_PREFIX_PATH=/home/student/lidar-ws/install/custom:/home/student/lidar-ws/install/lidar_cpp:/home/student/ws/install/case_bringup:/home/student/ia_ws/install/viz_dynamic:/home/student/ia_ws/install/viz_tools_msgs:/home/student/ia_ws/install/viz_bringup:/home/student/ia_ws/install/ur_script_generator:/home/student/ia_ws/install/ur_script_controller:/home/student/ia_ws/install/ur_tools_msgs:/home/student/ia_ws/install/ur_script_driver:/home/student/ia_ws/install/ur_script_msgs:/home/student/ia_ws/install/ur_description:/home/student/ia_ws/install/ur_bringup:/home/student/ia_ws/install/tf_sms:/home/student/ia_ws/install/tf_bringup:/home/student/ia_ws/install/tf_tools_msgs:/home/student/ia_ws/install/opcua_ros2_bridge:/home/student/ia_ws/install/mp_msgs:/home/student/ws/install/py_ctrl:/home/student/ws/install/case_scenes:/home/student/ia_ws/install/viz_static:/home/student/ia_ws/install/viz_interactive:/home/student/ia_ws/install/ur_setup:/home/student/ia_ws/install/tf_lookup:/home/student/ia_ws/install/tf_broadcast:/home/student/ia_ws/install/tf_scene:/home/student/ia_ws/install/gui_tools:/home/student/ia_ws/install/aruco_handler:/opt/ros/galactic /usr/bin/cmake --install /home/student/lidar-ws/build/lidar_cpp
[10.853s] Level 1:colcon.colcon_core.environment:checking '/home/student/lidar-ws/install/lidar_cpp' for CMake config files
[10.853s] Level 1:colcon.colcon_core.shell:create_environment_hook('lidar_cpp', 'cmake_prefix_path')
[10.854s] INFO:colcon.colcon_core.shell:Creating environment hook '/home/student/lidar-ws/install/lidar_cpp/share/lidar_cpp/hook/cmake_prefix_path.ps1'
[10.854s] INFO:colcon.colcon_core.shell:Creating environment descriptor '/home/student/lidar-ws/install/lidar_cpp/share/lidar_cpp/hook/cmake_prefix_path.dsv'
[10.855s] INFO:colcon.colcon_core.shell:Creating environment hook '/home/student/lidar-ws/install/lidar_cpp/share/lidar_cpp/hook/cmake_prefix_path.sh'
[10.855s] Level 1:colcon.colcon_core.environment:checking '/home/student/lidar-ws/install/lidar_cpp/lib'
[10.856s] Level 1:colcon.colcon_core.environment:checking '/home/student/lidar-ws/install/lidar_cpp/bin'
[10.856s] Level 1:colcon.colcon_core.environment:checking '/home/student/lidar-ws/install/lidar_cpp/lib/pkgconfig/lidar_cpp.pc'
[10.856s] Level 1:colcon.colcon_core.environment:checking '/home/student/lidar-ws/install/lidar_cpp/lib/python3.8/site-packages'
[10.857s] INFO:colcon.colcon_core.shell:Creating package script '/home/student/lidar-ws/install/lidar_cpp/share/lidar_cpp/package.ps1'
[10.858s] INFO:colcon.colcon_core.shell:Creating package descriptor '/home/student/lidar-ws/install/lidar_cpp/share/lidar_cpp/package.dsv'
[10.858s] INFO:colcon.colcon_core.shell:Creating package script '/home/student/lidar-ws/install/lidar_cpp/share/lidar_cpp/package.sh'
[10.859s] INFO:colcon.colcon_core.shell:Creating package script '/home/student/lidar-ws/install/lidar_cpp/share/lidar_cpp/package.bash'
[10.859s] INFO:colcon.colcon_core.shell:Creating package script '/home/student/lidar-ws/install/lidar_cpp/share/lidar_cpp/package.zsh'
[10.859s] Level 1:colcon.colcon_core.environment:create_file_with_runtime_dependencies(/home/student/lidar-ws/install/lidar_cpp/share/colcon-core/packages/lidar_cpp)
[10.890s] Level 1:colcon.colcon_core.environment:create_environment_scripts_only(lidar_cpp)
[10.891s] Level 1:colcon.colcon_core.environment:checking '/home/student/lidar-ws/install/lidar_cpp' for CMake module files
[10.892s] Level 1:colcon.colcon_core.environment:checking '/home/student/lidar-ws/install/lidar_cpp' for CMake config files
[10.892s] Level 1:colcon.colcon_core.shell:create_environment_hook('lidar_cpp', 'cmake_prefix_path')
[10.893s] INFO:colcon.colcon_core.shell:Creating environment hook '/home/student/lidar-ws/install/lidar_cpp/share/lidar_cpp/hook/cmake_prefix_path.ps1'
[10.893s] INFO:colcon.colcon_core.shell:Creating environment descriptor '/home/student/lidar-ws/install/lidar_cpp/share/lidar_cpp/hook/cmake_prefix_path.dsv'
[10.893s] INFO:colcon.colcon_core.shell:Creating environment hook '/home/student/lidar-ws/install/lidar_cpp/share/lidar_cpp/hook/cmake_prefix_path.sh'
[10.894s] Level 1:colcon.colcon_core.environment:checking '/home/student/lidar-ws/install/lidar_cpp/lib'
[10.894s] Level 1:colcon.colcon_core.environment:checking '/home/student/lidar-ws/install/lidar_cpp/bin'
[10.894s] Level 1:colcon.colcon_core.environment:checking '/home/student/lidar-ws/install/lidar_cpp/lib/pkgconfig/lidar_cpp.pc'
[10.894s] Level 1:colcon.colcon_core.environment:checking '/home/student/lidar-ws/install/lidar_cpp/lib/python3.8/site-packages'
[10.895s] INFO:colcon.colcon_core.shell:Creating package script '/home/student/lidar-ws/install/lidar_cpp/share/lidar_cpp/package.ps1'
[10.895s] INFO:colcon.colcon_core.shell:Creating package descriptor '/home/student/lidar-ws/install/lidar_cpp/share/lidar_cpp/package.dsv'
[10.896s] INFO:colcon.colcon_core.shell:Creating package script '/home/student/lidar-ws/install/lidar_cpp/share/lidar_cpp/package.sh'
[10.896s] INFO:colcon.colcon_core.shell:Creating package script '/home/student/lidar-ws/install/lidar_cpp/share/lidar_cpp/package.bash'
[10.896s] INFO:colcon.colcon_core.shell:Creating package script '/home/student/lidar-ws/install/lidar_cpp/share/lidar_cpp/package.zsh'
[10.897s] Level 1:colcon.colcon_core.environment:create_file_with_runtime_dependencies(/home/student/lidar-ws/install/lidar_cpp/share/colcon-core/packages/lidar_cpp)
[10.897s] DEBUG:colcon.colcon_parallel_executor.executor.parallel:closing loop
[10.897s] DEBUG:colcon.colcon_parallel_executor.executor.parallel:loop closed
[10.897s] DEBUG:colcon.colcon_parallel_executor.executor.parallel:run_until_complete finished with '0'
[10.898s] DEBUG:colcon.colcon_core.event_reactor:joining thread
[10.905s] INFO:colcon.colcon_core.plugin_system:Skipping extension 'colcon_notification.desktop_notification.terminal_notifier': Not used on non-Darwin systems
[10.905s] INFO:colcon.colcon_core.plugin_system:Skipping extension 'colcon_notification.desktop_notification.win32': Not used on non-Windows systems
[10.906s] INFO:colcon.colcon_notification.desktop_notification:Sending desktop notification using 'notify2'
[10.919s] DEBUG:colcon.colcon_core.event_reactor:joined thread
[10.920s] INFO:colcon.colcon_core.shell:Creating prefix script '/home/student/lidar-ws/install/local_setup.ps1'
[10.921s] INFO:colcon.colcon_core.shell:Creating prefix util module '/home/student/lidar-ws/install/_local_setup_util_ps1.py'
[10.922s] INFO:colcon.colcon_core.shell:Creating prefix chain script '/home/student/lidar-ws/install/setup.ps1'
[10.928s] INFO:colcon.colcon_core.shell:Creating prefix script '/home/student/lidar-ws/install/local_setup.sh'
[10.929s] INFO:colcon.colcon_core.shell:Creating prefix util module '/home/student/lidar-ws/install/_local_setup_util_sh.py'
[10.929s] INFO:colcon.colcon_core.shell:Creating prefix chain script '/home/student/lidar-ws/install/setup.sh'
[10.933s] INFO:colcon.colcon_core.shell:Creating prefix script '/home/student/lidar-ws/install/local_setup.bash'
[10.933s] INFO:colcon.colcon_core.shell:Creating prefix chain script '/home/student/lidar-ws/install/setup.bash'
[10.937s] INFO:colcon.colcon_core.shell:Creating prefix script '/home/student/lidar-ws/install/local_setup.zsh'
[10.938s] INFO:colcon.colcon_core.shell:Creating prefix chain script '/home/student/lidar-ws/install/setup.zsh'
