[0.019s] Invoking command in '/home/student/lidar-ws/build/lidar_cpp': CMAKE_PREFIX_PATH=${CMAKE_PREFIX_PATH}:/home/student/ws/install/py_ctrl:/home/student/ws/install/case_scenes:/home/student/ia_ws/install/viz_static:/home/student/ia_ws/install/viz_interactive:/home/student/ia_ws/install/ur_setup:/home/student/ia_ws/install/tf_lookup:/home/student/ia_ws/install/tf_broadcast:/home/student/ia_ws/install/tf_scene:/home/student/ia_ws/install/gui_tools:/home/student/ia_ws/install/aruco_handler:/opt/ros/galactic /usr/bin/cmake --build /home/student/lidar-ws/build/lidar_cpp -- -j8 -l8
[0.061s] -- Found ament_cmake: 1.1.4 (/opt/ros/galactic/share/ament_cmake/cmake)
[0.092s] -- Found PythonInterp: /usr/bin/python3 (found suitable version "3.8.10", minimum required is "3") 
[0.092s] -- Using PYTHON_EXECUTABLE: /usr/bin/python3
[0.178s] -- Found rclcpp: 9.2.0 (/opt/ros/galactic/share/rclcpp/cmake)
[0.227s] -- Using all available rosidl_typesupport_c: rosidl_typesupport_fastrtps_c;rosidl_typesupport_introspection_c
[0.232s] -- Found rosidl_adapter: 2.2.1 (/opt/ros/galactic/share/rosidl_adapter/cmake)
[0.363s] -- Using all available rosidl_typesupport_cpp: rosidl_typesupport_fastrtps_cpp;rosidl_typesupport_introspection_cpp
[0.414s] -- Found rmw_implementation_cmake: 3.3.1 (/opt/ros/galactic/share/rmw_implementation_cmake/cmake)
[0.418s] -- Found rmw_cyclonedds_cpp: 0.22.3 (/opt/ros/galactic/share/rmw_cyclonedds_cpp/cmake)
[0.445s] -- Using RMW implementation 'rmw_cyclonedds_cpp' as default
[0.589s] -- Found sensor_msgs: 2.2.3 (/opt/ros/galactic/share/sensor_msgs/cmake)
[0.717s] -- Eigen found (include: /usr/include/eigen3, version: 3.3.7)
[0.813s] -- The imported target "vtkParseOGLExt" references the file
[0.814s]    "/usr/bin/vtkParseOGLExt-7.1"
[0.814s] but this file does not exist.  Possible reasons include:
[0.814s] * The file was deleted, renamed, or moved to another location.
[0.814s] * An install or uninstall procedure did not complete successfully.
[0.814s] * The installation package was faulty and contained
[0.814s]    "/usr/lib/cmake/vtk-7.1/VTKTargets.cmake"
[0.814s] but not all the files it references.
[0.814s] 
[0.814s] -- The imported target "vtkRenderingPythonTkWidgets" references the file
[0.815s]    "/usr/lib/x86_64-linux-gnu/libvtkRenderingPythonTkWidgets.so"
[0.815s] but this file does not exist.  Possible reasons include:
[0.815s] * The file was deleted, renamed, or moved to another location.
[0.815s] * An install or uninstall procedure did not complete successfully.
[0.815s] * The installation package was faulty and contained
[0.815s]    "/usr/lib/cmake/vtk-7.1/VTKTargets.cmake"
[0.815s] but not all the files it references.
[0.815s] 
[0.816s] -- The imported target "vtk" references the file
[0.816s]    "/usr/bin/vtk"
[0.816s] but this file does not exist.  Possible reasons include:
[0.816s] * The file was deleted, renamed, or moved to another location.
[0.816s] * An install or uninstall procedure did not complete successfully.
[0.816s] * The installation package was faulty and contained
[0.816s]    "/usr/lib/cmake/vtk-7.1/VTKTargets.cmake"
[0.816s] but not all the files it references.
[0.816s] 
[0.816s] -- The imported target "pvtk" references the file
[0.817s]    "/usr/bin/pvtk"
[0.817s] but this file does not exist.  Possible reasons include:
[0.817s] * The file was deleted, renamed, or moved to another location.
[0.817s] * An install or uninstall procedure did not complete successfully.
[0.817s] * The installation package was faulty and contained
[0.817s]    "/usr/lib/cmake/vtk-7.1/VTKTargets.cmake"
[0.817s] but not all the files it references.
[0.817s] 
[0.841s] -- Checking for module 'libusb-1.0'
[0.845s] --   No package 'libusb-1.0' found
[0.849s] -- Could NOT find USB_10 (missing: USB_10_LIBRARY USB_10_INCLUDE_DIR) 
[0.849s] -- OpenNI disabled because libusb-1.0 not found.
[0.850s] ** WARNING ** io features related to openni will be disabled
[0.854s] -- Checking for module 'libusb-1.0'
[0.858s] --   No package 'libusb-1.0' found
[0.863s] -- Could NOT find USB_10 (missing: USB_10_LIBRARY USB_10_INCLUDE_DIR) 
[0.863s] -- OpenNI 2 disabled because libusb-1.0 not found.
[0.863s] ** WARNING ** io features related to openni2 will be disabled
[0.863s] ** WARNING ** io features related to pcap will be disabled
[0.864s] ** WARNING ** io features related to png will be disabled
[0.879s] -- LIBUSB_1_LIBRARY (missing: LIBUSB_1_INCLUDE_DIR) 
[0.879s] ** WARNING ** io features related to libusb-1.0 will be disabled
[0.883s] -- Checking for module 'libusb-1.0'
[0.886s] --   No package 'libusb-1.0' found
[0.890s] -- Could NOT find USB_10 (missing: USB_10_LIBRARY USB_10_INCLUDE_DIR) 
[0.890s] -- OpenNI disabled because libusb-1.0 not found.
[0.890s] ** WARNING ** visualization features related to openni will be disabled
[0.895s] -- Checking for module 'libusb-1.0'
[0.899s] --   No package 'libusb-1.0' found
[0.903s] -- Could NOT find USB_10 (missing: USB_10_LIBRARY USB_10_INCLUDE_DIR) 
[0.903s] -- OpenNI 2 disabled because libusb-1.0 not found.
[0.904s] ** WARNING ** visualization features related to openni2 will be disabled
[0.922s] -- QHULL found (include: /usr/include, lib: optimized;/usr/lib/x86_64-linux-gnu/libqhull.so;debug;/usr/lib/x86_64-linux-gnu/libqhull.so)
[0.927s] -- Checking for module 'libusb-1.0'
[0.931s] --   No package 'libusb-1.0' found
[0.936s] -- Could NOT find USB_10 (missing: USB_10_LIBRARY USB_10_INCLUDE_DIR) 
[0.937s] -- OpenNI disabled because libusb-1.0 not found.
[0.937s] ** WARNING ** apps features related to openni will be disabled
[0.952s] -- looking for PCL_COMMON
[0.953s] -- looking for PCL_KDTREE
[0.953s] -- looking for PCL_OCTREE
[0.954s] -- looking for PCL_SEARCH
[0.955s] -- looking for PCL_SAMPLE_CONSENSUS
[0.955s] -- looking for PCL_FILTERS
[0.956s] -- looking for PCL_2D
[0.957s] -- looking for PCL_GEOMETRY
[0.957s] -- looking for PCL_IO
[0.958s] -- looking for PCL_FEATURES
[0.958s] -- looking for PCL_ML
[0.959s] -- looking for PCL_SEGMENTATION
[0.960s] -- looking for PCL_VISUALIZATION
[0.960s] -- looking for PCL_SURFACE
[0.961s] -- looking for PCL_REGISTRATION
[0.962s] -- looking for PCL_KEYPOINTS
[0.962s] -- looking for PCL_TRACKING
[0.963s] -- looking for PCL_RECOGNITION
[0.964s] -- looking for PCL_STEREO
[0.965s] -- looking for PCL_APPS
[0.966s] -- looking for PCL_IN_HAND_SCANNER
[0.966s] -- looking for PCL_POINT_CLOUD_EDITOR
[0.967s] -- looking for PCL_OUTOFCORE
[0.968s] -- looking for PCL_PEOPLE
[0.970s] -- Found rosidl_default_generators: 1.1.1 (/opt/ros/galactic/share/rosidl_default_generators/cmake)
[1.008s] -- Found PythonInterp: /usr/bin/python3 (found version "3.8.10") 
[1.158s] -- Found ament_cmake_ros: 0.9.2 (/opt/ros/galactic/share/ament_cmake_ros/cmake)
[1.267s] -- Using all available rosidl_typesupport_c: rosidl_typesupport_fastrtps_c;rosidl_typesupport_introspection_c
[1.276s] -- Using all available rosidl_typesupport_cpp: rosidl_typesupport_fastrtps_cpp;rosidl_typesupport_introspection_cpp
[1.307s] -- Found PythonInterp: /usr/bin/python3 (found suitable version "3.8.10", minimum required is "3.5") 
[1.307s] -- Found python_cmake_module: 0.8.1 (/opt/ros/galactic/share/python_cmake_module/cmake)
[1.340s] -- Using PYTHON_EXECUTABLE: /usr/bin/python3
[1.340s] -- Using PYTHON_INCLUDE_DIRS: /usr/include/python3.8
[1.340s] -- Using PYTHON_LIBRARIES: /usr/lib/x86_64-linux-gnu/libpython3.8.so
[1.372s] CMake Error at CMakeLists.txt:38 (target_link_libraries):
[1.372s]   Cannot specify link libraries for target "lidar" which is not built by this
[1.372s]   project.
[1.373s] 
[1.373s] 
[1.375s] -- Configuring incomplete, errors occurred!
[1.375s] See also "/home/student/lidar-ws/build/lidar_cpp/CMakeFiles/CMakeOutput.log".
[1.375s] See also "/home/student/lidar-ws/build/lidar_cpp/CMakeFiles/CMakeError.log".
[1.384s] make: *** [Makefile:836: cmake_check_build_system] Error 1
[1.386s] Invoked command in '/home/student/lidar-ws/build/lidar_cpp' returned '2': CMAKE_PREFIX_PATH=${CMAKE_PREFIX_PATH}:/home/student/ws/install/py_ctrl:/home/student/ws/install/case_scenes:/home/student/ia_ws/install/viz_static:/home/student/ia_ws/install/viz_interactive:/home/student/ia_ws/install/ur_setup:/home/student/ia_ws/install/tf_lookup:/home/student/ia_ws/install/tf_broadcast:/home/student/ia_ws/install/tf_scene:/home/student/ia_ws/install/gui_tools:/home/student/ia_ws/install/aruco_handler:/opt/ros/galactic /usr/bin/cmake --build /home/student/lidar-ws/build/lidar_cpp -- -j8 -l8
