[0.018s] Invoking command in '/home/student/lidar-ws/build/lidar_cpp': CMAKE_PREFIX_PATH=${CMAKE_PREFIX_PATH}:/home/student/ws/install/py_ctrl:/home/student/ws/install/case_scenes:/home/student/ia_ws/install/viz_static:/home/student/ia_ws/install/viz_interactive:/home/student/ia_ws/install/ur_setup:/home/student/ia_ws/install/tf_lookup:/home/student/ia_ws/install/tf_broadcast:/home/student/ia_ws/install/tf_scene:/home/student/ia_ws/install/gui_tools:/home/student/ia_ws/install/aruco_handler:/opt/ros/galactic /usr/bin/cmake --build /home/student/lidar-ws/build/lidar_cpp -- -j8 -l8
[0.059s] -- Found ament_cmake: 1.1.4 (/opt/ros/galactic/share/ament_cmake/cmake)
[0.090s] -- Found PythonInterp: /usr/bin/python3 (found suitable version "3.8.10", minimum required is "3") 
[0.090s] -- Using PYTHON_EXECUTABLE: /usr/bin/python3
[0.175s] -- Found rclcpp: 9.2.0 (/opt/ros/galactic/share/rclcpp/cmake)
[0.212s] -- Using all available rosidl_typesupport_c: rosidl_typesupport_fastrtps_c;rosidl_typesupport_introspection_c
[0.217s] -- Found rosidl_adapter: 2.2.1 (/opt/ros/galactic/share/rosidl_adapter/cmake)
[0.347s] -- Using all available rosidl_typesupport_cpp: rosidl_typesupport_fastrtps_cpp;rosidl_typesupport_introspection_cpp
[0.394s] -- Found rmw_implementation_cmake: 3.3.1 (/opt/ros/galactic/share/rmw_implementation_cmake/cmake)
[0.397s] -- Found rmw_cyclonedds_cpp: 0.22.3 (/opt/ros/galactic/share/rmw_cyclonedds_cpp/cmake)
[0.418s] -- Using RMW implementation 'rmw_cyclonedds_cpp' as default
[0.555s] -- Found sensor_msgs: 2.2.3 (/opt/ros/galactic/share/sensor_msgs/cmake)
[0.679s] -- Eigen found (include: /usr/include/eigen3, version: 3.3.7)
[0.773s] -- The imported target "vtkParseOGLExt" references the file
[0.774s]    "/usr/bin/vtkParseOGLExt-7.1"
[0.774s] but this file does not exist.  Possible reasons include:
[0.774s] * The file was deleted, renamed, or moved to another location.
[0.774s] * An install or uninstall procedure did not complete successfully.
[0.774s] * The installation package was faulty and contained
[0.774s]    "/usr/lib/cmake/vtk-7.1/VTKTargets.cmake"
[0.774s] but not all the files it references.
[0.774s] 
[0.774s] -- The imported target "vtkRenderingPythonTkWidgets" references the file
[0.774s]    "/usr/lib/x86_64-linux-gnu/libvtkRenderingPythonTkWidgets.so"
[0.775s] but this file does not exist.  Possible reasons include:
[0.775s] * The file was deleted, renamed, or moved to another location.
[0.775s] * An install or uninstall procedure did not complete successfully.
[0.775s] * The installation package was faulty and contained
[0.775s]    "/usr/lib/cmake/vtk-7.1/VTKTargets.cmake"
[0.775s] but not all the files it references.
[0.775s] 
[0.775s] -- The imported target "vtk" references the file
[0.775s]    "/usr/bin/vtk"
[0.775s] but this file does not exist.  Possible reasons include:
[0.776s] * The file was deleted, renamed, or moved to another location.
[0.776s] * An install or uninstall procedure did not complete successfully.
[0.776s] * The installation package was faulty and contained
[0.776s]    "/usr/lib/cmake/vtk-7.1/VTKTargets.cmake"
[0.776s] but not all the files it references.
[0.776s] 
[0.776s] -- The imported target "pvtk" references the file
[0.776s]    "/usr/bin/pvtk"
[0.776s] but this file does not exist.  Possible reasons include:
[0.776s] * The file was deleted, renamed, or moved to another location.
[0.776s] * An install or uninstall procedure did not complete successfully.
[0.776s] * The installation package was faulty and contained
[0.776s]    "/usr/lib/cmake/vtk-7.1/VTKTargets.cmake"
[0.776s] but not all the files it references.
[0.776s] 
[0.794s] -- Checking for module 'libusb-1.0'
[0.797s] --   No package 'libusb-1.0' found
[0.802s] -- Could NOT find USB_10 (missing: USB_10_LIBRARY USB_10_INCLUDE_DIR) 
[0.802s] -- OpenNI disabled because libusb-1.0 not found.
[0.802s] ** WARNING ** io features related to openni will be disabled
[0.809s] -- Checking for module 'libusb-1.0'
[0.813s] --   No package 'libusb-1.0' found
[0.819s] -- Could NOT find USB_10 (missing: USB_10_LIBRARY USB_10_INCLUDE_DIR) 
[0.819s] -- OpenNI 2 disabled because libusb-1.0 not found.
[0.819s] ** WARNING ** io features related to openni2 will be disabled
[0.819s] ** WARNING ** io features related to pcap will be disabled
[0.820s] ** WARNING ** io features related to png will be disabled
[0.838s] -- LIBUSB_1_LIBRARY (missing: LIBUSB_1_INCLUDE_DIR) 
[0.838s] ** WARNING ** io features related to libusb-1.0 will be disabled
[0.843s] -- Checking for module 'libusb-1.0'
[0.847s] --   No package 'libusb-1.0' found
[0.852s] -- Could NOT find USB_10 (missing: USB_10_LIBRARY USB_10_INCLUDE_DIR) 
[0.853s] -- OpenNI disabled because libusb-1.0 not found.
[0.853s] ** WARNING ** visualization features related to openni will be disabled
[0.859s] -- Checking for module 'libusb-1.0'
[0.862s] --   No package 'libusb-1.0' found
[0.866s] -- Could NOT find USB_10 (missing: USB_10_LIBRARY USB_10_INCLUDE_DIR) 
[0.866s] -- OpenNI 2 disabled because libusb-1.0 not found.
[0.867s] ** WARNING ** visualization features related to openni2 will be disabled
[0.879s] -- QHULL found (include: /usr/include, lib: optimized;/usr/lib/x86_64-linux-gnu/libqhull.so;debug;/usr/lib/x86_64-linux-gnu/libqhull.so)
[0.883s] -- Checking for module 'libusb-1.0'
[0.887s] --   No package 'libusb-1.0' found
[0.891s] -- Could NOT find USB_10 (missing: USB_10_LIBRARY USB_10_INCLUDE_DIR) 
[0.891s] -- OpenNI disabled because libusb-1.0 not found.
[0.891s] ** WARNING ** apps features related to openni will be disabled
[0.903s] -- looking for PCL_COMMON
[0.904s] -- looking for PCL_KDTREE
[0.904s] -- looking for PCL_OCTREE
[0.905s] -- looking for PCL_SEARCH
[0.906s] -- looking for PCL_SAMPLE_CONSENSUS
[0.907s] -- looking for PCL_FILTERS
[0.907s] -- looking for PCL_2D
[0.908s] -- looking for PCL_GEOMETRY
[0.908s] -- looking for PCL_IO
[0.909s] -- looking for PCL_FEATURES
[0.910s] -- looking for PCL_ML
[0.911s] -- looking for PCL_SEGMENTATION
[0.912s] -- looking for PCL_VISUALIZATION
[0.913s] -- looking for PCL_SURFACE
[0.913s] -- looking for PCL_REGISTRATION
[0.914s] -- looking for PCL_KEYPOINTS
[0.915s] -- looking for PCL_TRACKING
[0.916s] -- looking for PCL_RECOGNITION
[0.917s] -- looking for PCL_STEREO
[0.918s] -- looking for PCL_APPS
[0.919s] -- looking for PCL_IN_HAND_SCANNER
[0.920s] -- looking for PCL_POINT_CLOUD_EDITOR
[0.921s] -- looking for PCL_OUTOFCORE
[0.921s] -- looking for PCL_PEOPLE
[0.924s] -- Found rosidl_default_generators: 1.1.1 (/opt/ros/galactic/share/rosidl_default_generators/cmake)
[0.965s] -- Found PythonInterp: /usr/bin/python3 (found version "3.8.10") 
[1.102s] -- Found ament_cmake_ros: 0.9.2 (/opt/ros/galactic/share/ament_cmake_ros/cmake)
[1.224s] -- Using all available rosidl_typesupport_c: rosidl_typesupport_fastrtps_c;rosidl_typesupport_introspection_c
[1.237s] -- Using all available rosidl_typesupport_cpp: rosidl_typesupport_fastrtps_cpp;rosidl_typesupport_introspection_cpp
[1.266s] -- Found PythonInterp: /usr/bin/python3 (found suitable version "3.8.10", minimum required is "3.5") 
[1.267s] -- Found python_cmake_module: 0.8.1 (/opt/ros/galactic/share/python_cmake_module/cmake)
[1.295s] -- Using PYTHON_EXECUTABLE: /usr/bin/python3
[1.295s] -- Using PYTHON_INCLUDE_DIRS: /usr/include/python3.8
[1.295s] -- Using PYTHON_LIBRARIES: /usr/lib/x86_64-linux-gnu/libpython3.8.so
[1.334s] -- Found ament_lint_auto: 0.10.6 (/opt/ros/galactic/share/ament_lint_auto/cmake)
[1.345s] -- Added test 'copyright' to check source files copyright and LICENSE
[1.346s] -- Added test 'cppcheck' to perform static code analysis on C / C++ code
[1.348s] -- Configured cppcheck include dirs: /home/student/lidar-ws/src/lidar_cpp/include
[1.348s] -- Configured cppcheck exclude dirs and/or files: 
[1.349s] -- Added test 'cpplint' to check C / C++ code against the Google style
[1.349s] -- Configured cpplint exclude dirs and/or files: 
[1.349s] -- Added test 'lint_cmake' to check CMake code style
[1.350s] -- Added test 'uncrustify' to check C / C++ code style
[1.350s] -- Configured uncrustify additional arguments: 
[1.350s] -- Added test 'xmllint' to check XML markup files
[1.355s] -- Configuring done
[1.416s] -- Generating done
[1.422s] -- Build files have been written to: /home/student/lidar-ws/build/lidar_cpp
[1.461s] [35m[1mScanning dependencies of target lidar_cpp__rosidl_generator_c[0m
[1.463s] [35m[1mScanning dependencies of target lidar[0m
[1.472s] [  3%] Built target lidar_cpp__cpp
[1.472s] [  6%] [32mBuilding C object CMakeFiles/lidar_cpp__rosidl_generator_c.dir/rosidl_generator_c/lidar_cpp/srv/detail/lidar_service__functions.c.o[0m
[1.483s] [35m[1mScanning dependencies of target lidar_cpp__rosidl_typesupport_cpp[0m
[1.483s] [35m[1mScanning dependencies of target lidar_cpp__rosidl_typesupport_fastrtps_cpp[0m
[1.486s] [35m[1mScanning dependencies of target lidar_cpp__rosidl_typesupport_introspection_cpp[0m
[1.493s] [  9%] [32mBuilding CXX object CMakeFiles/lidar.dir/src/lidar_publisher.cpp.o[0m
[1.499s] [ 15%] [32mBuilding CXX object CMakeFiles/lidar_cpp__rosidl_typesupport_cpp.dir/rosidl_typesupport_cpp/lidar_cpp/srv/lidar_service__type_support.cpp.o[0m
[1.499s] [ 15%] [32mBuilding CXX object CMakeFiles/lidar_cpp__rosidl_typesupport_introspection_cpp.dir/rosidl_typesupport_introspection_cpp/lidar_cpp/srv/detail/lidar_service__type_support.cpp.o[0m
[1.499s] [ 18%] [32mBuilding CXX object CMakeFiles/lidar_cpp__rosidl_typesupport_fastrtps_cpp.dir/rosidl_typesupport_fastrtps_cpp/lidar_cpp/srv/detail/dds_fastrtps/lidar_service__type_support.cpp.o[0m
[1.525s] [ 21%] [32m[1mLinking C shared library liblidar_cpp__rosidl_generator_c.so[0m
[1.567s] [ 24%] Built target lidar_cpp__rosidl_generator_c
[1.578s] [35m[1mScanning dependencies of target lidar_cpp__rosidl_typesupport_c[0m
[1.582s] [35m[1mScanning dependencies of target lidar_cpp__rosidl_typesupport_introspection_c[0m
[1.590s] [ 27%] [32mBuilding CXX object CMakeFiles/lidar_cpp__rosidl_typesupport_c.dir/rosidl_typesupport_c/lidar_cpp/srv/lidar_service__type_support.cpp.o[0m
[1.602s] [ 30%] [32mBuilding C object CMakeFiles/lidar_cpp__rosidl_typesupport_introspection_c.dir/rosidl_typesupport_introspection_c/lidar_cpp/srv/detail/lidar_service__type_support.c.o[0m
[1.641s] [ 33%] [32m[1mLinking CXX shared library liblidar_cpp__rosidl_typesupport_c.so[0m
[1.663s] [ 36%] [32m[1mLinking C shared library liblidar_cpp__rosidl_typesupport_introspection_c.so[0m
[1.688s] [ 39%] Built target lidar_cpp__rosidl_typesupport_c
[1.705s] [ 42%] Built target lidar_cpp__rosidl_typesupport_introspection_c
[1.846s] [ 45%] [32m[1mLinking CXX shared library liblidar_cpp__rosidl_typesupport_cpp.so[0m
[1.865s] [ 48%] [32m[1mLinking CXX shared library liblidar_cpp__rosidl_typesupport_introspection_cpp.so[0m
[1.888s] [ 51%] Built target lidar_cpp__rosidl_typesupport_cpp
[1.939s] [ 54%] Built target lidar_cpp__rosidl_typesupport_introspection_cpp
[2.093s] [ 57%] [32m[1mLinking CXX shared library liblidar_cpp__rosidl_typesupport_fastrtps_cpp.so[0m
[2.188s] [ 60%] Built target lidar_cpp__rosidl_typesupport_fastrtps_cpp
[2.199s] [35m[1mScanning dependencies of target lidar_cpp__rosidl_typesupport_fastrtps_c[0m
[2.215s] [ 63%] [32mBuilding CXX object CMakeFiles/lidar_cpp__rosidl_typesupport_fastrtps_c.dir/rosidl_typesupport_fastrtps_c/lidar_cpp/srv/detail/lidar_service__type_support_c.cpp.o[0m
[2.574s] [ 66%] [32m[1mLinking CXX shared library liblidar_cpp__rosidl_typesupport_fastrtps_c.so[0m
[2.670s] [ 69%] Built target lidar_cpp__rosidl_typesupport_fastrtps_c
[2.690s] [ 69%] Built target lidar_cpp
[2.713s] [ 72%] Built target lidar_cpp__py
[2.726s] [35m[1mScanning dependencies of target lidar_cpp__python[0m
[2.750s] [ 75%] [32mBuilding C object CMakeFiles/lidar_cpp__python.dir/rosidl_generator_py/lidar_cpp/srv/_lidar_service_s.c.o[0m
[2.843s] [ 78%] [32m[1mLinking C shared library rosidl_generator_py/lidar_cpp/liblidar_cpp__python.so[0m
[2.882s] [ 78%] Built target lidar_cpp__python
[2.892s] [35m[1mScanning dependencies of target lidar_cpp__rosidl_typesupport_fastrtps_c__pyext[0m
[2.892s] [35m[1mScanning dependencies of target lidar_cpp__rosidl_typesupport_c__pyext[0m
[2.892s] [35m[1mScanning dependencies of target lidar_cpp__rosidl_typesupport_introspection_c__pyext[0m
[2.913s] [ 84%] [32mBuilding C object CMakeFiles/lidar_cpp__rosidl_typesupport_introspection_c__pyext.dir/rosidl_generator_py/lidar_cpp/_lidar_cpp_s.ep.rosidl_typesupport_introspection_c.c.o[0m
[2.913s] [ 84%] [32mBuilding C object CMakeFiles/lidar_cpp__rosidl_typesupport_c__pyext.dir/rosidl_generator_py/lidar_cpp/_lidar_cpp_s.ep.rosidl_typesupport_c.c.o[0m
[2.916s] [ 87%] [32mBuilding C object CMakeFiles/lidar_cpp__rosidl_typesupport_fastrtps_c__pyext.dir/rosidl_generator_py/lidar_cpp/_lidar_cpp_s.ep.rosidl_typesupport_fastrtps_c.c.o[0m
[3.000s] [ 90%] [32m[1mLinking C shared library rosidl_generator_py/lidar_cpp/lidar_cpp_s__rosidl_typesupport_c.cpython-38-x86_64-linux-gnu.so[0m
[3.007s] [ 93%] [32m[1mLinking CXX shared library rosidl_generator_py/lidar_cpp/lidar_cpp_s__rosidl_typesupport_fastrtps_c.cpython-38-x86_64-linux-gnu.so[0m
[3.039s] [ 93%] Built target lidar_cpp__rosidl_typesupport_c__pyext
[3.040s] [ 96%] [32m[1mLinking C shared library rosidl_generator_py/lidar_cpp/lidar_cpp_s__rosidl_typesupport_introspection_c.cpython-38-x86_64-linux-gnu.so[0m
[3.077s] [ 96%] Built target lidar_cpp__rosidl_typesupport_introspection_c__pyext
[3.077s] [ 96%] Built target lidar_cpp__rosidl_typesupport_fastrtps_c__pyext
[11.160s] [100%] [32m[1mLinking CXX executable lidar[0m
[11.957s] [100%] Built target lidar
[11.971s] Invoked command in '/home/student/lidar-ws/build/lidar_cpp' returned '0': CMAKE_PREFIX_PATH=${CMAKE_PREFIX_PATH}:/home/student/ws/install/py_ctrl:/home/student/ws/install/case_scenes:/home/student/ia_ws/install/viz_static:/home/student/ia_ws/install/viz_interactive:/home/student/ia_ws/install/ur_setup:/home/student/ia_ws/install/tf_lookup:/home/student/ia_ws/install/tf_broadcast:/home/student/ia_ws/install/tf_scene:/home/student/ia_ws/install/gui_tools:/home/student/ia_ws/install/aruco_handler:/opt/ros/galactic /usr/bin/cmake --build /home/student/lidar-ws/build/lidar_cpp -- -j8 -l8
[12.067s] Invoking command in '/home/student/lidar-ws/build/lidar_cpp': CMAKE_PREFIX_PATH=${CMAKE_PREFIX_PATH}:/home/student/ws/install/py_ctrl:/home/student/ws/install/case_scenes:/home/student/ia_ws/install/viz_static:/home/student/ia_ws/install/viz_interactive:/home/student/ia_ws/install/ur_setup:/home/student/ia_ws/install/tf_lookup:/home/student/ia_ws/install/tf_broadcast:/home/student/ia_ws/install/tf_scene:/home/student/ia_ws/install/gui_tools:/home/student/ia_ws/install/aruco_handler:/opt/ros/galactic /usr/bin/cmake --install /home/student/lidar-ws/build/lidar_cpp
[12.079s] -- Install configuration: ""
[12.079s] -- Installing: /home/student/lidar-ws/install/lidar_cpp/share/ament_index/resource_index/rosidl_interfaces/lidar_cpp
[12.079s] -- Installing: /home/student/lidar-ws/install/lidar_cpp/include/lidar_cpp
[12.079s] -- Installing: /home/student/lidar-ws/install/lidar_cpp/include/lidar_cpp/srv
[12.080s] -- Installing: /home/student/lidar-ws/install/lidar_cpp/include/lidar_cpp/srv/lidar_service.h
[12.080s] -- Installing: /home/student/lidar-ws/install/lidar_cpp/include/lidar_cpp/srv/detail
[12.080s] -- Installing: /home/student/lidar-ws/install/lidar_cpp/include/lidar_cpp/srv/detail/lidar_service__functions.h
[12.080s] -- Installing: /home/student/lidar-ws/install/lidar_cpp/include/lidar_cpp/srv/detail/lidar_service__functions.c
[12.080s] -- Installing: /home/student/lidar-ws/install/lidar_cpp/include/lidar_cpp/srv/detail/lidar_service__struct.h
[12.080s] -- Installing: /home/student/lidar-ws/install/lidar_cpp/include/lidar_cpp/srv/detail/lidar_service__type_support.h
[12.081s] -- Installing: /home/student/lidar-ws/install/lidar_cpp/include/lidar_cpp/msg
[12.081s] -- Installing: /home/student/lidar-ws/install/lidar_cpp/include/lidar_cpp/msg/rosidl_generator_c__visibility_control.h
[12.081s] -- Installing: /home/student/lidar-ws/install/lidar_cpp/share/lidar_cpp/environment/library_path.sh
[12.081s] -- Installing: /home/student/lidar-ws/install/lidar_cpp/share/lidar_cpp/environment/library_path.dsv
[12.081s] -- Installing: /home/student/lidar-ws/install/lidar_cpp/lib/liblidar_cpp__rosidl_generator_c.so
[12.082s] -- Set runtime path of "/home/student/lidar-ws/install/lidar_cpp/lib/liblidar_cpp__rosidl_generator_c.so" to ""
[12.082s] -- Up-to-date: /home/student/lidar-ws/install/lidar_cpp/include/lidar_cpp
[12.082s] -- Up-to-date: /home/student/lidar-ws/install/lidar_cpp/include/lidar_cpp/srv
[12.082s] -- Up-to-date: /home/student/lidar-ws/install/lidar_cpp/include/lidar_cpp/srv/detail
[12.083s] -- Installing: /home/student/lidar-ws/install/lidar_cpp/include/lidar_cpp/srv/detail/lidar_service__rosidl_typesupport_fastrtps_c.h
[12.083s] -- Up-to-date: /home/student/lidar-ws/install/lidar_cpp/include/lidar_cpp/msg
[12.083s] -- Installing: /home/student/lidar-ws/install/lidar_cpp/include/lidar_cpp/msg/rosidl_typesupport_fastrtps_c__visibility_control.h
[12.083s] -- Installing: /home/student/lidar-ws/install/lidar_cpp/lib/liblidar_cpp__rosidl_typesupport_fastrtps_c.so
[12.083s] -- Set runtime path of "/home/student/lidar-ws/install/lidar_cpp/lib/liblidar_cpp__rosidl_typesupport_fastrtps_c.so" to ""
[12.084s] -- Up-to-date: /home/student/lidar-ws/install/lidar_cpp/include/lidar_cpp
[12.084s] -- Up-to-date: /home/student/lidar-ws/install/lidar_cpp/include/lidar_cpp/srv
[12.084s] -- Up-to-date: /home/student/lidar-ws/install/lidar_cpp/include/lidar_cpp/srv/detail
[12.084s] -- Installing: /home/student/lidar-ws/install/lidar_cpp/include/lidar_cpp/srv/detail/lidar_service__rosidl_typesupport_fastrtps_cpp.hpp
[12.084s] -- Installing: /home/student/lidar-ws/install/lidar_cpp/include/lidar_cpp/srv/detail/dds_fastrtps
[12.084s] -- Up-to-date: /home/student/lidar-ws/install/lidar_cpp/include/lidar_cpp/msg
[12.084s] -- Installing: /home/student/lidar-ws/install/lidar_cpp/include/lidar_cpp/msg/rosidl_typesupport_fastrtps_cpp__visibility_control.h
[12.085s] -- Installing: /home/student/lidar-ws/install/lidar_cpp/lib/liblidar_cpp__rosidl_typesupport_fastrtps_cpp.so
[12.085s] -- Set runtime path of "/home/student/lidar-ws/install/lidar_cpp/lib/liblidar_cpp__rosidl_typesupport_fastrtps_cpp.so" to ""
[12.085s] -- Up-to-date: /home/student/lidar-ws/install/lidar_cpp/include/lidar_cpp
[12.085s] -- Up-to-date: /home/student/lidar-ws/install/lidar_cpp/include/lidar_cpp/srv
[12.085s] -- Up-to-date: /home/student/lidar-ws/install/lidar_cpp/include/lidar_cpp/srv/detail
[12.086s] -- Installing: /home/student/lidar-ws/install/lidar_cpp/include/lidar_cpp/srv/detail/lidar_service__rosidl_typesupport_introspection_c.h
[12.086s] -- Installing: /home/student/lidar-ws/install/lidar_cpp/include/lidar_cpp/srv/detail/lidar_service__type_support.c
[12.086s] -- Up-to-date: /home/student/lidar-ws/install/lidar_cpp/include/lidar_cpp/msg
[12.086s] -- Installing: /home/student/lidar-ws/install/lidar_cpp/include/lidar_cpp/msg/rosidl_typesupport_introspection_c__visibility_control.h
[12.086s] -- Installing: /home/student/lidar-ws/install/lidar_cpp/lib/liblidar_cpp__rosidl_typesupport_introspection_c.so
[12.086s] -- Set runtime path of "/home/student/lidar-ws/install/lidar_cpp/lib/liblidar_cpp__rosidl_typesupport_introspection_c.so" to ""
[12.087s] -- Installing: /home/student/lidar-ws/install/lidar_cpp/lib/liblidar_cpp__rosidl_typesupport_c.so
[12.087s] -- Set runtime path of "/home/student/lidar-ws/install/lidar_cpp/lib/liblidar_cpp__rosidl_typesupport_c.so" to ""
[12.087s] -- Up-to-date: /home/student/lidar-ws/install/lidar_cpp/include/lidar_cpp
[12.087s] -- Up-to-date: /home/student/lidar-ws/install/lidar_cpp/include/lidar_cpp/srv
[12.087s] -- Up-to-date: /home/student/lidar-ws/install/lidar_cpp/include/lidar_cpp/srv/detail
[12.088s] -- Installing: /home/student/lidar-ws/install/lidar_cpp/include/lidar_cpp/srv/detail/lidar_service__traits.hpp
[12.088s] -- Installing: /home/student/lidar-ws/install/lidar_cpp/include/lidar_cpp/srv/detail/lidar_service__struct.hpp
[12.088s] -- Installing: /home/student/lidar-ws/install/lidar_cpp/include/lidar_cpp/srv/detail/lidar_service__builder.hpp
[12.088s] -- Installing: /home/student/lidar-ws/install/lidar_cpp/include/lidar_cpp/srv/lidar_service.hpp
[12.088s] -- Up-to-date: /home/student/lidar-ws/install/lidar_cpp/include/lidar_cpp
[12.088s] -- Up-to-date: /home/student/lidar-ws/install/lidar_cpp/include/lidar_cpp/srv
[12.088s] -- Up-to-date: /home/student/lidar-ws/install/lidar_cpp/include/lidar_cpp/srv/detail
[12.088s] -- Installing: /home/student/lidar-ws/install/lidar_cpp/include/lidar_cpp/srv/detail/lidar_service__rosidl_typesupport_introspection_cpp.hpp
[12.088s] -- Installing: /home/student/lidar-ws/install/lidar_cpp/include/lidar_cpp/srv/detail/lidar_service__type_support.cpp
[12.088s] -- Installing: /home/student/lidar-ws/install/lidar_cpp/lib/liblidar_cpp__rosidl_typesupport_introspection_cpp.so
[12.089s] -- Set runtime path of "/home/student/lidar-ws/install/lidar_cpp/lib/liblidar_cpp__rosidl_typesupport_introspection_cpp.so" to ""
[12.089s] -- Installing: /home/student/lidar-ws/install/lidar_cpp/lib/liblidar_cpp__rosidl_typesupport_cpp.so
[12.089s] -- Set runtime path of "/home/student/lidar-ws/install/lidar_cpp/lib/liblidar_cpp__rosidl_typesupport_cpp.so" to ""
[12.089s] -- Installing: /home/student/lidar-ws/install/lidar_cpp/share/lidar_cpp/environment/pythonpath.sh
[12.089s] -- Installing: /home/student/lidar-ws/install/lidar_cpp/share/lidar_cpp/environment/pythonpath.dsv
[12.090s] -- Installing: /home/student/lidar-ws/install/lidar_cpp/lib/python3.8/site-packages/lidar_cpp/__init__.py
[12.124s] Compiling '/home/student/lidar-ws/install/lidar_cpp/lib/python3.8/site-packages/lidar_cpp/__init__.py'...
[12.128s] -- Installing: /home/student/lidar-ws/install/lidar_cpp/lib/python3.8/site-packages/lidar_cpp/srv
[12.128s] -- Installing: /home/student/lidar-ws/install/lidar_cpp/lib/python3.8/site-packages/lidar_cpp/srv/_lidar_service.py
[12.128s] -- Installing: /home/student/lidar-ws/install/lidar_cpp/lib/python3.8/site-packages/lidar_cpp/srv/_lidar_service_s.c
[12.128s] -- Installing: /home/student/lidar-ws/install/lidar_cpp/lib/python3.8/site-packages/lidar_cpp/srv/__init__.py
[12.128s] -- Installing: /home/student/lidar-ws/install/lidar_cpp/lib/python3.8/site-packages/lidar_cpp/lidar_cpp_s__rosidl_typesupport_fastrtps_c.cpython-38-x86_64-linux-gnu.so
[12.129s] -- Set runtime path of "/home/student/lidar-ws/install/lidar_cpp/lib/python3.8/site-packages/lidar_cpp/lidar_cpp_s__rosidl_typesupport_fastrtps_c.cpython-38-x86_64-linux-gnu.so" to ""
[12.129s] -- Installing: /home/student/lidar-ws/install/lidar_cpp/lib/python3.8/site-packages/lidar_cpp/lidar_cpp_s__rosidl_typesupport_introspection_c.cpython-38-x86_64-linux-gnu.so
[12.129s] -- Set runtime path of "/home/student/lidar-ws/install/lidar_cpp/lib/python3.8/site-packages/lidar_cpp/lidar_cpp_s__rosidl_typesupport_introspection_c.cpython-38-x86_64-linux-gnu.so" to ""
[12.130s] -- Installing: /home/student/lidar-ws/install/lidar_cpp/lib/python3.8/site-packages/lidar_cpp/lidar_cpp_s__rosidl_typesupport_c.cpython-38-x86_64-linux-gnu.so
[12.130s] -- Set runtime path of "/home/student/lidar-ws/install/lidar_cpp/lib/python3.8/site-packages/lidar_cpp/lidar_cpp_s__rosidl_typesupport_c.cpython-38-x86_64-linux-gnu.so" to ""
[12.130s] -- Installing: /home/student/lidar-ws/install/lidar_cpp/lib/liblidar_cpp__python.so
[12.131s] -- Set runtime path of "/home/student/lidar-ws/install/lidar_cpp/lib/liblidar_cpp__python.so" to ""
[12.131s] -- Installing: /home/student/lidar-ws/install/lidar_cpp/share/lidar_cpp/srv/LidarService.idl
[12.131s] -- Installing: /home/student/lidar-ws/install/lidar_cpp/share/lidar_cpp/srv/LidarService.srv
[12.131s] -- Installing: /home/student/lidar-ws/install/lidar_cpp/share/lidar_cpp/srv/LidarService_Request.msg
[12.131s] -- Installing: /home/student/lidar-ws/install/lidar_cpp/share/lidar_cpp/srv/LidarService_Response.msg
[12.131s] -- Installing: /home/student/lidar-ws/install/lidar_cpp/lib/lidar_cpp/lidar
[12.133s] -- Set runtime path of "/home/student/lidar-ws/install/lidar_cpp/lib/lidar_cpp/lidar" to ""
[12.133s] -- Installing: /home/student/lidar-ws/install/lidar_cpp/share/ament_index/resource_index/package_run_dependencies/lidar_cpp
[12.133s] -- Installing: /home/student/lidar-ws/install/lidar_cpp/share/ament_index/resource_index/parent_prefix_path/lidar_cpp
[12.133s] -- Installing: /home/student/lidar-ws/install/lidar_cpp/share/lidar_cpp/environment/ament_prefix_path.sh
[12.133s] -- Installing: /home/student/lidar-ws/install/lidar_cpp/share/lidar_cpp/environment/ament_prefix_path.dsv
[12.134s] -- Installing: /home/student/lidar-ws/install/lidar_cpp/share/lidar_cpp/environment/path.sh
[12.134s] -- Installing: /home/student/lidar-ws/install/lidar_cpp/share/lidar_cpp/environment/path.dsv
[12.134s] -- Installing: /home/student/lidar-ws/install/lidar_cpp/share/lidar_cpp/local_setup.bash
[12.134s] -- Installing: /home/student/lidar-ws/install/lidar_cpp/share/lidar_cpp/local_setup.sh
[12.134s] -- Installing: /home/student/lidar-ws/install/lidar_cpp/share/lidar_cpp/local_setup.zsh
[12.134s] -- Installing: /home/student/lidar-ws/install/lidar_cpp/share/lidar_cpp/local_setup.dsv
[12.134s] -- Installing: /home/student/lidar-ws/install/lidar_cpp/share/lidar_cpp/package.dsv
[12.135s] -- Installing: /home/student/lidar-ws/install/lidar_cpp/share/ament_index/resource_index/packages/lidar_cpp
[12.135s] -- Installing: /home/student/lidar-ws/install/lidar_cpp/share/lidar_cpp/cmake/lidar_cpp__rosidl_generator_cExport.cmake
[12.135s] -- Installing: /home/student/lidar-ws/install/lidar_cpp/share/lidar_cpp/cmake/lidar_cpp__rosidl_generator_cExport-noconfig.cmake
[12.135s] -- Installing: /home/student/lidar-ws/install/lidar_cpp/share/lidar_cpp/cmake/lidar_cpp__rosidl_typesupport_introspection_cExport.cmake
[12.136s] -- Installing: /home/student/lidar-ws/install/lidar_cpp/share/lidar_cpp/cmake/lidar_cpp__rosidl_typesupport_introspection_cExport-noconfig.cmake
[12.136s] -- Installing: /home/student/lidar-ws/install/lidar_cpp/share/lidar_cpp/cmake/lidar_cpp__rosidl_typesupport_cExport.cmake
[12.136s] -- Installing: /home/student/lidar-ws/install/lidar_cpp/share/lidar_cpp/cmake/lidar_cpp__rosidl_typesupport_cExport-noconfig.cmake
[12.136s] -- Installing: /home/student/lidar-ws/install/lidar_cpp/share/lidar_cpp/cmake/lidar_cpp__rosidl_generator_cppExport.cmake
[12.136s] -- Installing: /home/student/lidar-ws/install/lidar_cpp/share/lidar_cpp/cmake/lidar_cpp__rosidl_typesupport_introspection_cppExport.cmake
[12.137s] -- Installing: /home/student/lidar-ws/install/lidar_cpp/share/lidar_cpp/cmake/lidar_cpp__rosidl_typesupport_introspection_cppExport-noconfig.cmake
[12.137s] -- Installing: /home/student/lidar-ws/install/lidar_cpp/share/lidar_cpp/cmake/lidar_cpp__rosidl_typesupport_cppExport.cmake
[12.137s] -- Installing: /home/student/lidar-ws/install/lidar_cpp/share/lidar_cpp/cmake/lidar_cpp__rosidl_typesupport_cppExport-noconfig.cmake
[12.137s] -- Installing: /home/student/lidar-ws/install/lidar_cpp/share/lidar_cpp/cmake/rosidl_cmake-extras.cmake
[12.137s] -- Installing: /home/student/lidar-ws/install/lidar_cpp/share/lidar_cpp/cmake/ament_cmake_export_dependencies-extras.cmake
[12.138s] -- Installing: /home/student/lidar-ws/install/lidar_cpp/share/lidar_cpp/cmake/ament_cmake_export_libraries-extras.cmake
[12.138s] -- Installing: /home/student/lidar-ws/install/lidar_cpp/share/lidar_cpp/cmake/ament_cmake_export_targets-extras.cmake
[12.138s] -- Installing: /home/student/lidar-ws/install/lidar_cpp/share/lidar_cpp/cmake/ament_cmake_export_include_directories-extras.cmake
[12.138s] -- Installing: /home/student/lidar-ws/install/lidar_cpp/share/lidar_cpp/cmake/rosidl_cmake_export_typesupport_libraries-extras.cmake
[12.138s] -- Installing: /home/student/lidar-ws/install/lidar_cpp/share/lidar_cpp/cmake/rosidl_cmake_export_typesupport_targets-extras.cmake
[12.139s] -- Installing: /home/student/lidar-ws/install/lidar_cpp/share/lidar_cpp/cmake/lidar_cppConfig.cmake
[12.139s] -- Installing: /home/student/lidar-ws/install/lidar_cpp/share/lidar_cpp/cmake/lidar_cppConfig-version.cmake
[12.139s] -- Installing: /home/student/lidar-ws/install/lidar_cpp/share/lidar_cpp/package.xml
[12.143s] Invoked command in '/home/student/lidar-ws/build/lidar_cpp' returned '0': CMAKE_PREFIX_PATH=${CMAKE_PREFIX_PATH}:/home/student/ws/install/py_ctrl:/home/student/ws/install/case_scenes:/home/student/ia_ws/install/viz_static:/home/student/ia_ws/install/viz_interactive:/home/student/ia_ws/install/ur_setup:/home/student/ia_ws/install/tf_lookup:/home/student/ia_ws/install/tf_broadcast:/home/student/ia_ws/install/tf_scene:/home/student/ia_ws/install/gui_tools:/home/student/ia_ws/install/aruco_handler:/opt/ros/galactic /usr/bin/cmake --install /home/student/lidar-ws/build/lidar_cpp
